sC9eXgvoP1CnldMN43KC7nLt00Ti+WJLfNiqnyd8KDTi695p8zoCfd26qohaVElYhL3sclDta739xwDRYr1WJJnSUdzVtxhfN05AUv/AfSx4YHw0Igcg+Ws=
ApWL2IwNu8Z2FbwrgNWhHN/4242Yog+Y1FQMv6lj2N23iAxpRuYQl1yK3HQIqlWSztwInW74Kgzk2/6JUO01Oflw
eItvrVCHV+tAg1FDzJ+iPcaRZiUwbSY8zS4wRyKDiQW4p19cfEq1BnEKzosVO3a0t8TYWiAybx8DJBoGTr7jWfYwbLvDayzL/NTKwvCqqKRxppo5OirZP3eprAyAniDU0UzpyscnFtY+TnQ9woOYc1EL+UY=
8phJFPkMUF3dC1hmb2OS2xFTX7bdgKOGIK9KZleW2gtyENF3cTqp9w21fJ0Y1Aduz6QLC0i5KXFeKiF8I9zm3KJM/Ds++XU=
V6yjl95agqiTsIVTqSxYYGIbwLkVREpYvMDwWOABk2W0Il6ZxctEBg2cmgJBnDkDH51stPAmwOyh9Wlytx/2bk72tAWyu3jLITP5fg==
3vpwym7fur+0Ss8xWSfyTikfg7V99BhiED4MWyvL4NAOT3mBjHjJ3trEDWZhzSvPnMIsDOgyxRdJVJsFDgBaxKQTzrFw9SUx+Xg=
ULn82Qt/EESXFkWgeSpNaGIUwL0cRkpYvMDwWOABk2W0Il6ZxctEBg2cmgJBnDkDH51stPAmwOyh9Wlytx/2bk72tAWyu3jLITP5fg==
ASwtubNw+FpNDCyylrkBeikdibd/8AdiED4MWyvL4NAOT3mBjHjJ3trEDWZhzSvPnMIsDOgyxRdJVJsFDgBaxKQTzrFw9SUx+Xg=
K/+DOX/REkmkjzDkZLKg1igdibd/8AdiED4MWyvL4NAOT3mBjHjJ3trEDWZhzSvPnMIsDOgyxRdJVJsFDgBaxKQTzrFw9SUx+Xg=
7kDNxS+sK7TsnW9Ey6jUYQ+ewy7QctQXm2e4PG6j4S089FFSWkiV6tFhsyP8LnSgWH4dW4kYQ0k+LAIoxP/WnUD5PT35dA==
Wwenm1Zc1lshT+BeDpqsKw6ewy7QctQXm2e4PG6j4S089FFSWkiV6tFhsyP8LnSgWH4dW4kYQ0k+LAIoxP/WnUD5PT35dA==
VX0I7CJ4NY1XMM7erAViYjhIluRFFlgw0MDwWOABk2W0Il6ZxctEBg2cmgJBnDkDH51stPAmwOyh9Wlytx/2bk72tAWyu3jLITP5fg==
riOlmXiaUXx592YXg1evx0gNpP4GdjGI4Jo8plD6RO/7vwh0rusRdRzMQVpaQIXS8TlDazxmxHg4ho3TCZDTMd50suCEN6ZFYMEtNfl8
iG3uFrQVq2aspRhaOEq2UlOMwOoqTk/r9zyvalUAK3a4D+I2r9YCO1rwqWd5OqHn9dVUrUAUf75nBJN7wDmhwcbKSaybnD6sSmzEKzb5fQ==
nvQpzVdwnte3Hyydpt0oLj84LD4Zoo/8KCV0hsbOYWBAMsw+0GI0R1vX2MzuE0Fd/KRxQlpYtboREROTfN4UEJgu/UuJCCOZfpziWERPdm0AKR0t+WQ=
JvvlqFgicbJVq0LOcqb+BFOMwOo1Tk/59zyvalUAK3a4D+I2r9YCO1rwqWd5OqHn9dVUrUAUf75nBJN7wDmhwcbKSaybnD6sSmzEKzb5fQ==
6M7IXAd60FiF+gLVXDRslCsfg7V99BhiED4MWyvL4NAOT3mBjHjJ3trEDWZhzSvPnMIsDOgyxRdJVJsFDgBaxKQTzrFw9SUx+Xg=
bkbP292fTBJFt1owS9yPth4j8dh6Wq7NEcBvPnR/Po4LNmaj5mAl7/26JW95Reg1pHTbBjv037MEeWWJCvoVVP+8GrS2fMgjMvl5
z1IxaDpgBRrkzRmWwZn7rQ2ewy7QctQXm2e4PG6j4S089FFSWkiV6tFhsyP8LnSgWH4dW4kYQ0k+LAIoxP/WnUD5PT35dA==
/zY8+g2U9xwiNYrFYrmMGl2pITy0nJhSYD2CpbFCXUj10RGS7YBT5hBvOobnFkprotCBl2E6uZfd9Sx9iFS3Dj/kO+s4uRlRrmqR3FNcdnxyDCwbLvll
x8Aq1ykjLVrezo9PcRUvwUdX9a5ROXrFvshQplD6RO/7vwh0rusRdRzMQVpaQIXS8TlDazxmxHg4ho3TCZDTMd50suCEN6ZFYMEtNfl8
DgKwXJNjVnGnAk9k5JfwgSgfg7V99BhiED4MWyvL4NAOT3mBjHjJ3trEDWZhzSvPnMIsDOgyxRdJVJsFDgBaxKQTzrFw9SUx+Xg=
N8diVnV6CR14EuN+cVQYpVqx+kifPJNZyHanPHTwpCs591BZNwyE/dZyuDP8LnSgWH4dW4kYQ0k+LAIoxP/WnUD5PT35dA==
tzYHcELv80cfd3LqWPG9x1qx+kifPJNZyHKlMnTwpCs591BZNwyE/dZyuDP8LnSgWH4dW4kYQ0k+LAIoxP/WnUD5PT35dA==
POua02pmxy04HRCtYRFCL5dW/wLJQ/Agt/t9Y47JX////zl11i4dZHk0Y7ZjFLdDjPntOaJazSQH/MLkjlzgMzr5cQ==
0YJ03BqQm+gmHEvEzWvRcTT2+FW7pmre2fVRTaACL1wk9Ctmy7Qv0xR5dak6uqX0TzyKFOa8mMNC+Qk=
LMhGHaVHH450mEX25f83JoYgOMJxdxrhIlhu8h+NTGC4inBoGUmpRp8T5kqWqlSROteIj9lP+Qo=
qUQProkfW8TL7QLCkShdwu99eH0/wgfJ1oKdprIxVVuzqty0QMhN0xsc0oagIChAVdyK/tCu05i6nABua7kf1LoSbwBUinhbSSAsEOHjKOOf6vupBAo62NxavETIOvVgz6yrDS7IylxkC975kH1VCflA
mrZ6z0EMDWu+EEOQR02QCSQOrizDEEEZTEnRFBP8QZvis02KzcbM/UAzRxYB1MShsor/Be2KWYkIZfs5d5XJjoudYqYUf1+x6jDT3PfUJ65vJOvLJ78JMf6qQbzD3MYcwswcex75VQ==
/Bafli99NeYx7p/rbHso+ykFhbdm5hhiED4MWyvL4NAOT3mBjHjJ3trEDWZhzSvPnMIsDOgyxR9IVJsCDgBaxKQTzrFw9SUx+Xg=
HUq7KDbSTQSjwEfojJrOewiDopQaanuHmHFSp8hJf0BQFm3FxvSwP12/1IqFGBqe+RvGa605DEiokhCgabkors/MxkKmkpQ5qk9oxyk3+WI=
gOO4CCX7gIU0FPwZ5uUdiygFhbdm5hhiED4MWyvL4NAOT3mBjHjJ3trEDWZhzSvPnMIsDOgyxR9KVJoCDgBaxKQTzrFw9SUx+Xg=
GB8NbzAtva7U76pGPMGfZgiDopQaanuHmHFSp8hJf0FQFm3FxvSwP12/1IqFGBqe+RvGa605DEiokhCgabkqrs7MxkKmkpQ5qk9oxyk3+WI=
eoB9q+POvue6LoL63RotoAGidflAcFPo9idUyIe7N/rvO0ps1jy/ZLHiSTydZ67azxmPcucwFezQ8IRU6jc4+XM=
X2UuG+DlFQYrVOKS16P5U2qWkb8IHsehgRx2SmaKn+Z2uWZ3PIrxJlyHhIh32yf6/9srrYqRHuQhgrl8TUeQ2b/537JXkIVsIJBUFNoXKPlj
u1i1ai+T1IdGe9TaDZAKXeREncJnCCsZnXRscmgIYoc5dArykmBOFFdyWBYSJneU5fW9j5Dlal/fBcSum9Jide47dZ/j6qm1kHJePxVlGJhxuF1ErSrtrFlfzh9jb0tig/iJjOz44ORubxT5Xw==
F0aW7cgQ5B4knRpACl0Pj+REncJnCCoZnXRscmgIYoc5dArykmBOFFdyWBYSJnSU5fW9j5Dlal/fBcSum9Jide47dZ/j6qm1kHJePxVlGJhxuF1ErSrtrFlfwxtjbktig/iJjOz44ORubxT5Xw==
7yeoeYAy0BZzUwwh4jFXIed9eH0/wgLGkoSXmOBrAhDJ4ZDqOdcXgFIRycu9BAgFVs3YpKi+l5i3hxNjW9wPyZ50PENZhWlAVyQsEOHjKOOf6vupBAo62NxavETIOvVuyqygCi7IylxkC975kH1VCflA
Ett90P+yxdwTr/iXdbsCjOd9eH0/wgDGkoSXmOBrAhDJ4ZDqOdcXj1IVwMm9BAgFVs3Yo6i+l5i3hxNjW9wPyZ50PENZhWlAVyQsEOHjKOOf6vupBAo62NxavETIOvVuyaygCi7IylxkC975kH1VCflA
LZ09YQ4M+yHWF2K5+8vq85PKjFYIifd4MjXPYAeO68dmhhLEHUod7Mm//xqTxdqis9h5DLwY8KSez0T5Dw==
U3jA3mOH/n6Rx6JKURgADUXqcONGZCDrpCFDyIaNc+C7Nl930i6+ZLHiSTydZ6/azx2OcucwFezQ8IRU6jc4+XM=
UR4KkhaPyU1Pg+b94UygYNz7HUwfpWK3FItDIZ+YK8y5l9xIOgwt4PK8iJUYRDOp1mg8rfeA72amCFh5U1Tkz2vwgH4cUIODkCUsnOAu4CTxU+ja59HWZl7e9K0iM9gDcRv5Vg==
15POsGRioxZCWY8efIUAJvHw1ntAyPfjFwxA5q2fZuVyHnaZF9CvtgZ42InzBCQfC8CATnyAQ9Mw1azsQP6gdBFs7+oHgZa2/q50XYJjGNMRK/lm
3nQacBm3QygliaZY45DPZXbNnCXS8Q2PkuEYiK77K0mXdzrW2t/cTSIYB1+fmKC69Xt26VrqtuWvVB/azqz4lesgdFPjdADyhMQz/zjBzDCYmjD4uRerFj6Fplq2+tTBGsfIH3kf+Vo=
nue+GdNy3gbKHonZz4NofSa2jw/Y5KoQZ3xUZpQUGBwEcMPj8uknKDtv6NoM5J3mPG0fa+cog+CE4SNIJs2T4Nv2//cybp5k0SLpvH0ngNmv3C7yB3A17LAwJNQKdxj5Uw==
Wl77P4MylNLMkI9G7NEYOqLG/+7z98x7X2nA4v8oIAqVy7bZOtq21c9k32quHHgli5C0Y4NEAMLk9PNPWHFMgPgq8MjZIqgmXrVm6tZKVHF6dwgvGS/5ag==
dwFkWTC+wxs2BePqyHrASgjdmvUpWBWzpmLieBMGcjHxU+k0rZBKPU3wqFE9IPXq8c9cslAUf75nBJN7yTqhx8DKSaybnD6sSmzEKzb5fQ==
FF8sJNBlNkS01fxEqccapMYhfYohNG3BbA02tjiRTGC4inBoGUOoRpkV5kqWqlSROteIj9lP+Qo=
HDGUeQihr5dinGCL7S4a0A3T1mdvm80DubjtReSRpgKAPewEUPaAPMEKaILRyba+7kY0tRLruJvBQ/kO
8cYca8UyufL3CaVhFf/yW3X111v8vSkXIIvinwxtPyDQmJt49z8Rav30t80SHk9hwrzgYhGfe43Ajk6SM55WJJnSUdzVtxlfN0tGUv/AfSx4YHw0Igcg+Ws=
WsqFhiqFNa8elDECFRoC6WW2cttL99Ma94kyMY+NpwNaU0rS1JCSVF0godM3CtsYodUUEjlRNJCGusfTPU2GwphKVTKglO9e10RDW74+kacQCjkMCxyOTBosNAsm+W0=
a85IQaaSj0ckjxe5bdeG3Rzf+MtLJzzP0T0U6sJDMRFKWH/FnMD5Y1az3tTRTG2pvFWWPogpDEiokhCgabsrrsjNxkKmkpQ5qk9oxyk3+WI=
l8OLvlbSIwTHlEHNAVPKx86zWgpcomapRotPOrfMaY2PwtZdM0AzpfmxiJsJAWTu2i9x5eLE72HkDBl3Xk/ukAng7R1UCcbasCUsnOAu4CTxVena4NHWZl7e9K0iM9gDcRv5Vg==
FDsYf3U3i1xrBx+NMYsS3mY1igGKuNf24PvWZVR4052JiUgjebmEVqqX8V2SfA/ZlLTZTy53Dqh52O0lJDEm4sAd7CSQlgCcge9oYpBpNt4uZjSVUgs4OwEj+W4=
1nNK9gjt4UG/DRAxnyrRH4wLh2ZWlC8BtK4lWSKU+YvNQlwIBZPyyIN0wKGsoA87NMLrAWZETPKNF/8NRAbSAp/m8sQ9ir1sqX/TGnOOeiLTGBkMnFgQJD4PJPlv
Zyp0jUUhJclOOihfdIYIP+aXrxUcN56VlTEzkpzwjWjuQYL8wYNaHkVx6NjCSmNLsc0KWjw6kfr8tBNW01RnI3T43RL0mr2Et3xShF4c0BMq+WE=
bODHWqpL09t83JRoIQjY0Vo47Mk0EPX4VsF6bHkjMs4NMSCo6mp7u6nNEiokGrkKtHTbBjv037MPf2WCDPoVVP+8GrS2fMgjMvl5
46pgTNn1B+H2FUKCQM/qyjT2+FW7pmre2fVRTaACL1wk9Ctmy7Qv0x9+das5uqL0TzyKFOa8mMNC+Qk=
35gDSA26xwehQj+ga4326YYgOMJxdxrhIlhu8h+NTGC4inBoGUKuRp0Q5k2WqlSROteIj9lP+Qo=
c2PeK5iz4ghc+6xuYBS/fVvjciGnl64XbCeC8bFQfgT1wBmjv4pTqFl1fMLhEQxgrtrfwzVNjtKAqn1CmFS3Dj/kO+s1uBlSrWqW3FNcdnxyDCwbLvll
ShbBST/7Ss3+pRTtws3UTdjvHFcPqHOwFIFCJ6rMaJ7f2dhDIk06peWrxJQESCmp3jhspLPA72HkDBl3Xk/ukAng7R1UCcbasCUsnOAu4CTxUuva59TWYV7e9K0iM9gDcRv5Vg==
lvnD1nHRC1kLOYl7XYQkRFWkc60KLmehqixYwtnvY43YfgYyiw6+ZLHiSTydZ6/bzx2LcuAwFezQ8IRU6jc4+XM=
jJvXcnkXAZSwvXSXxpAmswZ077XPFOFqzVrIQ+40+KtcUauonp174LMmR5e63sak6TLhnCXXKF9HbHMSCGDNrOjArHTyJzD5ew==
Htjn5rBM27EkyahfmFbCMSlexq1u/T1iXGNLEnfA4tJIB3+WjHn/msCQAGJ7xTTfnMIsDOgyxRxOVJoGDgdaxKQTzrFw9SUx+Xg=
e7P7eZE66VDeaWMEivkCeHMe0b5aCk5hjozpAadIz262IBjRw9xEBzvYgFZMmCMLAI1stPAmwOyh+m5ythz2aU72tAWyu3jLITP5fg==
1EEWljtmcHRjwDX2WEgJkClZxq1u/T1iXGNLEnfA4tJIB3+WjHn/msCQAGJ7xTTfnMIsDOgyxR5LVJ0GDgdaxKQTzrFw9SUx+Xg=
dpcgcz3BKKYydHFtOz7UAHMe0b5aCk5hjozpAadIz262IBjRw9xEBzvYgFZMmCMLAI1stPAmwOyh/mtysRz2aU72tAWyu3jLITP5fg==
CgGDEDpAhRzQFOORBwcdYisdibd/8AdiED4MWyvL4NAOT3mBjHjJ3trEDWZhzSvPnMIsDOgyxRpJVJ4GDgdaxKQTzrFw9SUx+Xg=
g0mcLdIrNEjlMYDugRFbfm3JlUdoWtO8lTUMB8odVLff4Kx8xXa8BQBtqelsUPnG2tw9XY6h4ffcOnykSFo1gsnM7u6ur4q8ZCueWRDdFSn5YA==
rgHhS1/oWXv0ol4xMMsavSodibd/8AdiED4MWyvL4NAOT3mBjHjJ3trEDWZhzSvPnMIsDOgyxRhJVJ4GDgdaxKQTzrFw9SUx+Xg=
nPOOdmDlALW1SNDU3buh4G3JlUdoWtO8lTUMB8odVLff4ax8xXa8BQBtqelsUPnG2tw9XY6h4ffcOnykSFo1gMnM7u6ur4q8ZCueWRDdFSn5YA==
LXS/os9xM7nGDPAosCrLRl9Cv01iAHrehzyg3SQ9nqN8ygwQ6R/xzpAuLxlW0eC+2KKvhFdbKz8rgDcVXqiEHynZ0Zy3uJSMkX+Qfx92QzV0loJEPIYEGLhmTb4OcJZSXpPygIQX5uXgYW0V+Vw=
jInXc4faIQ8w1JkuqFtOO19Cv01iAHrehzyg3SQ9nqN8ygwQ6B/xzpAuLxlW0eC92KKvhFdbKz8rgDcVXqiEHynZ0Zy3uJSMkX+Qfx92QzV0loJEPIYEGLhmTb4LcJlSXpPygIQX5uXgYW0V+Vw=
Db9tFOhqxWRfXx4b2Rp9atr7HUwfpWK3FItDIZ+YK8y5l9xIOgwt4PK8iJUYRDOp1mg8rfeA72amCFh5U1Tkz2vwgH4cUIODkCUsnOAu4CTxUO7a5tXWYV7e9K0iM9gDcRv5Vg==
TB0JstRSkS5832trxfMlWazu7c7NU/L536wrVqRRFEVRyqyOsC0jbnDgsbWO2zbMlg+bKhfY0rqIrw8OLAEvssC40BrbXUR3XKocFIgKFXTLvM0/7h9qLOS7PinQDXUZ+VA=
aSxmgG2CPBeIbm9E4lgaJkjY98EPcGDCxXNWsYpCNl1fHH/C3sS4bVuo1IuzXADK9AzTZ6gpDEiokhCgabwqrsnJxkWmkpQ5qk9oxyk3+WI=
xbQZa6pJp8qBsLLnCyAvS9r7HUwfpWK3FItDIZ+YK8y5l9xIOgwt4PK8iJUYRDOp1mg8rfeA72amCFh5U1Tkz2vwgH4cUIODkCUsnOAu4CTxVeva49XWYV7e9K0iM9gDcRv5Vg==
MV1SHMai1S3OhqdZ34NGSU4/MxDtipuRmegnAA7Ll+XMOjb/pXZUoNXY+MqKkYf2pUQsNQlYNXMG4kK4MwaS8ZHTCfTNkKr9LXBIkV0gFaqRT7zyMBSf/geEczurOoGFZEru7LucHuzq7GRrFvld
BewOup+5y2f1ZXDuP5mcOkjY98EPcGDCxXNWsYpCNl1fHH/C3sS4bVuo1IuzXADK9AzTZ6gpDEiokhCgab8qrsvJxkWmkpQ5qk9oxyk3+WI=
OHkjsGsAFwgmZwG+tjkdOCN52xnPusrw5/v8Y1c0+diChEgtaPzTEabQvBWHOA/e1rCYQSNsBPcbyIBGbGhju+Ad7CSQlgCcgeRpYpNtNtkuZjSVUgs4OwEj+W4=
LVNDlzIx0D6gJ6ddjAoDpWCoZpoa78BU9p8/JqmY9BZuHF/d2YWJA0tj45wjBoIRoZNZVD0QOp2dsJixLSDlisEPDBKglO9e10RDW7s/kaUUCj4MCxyOTBosNAsm+W0=
tCFHxKZHT/kLIohcf4UmZW0EnqYvsmIkFmdLEnfA4tJIB3+WjHn/msCQAGJ7xTTfnMIsDOgyxRtPVJ8HDgdaxKQTzrFw9SUx+Xg=
oB5LnIDNz3fcZSWi45yaCCB52xnPusrw5/v8Y1c0+diChEgtaPzTEabQvBWHOA/e1rCYQSNsBPcbyIBGbGhju+Ad7CSQlgCcgeVvYpNtNtkuZjSVUgs4OwEj+W4=
a8XAWkS/pqO6H9dEYqiUuGCvZpoa78BU9p8/JqmY9BZuHF/d2YWJA0tj45wjBoIRoZNZVD0QOp2dsJixLSDlisEPDBKglO9e10RDW7s+kaUUCj4MCxyOTBosNAsm+W0=
AKJDOXaO77S6VL+ZacjjO0J26/uFUPVmlB3HS+84u6BcUauonp174LMmR5e63sak6TLhnCXXK15HaXISCGDNrOjArHTyJzD5ew==
ZM+8cjv3HYznhEKmwxrfv5GnnN2UuhSbz0oBjZY2hteWwRp2Qrkkl1yK3HQIqlWTyNwAn27/Kgzk2/6JUO01Oflw
NVsmGyUEcVxhcNDUuH+vuUv99WDQZdQUxG68P2/uqRkGog5TFkWS4tItjDP8LnSgWH4dWogYSEs+KwIoxP/WnUD5PT35dA==
PSRsyxW4ji4OHt+Y/q0Pq2L63hed5rcWYHx+YJdYElkPfcPt46xwbzcopZIZoJ3hfmleaOUugqeBrwBycaTWtoL88+52Tp5k0SLpvH0ng9+v1iryAHA17LAwJNQKdxj5Uw==
S1fjg6zRdn4Ive3+C4fkzna+gBaK/OUWbGdWNJBLGwkCfdbi5rokIndu75YZoJ3hfmleaOUugqeBrwBycaTWtoL88+52Tp5k0SLpvH0njt+v1iryAHA17LAwJNQKdxj5Uw==
7Frw9nWMU13qGxz2VF9pPBNc/uEaYGje8sJq4FHhB+ektgx3r6ZZQSaaHlsWTYLa8nV8ezxmxHg4ho3YDpDYM95zsuCEN6ZFYMEtNfl8
R31syXInnpzRCI5dhHJp3FX41l5qXMap+XBEHsgQXbSQsfww1Gq0K0864d1WBqbHltE6RoLpxOfcOnykSFo1hMnM6eyur4q8ZCueWRDdFSn5YA==
Y3hXDy96ArdQFUnT7889Y2L63hed5rcWYHx+YJdYMlkPfcPt46xwbzcopZIZoJ3hfmleaOUugqeBrwBycaTWtoL88+52Tp5k0SLpvH0nhdmv3ynyAHA17LAwJNQKdxj5Uw==
+rT3haS+uyCwOLGdRcgTYtr5HBdKv3W8DppuIamNHo2a1NhJJggrrv7/ytoMSGqg1i5x6/PB7GSgCR98HXfemAK11icWXJrHsCUsnOAu4CTxV+va5NbWYV7e9K0iM9gDcRv5Vg==
APE04VTyFhEqmo64J28hI19GokVxDCTLjiTy3Ck+tLtjympbtRrszsA7EVZJzaP/nuWowRoAKD5yoioAUYHHByTWzJevhpnhpjreexZtQnpy1bxbPIYEGLhmTboJcJBQXpPygIQX5uXgYW0V+Vw=
1IWcfDVeGVPZnXo7xsZOshNc/uEaYGje8sJq4FHhB+ektgx3r6ZZQSaaHlsWTYLa8nV8ezxmxHg4ho3ZCZDQMN5zsuCEN6ZFYMEtNfl8
lI0qrsnqUhHsNMPhFQ7/bFX41l5qXMap+XBEHsgQXbSQsfww1Gq0K0864d1WBqbHltE6RoLpxOfcOnykSFo1hcjM6Oyur4q8ZCueWRDdFSn5YA==
r7s3nVGqBD+EbdIu1g1NdGL63hed5rcWYHx+YJdYMlkPfcPt46xwbzcopZIZoJ3hfmleaOUugqeBrwBycaTWtoL88+52Tp5k0SLpvH0nhNiv3inyAHA17LAwJNQKdxj5Uw==
9ROF6KZBDvxJGtdutoWJehkg1ohvMgffWlSluprblPNCbBzL+OkHOOIV/2A3rrsHFmZiRI3qTSz5n+sfg6Yt4mS46YwMuEBkzi80+X8=
hCI2j+x8TXSLuWtALZrF3yd52xnPusrw5/v8Y1c0+diChEgtaPzTEabQvBWHOA/e1rCYQSNsBPcbyIBGbGhju+Ad7CSQlgCcgexvYpRuNtkuZjSVUgs4OwEj+W4=
cyCnMM1+siHimCrtBfWizW0EnqYvsmIkFmdLEnfA4tJIB3+WjHn/msCQAGJ7xTTfnMIsDOgyxRxPVJgEDgdaxKQTzrFw9SUx+Xg=
JDZKTI6aBKnD5vlQKLQYfCR52xnPusrw5/v8Y1c0+diChEgtaPzTEabQvBWHOA/e1rCYQSNsBPcbyIBGbGhju+Ad7CSQlgCcge5vYpRuNtkuZjSVUgs4OwEj+W4=
O1RtEgGOMXeLyfbUhZtVtG0EnqYvsmIkFmdLEnfA4tJIB3+WjHn/msCQAGJ7xTTfnMIsDOgyxRpPVJgEDgdaxKQTzrFw9SUx+Xg=
xePMlemuJAXApl8zvlXpxSV52xnPusrw5/v8Y1c0+diChEgtaPzTEabQvBWHOA/e1rCYQSNsBPcbyIBGbGhju+Ad7CSQlgCcgehvYpRuNtkuZjSVUgs4OwEj+W4=
ysN59xr5oCLG6qcJwOb6VW0EnqYvsmIkFmdLEnfA4tJIB3+WjHn/msCQAGJ7xTTfnMIsDOgyxRtPVJgEDgdaxKQTzrFw9SUx+Xg=
RB7WyeCE+Zb9j7Au/7pIiyJ52xnPusrw5/v8Y1c0+diChEgtaPzTEabQvBWHOA/e1rCYQSNsBPcbyIBGbGhju+Ad7CSQlgCcgelvYpRuNtkuZjSVUgs4OwEj+W4=
p1zorlmUzH59IFA+LWuWZW0EnqYvsmIkFmdLEnfA4tJIB3+WjHn/msCQAGJ7xTTfnMIsDOgyxRlPVJgEDgdaxKQTzrFw9SUx+Xg=
w7WnIbYc3a9IAwVvV37BlSN52xnPusrw5/v8Y1c0+diChEgtaPzTEabQvBWHOA/e1rCYQSNsBPcbyIBGbGhju+Ad7CSQlgCcgetvYpRuNtkuZjSVUgs4OwEj+W4=
7sN31wpCL3Lv7IVu2Aa4AW0EnqYvsmIkFmdLEnfA4tJIB3+WjHn/msCQAGJ7xTTfnMIsDOgyxRdPVJgEDgdaxKQTzrFw9SUx+Xg=
UVnBukDic85FMQRknAarFyB52xnPusrw5/v8Y1c0+diChEgtaPzTEabQvBWHOA/e1rCYQSNsBPcbyIBGbGhju+Ad7CSQlgCcgeVvYpRuNtkuZjSVUgs4OwEj+W4=
1w6bJWjkNp77aN58cjmqzhyf0mhunc0eubjtReSRpgKAPewEUPaAPMEPa4LXzra57kY0tRLruJvBQ/kO
4ZmWDTD/fo6pwbrECYKPiD4U+RJa3rqcqLiLoQaGtrMnV73nwURtsYx99sbY4cwQWPqwGPkzqzZ/YiY9dtrU4dqnSP85P/l6
bkNcF3vLtFLfNAYopb2NqV7jciGnl64XbCeC8bFQfgT1wBmjv4pTqFl1fMLhEQxgrtrfwzVNjtKAqn1CmFS3Dj/kO+syuxlRr2qW3FNcdnxyDCwbLvll
HpgmXX/p/BdYWNvJdMwtVOYoJypVIXMbPNIDQc60xFJVZ+cNXPaKoheWWgRVmrVMUS9kmwtVRULcCDHM9OiYROY/PPl3
JwUfjw2iNWjTNp7IdpPjB1njciGnl64XbCeC8bFQfgT1wBmjv4pTqFl1fMLhEQxgrtrfwzVNjtKAqn1CmFS3Dj/kO+s2uxlRr2qW3FNcdnxyDCwbLvll
lL5NR3w6LjzPz/T9c5nyw+YoJypVIXMbPNIDQc60xFJVZ+cNXPaKoheWWgRVmrVMUS9jmgtVRULcCDHM9OiYROY/PPl3
0Oi9i1aUcTnD3ZSAeu6JWljjciGnl64XbCeC8bFQfgT1wBmjv4pTqFl1fMLhEQxgrtrfwzVNjtKAqn1CmFS3Dj/kO+sxuhlRr2qW3FNcdnxyDCwbLvll
tD502D9ZFNzeuZfY2+b0VOYoJypVIXMbPNIDQc60xFJVZ+cNXPaKoheWWgRVmrVMUS9hmgtVRULcCDHM9OiYROY/PPl3
Z33L+c3ymQpMVA9se8eMzlnjciGnl64XbCeC8bFQfgT1wBmjv4pTqFl1fMLhEQxgrtrfwzVNjtKAqn1CmFS3Dj/kO+szuhlRr2qW3FNcdnxyDCwbLvll
Y/jHCLSLlOcwsc0XmNXvMOYoJypVIXMbPNIDQc60xFJVZ+cNXPaKoheWWgRVmrVMUS9gmgtVRULcCDHM9OiYROY/PPl3
PyMze9Tg6uzmFfjhVBnmG1vjciGnl64XbCeC8bFQfgT1wBmjv4pTqFl1fMLhEQxgrtrfwzVNjtKAqn1CmFS3Dj/kO+syuhlRr2qW3FNcdnxyDCwbLvll
YRvkmHOcFqbmWM+DzHcmGOYoJypVIXMbPNIDQc60xFJVZ+cNXPaKoheWWgRVmrVMUS9mmgtVRULcCDHM9OiYROY/PPl3
7KuBtdb5Va7FiQ1PvkiOx1njciGnl64XbCeC8bFQfgT1wBmjv4pTqFl1fMLhEQxgrtrfwzVNjtKAqn1CmFS3Dj/kO+s0uhlRr2qW3FNcdnxyDCwbLvll
3mBSwhfbam1XvkNfUiaT/xsGeoRzoG/BpOwZF57vbnBJwO09FOlGenBFLHygjmBEMXzp+ie2VsEePvTN4pNY4zE7+XY=
YoyjhenFKou4LDJP0UwgDg3T1mdvm80DubjtReSRpgKAPewEUPaAPMEOaILXzra57kY0tRLruJvBQ/kO
3OTBnZ94XXCQpDVO210idmW2cttL99Ma94kyMY+NpwN6U0rS1JCSVF0godM3CtsYodUUEjlRNJCGusfTPU2GwphKVTKglO9e10RDW70/kaEXCj4MCxyOTBosNAsm+W0=
BWpXPzxqmVxqqVjmx0DoN9J8Di4BhnSdYHszR7roTTiX6lblnk4ZSRnVupCXzlBxcDpVQ6wY7kURyx7292fg9glpMm0GRl2qrdOIW758VL+c4mysaJKF9040W6SOp5rkpPMO0fAVZRH5WA==
LE3Ia1PM9UDjum7815chfH0Dg+MsuC4lESteVnfHoNYJCXKNhiadiq3zSDs+nBTfnMIsDOgyxR9LVJoEDgdaxKQTzrFw9SUx+Xg=
Sfu62uvhkNtWW6RyLrjNYz4U+RJa3rqcqLiLoQaGtrMnV73nwURtsYx99sbY4cwQWPqwGPk5qzZ+YiY9dtrU4dqnSP85P/l6
vtXUGy0Elrqvw1akoLqsgl7jciGnl64XbCeC8bFQfgT1wBmjv4pTqFl1fMLhEQxgrtrfwzVNjtKAqn1CmFS3Dj/kO+s4uxlQr2qW3FNcdnxyDCwbLvll
E2zOvtyeH8LUiFFRveboIeYoJypVIXMbPNIDQc60xFJVZ+cNXPaKoheWWgRVmrVMUS9hmgtURULcCDHM9OiYROY/PPl3
hqXPArduNYvAI/cZmaHppFjjciGnl64XbCeC8bFQfgT1wBmjv4pTqFl1fMLhEQxgrtrfwzVNjtKAqn1CmFS3Dj/kO+szuhlQr2qW3FNcdnxyDCwbLvll
NRHUQ+ccvahpisz0Cn0jw+YoJypVIXMbPNIDQc60xFJVZ+cNXPaKoheWWgRVmrVMUS9nmgtURULcCDHM9OiYROY/PPl3
jN6myqlnYLxKLYwYxwIr7lnjciGnl64XbCeC8bFQfgT1wBmjv4pTqFl1fMLhEQxgrtrfwzVNjtKAqn1CmFS3Dj/kO+s1uhlQr2qW3FNcdnxyDCwbLvll
+/oPCI+XsrGuSLYjaMmc/eYoJypVIXMbPNIDQc60xFJVZ+cNXPaKoheWWgRVmrVMUS9lmgtURULcCDHM9OiYROY/PPl3
6cDucCfZIhHN2OYSMW9E9lvjciGnl64XbCeC8bFQfgT1wBmjv4pTqFl1fMLhEQxgrtrfwzVNjtKAqn1CmFS3Dj/kO+s3uhlQr2qW3FNcdnxyDCwbLvll
/+nbgm62ejcG5GKVm39DtuYoJypVIXMbPNIDQc60xFJVZ+cNXPaKoheWWgRVmrVMUS9jmQtURULcCDHM9OiYROY/PPl3
W5aaTV70lNu03nqY0ryNO1rjciGnl64XbCeC8bFQfgT1wBmjv4pTqFl1fMLhEQxgrtrfwzVNjtKAqn1CmFS3Dj/kO+sxuRlQr2qW3FNcdnxyDCwbLvll
xxJkdUlQSCtOEc4cRzs5yJGnnN2UtRSfxkgBjZY2hteZwR5/QLkkl1yK3HQIqlWfytwOnG7/Kgzk2/6JUO01Oflw
aC91ulwIpVyaT9qpb4/JfUv99WDQZdQUxGG8O2bsqRkGog5TGUWW69AtjDP8LnSgWH4dUo8YRkg+KwIoxP/WnUD5PT35dA==
CXBNuDzwpFDEGQihlAamNmD63hed5rcWYHx+YJdYElkPfcPt46xwbzcopZIZoJ3hfmleaOouhq6DrwBycaTWuYL4+ux2Tp5k0SLpvH0ngt+v2CnyAHA17LAwJNQKdxj5Uw==
7sKZfJQsCI3nIBdiLKk/I3a+gBaK/OUWbGdWNJBLGwkCfdbi5rokIndu75YZoJ3hfmleaOouhq6DrwBycaTWuYL4+ux2Tp5k0SLpvH0nhd6v2CnyAHA17LAwJNQKdxj5Uw==
TiKFip/fiQUFtceDoUCtG19GokVxDCTLjiTy3Ck+tLtjympbtRrszsA7EVZJzaP/nuWowRoAKD5yoioAUYHHByTZzJOmhJnhpjreexltRnNw1bxbPIYEGLhmTbILcJlQXpPygIQX5uXgYW0V+Vw=
28DFPWKfFkVOGDtwKzHLjhjah7AqUlmyoS73PBMBMDWwUOQyqN5Nc27K/zh4eazk9NQYklAUf75nBJN7zTqhy8fKTqybnD6sSmzEKzb5fQ==
JPIwuFT4L+WuERIEA59pDGf63hed5rcWYHx+YJdYElkPfcPt46xwbzcopZIZoJ3hfmleaOouhq6DrwBycaTWuYL4+ux2Tp5k0SLpvH0nhtmv1ynyAHA17LAwJNQKdxj5Uw==
WcMhg0EgIRjR6JG1xGwQGUxzIXyJlz/F3RPVs5xLpA2DVWKprM7ygJmXieSuQhN+bnJdit2eG7R3wRQ9nKBYSiw+CSty2pNwnPnILBjEBEqUdPtG23S/c+x/RUOrerKUn7z69Nb8aGMS+Vk=
H23DxlmOY2C9D4cTTZuR6llLvkFiVT7DkD27yjxp6+MvxStcrU/735I7Tl5XzK7lluKowRoAKD5yoioAUYHHByTZzJOmhJnhpjreexltRnNw1bxbPIYEGLhmTboOcJlQXpPygIQX5uXgYW0V+Vw=
tSVVJPIxeaAnSyWz6EP7nUo/8Yw3Grv0V8F0fXwgOIoMPinr0lpzsPz5KGx4RKQKtHTbBjv037MPfmWDC/oSVP+8GrS2fMgjMvl5
7DVNZsmoGMphPvSLCEo0LzJ6jpJjq6CdoK88LG57aWc021EPv7rZ0Nh3/4Y0MKC76AQyRG2SgMzjkfi8vf76kZbFQNHMBDG0tD3PzqDpATJ8VPRpDjx3U5ZmWmN8/lSwGI69I4no6Dj+OyJ4RC+2jYBJXQ35RA==
pXCJ3iUUDhAT+4adobQEZ9G70I+EsA6KxURPr7Y22NeMyQs5SvgaglyK3HQIqlWXydwAnG7/Kgzk2/6JUO01Oflw
lG/xENsB1j6sTqzXtksFXjJ6jpJjq6CdoK88LG57aWc021EPv7rZ0Nh3/4Y0MKC76AQyRG2SgMzjkfi8vf76kZbFQNHMBDG0tD3PzqDpATJ8VPRpDjx3U5ZmWmN8/lSwGI69IIvo4Tn+OyJ4RC+2jYBJXQ35RA==
YpF3rr4ONbyhkTqM2KhbUdG70I+EsA6KxURPr7Y22NeMyQs5SvgaglyK3HQIqlWVy9wJnW7/Kgzk2/6JUO01Oflw
WudyFt4vEA4vyoqZr2GFuDJ6jpJjq6CdoK88LG57aWc021EPv7rZ0Nh3/4Y0MKC76AQyRG2SgMzjkfi8vf76kZbFQNHMBDG0tD3PzqDpATJ8VPRpDjx3U5ZmWmN8/lSwGI69IIro4Tn+OyJ4RC+2jYBJXQ35RA==
TcfuYeQeWO4a/1Mmeova9tG70I+EsA6KxURPr7Y22NeMyQs5SvgaglyK3HQIqlWVytwJnW7/Kgzk2/6JUO01Oflw
eCURLQ9FGRnM/qmEKeVrQ8aRZiUwbSY8zS4wRyKDiQW4p19cfEq1BnEKzosVO3a0t8TYWiAybx8DJBoGTr7jWfYwbLvDayzL/NTKwvCqqKRxppo5OirZP3eprAyAniDU0UHqysUnFtE+TnQ9woOYc1EL+UY=
guWHIVhvwXxi3clowlO5qxFTX7bdgKOGIK9KZleW2gtyENF3cTqp9w21fJ0Y1Aduz6QLC0e6KXNeKiZ8I9zm3KJM/Ds++XU=
Dd+WDxsbOFgCGeafgfAKAmIbwLkVREpYvMDwWOABk2W0Il6ZxctEBg2cmgJBnDkDH51stPAmwOyh+mpytR/2aU72tAWyu3jLITP5fg==
5t4up57kuasuD2G5HoA7NCkfg7V99BhiED4MWyvL4NAOT3mBjHjJ3trEDWZhzSvPnMIsDOgyxRhKVJkFDgdaxKQTzrFw9SUx+Xg=
Wvs/9JlPEgWl+7x9s2VrpGIUwL0cRkpYvMDwWOABk2W0Il6ZxctEBg2cmgJBnDkDH51stPAmwOyh+mpytR/2aU72tAWyu3jLITP5fg==
+jCNoUnrFjRdxsTOhEuS+ykdibd/8AdiED4MWyvL4NAOT3mBjHjJ3trEDWZhzSvPnMIsDOgyxRhKVJkFDgdaxKQTzrFw9SUx+Xg=
SScBcgXF7E/1Evkq/tZ4Gigdibd/8AdiED4MWyvL4NAOT3mBjHjJ3trEDWZhzSvPnMIsDOgyxRhKVJkFDgdaxKQTzrFw9SUx+Xg=
posa48cCgJlZlETTEoX90g+ewy7QctQXm2e4PG6j4S089FFSWkiV6tFhsyP8LnSgWH4dVIoYQUk+KwIoxP/WnUD5PT35dA==
nyofWdnJLjjTd/UO/hbhMw6ewy7QctQXm2e4PG6j4S089FFSWkiV6tFhsyP8LnSgWH4dVIoYQUk+KwIoxP/WnUD5PT35dA==
MPa3VQKvd6+b/erTHCX7nzhIluRFFlgw0MDwWOABk2W0Il6ZxctEBg2cmgJBnDkDH51stPAmwOyh+mpytR/2aU72tAWyu3jLITP5fg==
k+ySHz2CphoSsNXzB9X33EgNpP4GdjGI4Jo8plD6RO/7vwh0rusRdRzMQVpaQIXS8TlDazxmxHg4ho3cCpDRMd5zsuCEN6ZFYMEtNfl8
LtcOslFwN2Do2y8tAwrRHlOMwOoqTk/r9zyvalUAK3a4D+I2r9YCO1rwqWd5OqHn9dVUrUAUf75nBJN7zzqhw8bKTqybnD6sSmzEKzb5fQ==
ZHq+zElfU1uNcLAzHuaRND84LD4Zoo/8KCV0hsbOYWBAMsw+0GI0R1vX2MzuE0Fd/KRxQlpYtboREROTfN4UEJgu/USKCCGZfpviWERPdm0AKR0t+WQ=
rNnP1s93HCJ/lUoe8X3wdFOMwOo1Tk/59zyvalUAK3a4D+I2r9YCO1rwqWd5OqHn9dVUrUAUf75nBJN7zzqhw8bKTqybnD6sSmzEKzb5fQ==
bbu7ZTT6KN8q5kD6//uhcysfg7V99BhiED4MWyvL4NAOT3mBjHjJ3trEDWZhzSvPnMIsDOgyxRhKVJkFDgdaxKQTzrFw9SUx+Xg=
uqnsKsGAffCsl5UjxISLyh4j8dh6Wq7NEcBvPnR/Po4LNmaj5mAl7/26JW95Reg1pHTbBjv037MLemWLCvoSVP+8GrS2fMgjMvl5
uD0Ip+YheFaiQ55FcjmmdQ2ewy7QctQXm2e4PG6j4S089FFSWkiV6tFhsyP8LnSgWH4dVIoYQUk+KwIoxP/WnUD5PT35dA==
nTnL11MQigyQYXVj9LbD712pITy0nJhSYD2CpbFCXUj10RGS7YBT5hBvOobnFkprotCBl2E6uZfd9Sx9iFS3Dj/kO+s3uhlTrmqW3FNcdnxyDCwbLvll
YcoGPkW6irNoboXnUI/Zi0dX9a5ROXrFvshQplD6RO/7vwh0rusRdRzMQVpaQIXS8TlDazxmxHg4ho3cCpDRMd5zsuCEN6ZFYMEtNfl8
SD4KEb+RZCOdYa/mZyp6Migfg7V99BhiED4MWyvL4NAOT3mBjHjJ3trEDWZhzSvPnMIsDOgyxRhKVJkFDgdaxKQTzrFw9SUx+Xg=
n9jz6TFDAPTxsoq3jAKieSkFhbdm5hhiED4MWyvL4NAOT3mBjHjJ3trEDWZhzSvPnMIsDOgyxRhKVJkFDgdaxKQTzrFw9SUx+Xg=
a7mGqGaxBQAq47FlZYtK+isdibd/8AdiED4MWyvL4NAOT3mBjHjJ3trEDWZhzSvPnMIsDOgyxRhKVJkFDgdaxKQTzrFw9SUx+Xg=
43SlvtsMI97iWhxgs1DbISodibd/8AdiED4MWyvL4NAOT3mBjHjJ3trEDWZhzSvPnMIsDOgyxRhKVJkFDgdaxKQTzrFw9SUx+Xg=
zPLfMgG0uI7AfDrS8wlYN1qx+kifPJNZyHanPHTwpCs591BZNwyE/dZyuDP8LnSgWH4dVIoYQUk+KwIoxP/WnUD5PT35dA==
G5bt8DyyWjebT5Dp9Twgt1qx+kifPJNZyHKlMnTwpCs591BZNwyE/dZyuDP8LnSgWH4dVIoYQUk+KwIoxP/WnUD5PT35dA==
TYNeJ8RVPKfcnkeFrBzwPU87Lhj+hsTfxepiChnZkP3lL2X1jSMX5KL/qsqO2dWt/Ec6e1gUOGAt90P0E0/a+pHXCPaD75G+Y31athh2QKbSULvsLxSf/geEczuvOoGDZkru7LucHuzq7GRrFvld
UPj90gZTY0Wu0EOjCSh0Pkp6IHCJwniDnwjZr54OohiqVzGtj5y3namqwOW0A1N5Kz8GidzHOalizj1+hbdeVTg9NSYf7dY+nPbELl7AR3SLdPtG23S/c+t6RUuqerKUn7z69Nb8aGMS+Vk=
ETxwrYU+F/wQOfFryxrpf+REncJnCCsZnXRscmgIYoc5dArykmBOFFdyWBYSJneU5fW9j5Dlal/fBcSum9Jide47dZ/j6qm1kHJaNgJiGJhxuF1ErSrtrFlfzRpjZ0xihPiJjOz44ORubxT5Xw==
X4dtFAKrstnjG2BKsPUZR+REncJnCCoZnXRscmgIYoc5dArykmBOFFdyWBYSJnSU5fW9j5Dlal/fBcSum9Jide47dZ/j6qm1kHJaNgJiGJhxuF1ErSrtrFlfzRpjZ0xihPiJjOz44ORubxT5Xw==
c7CeiO8W/tl8aRz3gM1NCkp6IHCJwnvYyhLOpIQfjxicQgTs+c7j24ycs6qvV0M/YWEAidrBGbVl6g8t1YMbEnoPNSYf7dY+nPbELl7AR3SLdPtG23S/c+t6RUuqerKUn7z69Nb8aGMS+Vk=
ZL/0TddIbPFijJbhHu+yPU87Lhj+hsTfxepiChnZkP3lL2X1jSNDt5zK7MrXrreio0d/IwVBJHEG8VX9ISrL5ZnzR6qe75G+Y31athh2QKbSULvsLxSf/geEczuvOoGDZkru7LucHuzq7GRrFvld
0R6A5GnAq4FCoVqsl9Jnv+Z9eH0/wgbGkoSXmOBrAhDJ4ZDqOddN0wRMhpmvbGQaBobY+POu1NLpgRNlXfwTzrpGbxJ3xiwZdyQsEOHjKOeW/fypBAo62NxavETIOvVgyqypDS7PylxkC975kH1VCflA
3nUzS70feHkKqR2V970p7OVEncJnCC0ZnXRscmgIYoc5dArykmAaSGlDFxRLURWbuvX40cL0cETKUYjw4s1tIrJwI9eP6qm1kHJaNgJiGJhxuF1ErSrtrFlfzRpjZ0xihPiJjOz44ORubxT5Xw==
jjwHF1EvrD8pw5PlJx7J6kp6IHCJwniDnwjZr54OohiqVzGtj5zjwZebj+ftdDAtISVU3JTHDrJBj0Rhi/oEHHVnWSYf7dY+nPbELl7AR3SLdPtG23S/c+t6RUuqerKUn7z69Nb8aGMS+Vk=
Is5Y4kQsrFLXpBLY1iHMaOd9eH0/wgLGkoSXmOBrAhDJ4ZDqOdcXgFIRycu9BAgFVs3YpKi+l5i3hxNjW9wPyZ50PENZhWlAVyQsEOHjKOeW/fypBAo62NxavETIOvVgyqypDS7PylxkC975kH1VCflA
mSLjiJ81AKtwE+JCGj+YcqtGnZPKl7png348dnMr20hSiLcwEqsdg5hcKsPeY6Gi2cbY1azjekljf05ZNCeBORpOhe58F/YFcH391vfNzk6E9tzeRuAvBMO0M5Zz1MfjU/q92xIa2sRXfDLE/pxwUwr5QQ==
VsJDBZOnl1GShf/9ZwefKb2z5pxai8BtFnQv2kR/hEMCGeQ8mKIugntWDqbK7OobE2UvNBsWJ/WH1cMmk3c+Fljl6WOF9/FpWEZZOdQ5Vr+470zA9hYMaOgykAApniqOjWtG5eaylBnq7+hnaRf5Qg==
q21WUnwmvsJgWbe9BTU6Bb2z5pxai8FtFnQv2kR/hEMCGeQ8mKIugntWDqbK7OobE2UvNBsWJ/WH1cMmk3c+Fljk6WOF9/FpWEZZOdQ5Vr+470zA9hYMaOgykAApniqOjWtG5eaylBnq7+hnaRf5Qg==
5NxYXEBToVMWkg+0UbJ3zeLzo8be2K7XTirJhc3cz0Xz0hh8TCQdpobZ30hpUiwIKOOJi86sid1KqOtJdPJIpjkScwnA8sm1XL3WIwB7vGxecmzUMMZATGHaalJ1v3aJjpa05fLb+GthE/le
dX+qvMaNZ9cJJggjBiHws+Lzo8be2K/XTirJhc3cz0Xz0hh8TCQdpobZ30hpUiwIKOOJi86sid1KqOtJdPJIpjkTcwnA8sm1XL3WIwB7vGxecmzUMMZATGHaalJ1v3aJjpa05fLb+GthE/le
0/FWZJtoJqD28tPEcQ9DJud9eH0/wgDGkoSXmOBrAhDJ4ZDqOdcXj1IVwMm9BAgFVs3Yo6i+l5i3hxNjW9wPyZ50PENZhWlAVyQsEOHjKOeW/fypBAo62NxavETIOvVgyqypDS7PylxkC975kH1VCflA
1D232IUbslrPHltQKnUnFatGnZPKl7tng348dnMr20hSiLcwEqsdg5hcKsPeY6Gi2cbY1azjekljf05ZNCeBORpOhe59F/YFcH391vfNzk6E9tzeRuAvBMO0M5Zz1MfjU/q92xIa2sRXfDLE/pxwUwr5QQ==
kiRxj8M3zf0YP+zmv8XIY6cahWA/2hgMJkdGmWQPbmCSwVDL8wM/JjfEcdu8fNE7MnOdtY2N3ILL4Ij1jlBxFlVwuDqS0Dgmr+oAFFlHNW5bXTLGAHZYVjpwg7xnVNdO32Sbqxe6+RPO6jYcc1xWvJKMTFsO+UU=
2XGC6RPc3gfyDWyZZIntTGUV8+kwq9jcP/viXCDRgUKbu4PS91yv5aTTxJkWlZpjSSoujCzolVwZvL76Nhx8DU8qcWo3KRs+AXcGBKE25LBOdemyVrj/97PizcXUKva2rrrcaJWwYWTxYok83edh2o+fSHKgsNXskHBEVKq3+Pmz
7jAeYyfZNcbe6oX7lYqS2atGnZPKl7s812QrfWk69khknYJxZvlHytUGWdyOKL6vycmM37axLlVyVEhPPRXkclYQ/PFzWr5MPSeR1vfNzk6E9tzeRuAvBMO0M5Zz1MfjU/q92xIa2sRXfDLE/pxwUwr5QQ==
iS436B53ZSN2thAMx8Dg4oLKJzMlI3ckh3UgQybYvxS9p2pTP1OiHWgX2ZUaM2z97IiJSxFzbRUfOywXefDBF6BnIKuPJnaVlsTPvvCqqa1spdY7MGPcNG6qrAyAniDU0ULqysUnFtE+TnQ9woOYc1EL+UY=
ymI6oLek3DqYPTcPn2w3ik47Lhj+hsWEkPB1AQPIvf3TOlC0+UB29JrYqpHVyZDnokE6fV40JGcJxRCqalCAqceKSqSRh/2+Y31athh2QKbSULvsLxSf/geEczuvOoGDZkru7LucHuzq7GRrFvld
BONCdaC1155r7fcLQCf8Ol9Cv01iAHrehzyg3SQ9nqN8ygwQ6R/xzpAuLxlW0eC+2KKvhFdbKz8rgDcVXqiEHynZ0Zy3uJSMkX+QexZhRDV0loJEPIYEGLhmTbwKcJFRXpPygIQX5uXgYW0V+Vw=
Cl/a4eQSPWfRmtLzHe4VYV9Cv01iAHrehzyg3SQ9nqN8ygwQ6B/xzpAuLxlW0eC92KKvhFdbKz8rgDcVXqiEHynZ0Zy3uJSMkX+QexZhRDV0loJEPIYEGLhmTbwKcJFRXpPygIQX5uXgYW0V+Vw=
wBmHOCXQjkUPAlYkkPbZDpdW/wLJQ/Agt/t9Y47JX////zl11i4dZHk0Y7ZjFLdDg/rtO6JayiQH/MLkjlzgMzr5cQ==
pX6sTRsS+VM5HxgMSIRDC+99eH0/wgfJ1oKdprIxVVuzqty0QMhN0xsc0oagIChAVdyK/tCu05i6nABua7kf1LoSbwBUinhbSSAsEOHjKOOf6vupBAo62NxavETIOvVlyKypDS7PylxkC975kH1VCflA
vOW3AqToQIcKnenoTFlnZiQOrizDEEEZTEnRFBP8QZvis02KzcbM/UAzRxYB1MShsor/Be2KWYkIZfs5d5XJjoudYqYUf1+x6jDT3PfUJ65vJOvLIrgJM/6qRrzD3MYcwswcex75VQ==
iauE5XLXYZNua2C4FbwfRpGnnN2UtRSfxkgBjZY2hteZwR5/QLkkl1yK3HQIqlWRy9wKnW7/Kgzk2/6JUO01Oflw
NbAcvxw4Ow9x5AgpC3J7UEv99WDQZdQUxGG8O2bsqRkGog5TGUWW69AtjDP8LnSgWH4dUooYQkk+KwIoxP/WnUD5PT35dA==
CKJWSPH5JYMKvKWgukhaOWf63hed5rcWYHx+YJdYElkPfcPt46xwbzcopZIZoJ3hfmleaOouhq6DrwBycaTWuYL4+ux2Tp5k0SLpvH0njtiv3CjyAHA17LAwJNQKdxj5Uw==
YWJ62TxF/qNYI5mHsbKwptjWEEdh5XQzWSPClCn4hWhGW19P/ggwlsocRrN6cAoXG04ha67HlKLnzp/WyUCt4Q5JjqhaThYucw9QMkFExrmSmMospu7u5EHCWfwtB3Tan7t4MvDQpWwA0PSUelcI+UM=
kqzClmzsDvKKbndpCl+GsRNc/uEaYGje8sJq4FHhB+ekuQxzpqRZQSaaHlsZTYbT8HV8ezxmxHg4ho3SCpDVMd5zsuCEN6ZFYMEtNfl8
AUxViW989MmyWUjRL8u2ujJ6jpJjq6CdoK88LG57aWc021EPv7rZ0Nh3/4Y0MKC76AQyRG2SgMzjkfi8vf76kZbFQNHMBDG0tD3PzqDpATJ8VPRpDjx3U5ZmWmN8/lSwGI69Ioro5jn+OyJ4RC+2jYBJXQ35RA==
eMiWcdCKggBSNyc9b+LtZ9G70I+EsA6KxURPr7Y22NeMyQs5SvgaglyK3HQIqlWXytwOnW7/Kgzk2/6JUO01Oflw
hwDwA3rtbtI1xxHokVARPDJ6jpJjq6CdoK88LG57aWc021EPv7rZ0Nh3/4Y0MKC76AQyRG2SgMzjkfi8vf76kZbFQNHMBDG0tD3PzqDpATJ8VPRpDjx3U5ZmWmN8/lSwGI69J4ro5jn+OyJ4RC+2jYBJXQ35RA==
54/S9P+kFV878cT1KdwE2tG70I+EsA6KxURPr7Y22NeMyQs5SvgaglyK3HQIqlWQytwOnW7/Kgzk2/6JUO01Oflw
3R3lMZoEwrcR2ECG37Hue8aRZiUwbSY8zS4wRyKDiQW4p19cfEq1BnEKzosVO3a0t8TYWiAybx8DJBoGTr7jWfYwbLvDayzL/NTKwvCqqKRxppo5OirZP3eprAyAniDU0UzqysInFtE+TnQ9woOYc1EL+UY=
PjXg5iqKbW223lz+2qrstxFTX7bdgKOGIK9KZleW2gtyENF3cTqp9w21fJ0Y1Aduz6QLC0m6KXReKiZ8I9zm3KJM/Ds++XU=
yXCerWsuOSF+L9xp7ZHHzmIbwLkVREpYvMDwWOABk2W0Il6ZxctEBg2cmgJBnDkDH51stPAmwOyh9Gpysh/2aU72tAWyu3jLITP5fg==
2SjYhvzHUzQ7Y8NGLG9tWCkfg7V99BhiED4MWyvL4NAOT3mBjHjJ3trEDWZhzSvPnMIsDOgyxRZKVJ4FDgdaxKQTzrFw9SUx+Xg=
mhPjT3/m97IuFJFB3KyVz2IUwL0cRkpYvMDwWOABk2W0Il6ZxctEBg2cmgJBnDkDH51stPAmwOyh9Gpysh/2aU72tAWyu3jLITP5fg==
P/vtec/Zgj1IkA4MY+6Qwykdibd/8AdiED4MWyvL4NAOT3mBjHjJ3trEDWZhzSvPnMIsDOgyxRZKVJ4FDgdaxKQTzrFw9SUx+Xg=
qpdkk/j722zZQ79aR+pvrigdibd/8AdiED4MWyvL4NAOT3mBjHjJ3trEDWZhzSvPnMIsDOgyxRZKVJ4FDgdaxKQTzrFw9SUx+Xg=
quZ3iGEU733IoL9c/aXxdw+ewy7QctQXm2e4PG6j4S089FFSWkiV6tFhsyP8LnSgWH4dWooYRkk+KwIoxP/WnUD5PT35dA==
Rt/ck1txC+I8vCFb1ainzg6ewy7QctQXm2e4PG6j4S089FFSWkiV6tFhsyP8LnSgWH4dWooYRkk+KwIoxP/WnUD5PT35dA==
yx5+63U/wHS7cSxM1O0N1DhIluRFFlgw0MDwWOABk2W0Il6ZxctEBg2cmgJBnDkDH51stPAmwOyh9Gpysh/2aU72tAWyu3jLITP5fg==
G1VFT69xQaLyfFEjdIe5GUgNpP4GdjGI4Jo8plD6RO/7vwh0rusRdRzMQVpaQIXS8TlDazxmxHg4ho3SCpDWMd5zsuCEN6ZFYMEtNfl8
aqU+hK3xAF5rZFRlSeIdVlOMwOoqTk/r9zyvalUAK3a4D+I2r9YCO1rwqWd5OqHn9dVUrUAUf75nBJN7wTqhxMbKTqybnD6sSmzEKzb5fQ==
D9AzMtT9ajOobX8Ckz+SsD84LD4Zoo/8KCV0hsbOYWBAMsw+0GI0R1vX2MzuE0Fd/KRxQlpYtboREROTfN4UEJgu/UqKCCaZfpviWERPdm0AKR0t+WQ=
zeSoGH2tjd5AV2vvsofz7lOMwOo1Tk/59zyvalUAK3a4D+I2r9YCO1rwqWd5OqHn9dVUrUAUf75nBJN7wTqhxMbKTqybnD6sSmzEKzb5fQ==
FHO2Is8akpzH+kcpxhCLpisfg7V99BhiED4MWyvL4NAOT3mBjHjJ3trEDWZhzSvPnMIsDOgyxRZKVJ4FDgdaxKQTzrFw9SUx+Xg=
LSZMgbupZaqkjRgdSZJvsB4j8dh6Wq7NEcBvPnR/Po4LNmaj5mAl7/26JW95Reg1pHTbBjv037MFemWMCvoSVP+8GrS2fMgjMvl5
pqNJJQk6gKiUDZ71UJ+OOw2ewy7QctQXm2e4PG6j4S089FFSWkiV6tFhsyP8LnSgWH4dWooYRkk+KwIoxP/WnUD5PT35dA==
ylD6xuOT6p4Cf6EcozWQgl2pITy0nJhSYD2CpbFCXUj10RGS7YBT5hBvOobnFkprotCBl2E6uZfd9Sx9iFS3Dj/kO+s5uhlUrmqW3FNcdnxyDCwbLvll
OMjkZaO0CLGgMT4VG2En3EdX9a5ROXrFvshQplD6RO/7vwh0rusRdRzMQVpaQIXS8TlDazxmxHg4ho3SCpDWMd5zsuCEN6ZFYMEtNfl8
on5vAHz6R5XsAb4IZBymoSgfg7V99BhiED4MWyvL4NAOT3mBjHjJ3trEDWZhzSvPnMIsDOgyxRZKVJ4FDgdaxKQTzrFw9SUx+Xg=
/ZS+Qec9aFPF19a0UkL20SkFhbdm5hhiED4MWyvL4NAOT3mBjHjJ3trEDWZhzSvPnMIsDOgyxRZKVJ4FDgdaxKQTzrFw9SUx+Xg=
lG6WCQQkyCc8//AvzNxpyysdibd/8AdiED4MWyvL4NAOT3mBjHjJ3trEDWZhzSvPnMIsDOgyxRZKVJ4FDgdaxKQTzrFw9SUx+Xg=
xahrNgd59xwKzwA0V1eIESodibd/8AdiED4MWyvL4NAOT3mBjHjJ3trEDWZhzSvPnMIsDOgyxRZKVJ4FDgdaxKQTzrFw9SUx+Xg=
lHUC7A/BegeQsccQ4C7Mdlqx+kifPJNZyHanPHTwpCs591BZNwyE/dZyuDP8LnSgWH4dWooYRkk+KwIoxP/WnUD5PT35dA==
a/XWj6EO5/I/sM99Y5Ev9Vqx+kifPJNZyHKlMnTwpCs591BZNwyE/dZyuDP8LnSgWH4dWooYRkk+KwIoxP/WnUD5PT35dA==
LWzpUI29iBTOmKA+LnxKj087Lhj+hsTfxepiChnZkP3lL2X1jSMX5KL/qsqO2dWt/Ec6e1gUOGAt90P0E0/a+pHXCPaD75G+Y31athh2QKbSULvsLxSf/geEczuhOoGEZkru7LucHuzq7GRrFvld
3VH/Is5pKvWIlr8BkWBn9Ep6IHCJwniDnwjZr54OohiqVzGtj5y3namqwOW0A1N5Kz8GidzHOalizj1+hbdeVTg9NSYf7dY+nPbELl7AR3SLdPtG23S/c+V6RUyqerKUn7z69Nb8aGMS+Vk=
YYOOiBF/pBNKtilieMvDg+REncJnCCsZnXRscmgIYoc5dArykmBOFFdyWBYSJneU5fW9j5Dlal/fBcSum9Jide47dZ/j6qm1kHJaNgJiGJhxuF1ErSrtrFlfwxpjYExihPiJjOz44ORubxT5Xw==
I3HhYIiV02S09pFEdUEjjOREncJnCCoZnXRscmgIYoc5dArykmBOFFdyWBYSJnSU5fW9j5Dlal/fBcSum9Jide47dZ/j6qm1kHJaNgJiGJhxuF1ErSrtrFlfwxpjYExihPiJjOz44ORubxT5Xw==
QIZQlPRGzJc+e+FYcObpb0p6IHCJwnvYyhLOpIQfjxicQgTs+c7j24ycs6qvV0M/YWEAidrBGbVl6g8t1YMbEnoPNSYf7dY+nPbELl7AR3SLdPtG23S/c+V6RUyqerKUn7z69Nb8aGMS+Vk=
IL7Sb9Qelu+G/XasJBhyZU87Lhj+hsTfxepiChnZkP3lL2X1jSNDt5zK7MrXrreio0d/IwVBJHEG8VX9ISrL5ZnzR6qe75G+Y31athh2QKbSULvsLxSf/geEczuhOoGEZkru7LucHuzq7GRrFvld
ym0wykCl4b6D5Fc0yxz6dOZ9eH0/wgbGkoSXmOBrAhDJ4ZDqOddN0wRMhpmvbGQaBobY+POu1NLpgRNlXfwTzrpGbxJ3xiwZdyQsEOHjKOeW/fypBAo62NxavETIOvVuyqyuDS7PylxkC975kH1VCflA
+L1HdVdFqYXFpdNQVeUQ2uVEncJnCC0ZnXRscmgIYoc5dArykmAaSGlDFxRLURWbuvX40cL0cETKUYjw4s1tIrJwI9eP6qm1kHJaNgJiGJhxuF1ErSrtrFlfwxpjYExihPiJjOz44ORubxT5Xw==
GDzXAaOa+50QjOOkTf6OUUp6IHCJwniDnwjZr54OohiqVzGtj5zjwZebj+ftdDAtISVU3JTHDrJBj0Rhi/oEHHVnWSYf7dY+nPbELl7AR3SLdPtG23S/c+V6RUyqerKUn7z69Nb8aGMS+Vk=
1qZJ6yzwkpm9KZ4VoDZ04ed9eH0/wgLGkoSXmOBrAhDJ4ZDqOdcXgFIRycu9BAgFVs3YpKi+l5i3hxNjW9wPyZ50PENZhWlAVyQsEOHjKOeW/fypBAo62NxavETIOvVuyqyuDS7PylxkC975kH1VCflA
GwgrhMGYa4cPdvX0507a1KtGnZPKl7png348dnMr20hSiLcwEqsdg5hcKsPeY6Gi2cbY1azjekljf05ZNCeBORpOhe58F/YFcH391vfNzk6E9tzeRuAvBMO0M5Zz1MfjXfq93BIa2sRXfDLE/pxwUwr5QQ==
fPxZ59WDk+Ya/IqyZnC4hb2z5pxai8BtFnQv2kR/hEMCGeQ8mKIugntWDqbK7OobE2UvNBsWJ/WH1cMmk3c+Fljl6WOF9/FpWEZZOdQ5Vr+470zA9hYMaOgykAApkCqOimtG5eaylBnq7+hnaRf5Qg==
5vwKUvS6z7SNfIvRcnM3ob2z5pxai8FtFnQv2kR/hEMCGeQ8mKIugntWDqbK7OobE2UvNBsWJ/WH1cMmk3c+Fljk6WOF9/FpWEZZOdQ5Vr+470zA9hYMaOgykAApkCqOimtG5eaylBnq7+hnaRf5Qg==
FPJCxXCsOxilkuqQ3/e9cuLzo8be2K7XTirJhc3cz0Xz0hh8TCQdpobZ30hpUiwIKOOJi86sid1KqOtJdPJIpjkScwnA8sm1XL3WIwB7vGxecmzUMMZATGHUalJyv3aJjpa05fLb+GthE/le
IY/mO32i08ovD5WelTNOu+Lzo8be2K/XTirJhc3cz0Xz0hh8TCQdpobZ30hpUiwIKOOJi86sid1KqOtJdPJIpjkTcwnA8sm1XL3WIwB7vGxecmzUMMZATGHUalJyv3aJjpa05fLb+GthE/le
3zFc8xejptj1qqPpWVmP1ed9eH0/wgDGkoSXmOBrAhDJ4ZDqOdcXj1IVwMm9BAgFVs3Yo6i+l5i3hxNjW9wPyZ50PENZhWlAVyQsEOHjKOeW/fypBAo62NxavETIOvVuyqyuDS7PylxkC975kH1VCflA
5IlwhF5d9yRA1YBedHa9watGnZPKl7tng348dnMr20hSiLcwEqsdg5hcKsPeY6Gi2cbY1azjekljf05ZNCeBORpOhe59F/YFcH391vfNzk6E9tzeRuAvBMO0M5Zz1MfjXPq93BIa2sRXfDLE/pxwUwr5QQ==
KJTH4Et1A/pDTqinUqTkBqcahWA/2hgMJkdGmWQPbmCSwVDL8wM/JjfEcdu8fNE7MnOdtY2N3ILL4Ij1jlBxFlVwuDqS0Dgmr+oAFFlHNW5bXTLGAHZYVjpwg7xnVNdO32Sbqxi6+RTO6jYcc1xWvJKMTFsO+UU=
tubd/vXXsKvMSy0cAVmR6GUV8+kwq9jcP/viXCDRgUKbu4PS91yv5aTTxJkWlZpjSSoujCzolVwZvL76Nhx8DU8qcWo3KRs+AXcGBKE25LBOdemyVrj/97PizcXUKva2rrrcaJWwYWTxYok83edu2o+YSHKgsNXskHBEVKq3+Pmz
MY/gp+Z0RSdv7SmRPHcsaqtGnZPKl7s812QrfWk69khknYJxZvlHytUGWdyOKL6vycmM37axLlVyVEhPPRXkclYQ/PFzWr5MPSeR1vfNzk6E9tzeRuAvBMO0M5Zz1MfjXPq93BIa2sRXfDLE/pxwUwr5QQ==
0kKCxDvebRgoqPWLUil044LKJzMlI3ckh3UgQybYvxS9p2pTP1OiHWgX2ZUaM2z97IiJSxFzbRUfOywXefDBF6BnIKuPJnaVlsTPvvCqqa1spdY7MGPcNG6qrAyAniDU0U3qysInFtE+TnQ9woOYc1EL+UY=
+cZ8wGY+pQoas7X/n5WpEk47Lhj+hsWEkPB1AQPIvf3TOlC0+UB29JrYqpHVyZDnokE6fV40JGcJxRCqalCAqceKSqSRh/2+Y31athh2QKbSULvsLxSf/geEczugOoGEZkru7LucHuzq7GRrFvld
U0L0vmZXXMIJjJKChX2jX19Cv01iAHrehzyg3SQ9nqN8ygwQ6R/xzpAuLxlW0eC+2KKvhFdbKz8rgDcVXqiEHynZ0Zy3uJSMkX+QexZhRDV0loJEPIYEGLhmTbMKcJZRXpPygIQX5uXgYW0V+Vw=
GTp4B90PruVFmtfgDTvIxl9Cv01iAHrehzyg3SQ9nqN8ygwQ6B/xzpAuLxlW0eC92KKvhFdbKz8rgDcVXqiEHynZ0Zy3uJSMkX+QexZhRDV0loJEPIYEGLhmTbMKcJZRXpPygIQX5uXgYW0V+Vw=
G9azixeI1pC0YvFHNiF07JdW/wLJQ/Agt/t9Y47JX////zl11i4dZHk0Y7ZjFLdDjPrtPKJayiQH/MLkjlzgMzr5cQ==
ZUkAsArFW0gH1T7OC7J8Ie99eH0/wgfJ1oKdprIxVVuzqty0QMhN0xsc0oagIChAVdyK/tCu05i6nABua7kf1LoSbwBUinhbSSAsEOHjKOOf6vupBAo62NxavETIOvVjyKyuDS7PylxkC975kH1VCflA
5D1p7EtRNv7BD6d58HTlGCQOrizDEEEZTEnRFBP8QZvis02KzcbM/UAzRxYB1MShsor/Be2KWYkIZfs5d5XJjoudYqYUf1+x6jDT3PfUJ65vJOvLJ7gJNP6qRrzD3MYcwswcex75VQ==
eX4Xt6XCR1v2l/pbpOlVAFqx8W/RY9QJxG68P2/uqRkGog5TFkWS4tItjDP8LnSgWH4dVosYSUk+KwIoxP/WnUD5PT35dA==
JHP+XYZdPzqgKl7ZYxtOGlX41l5qXMap+XBEHsgQXbSQsfww1Gq0K0864d1WBqbHltE6RoLpxOfcOnykSFo1gsvM4e2ur4q8ZCueWRDdFSn5YA==
rPp5XhO/oFbi8I5D71nf/mL63hed5rcWYHx+YJdYMlkPfcPt46xwbzcopZIZoJ3hfmleaOUugqeBrwBycaTWtoL88+52Tp5k0SLpvH0ng9uv1yjyAHA17LAwJNQKdxj5Uw==
fX4pgrfo+YzKvHEux33haBjah7AqUlmyoS73PBMBMDWwUOsyrNdPc27K/zh4dqzg/dYYklAUf75nBJN7wDuhy8bKTqybnD6sSmzEKzb5fQ==
QGhPmz71nT6ontgdKxPk/WP63hed5rcWYHx+YJdYMlkPfcPt46xwbzcopZIZoJ3hfmleaOUugqeBrwBycaTWtoL88+52Tp5k0SLpvH0njtuv1yjyAHA17LAwJNQKdxj5Uw==
h1ZhDxmE3wGzCCOhC6Qm3Rjah7AqUlmyoS73PBMBMDWwUOsyrNdPc27K/zh4dqzg/dYYklAUf75nBJN7yDqhy8bKTqybnD6sSmzEKzb5fQ==
i9mcDCNAvw93ca0irPRyjmL63hed5rcWYHx+YJdYMlkPfcPt46xwbzcopZIZoJ3hfmleaOUugqeBrwBycaTWtoL88+52Tp5k0SLpvH0nhtqv1yjyAHA17LAwJNQKdxj5Uw==
dHbAUnAcAQo4O46isRLrar/pznBQyer4RA9KqqyYKvA2HnHbE5GstAB5n4y9Jx5IYoXWF3aMWpcQ1azsQP6gdBFh6eoNh5ax/q50XYJjGNMRK/lm
WaoSiIMvL0IhpcmsXyIpJ02iNTqmjakad3Oo6+ISEUL5jh+sq4FIpRgwM4LkFwcjlurXyGB2tJDV9mBCmFS3Dj/kO+sxuBlbrmqW3FNcdnxyDCwbLvll
HchflgYKZPzV3Eqyn9ZRYBNc/uEaYGje8sJq4FHhB+ektgx3r6ZZQSaaHlsWTYLa8nV8ezxmxHg4ho3YCJDZMd5zsuCEN6ZFYMEtNfl8
J9uaVefyBN3EP2sFULXNzJPKjFYIifd4MjXPYAeO68dmhhLEHUod7Mm/+R6Tz9yitNh5DLwY8KSez0T5Dw==
O7N5s3x5IlpTZsjqG7YX7BAkypUiJwzCFF+2v46ShfJFfBzL+OkHOOIV/2A3rrsHFmZiRI3qTSz5n+4fg64s4mS46YwMuEBkzi80+X8=
bh4xtHTgkNzr1o+h80GBkRAkypUvJwzCFF+2v46ShfJFfBzL+OkHOOIV/2A3rrsHFmZiRI3qTSz5n+oeg64s4mS46YwMuEBkzi80+X8=
GA/hSoD7aknPSzUzd854Y8YhfYohNG3BbA02tjiRTGC4inBoGUmpRp0U5k2WqlSROteIj9lP+Qo=
eA0kEs3G2+fKbI6QZs0B/A3T1mdvm80DubjtReSRpgKAPewEUPaAPMEPaILVyLa57kY0tRLruJvBQ/kO
o1zbgnZayXEURvf/h9v4L1nU/dACNCfOzHNWs9QEKB9QBjmPmMD5Y1az3tTRTG2pvFWWPogpDEiokhCgabwvrs3MxkWmkpQ5qk9oxyk3+WI=
xdI1TNIJZVsJR+Y/7dEA7ourxIbR9VSeyUFCtaY+jYKt+1gjHqQkl1yK3HQIqlWUztwJmm7/Kgzk2/6JUO01Oflw
jVnWuzEmMGw79npGqyjv+AZ966nSVPRh0BTATPEk+P9bWqzhyv9rjdBuHtLj/sak6TLhnCXXJl5Hb3cSCGDNrOjArHTyJzD5ew==
VyNfut+ohJjEWVWpjJebkJGnnN2UtRSfxkgBjZY2hteZwR5/QLkkl1yK3HQIqlWRy9wLmm7/Kgzk2/6JUO01Oflw
3KxLRtvInO5tIoABUVNKe+acvQgMboyTj38yncyghHrmR5Cuz4BQWkR+4Zv6emtA5PkwHGBkjPr8tBNW01RnI3X53Rn1mrqEt3xShF4c0BMq+WE=
yMioNGNNuSGuFLaSWMhaUEv99WDQZdQUxGG8O2bsqRkGog5TGUWW69AtjDP8LnSgWH4dUo8YQ04+KwIoxP/WnUD5PT35dA==
H8pH649GoKKoLKAtiUnNgTt+xNI+l0oPVGxibxnww7pREB4F19COxDbyCvBR8efX5GmsAyYUOZHm6j5LGV2mozClHMu8FmSoeLZtyAqAsgYeIxIQBIdGFSAxDSX5bA==
uPb2DB00jE7QUj9KmIWr0mf63hed5rcWYHx+YJdYElkPfcPt46xwbzcopZIZoJ3hfmleaOouhq6DrwBycaTWuYL4+ux2Tp5k0SLpvH0nj9qv3C/yAHA17LAwJNQKdxj5Uw==
+c+5sIZlhL18SDf6mKuD8Rjah7AqUlmyoS73PBMBMDWwUOQyqN5Nc27K/zh4eazk9NQYklAUf75nBJN7yDihwMHKTqybnD6sSmzEKzb5fQ==
0CM89rTeOG9cR672P2qIIUhzIHCJlz/F3RPVs5xL+ljPTSOgv5zjyIyNze2uSg1jLyEHzJeaG7R3wRQ9nKBYSiw+CSty2pNwnPnILBjEBEqUdPtG23S/c+95RU+terKUn7z69Nb8aGMS+Vk=
3Uy7ezup1grH2c15lc56k0XqcONGZCDrpCFDyIaNc+C7Nl930i6+ZLHiSTydZ6PfzxuPcuAwFezQ8IRU6jc4+XM=
cRDn9h9huPSve2XdRoxndbTTcgTsuD8GnRyTCuuHXlbgWRJdT421lqU+Bk4XCJDh3g2gzpxPU/5HjHpeKMunmryVpzZAPFiOS8nsE/xOtEDY3t06jvgF7r5LQsjE3xY9wBl9HflU
HMiq5QsCpaTEsIfSlKd3fzJ6jpJjq6CdoK88LG57aWc021EPv7rZ0Nh3/4Y0MKC76AQyRG2SgMzjkfi8vf76kZbFQNHMBDG0tD3PzqDpATJ8VPRpDjx3U5ZmWmN8/lSwGI69IYjo5D7+OyJ4RC+2jYBJXQ35RA==
Kss86zgINXPerLslNG4/0tG70I+EsA6KxURPr7Y22NeMyQs5SvgaglyK3HQIqlWSyNwMmm7/Kgzk2/6JUO01Oflw
p3/V+hY6vbI7sotNn1TGPDJ6jpJjq6CdoK88LG57aWc021EPv7rZ0Nh3/4Y0MKC76AQyRG2SgMzjkfi8vf76kZbFQNHMBDG0tD3PzqDpATJ8VPRpDjx3U5ZmWmN8/lSwGI69Jo/o5D7+OyJ4RC+2jYBJXQ35RA==
teoWdqCIy7jkCWdLSzpIbNG70I+EsA6KxURPr7Y22NeMyQs5SvgaglyK3HQIqlWTz9wMmm7/Kgzk2/6JUO01Oflw
BrYb/Dtw1An/4y988PUXvMaRZiUwbSY8vi4wRyLwiQW4p18vfEq1BnEKzotmO3a0t8TYWiBBbx8DJBoGTs3jWfYwbMjDayzL/KfKwvCqqKRxppo5OirZP3eprAyAniDU0UHvysAgFtE+TnQ9woOYc1EL+UY=
BDmnisxQeGG4V1lmoeRlnxFTX7bdgKOGIK9KZleW2gtyENF3cTqp9w21fJ0Y1Aduz6QLC0S/KXZZKiZ8I9zm3KJM/Ds++XU=
R/AazCrIkE6d4W+WvCJiTWIbwLkVREpYvMDwWOABk2W0Il6ZxctEBg2cmgJBnDkDH51stPAmwOyh+W9ysBj2aU72tAWyu3jLITP5fg==
kYl8SZeGtvBbkh8Sml5zqSkfg7V99BhiED4MWyvL4NAOT3mBjHjJ3trEDWZhzSvPnMIsDOgyxRtPVJwCDgdaxKQTzrFw9SUx+Xg=
HlLcPpbF7wEYN51kj0m5ymIUwL0cRkpYvMDwWOABk2W0Il6ZxctEBg2cmgJBnDkDH51stPAmwOyh+W9ysBj2aU72tAWyu3jLITP5fg==
Ehatiyx8cgf9jtYjaxwv+ykdibd/8AdiED4MWyvL4NAOT3mBjHjJ3trEDWZhzSvPnMIsDOgyxRtPVJwCDgdaxKQTzrFw9SUx+Xg=
JYCmlpmyGX1tPKYgO1rEySgdibd/8AdiED4MWyvL4NAOT3mBjHjJ3trEDWZhzSvPnMIsDOgyxRtPVJwCDgdaxKQTzrFw9SUx+Xg=
sXDG65LowGzso45e0RPyaw+ewy7QctQXm2e4PG6j4S089FFSWkiV6tFhsyP8LnSgWH4dV48YRE4+KwIoxP/WnUD5PT35dA==
sY3q4skT2IWzxafFWhSnqg6ewy7QctQXm2e4PG6j4S089FFSWkiV6tFhsyP8LnSgWH4dV48YRE4+KwIoxP/WnUD5PT35dA==
zx0507hBBtZ3QaVKYjLCvzhIluRFFlgw0MDwWOABk2W0Il6ZxctEBg2cmgJBnDkDH51stPAmwOyh+W9ysBj2aU72tAWyu3jLITP5fg==
XeTfwpteoyalC9f0hLckSUgNpP4GdjGI4Jo8plD6RO/7vwh0rusRdRzMQVpaQIXS8TlDazxmxHg4ho3fD5DUNt5zsuCEN6ZFYMEtNfl8
yn1WMRvSyhZuQiN1A/yUU1OMwOoqTk/r9zyvalUAK3a4D+I2r9YCO1rwqWd5OqHn9dVUrUAUf75nBJN7zD+hxsHKTqybnD6sSmzEKzb5fQ==
n7tk8Y6gwI84iRoV5ONpyD84LD4Zoo/8KCV0hsbOYWBAMsw+0GI0R1vX2MzuE0Fd/KRxQlpYtboREROTfN4UEJgu/UePCCSefpviWERPdm0AKR0t+WQ=
tsTJYOsbPdqSByyb5Bnmh1OMwOo1Tk/59zyvalUAK3a4D+I2r9YCO1rwqWd5OqHn9dVUrUAUf75nBJN7zD+hxsHKTqybnD6sSmzEKzb5fQ==
YgiSukE+FGrLEA7tJVBMvSsfg7V99BhiED4MWyvL4NAOT3mBjHjJ3trEDWZhzSvPnMIsDOgyxRtPVJwCDgdaxKQTzrFw9SUx+Xg=
atiX96yf2HtP4IwYXxIGAx4j8dh6Wq7NEcBvPnR/Po4LNmaj5mAl7/26JW95Reg1pHTbBjv037MIf2WODfoSVP+8GrS2fMgjMvl5
vq+wrjWuj94n3fT0+loUZA2ewy7QctQXm2e4PG6j4S089FFSWkiV6tFhsyP8LnSgWH4dV48YRE4+KwIoxP/WnUD5PT35dA==
265t7p1cZqbSoa8rtr/0Wl2pITy0nJhSYD2CpbFCXUj10RGS7YBT5hBvOobnFkprotCBl2E6uZfd9Sx9iFS3Dj/kO+s0vxlWqWqW3FNcdnxyDCwbLvll
Sj9qqBDU/MPYTbF1dcgF0kdX9a5ROXrFvshQplD6RO/7vwh0rusRdRzMQVpaQIXS8TlDazxmxHg4ho3fD5DUNt5zsuCEN6ZFYMEtNfl8
kYOFaOpO+z3O6O6iSf9t9igfg7V99BhiED4MWyvL4NAOT3mBjHjJ3trEDWZhzSvPnMIsDOgyxRtPVJwCDgdaxKQTzrFw9SUx+Xg=
DCxbjDSKqp9pafC0u/724CkFhbdm5hhiED4MWyvL4NAOT3mBjHjJ3trEDWZhzSvPnMIsDOgyxRtPVJwCDgdaxKQTzrFw9SUx+Xg=
CARdIVG+cwlKDrlEWtzucisdibd/8AdiED4MWyvL4NAOT3mBjHjJ3trEDWZhzSvPnMIsDOgyxRtPVJwCDgdaxKQTzrFw9SUx+Xg=
xLwgasxW/JGFpEbH4sEpyyodibd/8AdiED4MWyvL4NAOT3mBjHjJ3trEDWZhzSvPnMIsDOgyxRtPVJwCDgdaxKQTzrFw9SUx+Xg=
rQwUDzud7p6yHbW8yiuuj1qx+kifPJNZyHanPHTwpCs591BZNwyE/dZyuDP8LnSgWH4dV48YRE4+KwIoxP/WnUD5PT35dA==
xf0vxyvyw1Z+W46LcZX+C1qx+kifPJNZyHKlMnTwpCs591BZNwyE/dZyuDP8LnSgWH4dV48YRE4+KwIoxP/WnUD5PT35dA==
mnUOV8qE/sgJrvUObJ/wyE87Lhj+hsTfxepiChnZkP3lL2X1jSMX5KL/qsqO2dWt/Ec6e1gUOGAt90P0E0/a+pHXCPaD75G+Y31athh2QKbSULvsLxSf/geEczusP4GGYUru7LucHuzq7GRrFvld
A0xlaoBTC0dDkT7SC+iVyUp6IHCJwniDnwjZr54OohiqVzGtj5y3namqwOW0A1N5Kz8GidzHOalizj1+hbdeVTg9NSYf7dY+nPbELl7AR3SLdPtG23S/c+h/RU6terKUn7z69Nb8aGMS+Vk=
wQhyzkRFTguwPg9wpFSza+REncJnCCsZnXRscmgIYoc5dArykmBOFFdyWBYSJneU5fW9j5Dlal/fBcSum9Jide47dZ/j6qm1kHJaNgJiGJhxuF1ErSrtrFlfzh9jYktihPiJjOz44ORubxT5Xw==
6lgeo0xpSY4rX0zLCYVQ4OREncJnCCoZnXRscmgIYoc5dArykmBOFFdyWBYSJnSU5fW9j5Dlal/fBcSum9Jide47dZ/j6qm1kHJaNgJiGJhxuF1ErSrtrFlfzh9jYktihPiJjOz44ORubxT5Xw==
IAv71bU5rqBFXebaS+JxnUp6IHCJwnvYyhLOpIQfjxicQgTs+c7j24ycs6qvV0M/YWEAidrBGbVl6g8t1YMbEnoPNSYf7dY+nPbELl7AR3SLdPtG23S/c+h/RU6terKUn7z69Nb8aGMS+Vk=
7ChHSIN//gmpFjjBXzEhDE87Lhj+hsTfxepiChnZkP3lL2X1jSNDt5zK7MrXrreio0d/IwVBJHEG8VX9ISrL5ZnzR6qe75G+Y31athh2QKbSULvsLxSf/geEczusP4GGYUru7LucHuzq7GRrFvld
ZvymPX2Z4wNPDF1VaG3DbeZ9eH0/wgbGkoSXmOBrAhDJ4ZDqOddN0wRMhpmvbGQaBobY+POu1NLpgRNlXfwTzrpGbxJ3xiwZdyQsEOHjKOeW/fypBAo62NxavETIOvVjz6ysCi7PylxkC975kH1VCflA
+u/k9TDL790CefKJsr4B/OVEncJnCC0ZnXRscmgIYoc5dArykmAaSGlDFxRLURWbuvX40cL0cETKUYjw4s1tIrJwI9eP6qm1kHJaNgJiGJhxuF1ErSrtrFlfzh9jYktihPiJjOz44ORubxT5Xw==
dl9+P6sx+QP8xHbICG4y9Ep6IHCJwniDnwjZr54OohiqVzGtj5zjwZebj+ftdDAtISVU3JTHDrJBj0Rhi/oEHHVnWSYf7dY+nPbELl7AR3SLdPtG23S/c+h/RU6terKUn7z69Nb8aGMS+Vk=
av0UM023PfyN22rsYKCu5ud9eH0/wgLGkoSXmOBrAhDJ4ZDqOdcXgFIRycu9BAgFVs3YpKi+l5i3hxNjW9wPyZ50PENZhWlAVyQsEOHjKOeW/fypBAo62NxavETIOvVjz6ysCi7PylxkC975kH1VCflA
qnBQUzJoZIlzfoO68IFHmatGnZPKl7png348dnMr20hSiLcwEqsdg5hcKsPeY6Gi2cbY1azjekljf05ZNCeBORpOhe58F/YFcH391vfNzk6E9tzeRuAvBMO0M5Zz1MfjUP+93hUa2sRXfDLE/pxwUwr5QQ==
pKzqDVMmRM0z7+8lV+xyr72z5pxai8BtFnQv2kR/hEMCGeQ8mKIugntWDqbK7OobE2UvNBsWJ/WH1cMmk3c+Fljl6WOF9/FpWEZZOdQ5Vr+470zA9hYMaOgykAApnS+OiGxG5eaylBnq7+hnaRf5Qg==
z5n89YN1pfLJDMNyuf5LSr2z5pxai8FtFnQv2kR/hEMCGeQ8mKIugntWDqbK7OobE2UvNBsWJ/WH1cMmk3c+Fljk6WOF9/FpWEZZOdQ5Vr+470zA9hYMaOgykAApnS+OiGxG5eaylBnq7+hnaRf5Qg==
R49+JuQKXTQ+InAT96foQeLzo8be2K7XTirJhc3cz0Xz0hh8TCQdpobZ30hpUiwIKOOJi86sid1KqOtJdPJIpjkScwnA8sm1XL3WIwB7vGxecmzUMMZATGHZb1JwuHaJjpa05fLb+GthE/le
KVeb9DJTKlCdmOTyrnIPwOLzo8be2K/XTirJhc3cz0Xz0hh8TCQdpobZ30hpUiwIKOOJi86sid1KqOtJdPJIpjkTcwnA8sm1XL3WIwB7vGxecmzUMMZATGHZb1JwuHaJjpa05fLb+GthE/le
ypgAwEr7BWvFxTLErJMTDud9eH0/wgDGkoSXmOBrAhDJ4ZDqOdcXj1IVwMm9BAgFVs3Yo6i+l5i3hxNjW9wPyZ50PENZhWlAVyQsEOHjKOeW/fypBAo62NxavETIOvVjz6ysCi7PylxkC975kH1VCflA
MFXjSztBoAY780JmJgLXlqtGnZPKl7tng348dnMr20hSiLcwEqsdg5hcKsPeY6Gi2cbY1azjekljf05ZNCeBORpOhe59F/YFcH391vfNzk6E9tzeRuAvBMO0M5Zz1MfjUP+93hUa2sRXfDLE/pxwUwr5QQ==
z71IRkrCwsLAdc90oZDQJacahWA/2hgMJkdGmWQPbmCSwVDL8wM/JjfEcdu8fNE7MnOdtY2N3ILL4Ij1jlBxFlVwuDqS0Dgmr+oAFFlHNW5bXTLGAHZYVjpwg7xnVNdO32SbqxS/+RbJ6jYcc1xWvJKMTFsO+UU=
q5gqrRX96Wxttak0BLeNzmUV8+kwq9jcP/viXCDRgUKbu4PS91yv5aTTxJkWlZpjSSoujCzolVwZvL76Nhx8DU8qcWo3KRs+AXcGBKE25LBOdemyVrj/97PizcXUKva2rrrcaJWwYWTxYok83edi34+aT3KgsNXskHBEVKq3+Pmz
UQ6dbts3fjpz961M6u0hFqtGnZPKl7s812QrfWk69khknYJxZvlHytUGWdyOKL6vycmM37axLlVyVEhPPRXkclYQ/PFzWr5MPSeR1vfNzk6E9tzeRuAvBMO0M5Zz1MfjUP+93hUa2sRXfDLE/pxwUwr5QQ==
N5oTwLIKQgpzFfyDmWv+d4LKJzMlI3ckh3UgQybYvxS9p2pTP1OiHWgX2ZUaM2z97IiJSxFzbRUfOywXefDBF6BnIKuPJnaVlsTPvvCqqa1spdY7MGPcNG6qrAyAniDU0UHvysAgFtE+TnQ9woOYc1EL+UY=
PUaSgpVHL34Z1KQafZ2/FE47Lhj+hsWEkPB1AQPIvf3TOlC0+UB29JrYqpHVyZDnokE6fV40JGcJxRCqalCAqceKSqSRh/2+Y31athh2QKbSULvsLxSf/geEczusP4GGYUru7LucHuzq7GRrFvld
MfQjGVKnjS9zVk9SIixFXl9Cv01iAHrehzyg3SQ9nqN8ygwQ6R/xzpAuLxlW0eC+2KKvhFdbKz8rgDcVXqiEHynZ0Zy3uJSMkX+QexZhRDV0loJEPIYEGLhmTb8PcJRWXpPygIQX5uXgYW0V+Vw=
jF0NI1J6z1zb/z8gKQYCSF9Cv01iAHrehzyg3SQ9nqN8ygwQ6B/xzpAuLxlW0eC92KKvhFdbKz8rgDcVXqiEHynZ0Zy3uJSMkX+QexZhRDV0loJEPIYEGLhmTb8PcJRWXpPygIQX5uXgYW0V+Vw=
eyoutUrjWmLp05YmJDZmUZdW/wLJQ/Agt/t9Y47JX////zl11i4dZHk0Y7ZjFLdDgP/tPqVayiQH/MLkjlzgMzr5cQ==
y6mMbGDUsnQcdhGuA1eojiQOrizDEEEZTEnRFBP8QZvis02KzcbM/UAzRxYB1MShsor/Be2KWYkIZfs5d5XJjoudYqYUf1+x6jDT3PfUJ65vJOvLI7sJNfmqRrzD3MYcwswcex75VQ==
AYy4dsCQCJNOJnw/0cH8v+99eH0/wgfJ1oKdprIxVVuzqty0QMhN0xsc0oagIChAVdyK/tCu05i6nABua7kf1LoSbwBUinhbSSAsEOHjKOOf6vupBAo62NxavETIOvVky6yvCi7PylxkC975kH1VCflA
RxIzqtjtVWQpMeHr1iqZQ5PKjFYIifd4MjXPYAeO68dmhhLEHUod7Mm//huTwNuitNh5DLwY8KSez0T5Dw==
r1XhKYg1eolxxAXqEIj6nFdX/rNNZGnZtstt50/9RLiushY146MXYhzNdx5AFIjW6zFcezxmxHg4ho3fCpDWNt5zsuCEN6ZFYMEtNfl8
xNCQry1iatvqnVjtdX3+yFqx8W/RY9QJxG68P2/uqRkGog5TFkWS4tItjDP8LnSgWH4dUI4YSE4+KwIoxP/WnUD5PT35dA==
5bn1Ik22B0tm4ZIqVfkVClX41l5qXMap+XBEHsgQXbSQsfww1Gq0K0864d1WBqbHltE6RoLpxOfcOnykSFo1hM7M4Oqur4q8ZCueWRDdFSn5YA==
OAGke35gFMNvATF6mmH5L2X63hed5rcWYHx+YJdYMlkPfcPt46xwbzcopZIZoJ3hfmleaOUugqeBrwBycaTWtoL88+52Tp5k0SLpvH0nhd6v1i/yAHA17LAwJNQKdxj5Uw==
QDJ0q6GiIU99Y0OvKfLRWRjah7AqUlmyoS73PBMBMDWwUOsyrNdPc27K/zh4dqzg/dYYklAUf75nBJN7zT6hysHKTqybnD6sSmzEKzb5fQ==
bnkpcKvCAZWzdk9l2QuVk2L63hed5rcWYHx+YJdYMlkPfcPt46xwbzcopZIZoJ3hfmleaOUugqeBrwBycaTWtoL88+52Tp5k0SLpvH0ng96v1i/yAHA17LAwJNQKdxj5Uw==
YlOBL1iXEQUWYiHcMVFQGByf0mhunc0eubjtReSRpgKAPewEUPaAPMENaYLVyba57kY0tRLruJvBQ/kO
KdbW0Y9mKRz1j1pszTo2QT4U+RJa3rqcqLiLoQaGtrMnV73nwURtsYx99sbY4cwQWPqwGPkxqTZ9ZSY9dtrU4dqnSP85P/l6
HyCpGfMEZQtlOJ0QNYcJB1/jciGnl64XbCeC8bFQfgT1wBmjv4pTqFl1fMLhEQxgrtrfwzVNjtKAqn1CmFS3Dj/kO+swuRlTqGqW3FNcdnxyDCwbLvll
8lij8Ql+npVJogspEvaZquYoJypVIXMbPNIDQc60xFJVZ+cNXPaKoheWWgRVmrVMUS9hmQtXQkLcCDHM9OiYROY/PPl3
7Grjy+nykiEISuuphE8CDF7jciGnl64XbCeC8bFQfgT1wBmjv4pTqFl1fMLhEQxgrtrfwzVNjtKAqn1CmFS3Dj/kO+szuRlTqGqW3FNcdnxyDCwbLvll
jXzbDVGGU1GbMiUKgRJPROYoJypVIXMbPNIDQc60xFJVZ+cNXPaKoheWWgRVmrVMUS9nmQtXQkLcCDHM9OiYROY/PPl3
S2LVjrvJraPbM3Q0K90baV7jciGnl64XbCeC8bFQfgT1wBmjv4pTqFl1fMLhEQxgrtrfwzVNjtKAqn1CmFS3Dj/kO+s1uRlTqGqW3FNcdnxyDCwbLvll
EfoIMQnhunxGSKgb6uwWi+YoJypVIXMbPNIDQc60xFJVZ+cNXPaKoheWWgRVmrVMUS9lmQtXQkLcCDHM9OiYROY/PPl3
wdwK+P1yC9PbVbnpAeOhIFzjciGnl64XbCeC8bFQfgT1wBmjv4pTqFl1fMLhEQxgrtrfwzVNjtKAqn1CmFS3Dj/kO+s3uRlTqGqW3FNcdnxyDCwbLvll
1jjqgTCebUUbvtiMZwX76uYoJypVIXMbPNIDQc60xFJVZ+cNXPaKoheWWgRVmrVMUS9kmQtXQkLcCDHM9OiYROY/PPl3
3jg2K8XaAjnFTzhVtJwPOF/jciGnl64XbCeC8bFQfgT1wBmjv4pTqFl1fMLhEQxgrtrfwzVNjtKAqn1CmFS3Dj/kO+s2uRlTqGqW3FNcdnxyDCwbLvll
3oO7NN2+70rmWWLNFTycmuYoJypVIXMbPNIDQc60xFJVZ+cNXPaKoheWWgRVmrVMUS9rmQtXQkLcCDHM9OiYROY/PPl3
YSCezUGMyIaKD7upcT4vmF/jciGnl64XbCeC8bFQfgT1wBmjv4pTqFl1fMLhEQxgrtrfwzVNjtKAqn1CmFS3Dj/kO+s5uRlTqGqW3FNcdnxyDCwbLvll
+TWLW1pHlykzkdmyRtKhU+YoJypVIXMbPNIDQc60xFJVZ+cNXPaKoheWWgRVmrVMUS9qmQtXQkLcCDHM9OiYROY/PPl3
Hw1f/5Ss/k3au3S7hP3Yo17jciGnl64XbCeC8bFQfgT1wBmjv4pTqFl1fMLhEQxgrtrfwzVNjtKAqn1CmFS3Dj/kO+s4uRlTqGqW3FNcdnxyDCwbLvll
WH8gKpggV9ppJ3XG+W8MfOYoJypVIXMbPNIDQc60xFJVZ+cNXPaKoheWWgRVmrVMUS9jmAtXQkLcCDHM9OiYROY/PPl3
G9Oya0oxpxr1k4nHg+dKlFnjciGnl64XbCeC8bFQfgT1wBmjv4pTqFl1fMLhEQxgrtrfwzVNjtKAqn1CmFS3Dj/kO+sxuBlTqGqW3FNcdnxyDCwbLvll
29ApfYfqC8AAj23gBbhaHOYoJypVIXMbPNIDQc60xFJVZ+cNXPaKoheWWgRVmrVMUS9imAtXQkLcCDHM9OiYROY/PPl3
JiXWpFic3WvezPOmQN8GdFnjciGnl64XbCeC8bFQfgT1wBmjv4pTqFl1fMLhEQxgrtrfwzVNjtKAqn1CmFS3Dj/kO+swuBlTqGqW3FNcdnxyDCwbLvll
K1gxJbLj9XFrmFF6LHzSR+YoJypVIXMbPNIDQc60xFJVZ+cNXPaKoheWWgRVmrVMUS9hmAtXQkLcCDHM9OiYROY/PPl3
UCp2dTKTVcO23EExYlj8TljjciGnl64XbCeC8bFQfgT1wBmjv4pTqFl1fMLhEQxgrtrfwzVNjtKAqn1CmFS3Dj/kO+szuBlTqGqW3FNcdnxyDCwbLvll
sLRWhiI3qGUAqJPJIKNpIBjah7AqUlmyoS73PBMBMDWwUOsyrNdPc27K/zh4dqzg/dYYklAUf75nBJN7zDmhwsDKTqybnD6sSmzEKzb5fQ==
QCCbqN5RenjyuSTiyyNBKHMe0b5aCk5ohobxQ6MJzGywIV/Ujf9+UFKd1g9GlDpPII1stPAmwOyh9GlytBn2aU72tAWyu3jLITP5fg==
xE/hgI8u+GkiAl7WXjITbFnU/dACNCfOzHNWs9QEMB4YVnzA2MX/aBWL7tzaGVaT/gDKI4gpDEiokhCgab8orszNxkWmkpQ5qk9oxyk3+WI=
t22zM5AlwEVbteh7zKZml0v99WDQZdQUxG68P2/uqRkGog5TFkWS4tItjDP8LnSgWH4dVo8YQE8+KwIoxP/WnUD5PT35dA==
UVlhMi9BbjFZ0Hy2s11So+fN+vW35Nd6QifO/KwrZgHShv7Mftqxl8sl3GioHT8gxbOONOoBVpvu+OoLeHFMgPgq8MjZI64mXLVm7dZKVHF6dwgvGS/5ag==
Dc5NKGfCFqvmr28xj84zA+fN+vW65Nd6QifO/KwrZgHShv7Mftqxl8sl3GioHT8gxbOONOoBVpvu+OoLeHFMgPgq8MjZI6smX7Vm7dZKVHF6dwgvGS/5ag==
Rd2X8ra4NvRKYFDLVnMB9Fcp9+NfXr1R16Xa7ars10IyDy6k/OOmeWJuXlTuUjEvO428sHhVf9j1264s+glWo57QClMouYz4SMJQUEmuKp6vHQY1BgIUiUofKDcJJ/lS
jMuDT7q9fvQbeUU945dSClcu9+NfXr1R16Xa7ars10IyDy6k/OOmeWJuXlTuUjEvO428sHhVf9j1264s+glWo57QClMouYz4SMJQUEmoKZ6vHQY1BgIUiUofKDcJJ/lS
cmlhBsg9uY4DvTfA11KnaXMe0b5aCk5ohobxQ6MJzGywIV/Ujf9+UFKd1g9GlDpPII1stPAmwOyh9Wlytxn2aU72tAWyu3jLITP5fg==
Q3bn5j1vVyWhvLIBcClaTeacvQgMboyTj38yncyghHrmR5Cuz4BfWkB345v6emtA5PYwGGlmjPr8tBNW01RnI3f/3Rn0mrqEt3xShF4c0BMq+WE=
u4TGY4q3Dzto3LZtx5kq8OYoJypVIXMbPNIDQc60xFJVZ+cNXPaKoheWWgRVmrVMUS9hmgtUQkLcCDHM9OiYROY/PPl3
0yDjjdGwV4vSzAiaO4TqzDAzM29Y8cbjcn85zdSWMDYRY5JuzDZ7CUGRnMrpVUpR9volFi1v8OdOQCyDfN4UEJgu/UqKCCKffpviWERPdm0AKR0t+WQ=
u3jVg8R1RfiDNfJieZbtEjA0M29Y8cbjcn85zdSWMDYRY5JuzDZ7CUGRnMrpVUpR9volFi1v8OdOQCyDfN4UEJgu/UOJCCKffpviWERPdm0AKR0t+WQ=
pvwWr2LpUWZx5NEdVZJWS5GnnN2UtRSfxkgBjZY2hteZwR5/QLkkl1yK3HQIqlWUyNwKm27/Kgzk2/6JUO01Oflw
6nPBpSK4fPnG8TH6rhZHakv99WDQZdQUxGG8O2bsqRkGog5TGUWW69AtjDP8LnSgWH4dV4gYQk8+KwIoxP/WnUD5PT35dA==
7rWE4bYvFa7lROgcNScif1cp9+NfXr1R16Xa7ars10IyDy6k/OOmeWJuXlTuUjEvO428v3hRdtr1264s+glZo5rZCFMouYz4SMJQUEmvKJ6uHQY1BgIUiUofKDcJJ/lS
x4WY/19JPi7Auc5qOhArklcu9+NfXr1R16Xa7ars10IyDy6k/OOmeWJuXlTuUjEvO428v3hRdtr1264s+glZo5rZCFMouYz4SMJQUEmhKJ6uHQY1BgIUiUofKDcJJ/lS
S1ykAePLX0iXTtOhr30AykXqcONGZCDrpCFDyIaNc+C7Nl930i6+ZLHiSTydZ6/fzxyOcuAwFezQ8IRU6jc4+XM=
pOjTNhXQgRkfcAOJLEryra+X8gL4kCBtq5yiHj0EXcSwv2U8N1NjkyGMQlntY+UsmfCeBQEgFDmpoGECTZ+QigT0S6ZrNI+T/H5VaFw6wjRvPGpUBjw4AyL5aQ==
NG+9Imu/6ojIT/EFKFFIR6+Q8gL4kCBtq5yiHj0EXcSwv2U8N1NjkyGMQlntY+UsmfCeBQEgFDmpoGECTZ+QigT0S6ZrNI+T/n5VaFw6wjRvPGpUBjw4AyL5aQ==
CV8dS4rj+YbStvq+TsEiyjJ6jpJjq6Cd0688LG4IaWc021F8v7rZ0Nh3/4ZHMKC76AQyRG3hgMzjkfi8vY36kZbFQKLMBDG0tE7PzqDpATJ8VPRpDjx3U5ZmWmN8/lSwGI69JY7o6T/+OyJ4RC+2jYBJXQ35RA==
1bWTOEbxcw31jMEGRKMUVNG70I+EsA6KxURPr7Y22NeMyQs5SvgaglyK3HQIqlWeztwBm27/Kgzk2/6JUO01Oflw
qxHiKH8i12kSi7Adt9QJXzJ6jpJjq6Cd0688LG4IaWc021F8v7rZ0Nh3/4ZHMKC76AQyRG3hgMzjkfi8vY36kZbFQKLMBDG0tE7PzqDpATJ8VPRpDjx3U5ZmWmN8/lSwGI69JIro6D/+OyJ4RC+2jYBJXQ35RA==
oSV7HlMyIUw6eRcXd3wts9G70I+EsA6KxURPr7Y22NeMyQs5SvgaglyK3HQIqlWeytwAm27/Kgzk2/6JUO01Oflw
DiTvWHg76ubEhTXe3050d8aRZiUwbSY8zS4wRyKDiQW4p19cfEq1BnEKzosVO3a0t8TYWiAybx8DJBoGTr7jWfYwbLvDayzL/NTKwvCqqKRxppo5OirZP3eprAyAniDU0UXpyswhFtE+TnQ9woOYc1EL+UY=
PKx6WgCzPkEf25FEkSPXahFTX7bdgKOGIK9KZleW2gtyENF3cTqp9w21fJ0Y1Aduz6QLC0C5KXpYKiZ8I9zm3KJM/Ds++XU=
SfisC0h3yD6zbVEZ8tIJNWIbwLkVREpYvMDwWOABk2W0Il6ZxctEBg2cmgJBnDkDH51stPAmwOyh/mlyvBn2aU72tAWyu3jLITP5fg==
3u5fdmuY+SBGfjhSqYWMWykfg7V99BhiED4MWyvL4NAOT3mBjHjJ3trEDWZhzSvPnMIsDOgyxRxJVJADDgdaxKQTzrFw9SUx+Xg=
a0OZ817DRoCNq059A4LTkWIUwL0cRkpYvMDwWOABk2W0Il6ZxctEBg2cmgJBnDkDH51stPAmwOyh/mlyvBn2aU72tAWyu3jLITP5fg==
zFf+KsyCzjlvTfo8AIxo1Skdibd/8AdiED4MWyvL4NAOT3mBjHjJ3trEDWZhzSvPnMIsDOgyxRxJVJADDgdaxKQTzrFw9SUx+Xg=
lq0mgJPaAf+H1zqBhY4+aSgdibd/8AdiED4MWyvL4NAOT3mBjHjJ3trEDWZhzSvPnMIsDOgyxRxJVJADDgdaxKQTzrFw9SUx+Xg=
yu/Aa8ZLDFR/tCfMoIniSw+ewy7QctQXm2e4PG6j4S089FFSWkiV6tFhsyP8LnSgWH4dUIkYSE8+KwIoxP/WnUD5PT35dA==
pslytYNE2UorijLR93CaKw6ewy7QctQXm2e4PG6j4S089FFSWkiV6tFhsyP8LnSgWH4dUIkYSE8+KwIoxP/WnUD5PT35dA==
GC2dCwLnGiLf+yujPteNQzhIluRFFlgw0MDwWOABk2W0Il6ZxctEBg2cmgJBnDkDH51stPAmwOyh/mlyvBn2aU72tAWyu3jLITP5fg==
+uvU33QmrITF4qABLwavyUgNpP4GdjGI4Jo8plD6RO/7vwh0rusRdRzMQVpaQIXS8TlDazxmxHg4ho3YCZDYN95zsuCEN6ZFYMEtNfl8
CtAWo+wMEmLBvQ0fwVLcwlOMwOoqTk/r9zyvalUAK3a4D+I2r9YCO1rwqWd5OqHn9dVUrUAUf75nBJN7yzmhysDKTqybnD6sSmzEKzb5fQ==
unt2JE61fQNq1POTSB+Viz84LD4Zoo/8KCV0hsbOYWBAMsw+0GI0R1vX2MzuE0Fd/KRxQlpYtboREROTfN4UEJgu/UCJCCiffpviWERPdm0AKR0t+WQ=
e2gcmaS5LSGRvxmvjc85TFOMwOo1Tk/59zyvalUAK3a4D+I2r9YCO1rwqWd5OqHn9dVUrUAUf75nBJN7yzmhysDKTqybnD6sSmzEKzb5fQ==
j4dev+pYgZ76Sq1BGhf90Csfg7V99BhiED4MWyvL4NAOT3mBjHjJ3trEDWZhzSvPnMIsDOgyxRxJVJADDgdaxKQTzrFw9SUx+Xg=
I4B6fSuoyaGbd8SnD6F5zR4j8dh6Wq7NEcBvPnR/Po4LNmaj5mAl7/26JW95Reg1pHTbBjv037MPeWWCDPoSVP+8GrS2fMgjMvl5
bYZfPRtHMKJtDHqY5AIuZQ2ewy7QctQXm2e4PG6j4S089FFSWkiV6tFhsyP8LnSgWH4dUIkYSE8+KwIoxP/WnUD5PT35dA==
J7RFLsD9zQPxYGgT0R9cGF2pITy0nJhSYD2CpbFCXUj10RGS7YBT5hBvOobnFkprotCBl2E6uZfd9Sx9iFS3Dj/kO+szuRlaqGqW3FNcdnxyDCwbLvll
GG3uAsNTuww0GH6F69rGYUdX9a5ROXrFvshQplD6RO/7vwh0rusRdRzMQVpaQIXS8TlDazxmxHg4ho3YCZDYN95zsuCEN6ZFYMEtNfl8
BmUPxxgsRF0E24l4oC+dISgfg7V99BhiED4MWyvL4NAOT3mBjHjJ3trEDWZhzSvPnMIsDOgyxRxJVJADDgdaxKQTzrFw9SUx+Xg=
DQecfGnG+xUJP9umD100xikFhbdm5hhiED4MWyvL4NAOT3mBjHjJ3trEDWZhzSvPnMIsDOgyxRxJVJADDgdaxKQTzrFw9SUx+Xg=
IZmpFq9RleAwI3ly5sXG5Ssdibd/8AdiED4MWyvL4NAOT3mBjHjJ3trEDWZhzSvPnMIsDOgyxRxJVJADDgdaxKQTzrFw9SUx+Xg=
oCuI0rzp207L9f6P57GNNCodibd/8AdiED4MWyvL4NAOT3mBjHjJ3trEDWZhzSvPnMIsDOgyxRxJVJADDgdaxKQTzrFw9SUx+Xg=
eXFoTLgJeHnef5yDsT/XrFqx+kifPJNZyHanPHTwpCs591BZNwyE/dZyuDP8LnSgWH4dUIkYSE8+KwIoxP/WnUD5PT35dA==
jTqfrSj2LkS1q1pSLcU/jVqx+kifPJNZyHKlMnTwpCs591BZNwyE/dZyuDP8LnSgWH4dUIkYSE8+KwIoxP/WnUD5PT35dA==
JWe2IvFpH45xTm43NXJuuE87Lhj+hsTfxepiChnZkP3lL2X1jSMX5KL/qsqO2dWt/Ec6e1gUOGAt90P0E0/a+pHXCPaD75G+Y31athh2QKbSULvsLxSf/geEczurOYGKYEru7LucHuzq7GRrFvld
usqH6o6hZDQTJN1yMwlCn0p6IHCJwniDnwjZr54OohiqVzGtj5y3namqwOW0A1N5Kz8GidzHOalizj1+hbdeVTg9NSYf7dY+nPbELl7AR3SLdPtG23S/c+95RUKserKUn7z69Nb8aGMS+Vk=
TQx73IREOp8iNF6W6AeQB+REncJnCCsZnXRscmgIYoc5dArykmBOFFdyWBYSJneU5fW9j5Dlal/fBcSum9Jide47dZ/j6qm1kHJaNgJiGJhxuF1ErSrtrFlfyRljbkpihPiJjOz44ORubxT5Xw==
I4WxSIMYrVu6rMgFQp2preREncJnCCoZnXRscmgIYoc5dArykmBOFFdyWBYSJnSU5fW9j5Dlal/fBcSum9Jide47dZ/j6qm1kHJaNgJiGJhxuF1ErSrtrFlfyRljbkpihPiJjOz44ORubxT5Xw==
NpWLMLjV4kYPokgax6LsjEp6IHCJwnvYyhLOpIQfjxicQgTs+c7j24ycs6qvV0M/YWEAidrBGbVl6g8t1YMbEnoPNSYf7dY+nPbELl7AR3SLdPtG23S/c+95RUKserKUn7z69Nb8aGMS+Vk=
76baaAlbDvWbLo8zl/a7C087Lhj+hsTfxepiChnZkP3lL2X1jSNDt5zK7MrXrreio0d/IwVBJHEG8VX9ISrL5ZnzR6qe75G+Y31athh2QKbSULvsLxSf/geEczurOYGKYEru7LucHuzq7GRrFvld
Y7lHljquQc5cn8utTYW+GOZ9eH0/wgbGkoSXmOBrAhDJ4ZDqOddN0wRMhpmvbGQaBobY+POu1NLpgRNlXfwTzrpGbxJ3xiwZdyQsEOHjKOeW/fypBAo62NxavETIOvVkyaygCy7PylxkC975kH1VCflA
dxNfILfhvg1zPh+vT60KpOVEncJnCC0ZnXRscmgIYoc5dArykmAaSGlDFxRLURWbuvX40cL0cETKUYjw4s1tIrJwI9eP6qm1kHJaNgJiGJhxuF1ErSrtrFlfyRljbkpihPiJjOz44ORubxT5Xw==
HE8JH/zpHjuunepXDnjqaEp6IHCJwniDnwjZr54OohiqVzGtj5zjwZebj+ftdDAtISVU3JTHDrJBj0Rhi/oEHHVnWSYf7dY+nPbELl7AR3SLdPtG23S/c+95RUKserKUn7z69Nb8aGMS+Vk=
JxMdGWXKMSpB26oMCjEWWud9eH0/wgLGkoSXmOBrAhDJ4ZDqOdcXgFIRycu9BAgFVs3YpKi+l5i3hxNjW9wPyZ50PENZhWlAVyQsEOHjKOeW/fypBAo62NxavETIOvVkyaygCy7PylxkC975kH1VCflA
5PuIFoonwadiRGafYSHkPKtGnZPKl7png348dnMr20hSiLcwEqsdg5hcKsPeY6Gi2cbY1azjekljf05ZNCeBORpOhe58F/YFcH391vfNzk6E9tzeRuAvBMO0M5Zz1MfjV/m90hQa2sRXfDLE/pxwUwr5QQ==
hQ5lZ7fOwPjolFu4cCDcsr2z5pxai8BtFnQv2kR/hEMCGeQ8mKIugntWDqbK7OobE2UvNBsWJ/WH1cMmk3c+Fljl6WOF9/FpWEZZOdQ5Vr+470zA9hYMaOgykAApmimOhG1G5eaylBnq7+hnaRf5Qg==
mZS083c1EckcOXRHjX5+i72z5pxai8FtFnQv2kR/hEMCGeQ8mKIugntWDqbK7OobE2UvNBsWJ/WH1cMmk3c+Fljk6WOF9/FpWEZZOdQ5Vr+470zA9hYMaOgykAApmimOhG1G5eaylBnq7+hnaRf5Qg==
xaFxMRxPLUafrt2qGrq0JeLzo8be2K7XTirJhc3cz0Xz0hh8TCQdpobZ30hpUiwIKOOJi86sid1KqOtJdPJIpjkScwnA8sm1XL3WIwB7vGxecmzUMMZATGHeaVJ8uXaJjpa05fLb+GthE/le
UUy9zNoMtGTiISfHzRBwnOLzo8be2K/XTirJhc3cz0Xz0hh8TCQdpobZ30hpUiwIKOOJi86sid1KqOtJdPJIpjkTcwnA8sm1XL3WIwB7vGxecmzUMMZATGHeaVJ8uXaJjpa05fLb+GthE/le
xP+OmXW8gVt1q3F3R1PxSud9eH0/wgDGkoSXmOBrAhDJ4ZDqOdcXj1IVwMm9BAgFVs3Yo6i+l5i3hxNjW9wPyZ50PENZhWlAVyQsEOHjKOeW/fypBAo62NxavETIOvVkyaygCy7PylxkC975kH1VCflA
KeR6ZvKqZoTABMAZr4u276tGnZPKl7tng348dnMr20hSiLcwEqsdg5hcKsPeY6Gi2cbY1azjekljf05ZNCeBORpOhe59F/YFcH391vfNzk6E9tzeRuAvBMO0M5Zz1MfjV/m90hQa2sRXfDLE/pxwUwr5QQ==
GyPYvJtLhyx9B6qxZm5ZK6cahWA/2hgMJkdGmWQPbmCSwVDL8wM/JjfEcdu8fNE7MnOdtY2N3ILL4Ij1jlBxFlVwuDqS0Dgmr+oAFFlHNW5bXTLGAHZYVjpwg7xnVNdO32SbqxO5+RrI6jYcc1xWvJKMTFsO+UU=
ih2mDiQ4XWiFAgYy3Vqbo2UV8+kwq9jcP/viXCDRgUKbu4PS91yv5aTTxJkWlZpjSSoujCzolVwZvL76Nhx8DU8qcWo3KRs+AXcGBKE25LBOdemyVrj/97PizcXUKva2rrrcaJWwYWTxYok83edl2Y+WTnKgsNXskHBEVKq3+Pmz
lnpotK82LVWoQ3CiG46pnqtGnZPKl7s812QrfWk69khknYJxZvlHytUGWdyOKL6vycmM37axLlVyVEhPPRXkclYQ/PFzWr5MPSeR1vfNzk6E9tzeRuAvBMO0M5Zz1MfjV/m90hQa2sRXfDLE/pxwUwr5QQ==
HeT9+tUqmcnSZOtMNQrM0YLKJzMlI3ckh3UgQybYvxS9p2pTP1OiHWgX2ZUaM2z97IiJSxFzbRUfOywXefDBF6BnIKuPJnaVlsTPvvCqqa1spdY7MGPcNG6qrAyAniDU0UbpyswhFtE+TnQ9woOYc1EL+UY=
0DMH8z0BWPbT1MU2hAP+Nk47Lhj+hsWEkPB1AQPIvf3TOlC0+UB29JrYqpHVyZDnokE6fV40JGcJxRCqalCAqceKSqSRh/2+Y31athh2QKbSULvsLxSf/geEczurOYGKYEru7LucHuzq7GRrFvld
T+/d6cZ4NHgaF8DCuNkqdl9Cv01iAHrehzyg3SQ9nqN8ygwQ6R/xzpAuLxlW0eC+2KKvhFdbKz8rgDcVXqiEHynZ0Zy3uJSMkX+QexZhRDV0loJEPIYEGLhmTbgJcJhXXpPygIQX5uXgYW0V+Vw=
wfUWV+LrBlY7ye8WVptKml9Cv01iAHrehzyg3SQ9nqN8ygwQ6B/xzpAuLxlW0eC92KKvhFdbKz8rgDcVXqiEHynZ0Zy3uJSMkX+QexZhRDV0loJEPIYEGLhmTbgJcJhXXpPygIQX5uXgYW0V+Vw=
wlO6e8Rn6v1IOC+KwVdlZ5dW/wLJQ/Agt/t9Y47JX////zl11i4dZHk0Y7ZjFLdDh/ntMqRayiQH/MLkjlzgMzr5cQ==
2stAC88xC3dnuOmff34SojJ6jpJjq6CdoK88LG57aWc021EPv7rZ0Nh3/4Y0MKC76AQyRG2SgMzjkfi8vf76kZbFQNHMBDG0tD3PzqDpATJ8VPRpDjx3U5ZmWmN8/lSwGI69J47o6D/+OyJ4RC+2jYBJXQ35RA==
lixvtSeMJ+Egu8AKmLuuutG70I+EsA6KxURPr7Y22NeMyQs5SvgaglyK3HQIqlWQztwAm27/Kgzk2/6JUO01Oflw
c/NXGUwue1tRbalgPvfJnDJ6jpJjq6CdoK88LG57aWc021EPv7rZ0Nh3/4Y0MKC76AQyRG2SgMzjkfi8vf76kZbFQNHMBDG0tD3PzqDpATJ8VPRpDjx3U5ZmWmN8/lSwGI69Iovo4Tr+OiJ4RC+2jYBJXQ35RA==
FOEzrn6WckmpNrWJNgB+YNG70I+EsA6KxURPr7Y22NeMyQs5SvgaglyK3HQIqlWXy9wJnm7+Kgzk2/6JUO01Oflw
d13cKWzAmR5072t7A0ovEsaRZiUwbSY8zS4wRyKDiQW4p19cfEq1BnEKzosVO3a0t8TYWiAybx8DJBoGTr7jWfYwbLvDayzL/NTKwvCqqKRxppo5OirZP3eprAyAniDU0UDrysUkFtA+TnQ9woOYc1EL+UY=
t+MRxFcjZsNI21D4DLdtQRFTX7bdgKOGIK9KZleW2gtyENF3cTqp9w21fJ0Y1Aduz6QLC0W7KXNdKid8I9zm3KJM/Ds++XU=
rbelF2dZoGklqH8wqFYp/mIbwLkVREpYvMDwWOABk2W0Il6ZxctEBg2cmgJBnDkDH51stPAmwOyh+GtytRz2aE72tAWyu3jLITP5fg==
b2q+Z5yXV9oEuIAyU/wfWikfg7V99BhiED4MWyvL4NAOT3mBjHjJ3trEDWZhzSvPnMIsDOgyxRpLVJkGDgZaxKQTzrFw9SUx+Xg=
Y5MAW2XhzWPWFUbX0noA4WIUwL0cRkpYvMDwWOABk2W0Il6ZxctEBg2cmgJBnDkDH51stPAmwOyh+GtytRz2aE72tAWyu3jLITP5fg==
IQdu1jN/wRKrKiUi1aNroykdibd/8AdiED4MWyvL4NAOT3mBjHjJ3trEDWZhzSvPnMIsDOgyxRpLVJkGDgZaxKQTzrFw9SUx+Xg=
OufLuM7lxbI5Hh4cBp3tuCgdibd/8AdiED4MWyvL4NAOT3mBjHjJ3trEDWZhzSvPnMIsDOgyxRpLVJkGDgZaxKQTzrFw9SUx+Xg=
94ESddgFAK9s3kh/zHOXBg+ewy7QctQXm2e4PG6j4S089FFSWkiV6tFhsyP8LnSgWH4dV4sYQUo+KgIoxP/WnUD5PT35dA==
+EHUACmPxfMouustUvTC/w6ewy7QctQXm2e4PG6j4S089FFSWkiV6tFhsyP8LnSgWH4dV4sYQUo+KgIoxP/WnUD5PT35dA==
LOPwKzszfLEaNjEdHMsweThIluRFFlgw0MDwWOABk2W0Il6ZxctEBg2cmgJBnDkDH51stPAmwOyh+WtytRz2aE72tAWyu3jLITP5fg==
lncnvJ34JScLF9UlQvU/70gNpP4GdjGI4Jo8plD6RO/7vwh0rusRdRzMQVpaQIXS8TlDazxmxHg4ho3fC5DRMt5ysuCEN6ZFYMEtNfl8
oKXlgCZxzggLa3Oq2rXpkFOMwOoqTk/r9zyvalUAK3a4D+I2r9YCO1rwqWd5OqHn9dVUrUAUf75nBJN7zDuhw8XKT6ybnD6sSmzEKzb5fQ==
CwHjxisXOJHsIE2ZXhBQwD84LD4Zoo/8KCV0hsbOYWBAMsw+0GI0R1vX2MzuE0Fd/KRxQlpYtboREROTfN4UEJgu/UeLCCGafpriWERPdm0AKR0t+WQ=
ZNoCqjsmhM67tyWcxxzt7FOMwOo1Tk/59zyvalUAK3a4D+I2r9YCO1rwqWd5OqHn9dVUrUAUf75nBJN7zDuhw8XKT6ybnD6sSmzEKzb5fQ==
JSBlU7GHwucedeL0rPGPuysfg7V99BhiED4MWyvL4NAOT3mBjHjJ3trEDWZhzSvPnMIsDOgyxRtLVJkGDgZaxKQTzrFw9SUx+Xg=
rh6G4OlqZP2pr2c3GteCgR4j8dh6Wq7NEcBvPnR/Po4LNmaj5mAl7/26JW95Reg1pHTbBjv037MIe2WLCfoTVP+8GrS2fMgjMvl5
Fu/8B9sNL6Tqa77mqOjA+Q2ewy7QctQXm2e4PG6j4S089FFSWkiV6tFhsyP8LnSgWH4dV4sYQUo+KgIoxP/WnUD5PT35dA==
pLTej/Y1hmh6dCxU8oI5QV2pITy0nJhSYD2CpbFCXUj10RGS7YBT5hBvOobnFkprotCBl2E6uZfd9Sx9iFS3Dj/kO+s0uxlTrWqX3FNcdnxyDCwbLvll
dsuXrsoQZs40dBoxCaiWC0dX9a5ROXrFvshQplD6RO/7vwh0rusRdRzMQVpaQIXS8TlDazxmxHg4ho3fC5DRMt5ysuCEN6ZFYMEtNfl8
tUHY+FdY9WdwgmIY/92GXSgfg7V99BhiED4MWyvL4NAOT3mBjHjJ3trEDWZhzSvPnMIsDOgyxRtLVJkGDgZaxKQTzrFw9SUx+Xg=
mVrpN9+lqFnqvqdlPe0iOikFhbdm5hhiED4MWyvL4NAOT3mBjHjJ3trEDWZhzSvPnMIsDOgyxRtLVJkGDgZaxKQTzrFw9SUx+Xg=
uBbRzlqaAjjWVkiv1T1reCsdibd/8AdiED4MWyvL4NAOT3mBjHjJ3trEDWZhzSvPnMIsDOgyxRtLVJkGDgZaxKQTzrFw9SUx+Xg=
DWvE+P8gDsSM4NfC+Jde/Codibd/8AdiED4MWyvL4NAOT3mBjHjJ3trEDWZhzSvPnMIsDOgyxRtLVJkGDgZaxKQTzrFw9SUx+Xg=
Us7Dk5BhoD6AmcfVTrPVylqx+kifPJNZyHanPHTwpCs591BZNwyE/dZyuDP8LnSgWH4dV4sYQUo+KgIoxP/WnUD5PT35dA==
R9tO1xnDinRDSVkjc5XTOlqx+kifPJNZyHKlMnTwpCs591BZNwyE/dZyuDP8LnSgWH4dV4sYQUo+KgIoxP/WnUD5PT35dA==
XKWBm5pXeMQjYe0LimvXUU87Lhj+hsTfxepiChnZkP3lL2X1jSMX5KL/qsqO2dWt/Ec6e1gUOGAt90P0E0/a+pHXCPaD75G+Y31athh2QKbSULvsLxSf/geEczusO4GDZUrv7LucHuzq7GRrFvld
nwbKdcTs8pkvMq/4+eoIg0p6IHCJwniDnwjZr54OohiqVzGtj5y3namqwOW0A1N5Kz8GidzHOalizj1+hbdeVTg9NSYf7dY+nPbELl7AR3SLdPtG23S/c+h7RUuperOUn7z69Nb8aGMS+Vk=
8uaMZXOPzuVcs1hyjYSnCOREncJnCCsZnXRscmgIYoc5dArykmBOFFdyWBYSJneU5fW9j5Dlal/fBcSum9Jide47dZ/j6qm1kHJaNgJiGJhxuF1ErSrtrFlfzhtjZ09ihfiJjOz44ORubxT5Xw==
QvqIfL09F6tFD3rvcoxzA+REncJnCCoZnXRscmgIYoc5dArykmBOFFdyWBYSJnSU5fW9j5Dlal/fBcSum9Jide47dZ/j6qm1kHJaNgJiGJhxuF1ErSrtrFlfzhtjZ09ihfiJjOz44ORubxT5Xw==
YHcUCqEMmCNbXvQ/MpzQwUp6IHCJwnvYyhLOpIQfjxicQgTs+c7j24ycs6qvV0M/YWEAidrBGbVl6g8t1YMbEnoPNSYf7dY+nPbELl7AR3SLdPtG23S/c+h7RUuperOUn7z69Nb8aGMS+Vk=
ZV3LjL6UR+EFHyGzpM4Whk87Lhj+hsTfxepiChnZkP3lL2X1jSNDt5zK7MrXrreio0d/IwVBJHEG8VX9ISrL5ZnzR6qe75G+Y31athh2QKbSULvsLxSf/geEczusO4GDZUrv7LucHuzq7GRrFvld
4b33kv64tluzn+h2pC7VgOZ9eH0/wgbGkoSXmOBrAhDJ4ZDqOddN0wRMhpmvbGQaBobY+POu1NLpgRNlXfwTzrpGbxJ3xiwZdyQsEOHjKOeW/fypBAo62NxavETIOvVjy6ypDi7OylxkC975kH1VCflA
klFsWpdy4yOwTKWPM48u7eVEncJnCC0ZnXRscmgIYoc5dArykmAaSGlDFxRLURWbuvX40cL0cETKUYjw4s1tIrJwI9eP6qm1kHJaNgJiGJhxuF1ErSrtrFlfzhtjZ09ihfiJjOz44ORubxT5Xw==
CaCgmb/kmWneZYMyhkBmv0p6IHCJwniDnwjZr54OohiqVzGtj5zjwZebj+ftdDAtISVU3JTHDrJBj0Rhi/oEHHVnWSYf7dY+nPbELl7AR3SLdPtG23S/c+h7RUuperOUn7z69Nb8aGMS+Vk=
7CUtbDp1KIbLw30PPcCT3ed9eH0/wgLGkoSXmOBrAhDJ4ZDqOdcXgFIRycu9BAgFVs3YpKi+l5i3hxNjW9wPyZ50PENZhWlAVyQsEOHjKOeW/fypBAo62NxavETIOvVjy6ypDi7OylxkC975kH1VCflA
4SHYDiqZNdd/UZs1s6mofqtGnZPKl7png348dnMr20hSiLcwEqsdg5hcKsPeY6Gi2cbY1azjekljf05ZNCeBORpOhe58F/YFcH391vfNzk6E9tzeRuAvBMO0M5Zz1MfjUPu92xEa28RXfDLE/pxwUwr5QQ==
exOmvykACF5Fgr6Eq0DInL2z5pxai8BtFnQv2kR/hEMCGeQ8mKIugntWDqbK7OobE2UvNBsWJ/WH1cMmk3c+Fljl6WOF9/FpWEZZOdQ5Vr+470zA9hYMaOgykAApnSuOjWhG5OaylBnq7+hnaRf5Qg==
3uXpIgI3SccSrEoLs6uMR72z5pxai8FtFnQv2kR/hEMCGeQ8mKIugntWDqbK7OobE2UvNBsWJ/WH1cMmk3c+Fljk6WOF9/FpWEZZOdQ5Vr+470zA9hYMaOgykAApnSuOjWhG5OaylBnq7+hnaRf5Qg==
nGKCBvIBf8sDspK+HUD3r+Lzo8be2K7XTirJhc3cz0Xz0hh8TCQdpobZ30hpUiwIKOOJi86sid1KqOtJdPJIpjkScwnA8sm1XL3WIwB7vGxecmzUMMZATGHZa1J1vHaIjpa05fLb+GthE/le
FqxlmFCmCcOIk0UYpHUZIOLzo8be2K/XTirJhc3cz0Xz0hh8TCQdpobZ30hpUiwIKOOJi86sid1KqOtJdPJIpjkTcwnA8sm1XL3WIwB7vGxecmzUMMZATGHZa1J1vHaIjpa05fLb+GthE/le
6h/Ah3yD+EAPCzWC4TS0UOd9eH0/wgDGkoSXmOBrAhDJ4ZDqOdcXj1IVwMm9BAgFVs3Yo6i+l5i3hxNjW9wPyZ50PENZhWlAVyQsEOHjKOeW/fypBAo62NxavETIOvVjy6ypDi7OylxkC975kH1VCflA
/0u61gXJSz4UsxmAtGoQVatGnZPKl7tng348dnMr20hSiLcwEqsdg5hcKsPeY6Gi2cbY1azjekljf05ZNCeBORpOhe59F/YFcH391vfNzk6E9tzeRuAvBMO0M5Zz1MfjUPu92xEa28RXfDLE/pxwUwr5QQ==
IWpXo5nVDumxbuKcExfbracahWA/2hgMJkdGmWQPbmCSwVDL8wM/JjfEcdu8fNE7MnOdtY2N3ILL4Ij1jlBxFlVwuDqS0Dgmr+oAFFlHNW5bXTLGAHZYVjpwg7xnVNdO32SbqxS7+RPN6jccc1xWvJKMTFsO+UU=
s5Vl6MQn/cSxWPhM7ujsC2UV8+kwq9jcP/viXCDRgUKbu4PS91yv5aTTxJkWlZpjSSoujCzolVwZvL76Nhx8DU8qcWo3KRs+AXcGBKE25LBOdemyVrj/97PizcXUKva2rrrcaJWwYWTxYok83edi24+fS3KhsNXskHBEVKq3+Pmz
SaDxdWDMji4jIMLtlpTmpatGnZPKl7s812QrfWk69khknYJxZvlHytUGWdyOKL6vycmM37axLlVyVEhPPRXkclYQ/PFzWr5MPSeR1vfNzk6E9tzeRuAvBMO0M5Zz1MfjUPu92xEa28RXfDLE/pxwUwr5QQ==
q0q69iyYo7yPjcfYVYW9q4LKJzMlI3ckh3UgQybYvxS9p2pTP1OiHWgX2ZUaM2z97IiJSxFzbRUfOywXefDBF6BnIKuPJnaVlsTPvvCqqa1spdY7MGPcNG6qrAyAniDU0UHrysUkFtA+TnQ9woOYc1EL+UY=
EbldnMOAYactYxQ6LdjC8U47Lhj+hsWEkPB1AQPIvf3TOlC0+UB29JrYqpHVyZDnokE6fV40JGcJxRCqalCAqceKSqSRh/2+Y31athh2QKbSULvsLxSf/geEczusO4GDZUrv7LucHuzq7GRrFvld
HU4OqpalT1S0I3E+5cYEZl9Cv01iAHrehzyg3SQ9nqN8ygwQ6R/xzpAuLxlW0eC+2KKvhFdbKz8rgDcVXqiEHynZ0Zy3uJSMkX+QexZhRDV0loJEPIYEGLhmTb8LcJFSXpLygIQX5uXgYW0V+Vw=
E1asYaPkOi7ZHEID+ZL3TF9Cv01iAHrehzyg3SQ9nqN8ygwQ6B/xzpAuLxlW0eC92KKvhFdbKz8rgDcVXqiEHynZ0Zy3uJSMkX+QexZhRDV0loJEPIYEGLhmTb8LcJFSXpLygIQX5uXgYW0V+Vw=
reJ+v0e6/tf2Of1SfhISv5dW/wLJQ/Agt/t9Y47JX////zl11i4dZHk0Y7ZjFLdDgPvtO6FayyQH/MLkjlzgMzr5cQ==
kMjtVQIAWhEH0zjAYVFYipPKjFYIifd4MjXPYAeO68dmhhLEHUod7Mm/8hqTx9+itdh5DLwY8KSez0T5Dw==
B6wWjABwptw2jKrclnpIWFdX/rNNZGnZtstt50/9RLiushY146MXYhzNdx5AFIjW6zFcezxmxHg4ho3TCZDRMt5ysuCEN6ZFYMEtNfl8
2vM5pqmTc1fx3WcXM0SG31dX/rNNZGnZtstt50/9RLiushY146MXYhzNdx5AFIjW6zFcezxmxHg4ho3eD5DRMt5ysuCEN6ZFYMEtNfl8
tdRqRadr40VH7irnE1tLsSQOrizDEEEZTEnRFBP8QZvis02KzcbM/UAzRxYB1MShsor/Be2KWYkIZfs5d5XJjoudYqYUf1+x6jDT3PfUJ65vJOvLIboJMv2qR7zD3MYcwswcex75VQ==
9s+4WCUKHiNGtlC3+BRivpGnnN2UtRSfxkgBjZY2hteZwR5/QLkkl1yK3HQIqlWSytwInm7+Kgzk2/6JUO01Oflw
eo/r21T8BYx2oK8heaygIuacvQgMboyTj38yncyghHrmR5Cuz4BQWkR+4Zv6emtA5PkwHGBkjPr8tBNW01RnI3T53RrxmruEt3xShF4c0BMq+WE=
LjJoh9Xch6q9oBgl8dmiMkXqcONGZCDrpCFDyIaNc+C7Nl930i6+ZLHiSTydZ6LYzx6LcuEwFezQ8IRU6jc4+XM=
hmDapZR+kLVlBunN7iSIQa+X8gL4kCBtq5yiHj0EXcSwv2U8N1NjkyGMQlntY+UsmfCeBQEgFDmpoGECTZ+QigT0S6ZrNI+T9HhValk6wzRvPGpUBjw4AyL5aQ==
T6lX09Uaj+lb59/n0OzeF6+Q8gL4kCBtq5yiHj0EXcSwv2U8N1NjkyGMQlntY+UsmfCeBQEgFDmpoGECTZ+QigT0S6ZrNI+T/39Valk6wzRvPGpUBjw4AyL5aQ==
0E+qav0rI+lARSgpqgqYDlQKcIDdzP7BafNBZFXQkg1lENBBNSD9+gmvdIII1Aduz6QLC0S/KXJdKid8I9zm3KJM/Ds++XU=
hplZGcebD68awnm8DKbUD1dX/rNNZGnZtstt50/9RLiushY146MXYhzNdx5AFIjW6zFcezxmxHg4ho3TD5DQMt5ysuCEN6ZFYMEtNfl8
WxGO1LNnFSfw2JaM6jLg3JGnnN2UuhSbz0oBjZY2hteWwRp2Qrkkl1yK3HQIqlWVyNwLnm7+Kgzk2/6JUO01Oflw
Rm0QfMI23t6tDrmTl+lb2eacvQgMboyTj38yncyghHrmR5Cuz4BfWkB345v6emtA5PYwGGlmjPr8tBNW01RnI3T/3RnxmruEt3xShF4c0BMq+WE=
kMeB7ODQV9jJ0SDthC63GEv99WDQZdQUxGG8O2bsqRkGog5TGUWW69AtjDP8LnSgWH4dVY4YQ0o+KgIoxP/WnUD5PT35dA==
POtkNJ7WEmYIWwA57WynekxzIXyJlz/F3RPVs5xL+ljPTSOgv5zjyIyNze2uSg1jLyEHzJeaG7R3wRQ9nKBYSiw+CSty2pNwnPnILBjEBEqUdPtG23S/c+V5RUiperOUn7z69Nb8aGMS+Vk=
idR8T+6yFuJoO2O9jlOaa+acvQgMboyTj38yncyghHrmR5Cuz4BQWkR+4Zv6emtA5PkwHGBkjPr8tBNW01RnI3z73R/xmruEt3xShF4c0BMq+WE=
Gpgi3CeSQW1B0Bi2t6OU1ZPKjEsIifd4MjXPYAeO68dmhhLEHUod7Mm/8h+Tw9+itdh5DLwY8KSez0T5Dw==
acp/WDnilYvJf1qRdDUZUA4bOJheG9rdPTD4cQ0gxcohj6zSwJTPHjfE45vQPrHn9YqfzGscrgz6rJTLRvkN
ZHpDqdUBzgs0fxhPU6cqPbTTcgTsuD8GnRyTCuuHXlHgWRJdT421lqU+Bk4XCJDh3g2gzpxPU/5HjHpeKMunmryVpzZAPFiOS8nsE/xOtEDY3t0ziPgE6r5KQsjE3xY9wBl9HflU
X9y2kECAxyjqir14VrUBw1dX/rNNZGnZtstt50/9RLiushY146MXYhzNdx5AFIjW6zFcezxmxHg4ho3ZD5DUMt5ysuCEN6ZFYMEtNfl8
E6WED1s5yOzv4uk3mhS11UXqcONGZCDrpCFDyIaNc+C7Nl930i6+ZLHiSTydZ6LbzxmLcuEwFezQ8IRU6jc4+XM=
w/8+QrjM+od42uB3Dgi2Iylexq1u/T1iXGNLEnfA4tJIB3+WjHn/msCQAGJ7xTTfnMIsDOgyxRZLVJ8GDgZaxKQTzrFw9SUx+Xg=
ePFQMU9K+oXgVLDC0gTFMkXqcONGZCDrpCFDyIaNc+C7Nl930i6+ZLHiSTydZ6HazxmLcuEwFezQ8IRU6jc4+XM=
X+PLTur4FR0O9jTU4IgudClZxq1u/T1iXGNLEnfA4tJIB3+WjHn/msCQAGJ7xTTfnMIsDOgyxRdKVJ8GDgZaxKQTzrFw9SUx+Xg=
lKeoLa4uppe/jJ1T4MV8qXMe0b5aCk5hjozpAadIz262IBjRw9xEBzvYgFZMmCMLAI1stPAmwOyh/mlysxz2aE72tAWyu3jLITP5fg==
y2yM+JGtaGpOY9AnUZxfy7TTcgTsuD8GnRyTCuuHXlHgWRJdT421lqU+Bk4XCJDh3g2gzpxPU/5HjHpeKMunmryVpzZAPFiOS8nsE/xOtEDY3t0wiPgH6r5KQsjE3xY9wBl9HflU
IAgF3FhdMFFoW2Wy0eGNWldX/rNNZGnZtstt50/9RLiushY146MXYhzNdx5AFIjW6zFcezxmxHg4ho3SCJDXMt5ysuCEN6ZFYMEtNfl8
fbRuG7/S+dsAzwNR/NCMhe99eH0/wgfJ1oKdprIxVVuzqty0QMhN0xsc0oagIChAVdyK/tCu05i6nABua7kf1LoSbwBUinhbSSAsEOHjKOOf6vupBAo62NxavETIOvViyqyuDi7OylxkC975kH1VCflA
WVZLhOdniJ6UATstmG/E5zJ6jpJjq6CdoK88LG57aWc021EPv7rZ0Nh3/4Y0MKC76AQyRG2SgMzjkfi8vf76kZbFQNHMBDG0tD3PzqDpATJ8VPRpDjx3U5ZmWmN8/lSwGI69Iono6Dr+OiJ4RC+2jYBJXQ35RA==
nX41IZ0KCOMojtzSnQHZANG70I+EsA6KxURPr7Y22NeMyQs5SvgaglyK3HQIqlWXydwAnm7+Kgzk2/6JUO01Oflw
4ui0/d0esCjKwdoAnP7O49wQhTciQTjkAUIZ/O2HsNnfNrsyMVDlbEBQNJS610j5Aw==
7zTKE2j9op0oHY6pTLQshjT2+FW7pmre2fVRTaACL1wk9Ctmy7Qv0xp5daI5uqP0TzyKFOa8mMNC+Qk=
1sAZEm9KqV/6B+btOaGfX4YgOMJxdxrhIlhu8h+NTGC4inBoGUepRpQQ5kyWqlSROteIj9lP+Qo=
