Fv0yzvNwlyB9n6PMyDYEDHLt00Ti+WJLfNiqnyd8KDTi695p8zoCfd26qohaVElYhL3sclDta739xwDRYr1WJJnSUdzVtxZbN09GUv/AfSx4YHw0JgQg+Ws=
5cSqK3H6rYBkQ+3fLibdLd/4242Yog+Y1FQMv6lj2N23iAxpRuYQl1yK3HQIqlWSytwJm274Kgzk2/6JUOk2Oflw
Hkp4yjmsga1j5x2kNrwc7caRZiUxbSY8zS8wRyKDiQW4p19cfEq1BnEKzosVO3a0t8TYWiAybx8DJBoGTr7jWfYwbLvDayzL/NTKwvCqqKRxppo5OirZP3eprAyAniDU0UfpysUhFtY+TnQ9woOYd1IL+UY=
AoHJoLW3Bgvrs9mu4l5wNhFTX7bdgKOGIK9KZleW2gtyENF3cTqp9w21fJ0Y1Aduz6QLC0K5KXNYKiF8I9zm3KJM+Dg++XU=
7fC6YGyIWCufXOxaIG3dbmIbwLkVREpYvMDwWOABk2W0Il6ZxctEBg2cmgJBnDkDH51stPAmwOyh/2lytRn2bk72tAWyu3jPIjP5fg==
9qS5cBNxilfO1XEFxyMibykfg7V99BhiED4MWyvL4NAOT3mBjHjJ3trEDWZhzSvPnMIsDOgyxR1JVJkDDgBaxKQTzrFw8SYx+Xg=
7rALvmauarRO9xudUUxnD2IUwL0cRkpYvMDwWOABk2W0Il6ZxctEBg2cmgJBnDkDH51stPAmwOyh/2lytRn2bk72tAWyu3jPIjP5fg==
baGXYv5bkks2vkfsr+wWnykdibd/8AdiED4MWyvL4NAOT3mBjHjJ3trEDWZhzSvPnMIsDOgyxR1JVJkDDgBaxKQTzrFw8SYx+Xg=
g/v2eVfTrhkalH55y65+QCgdibd/8AdiED4MWyvL4NAOT3mBjHjJ3trEDWZhzSvPnMIsDOgyxR1JVJkDDgBaxKQTzrFw8SYx+Xg=
RvKxXD5RaG5cyi/f+TuaNg+ewy7QctQXm2e4PG6j4S089FFSWkiV6tFhsyP8LnSgWH4dUYkYQU8+LAIoxP/WnUD9Pj35dA==
l+i+sdft2g2YTBDrJmHvXg6ewy7QctQXm2e4PG6j4S089FFSWkiV6tFhsyP8LnSgWH4dUYkYQU8+LAIoxP/WnUD9Pj35dA==
WJrMnGs4ldWaNNT6mZehQjhIluRFFlgw0MDwWOABk2W0Il6ZxctEBg2cmgJBnDkDH51stPAmwOyh/2lytRn2bk72tAWyu3jPIjP5fg==
Ye2bf/GNtY6H0XJyFv1zm0gNpP4GdjGI4Jo8plD6RO/7vwh0rusRdRzMQVpaQIXS8TlDazxmxHg4ho3ZCZDRN950suCEN6ZFYMUuNfl8
9SFjOCivmexNq5p+HO2D9VOMwOoqTk/r9zyvalUAK3a4D+I2r9YCO1rwqWd5OqHn9dVUrUAUf75nBJN7yjmhw8DKSaybnD6sSmzAKDb5fQ==
rUAeh3VrutauBD1CCtaytT84LD4Zoo/8KCV0hsbOYWBAMsw+0GI0R1vX2MzuE0Fd/KRxQlpYtboREROTfN4UEJgu/UaJCCGffpziWERPdm0ALR4t+WQ=
uLBZIgzYgqUn70HIgvVth1OMwOo1Tk/59zyvalUAK3a4D+I2r9YCO1rwqWd5OqHn9dVUrUAUf75nBJN7zTmhw8DKSaybnD6sSmzAKDb5fQ==
kt0B64yuWTgG/isdLZUCEysfg7V99BhiED4MWyvL4NAOT3mBjHjJ3trEDWZhzSvPnMIsDOgyxRpJVJkDDgBaxKQTzrFw8SYx+Xg=
fr4Ir6hhhK5ZfBArSD6clB4j8dh6Wq7NEcBvPnR/Po4LNmaj5mAl7/26JW95Reg1pHTbBjv037MJeWWLDPoVVP+8GrS2fMwgMvl5
GvkKfnpA+bfz+gwuORRvAA2ewy7QctQXm2e4PG6j4S089FFSWkiV6tFhsyP8LnSgWH4dVokYQU8+LAIoxP/WnUD9Pj35dA==
Tt62eXbOaYaJtJkrmfvZ3l2pITy0nJhSYD2CpbFCXUj10RGS7YBT5hBvOobnFkprotCBl2E6uZfd9Sx9iFS3Dj/kO+s1uRlTqGqR3FNcdnxyDCgYLvll
tgtdTvGwRfRa61FOkZyDB0dX9a5ROXrFvshQplD6RO/7vwh0rusRdRzMQVpaQIXS8TlDazxmxHg4ho3eCZDRN950suCEN6ZFYMUuNfl8
LlzZjtSt9DDJncTGXmblGCgfg7V99BhiED4MWyvL4NAOT3mBjHjJ3trEDWZhzSvPnMIsDOgyxRpJVJkDDgBaxKQTzrFw8SYx+Xg=
rFIuYfI/d/VThv99ppr2d1qx+kifPJNZyHanPHTwpCs591BZNwyE/dZyuDP8LnSgWH4dVokYQU8+LAIoxP/WnUD9Pj35dA==
awEE3cYUtH/2PMd1g37VSFqx+kifPJNZyHKlMnTwpCs591BZNwyE/dZyuDP8LnSgWH4dVokYQU8+LAIoxP/WnUD9Pj35dA==
F9/hzb0k0SbVNp/nrTLcypdW/wLJQ/Agt/t9Y47JX////zl11i4dZHk0Y7ZjFLdDgfntO6RazSQH/MLkjlzkMDr5cQ==
tk+H7zCdoRJmLU4yg87d1O99eH0/wgfJ1oKdprIxVVuzqty0QMhN0xsc0oagIChAVdyK/tCu05i6nABua7kf1LoSbwBUinhbSSAsEOHjKOOf6vupBAo62NxavETIOvVvyKypCy7IylxkC975kHlWCflA
dNBO1qlllcpYMXmAXYw7QiQOrizDEEEZTEnRFBP8QZvis02KzcbM/UAzRxYB1MShsor/Be2KWYkIZfs5d5XJjoudYqYUf1+x6jDT3PfUJ65vJOvLKLgJM/iqQbzD3MYcwswYeB75VQ==
Ukd2vYHYrk/gazYGhb8gfVqx8W/RY9QJxGG8O2bsqRkGog5TGUWW69AtjDP8LnSgWH4dUooYRk8+LAIoxP/WnUD9Pj35dA==
7Sc6i0YORkMt6ZaYbydIfVX41l5qXMap+XBEHsgQXbSQsfww1GW0L0Y44d1WBqbHmdE+T4DpxOfcOnykSFo1hsrM7uuuqIq8ZCueWRDZFin5YA==
8Qtve1Q+luJKAc8Nz7+vSGf63hed5rcWYHx+YJdYMlkPfcPt46xwbzcopZIZoJ3hfmleaOouhq6DrwBycaTWuYL4+ux2Tp5k0SLpvH0nh9qv2C7yB3A17LAwJNQOdBj5Uw==
x6Ksx/I2vOIGwbGodizlGBjah7AqUlmyoS73PBMBMDWwUOQyqN5Nc27K/zh4eazk9NQYklAUf75nBJN7yzqhxMDKSaybnD6sSmzAKDb5fQ==
n37Odm66j0aGhGXjAfcHZGT63hed5rcWYHx+YJdYMlkPfcPt46xwbzcopZIZoJ3hfmleaOouhq6DrwBycaTWuYL4+ux2Tp5k0SLpvH0nhdqv2C7yB3A17LAwJNQOdBj5Uw==
m/1y2fmr1TKdVn05mKe17ufE6uD55pktSSrG6rlkJAOTy7jCY9W7nOktgzv+QG9t19viK+9bBc2zqLgZEB1MgPgq8MjZIqgmX7Nm7dZKVHF6dwgrGi/5ag==
NtvbWcQyJR/quo9aYREqqIK3QgpCo2KtRotZIL2FPsOQ1JkMMQ42pvGwxJ8LTyiuyyF74NHJszf2VE8xDx+yhwfvhXFLDMjV2EksnOAu4CTxVuja59fWYV7e9K0iM9gHchv5Vg==
+tAgl1mL+4GYXDL5rnkRYzJ6jpJiq6CdoK48LG57aWc021EPv7rZ0Nh3/4Y0MKC76AQyRG2SgMzjkfi8vf76kZbFQNHMBDG0tD3PzqDpATJ8VPRpDjx3U5ZmWmN8/lSwGI69I4no5Tn+OyJ4RC+2jYBNXg35RA==
GGp11QExZ2iGETUcrZtpntG70I+EsA6KxURPr7Y22NeMyQs5SvgaglyK3HQIqlWUydwNnW7/Kgzk2/6JUOk2Oflw
ZoBLx5epcnmdgKxro0toAdwQhTciQTjkAUIZ/O2HsNnfO7gyMFDlbEBQNJS+1Ej5Aw==
pt3pzFYFVziZtpMMcLselzT2+FW7pmre2fVRTaACL1wk9Ctmy7Qv0xp5da86uqL0TzyKFOa8nMBC+Qk=
QMdhfySkl9V196PUeFoWlIYgOMJxdxrhIlhu8h+NTGC4inBoGUepRpkT5k2WqlSROteIi9pP+Qo=
au4Ixg0X2V0bR8Q/ltDXuO3Gqw31jDM+uon+BXMQWs7wtWUvJQdpky/bDlCkP+wtk6yVAxsnDAn68zVKXpu4hRL0S6ZrNI+T+nlVb1o6wjRvPGpUBjw8ACL5aQ==
eJPlNFMLFMr2PpMr85Afasi/MAxwmZ2oNBJexavzaz+nzwE7IEyqB+Ixndy7H3Uf4lW0M3sWsCPWGbyExTrljAEPVJn7M5SCjOihTESIaATSHCz5Zw==
