yDGFeEnOOmq4/fyKYBCxZHLt00Ti+WJLfNiqnyd8KDTi695p8zoCfd26qohaVElYhL3sclDta739xwDRYr1WJJnSUdzVtxtYN0hHUv/AfSx4YHw0Jgcg+Ws=
0GvWVWUKIhuyV5+D9wdPht/4242Yog+Y1FQMv6lj2N23iAxpRuYQl1yK3HQIqlWeyNwOmm74Kgzk2/6JUOk1Oflw
O5LNCAnyB326y6i6EDNBSsaRZiU3bSY8vikwRyLwiQW4p18vfEq1BnEKzotmO3a0t8TYWiBBbx8DJBoGTs3jWfYwbMjDayzL/KfKwvCqqKRxppo5OirZP3eprAyAniDU0U3oysIgFtY+TnQ9woOYd1EL+UY=
kvmLrS+mlnZBGy3nuNUnPBFTX7bdgKOGIK9KZleW2gtyENF3cTqp9w21fJ0Y1Aduz6QLC0i4KXRZKiF8I9zm3KJM+Ds++XU=
taL7XxT5UWXVS3gqYImgR2IbwLkVREpYvMDwWOABk2W0Il6ZxctEBg2cmgJBnDkDH51stPAmwOyh9Whyshj2bk72tAWyu3jPITP5fg==
UfQX5bdDoq3emPtnsPlKOCkfg7V99BhiED4MWyvL4NAOT3mBjHjJ3trEDWZhzSvPnMIsDOgyxRdIVJ4CDgBaxKQTzrFw8SUx+Xg=
jG8dGaVotZ6ee+jPaAlrOmIUwL0cRkpYvMDwWOABk2W0Il6ZxctEBg2cmgJBnDkDH51stPAmwOyh9Whyshj2bk72tAWyu3jPITP5fg==
jdfHN+xKNr4krJrG8egNNykdibd/8AdiED4MWyvL4NAOT3mBjHjJ3trEDWZhzSvPnMIsDOgyxRdIVJ4CDgBaxKQTzrFw8SUx+Xg=
er1WCMdLQaKjxI/UdaRQ8ygdibd/8AdiED4MWyvL4NAOT3mBjHjJ3trEDWZhzSvPnMIsDOgyxRdIVJ4CDgBaxKQTzrFw8SUx+Xg=
I55lhBViuO+7YP6lY7ibtQ+ewy7QctQXm2e4PG6j4S089FFSWkiV6tFhsyP8LnSgWH4dW4gYRk4+LAIoxP/WnUD9PT35dA==
PnVYW5T4T6X9xKxiF9WbvA6ewy7QctQXm2e4PG6j4S089FFSWkiV6tFhsyP8LnSgWH4dW4gYRk4+LAIoxP/WnUD9PT35dA==
r7CcpYn6grBrEQWYxQSVVThIluRFFlgw0MDwWOABk2W0Il6ZxctEBg2cmgJBnDkDH51stPAmwOyh9Whyshj2bk72tAWyu3jPITP5fg==
SQWYuPo24Rtxjt3rYeJLn0gNpP4GdjGI4Jo8plD6RO/7vwh0rusRdRzMQVpaQIXS8TlDazxmxHg4ho3TCJDWNt50suCEN6ZFYMUtNfl8
GR+OyvClgePzJGguBSqkuFOMwOoqTk/r9zyvalUAK3a4D+I2r9YCO1rwqWd5OqHn9dVUrUAUf75nBJN7wDihxMHKSaybnD6sSmzAKzb5fQ==
egvF3XOMRtTwjDBj/WP2Gz84LD4Zoo/8KCV0hsbOYWBAMsw+0GI0R1vX2MzuE0Fd/KRxQlpYtboREROTfN4UEJgu/UuICCaefpziWERPdm0ALR0t+WQ=
V/+Ds3VjhhOpOknCLUA7WVOMwOo1Tk/59zyvalUAK3a4D+I2r9YCO1rwqWd5OqHn9dVUrUAUf75nBJN7wDihxMHKSaybnD6sSmzAKzb5fQ==
5ps76oebNYyhv0Lgg4UzNisfg7V99BhiED4MWyvL4NAOT3mBjHjJ3trEDWZhzSvPnMIsDOgyxRdIVJ4CDgBaxKQTzrFw8SUx+Xg=
mmcyqf/ioO8T+ocBrTD3sR4j8dh6Wq7NEcBvPnR/Po4LNmaj5mAl7/26JW95Reg1pHTbBjv037MEeGWMDfoVVP+8GrS2fMwjMvl5
IkTJro7GgQWIvNyCUUaIyg2ewy7QctQXm2e4PG6j4S089FFSWkiV6tFhsyP8LnSgWH4dW4gYRk4+LAIoxP/WnUD9PT35dA==
Hz5HLDVT+mrd0qBNpczpl12pITy0nJhSYD2CpbFCXUj10RGS7YBT5hBvOobnFkprotCBl2E6uZfd9Sx9iFS3Dj/kO+s4uBlUqWqR3FNcdnxyDCgbLvll
f38lKY9S8Jz7PzFcP569iUdX9a5ROXrFvshQplD6RO/7vwh0rusRdRzMQVpaQIXS8TlDazxmxHg4ho3aD5DWNt50suCEN6ZFYMUtNfl8
zmZqf6kmM/FcLBxv1FIZuCgfg7V99BhiED4MWyvL4NAOT3mBjHjJ3trEDWZhzSvPnMIsDOgyxR5PVJ4CDgBaxKQTzrFw8SUx+Xg=
LBPojq0/s3Y2qpblDsGNRVqx+kifPJNZyHanPHTwpCs591BZNwyE/dZyuDP8LnSgWH4dUo8YRk4+LAIoxP/WnUD9PT35dA==
ZrnpB6oBlR2mcstjOlg4JFqx+kifPJNZyHKlMnTwpCs591BZNwyE/dZyuDP8LnSgWH4dUo8YRk4+LAIoxP/WnUD9PT35dA==
WaPeYh1eNXVmJKlACJs2xpdW/wLJQ/Agt/t9Y47JX////zl11i4dZHk0Y7ZjFLdDhf/tPKVazSQH/MLkjlzkMzr5cQ==
nOhynptJMGCSNy6jSNBkxyQOrizDEEEZTEnRFBP8QZvis02KzcbM/UAzRxYB1MShsor/Be2KWYkIZfs5d5XJjoudYqYUf1+x6jDT3PfUJ65vJOvLJ74JNPmqQbzD3MYcwswYex75VQ==
/Fl10f5Y26wgB/JNBsW0Ru99eH0/wgfJ1oKdprIxVVuzqty0QMhN0xsc0oagIChAVdyK/tCu05i6nABua7kf1LoSbwBUinhbSSAsEOHjKOOf6vupBAo62NxavETIOvVgzqyuCi7IylxkC975kHlVCflA
l4do669xTPpssOXDakpdT0s99s16VvyjVMxyeDIqdo0DOQvmvzZstaa6fjUhFLZi2HTbBjv037MNf2WKC/oSVP+8GrS2fMwjMvl5
VnisLtfPmWjnj4aTjsw8lAGtLDyvi7kGJDa18KVYXkr/wFjmqIxOoFY6coXvGScu+4bIzTo64s2FpHIq9FS3Dj/kO+sxvxlSr2qW3FNcdnxyDCgbLvll
c+DxrJLW+2OLmf9WlKh1ePrr235H1PuwFAYO6qyfaPR3HXzdFt+m9QdykaywSnJXZ9+aQSvcCIV4uazsQP6gdBFs6uoHh5ax/q50XYJjGNcRK/lm
w5jJce6Eo6h6jZ4XNSAJIS6Xiq5BSr3mhw44FG3BjuxojCAidIn5KTHC3d4+gXz6pIFz/NTGYuQhgrl8TUeV2b/92LJQkIVsIJBUFN4XKPlj
B6QidZibN71vkglDrlrqJ1Jx+6qGWvZs0BzIQqw5sel5EuX+1vFk+rxxG9zslqqk6TLhnCXXKVlHbXASCGDNrOjArHT2JzD5ew==
MeU5Fq7A1fka7GglrtQ/zjYzhw/LoJXm/OrLc0A0kpuGigk8dfHUX+yV/FWGNwad17rRZGAiUr9315pJOzQo7ahx7CSQlgCcgetuYpZvNtkuZjSVUgs4PwEj+W4=
ukU5Eot/IE/51VhpxVLu4ks99s16VvyjVMxyeDIqdo0DOQvmvzZstaa6fjUhFLZi2HTbBjv037MOe2WMCPoTVP+8GrS2fMwjMvl5
kUucRIFebOjdjQhXXkfT2AGtLDyvi7kGJDa18KVYXkr/wFjmqIxOoFY6coXvGScu+4bIzTo64s2FpHIq9FS3Dj/kO+syuxlUrGqX3FNcdnxyDCgbLvll
VFxOUbWnoa/8JhkZCJubXNwQhTciQTjkAUIZ/O2Hv97fNroyMVDlbEBQNJS+10j5Aw==
zJBk/YgprrF4IRk/zezQtzT2+FW7pmre2fVRTaACL1wk9Ctmy7Qv0xV+daI4uqP0TzyKFOa8nMNC+Qk=
38Z4zId9b1iL5iGt3D9g+oYgOMJxdxrhIlhu8h+NTGC4inBoGUiuRpQR5kyWqlSROteIi9lP+Qo=
y3u+FgKcfW7ENDPawr/PJO3Gqw31jDM+uon+BXMQWs7wtWUvJQdpky/bDlCkP+wtk6yVAxsnDAn68zVKXpu4hRL0S6ZrNI+T9X5VYlg6wzRvPGpUBjw8AyL5aQ==
cd9OkrPSH5HLACYfaPUjP8i/MAxwmZ2oNBJexavzaz+nzwE7IEyqB+Ixndy7H3Uf4lW0M3sWsCPWGbyExTrljAEPW577PpaCjeihTESIaATSHyz5Zw==
