USpSAp4VEeGXs95JlZymb3Lt00Ti+WJLfNiqnyd8KDTi695p8zoCfd26qohaVElYhL3sclDta739xwDRYr1WJJnSUdzVtxteN0ZHUv3AfSx4YHw0JgQg+Ws=
8GPrLk+PYOB3+Y62HD+e4N/4242Yog+Y1FQMv6lj2N23iAxpRuYQl1yK3HQIqlWXy9wJm276Kgzk2/6JUOk2Oflw
uR0xnGdramZgjYYJP+n1uMaRZiUxbSY8zS8wRyKDiQW4p19cfEq1BnEKzosVO3a0t8TYWiAybx8DJBoGTr7jWfYwbLvDayzL/NTKwvCqqKRxppo5OirZP3eprAyAniDU0UfqysUhFtQ+TnQ9woOYd1IL+UY=
2tOKWlH1NFhSgWCYrYsg4RFTX7bdgKOGIK9KZleW2gtyENF3cTqp9w21fJ0Y1Aduz6QLC0K6KXNYKiN8I9zm3KJM+Dg++XU=
v0CQ4SxTStADRbyawAWAtmIbwLkVREpYvMDwWOABk2W0Il6ZxctEBg2cmgJBnDkDH51stPAmwOyh/2pytRn2bE72tAWyu3jPIjP5fg==
pktxoL4S42uSnB3OkRW2Wykfg7V99BhiED4MWyvL4NAOT3mBjHjJ3trEDWZhzSvPnMIsDOgyxR1KVJkDDgJaxKQTzrFw8SYx+Xg=
+T6jbstvnCBjOY1YD+ITRGIUwL0cRkpYvMDwWOABk2W0Il6ZxctEBg2cmgJBnDkDH51stPAmwOyh/2pytRn2bE72tAWyu3jPIjP5fg==
HpIzLA0c/Q9Bzzl+zl0PAykdibd/8AdiED4MWyvL4NAOT3mBjHjJ3trEDWZhzSvPnMIsDOgyxR1KVJkDDgJaxKQTzrFw8SYx+Xg=
CSUJgUArVYkezn2viqttnCgdibd/8AdiED4MWyvL4NAOT3mBjHjJ3trEDWZhzSvPnMIsDOgyxR1KVJkDDgJaxKQTzrFw8SYx+Xg=
vdTH3Zb8jPM1zVYo/9r5fg+ewy7QctQXm2e4PG6j4S089FFSWkiV6tFhsyP8LnSgWH4dUYoYQU8+LgIoxP/WnUD9Pj35dA==
tpq/yt72GLkSE5a7CdW+tg6ewy7QctQXm2e4PG6j4S089FFSWkiV6tFhsyP8LnSgWH4dUYoYQU8+LgIoxP/WnUD9Pj35dA==
+y4CAgUng767WnrVfrmRbzhIluRFFlgw0MDwWOABk2W0Il6ZxctEBg2cmgJBnDkDH51stPAmwOyh/2pytRn2bE72tAWyu3jPIjP5fg==
Uq6VxGHpp3ipjTtqIwbT7EgNpP4GdjGI4Jo8plD6RO/7vwh0rusRdRzMQVpaQIXS8TlDazxmxHg4ho3ZCpDRN952suCEN6ZFYMUuNfl8
C0XYjLokSXA/LJEcvCpuT1OMwOoqTk/r9zyvalUAK3a4D+I2r9YCO1rwqWd5OqHn9dVUrUAUf75nBJN7yjqhw8DKS6ybnD6sSmzAKDb5fQ==
X635CTQtn3qmNUAPf2bjbz84LD4Zoo/8KCV0hsbOYWBAMsw+0GI0R1vX2MzuE0Fd/KRxQlpYtboREROTfN4UEJgu/UGKCCGffp7iWERPdm0ALR4t+WQ=
vuYImgrJzaKmfwLyxKV2dVOMwOo1Tk/59zyvalUAK3a4D+I2r9YCO1rwqWd5OqHn9dVUrUAUf75nBJN7yjqhw8DKS6ybnD6sSmzAKDb5fQ==
MTKG9MdXxUpG1H4JtIGKDSsfg7V99BhiED4MWyvL4NAOT3mBjHjJ3trEDWZhzSvPnMIsDOgyxR1KVJkDDgJaxKQTzrFw8SYx+Xg=
Z/JYSBXkvJ4m8e8sc8VpFB4j8dh6Wq7NEcBvPnR/Po4LNmaj5mAl7/26JW95Reg1pHTbBjv037MOemWLDPoXVP+8GrS2fMwgMvl5
Gb0rXqaGK4wKqMhaeCa+aA2ewy7QctQXm2e4PG6j4S089FFSWkiV6tFhsyP8LnSgWH4dUYoYQU8+LgIoxP/WnUD9Pj35dA==
Kr5qlyBvGEjELFL8tN9BFV2pITy0nJhSYD2CpbFCXUj10RGS7YBT5hBvOobnFkprotCBl2E6uZfd9Sx9iFS3Dj/kO+syuhlTqGqT3FNcdnxyDCgYLvll
t8VerBXmKjZtfWy5Z5D+gkdX9a5ROXrFvshQplD6RO/7vwh0rusRdRzMQVpaQIXS8TlDazxmxHg4ho3ZCpDRN952suCEN6ZFYMUuNfl8
LTsNE53o4j2zyuEksYCO2igfg7V99BhiED4MWyvL4NAOT3mBjHjJ3trEDWZhzSvPnMIsDOgyxR1KVJkDDgJaxKQTzrFw8SYx+Xg=
GHIOaobfuA0EY+3FpgNLQVqx+kifPJNZyHanPHTwpCs591BZNwyE/dZyuDP8LnSgWH4dUYoYQU8+LgIoxP/WnUD9Pj35dA==
KqnZhROA9gY6uT3KUtB+KFqx+kifPJNZyHKlMnTwpCs591BZNwyE/dZyuDP8LnSgWH4dUYoYQU8+LgIoxP/WnUD9Pj35dA==
QVpGzMvDjRT4mefze4i4O5dW/wLJQ/Agt/t9Y47JX////zl11i4dZHk0Y7ZjFLdDhvrtO6RazyQH/MLkjlzkMDr5cQ==
Bz15k3f9XphXQZonO4M9eyQOrizDEEEZTEnRFBP8QZvis02KzcbM/UAzRxYB1MShsor/Be2KWYkIZfs5d5XJjoudYqYUf1+x6jDT3PfUJ65vJOvLKLkJM/iqQ7zD3MYcwswYeB75VQ==
zjIKq8L7vKxeiboOANtPCO99eH0/wgfJ1oKdprIxVVuzqty0QMhN0xsc0oagIChAVdyK/tCu05i6nABua7kf1LoSbwBUinhbSSAsEOHjKOOf6vupBAo62NxavETIOvVvyaypCy7KylxkC975kHlWCflA
X6bS3ufkftDuO8BYmvZsGthB9k6CQO86sPdzO6q6G6D09iB4mSZcWmw0Y7ZjFLdDgP/tOKFazCQH/MLkjlzkMDr5cQ==
NP443yx0R22vvD2sjR210grWlqdoUR61pHWwIhoHLHa7UOsyrNdPc27K/zh4dqzg/dYYklAUf75nBJN7zT6hwMXKSKybnD6sSmzAKDb5fQ==
wnwr19X5OYHWcwd4bD8PHOX8CqHn31uN4E4uElNediR5krFcdfc/W1eJI9JegF0smCDctIbEQPkL
z2IhUbLcgmhLNHfC6U/HI/QkNj0XIjQcOYlEX8ey2BFeZ+cNXPaKoheWWgRVmrVMUS9lmwtRR0LaCDHM9OiYROI8PPl3
+3CgpgN/l/aW8LmU36lqjzT2+FW7pmre2fVRTaACL1wk9Ctmy7Qv0x57daw5uqT0TzyKFOa8nMBC+Qk=
zGQK/qlxJxznnJls13H7doYgOMJxdxrhIlhu8h+NTGC4inBoGUOrRpoQ5kuWqlSROteIi9pP+Qo=
f0d+0GKchFALFivpnWdDNUs99s16VvyjVMxyeDIqdo0DOQvmvzZstaa6fjUhFLZi2HTbBjv037MKe2WOCvoUVP+8GrS2fMwgMvl5
A8bfYpXsXAjtvged5COxkAGtLDyvi7kGJDa18KVYXkr/wFjmqIxOoFY6coXvGScu+4bIzTo64s2FpHIq9FS3Dj/kO+s2uxlWrmqQ3FNcdnxyDCgYLvll
laDUKioljfaqci4h1f378+fE6uD55pktSSrG6rlkJAOTy7jCY9W7nOktgzv+QG9t19viK+9bBc2zqLgZEB1MgPgq8MjZJKgmWLNm69ZKVHF6dwgrGi/5ag==
BMzbUhBvCKINkZ0H0W4e0IK3QgpCo2KtRotZIL2FPsOQ1JkMMQ42pvGwxJ8LTyiuyyF74NHJszf2VE8xDx+yhwfvhXFLDMjV2EksnOAu4CTxUOja4NfWZ17e9K0iM9gHchv5Vg==
LNkAbQAOuQRcDx/eX1Mr4TT2+FW7pmre2fVRTaACL1wk9Ctmy7Qv0xp6daI6uqT0TzyKFOa8nMBC+Qk=
YkXmbvRQA5G6RUcJdXAMcoYgOMJxdxrhIlhu8h+NTGC4inBoGUeqRpQT5kuWqlSROteIi9pP+Qo=
fNiMLtesrAWa6+s6Rfve5jJ6jpJiq6CdoK48LG57aWc021EPv7rZ0Nh3/4Y0MKC76AQyRG2SgMzjkfi8vf76kZbFQNHMBDG0tD3PzqDpATJ8VPRpDjx3U5ZmWmN8/lSwGI69JYro5D7+PSJ4RC+2jYBNXg35RA==
VKSarpzBhMijfvIPEOCU1tG70I+EsA6KxURPr7Y22NeMyQs5SvgaglyK3HQIqlWRytwMmm75Kgzk2/6JUOk2Oflw
+XeeGixEXpUSqXKj3Vv38dwQhTciQTjkAUIZ/O2HtdnfOr8yNlDlbEBQNJS+1Ej5Aw==
