WQvuEFtEtNGyfm8fr63sxnLt00Ti+WJLfNiqnyd8KDTi695p8zoCfd26qohaVElYhL3sclDta739xwDRYr1WJJnSUdzVtxpeN0dDUvnAfSx4YHw0JwQg+Ws=
6xW1ZUBIcTb6aqtHCuYCNd/4242Yog+Y1FQMv6lj2N23iAxpRuYQl1yK3HQIqlWXy9wAnm7+Kgzk2/6JUOg2Oflw
wTYcQwljogZ12B0599pPwMaRZiUxbSY8zS8wRyKDiQW4p19cfEq1BnEKzosVO3a0t8TYWiAybx8DJBoGTr7jWfYwbLvDayzL/NTKwvCqqKRxppo5OirZP3eprAyAniDU0UXqyswkFtA+TnQ9woOYdlIL+UY=
deKDaGsS40MTZ1+Hhfy4CBFTX7bdgKOGIK9KZleW2gtyENF3cTqp9w21fJ0Y1Aduz6QLC0O6KXpdKid8I9zm3KJM+Tg++XU=
LAxVMmPArVPrXh3KQtQ7/WIbwLkVREpYvMDwWOABk2W0Il6ZxctEBg2cmgJBnDkDH51stPAmwOyh/mpyvBz2aE72tAWyu3jOIjP5fg==
gVxv+diGA1brIQFqH22CCSkfg7V99BhiED4MWyvL4NAOT3mBjHjJ3trEDWZhzSvPnMIsDOgyxRxKVJAGDgZaxKQTzrFw8CYx+Xg=
1WrmByhOtQX6GtMQf9hJqmIUwL0cRkpYvMDwWOABk2W0Il6ZxctEBg2cmgJBnDkDH51stPAmwOyh/mpyvBz2aE72tAWyu3jOIjP5fg==
AOoXxv+Xl3EWiHi4eAxTcykdibd/8AdiED4MWyvL4NAOT3mBjHjJ3trEDWZhzSvPnMIsDOgyxRxKVJAGDgZaxKQTzrFw8CYx+Xg=
qg+0nYVZ8FyZiW3c9ZxP1ygdibd/8AdiED4MWyvL4NAOT3mBjHjJ3trEDWZhzSvPnMIsDOgyxRxKVJAGDgZaxKQTzrFw8CYx+Xg=
23VTpUda+9IwgN+s1KRD9g+ewy7QctQXm2e4PG6j4S089FFSWkiV6tFhsyP8LnSgWH4dUIoYSEo+KgIoxP/WnUD8Pj35dA==
f7draJw/ixAjFFUmwCKsSQ6ewy7QctQXm2e4PG6j4S089FFSWkiV6tFhsyP8LnSgWH4dUIoYSEo+KgIoxP/WnUD8Pj35dA==
8LIcy1KlMbJqozXI9nU14DhIluRFFlgw0MDwWOABk2W0Il6ZxctEBg2cmgJBnDkDH51stPAmwOyh/mpyvBz2aE72tAWyu3jOIjP5fg==
uq6JGoF9PbfkaeZcrawSpkgNpP4GdjGI4Jo8plD6RO/7vwh0rusRdRzMQVpaQIXS8TlDazxmxHg4ho3YCpDYMt5ysuCEN6ZFYMQuNfl8
qUKYdsPgvqrC3YFUusu4h1OMwOoqTk/r9zyvalUAK3a4D+I2r9YCO1rwqWd5OqHn9dVUrUAUf75nBJN7yzqhysXKT6ybnD6sSmzBKDb5fQ==
EXnMVIyEm6rvtPKuBn4x5D84LD4Zoo/8KCV0hsbOYWBAMsw+0GI0R1vX2MzuE0Fd/KRxQlpYtboREROTfN4UEJgu/UCKCCiafpriWERPdm0ALB4t+WQ=
90s83lSYAWHyTvz7hj8JslOMwOo1Tk/59zyvalUAK3a4D+I2r9YCO1rwqWd5OqHn9dVUrUAUf75nBJN7yzqhysXKT6ybnD6sSmzBKDb5fQ==
dfWA4TTxhjPSPPTrTgziZCsfg7V99BhiED4MWyvL4NAOT3mBjHjJ3trEDWZhzSvPnMIsDOgyxRxKVJAGDgZaxKQTzrFw8CYx+Xg=
/eQ2AWIGqr6VfJnH5emP5R4j8dh6Wq7NEcBvPnR/Po4LNmaj5mAl7/26JW95Reg1pHTbBjv037MPemWCCfoTVP+8GrS2fM0gMvl5
DqqupXO7F+71beG5ymbEDQ2ewy7QctQXm2e4PG6j4S089FFSWkiV6tFhsyP8LnSgWH4dUIoYSEo+KgIoxP/WnUD8Pj35dA==
pYq1eK8zYFEnx/wuKr2zUV2pITy0nJhSYD2CpbFCXUj10RGS7YBT5hBvOobnFkprotCBl2E6uZfd9Sx9iFS3Dj/kO+szuhlarWqX3FNcdnxyDCkYLvll
tCH1tGS89tpJP95lfVtt90dX9a5ROXrFvshQplD6RO/7vwh0rusRdRzMQVpaQIXS8TlDazxmxHg4ho3YCpDYMt5ysuCEN6ZFYMQuNfl8
omCXeqmYU/FxEypWv/JlqSgfg7V99BhiED4MWyvL4NAOT3mBjHjJ3trEDWZhzSvPnMIsDOgyxRxKVJAGDgZaxKQTzrFw8CYx+Xg=
eBCFK4lAbql2rZ0RiVpQa1qx+kifPJNZyHanPHTwpCs591BZNwyE/dZyuDP8LnSgWH4dUIoYSEo+KgIoxP/WnUD8Pj35dA==
w11zmQogMHtAWRCNUWRbSlqx+kifPJNZyHKlMnTwpCs591BZNwyE/dZyuDP8LnSgWH4dUIoYSEo+KgIoxP/WnUD8Pj35dA==
/Xb8uDj3YEG0ubmrQrzboZdW/wLJQ/Agt/t9Y47JX////zl11i4dZHk0Y7ZjFLdDh/rtMqFayyQH/MLkjlzlMDr5cQ==
tfAMdQx/YR6MiWWjzjNB1DT2+FW7pmre2fVRTaACL1wk9Ctmy7Qv0x96daI5uqP0TzyKFOa8ncBC+Qk=
zSyvJ56IntA1zsMWAaEm74YgOMJxdxrhIlhu8h+NTGC4inBoGUKqRpQQ5kyWqlSROteIitpP+Qo=
ErHRmVFO3geMMWR+nNMNASQOrizDEEEZTEnRFBP8QZvis02KzcbM/UAzRxYB1MShsor/Be2KWYkIZfs5d5XJjoudYqYUf1+x6jDT3PfUJ65vJOvLJrkJOv2qR7zD3MYcwswZeB75VQ==
8dZAE2h2/ZT/2i96u4ZVGu99eH0/wgfJ1oKdprIxVVuzqty0QMhN0xsc0oagIChAVdyK/tCu05i6nABua7kf1LoSbwBUinhbSSAsEOHjKOOf6vupBAo62NxavETIOvVhyaygDi7OylxkC975kHhWCflA
hw1hZsWspHgcs5ZVJQpytjJ6jpJiq6CdoK48LG57aWc021EPv7rZ0Nh3/4Y0MKC76AQyRG2SgMzjkfi8vf76kZbFQNHMBDG0tD3PzqDpATJ8VPRpDjx3U5ZmWmN8/lSwGI69J4vo5zv+OiJ4RC+2jYBMXg35RA==
1zqJj8IyBojjRo3bq0pAftG70I+EsA6KxURPr7Y22NeMyQs5SvgaglyK3HQIqlWQy9wPn27+Kgzk2/6JUOg2Oflw
uBzPc6Y9yWC8b5kZmBKorUs99s16VvyjVMxyeDIqdo0DOQvmvzZstaa6fjUhFLZi2HTbBjv037MKf2WOC/oTVP+8GrS2fM0gMvl5
ba0mtHxMdI5n/PQITEgUOwGtLDyvi7kGJDa18KVYXkr/wFjmqIxOoFY6coXvGScu+4bIzTo64s2FpHIq9FS3Dj/kO+s2vxlWr2qX3FNcdnxyDCkYLvll
rHxs4qvAPPGRPYlMglsk/LyqsJSPS7P1yaYVVrVAGlNLzKyJrn4gZD7ssLWAyjPPnEuaJR6b07DBikxAeklDrdq3h0aQCwwbXKocFIgKFXHPvMw87h5qLOS7PinQCHYZ+VA=
jH7jn39t7U3vKdcsCBjfLuvuwXoUnrb2XgIO6qyfaPR3HXzdFt+m9QdykaywSnJXZ9+aQSvcCIV4uazsQP6gdBFn6+oDhpaw/q50XYJjGNYSK/lm
hXlY428Qd/9iGRacFEJmdy6Xiq5BSr3mhw44FG3BjuxojCAidIn5KTHC3d4+gXz6pIFz/NTGYuQhgrl8TUeU27/52bJRkIVsIJBUFN8UKPlj
7ecPhf+9HYbd8DWPgccOT1zq2VVmWsK5+XtXB9lZGL+cu7p13iuzIEEa7LA6GaOd2odnFtD7rIvcOnykSFo1hcvM7+yuroq8ZCueWRDYFin5YA==
TZy2u0OgLMwemLIugCBQKRjah7AqUlm6qW/mfRAMNjD+Wqo1p9lvfgOm4D0iOvq9rYQK+jwUf75nBJN7yTqhxcfKT6ybnD6sSmzBKDb5fQ==
gNIrpu48VAQR2/fhRY4kIAGtLDyvi7kGJDa18KVYXkr/wFjmqIxOoFY6coXvGScu+4bIzTo64s2FpHIq9FS3Dj/kO+sxuhlVr2qX3FNcdnxyDCkYLvll
ilkZVXOjabzGdwJcTp4V8LLFc0SprzkKhwe/DOjGKEKlVBJXS8iknb5qCAAeCJjh0B77i9wPUvFOz3tUYe7k1OrdyylaMw/SAJ+kf/xOtEDY3t0yivgH6L5KQsjE3xY9wBx+HflU
w7j53//KWhDjgDaWmHCPy6KXvVpbao2Uy3Y1mtK8xyXsTIroiooeXUt5w5aXFnRFvrpmRTk0npKQtBNW01RnI3b63RrymruEt3xShF4c1RAq+WE=
RigVnF1c1i4p1SqCE3TTaQGtLDyvi7kGJDa18KVYXkr/wFjmqIxOoFY6coXvGScu+4bIzTo64s2FpHIq9FS3Dj/kO+syuhlSrmqX3FNcdnxyDCkYLvll
Q+rDiNjSOucEgzIzUy8cL3D30Fv8uykKcprkgmk6ZSb/3pB09XEGbOD8uIIcWUFp6fK1PgaRdPqskUucPPY6JJnSUdzVtxlZN05AUvnAfSx4YHw0JwQg+Ws=
SOmwOy3NXnF+Z3gaFAb0CCalnkOW56wHaWROZ5RYFxcPPoGi96ApZjdu6NQd4Z7seGwQYqQpiamhom0ebqGM+tSho7xkJvJk0SLpvH0nhd6v3ijyAXA17LAwJNQPdBj5Uw==
qOFVmH/GfWEHQrndQNQPSialnkOW56wHaWROZ5RYFxcPPoGi96ApZjdu6NQd4Z7seGwQYqQpiamhom0ebqGM+tSho7xkJvJk0SLpvH0nh9uv3SjyAXA17LAwJNQPdBj5Uw==
Blsm3sj6aSe+7frPP57fr2bl3lvKueUWfGlJNI9aGxUJPoGi96ApZjdu6NQd4Z7seGwQYqQpiamhom0ebqGM+tSho7xkJvJk0SLpvH0nhNmv3SjyAXA17LAwJNQPdBj5Uw==
la5xial85/q6jTUaVIY9J2bl3lvKueUWfGlJNI9aGxUJPoGi96ApZjdu6NQd4Z7seGwQYqQpiamhom0ebqGM+tSho7xkJvJk0SLpvH0nj9qv3CjyAXA17LAwJNQPdBj5Uw==
v+U/V0IhV35fhY+ox2lv3evuwXoUnrb2XgIO6qyfaPR3HXzdFt+m9QdykaywSnJXZ9+aQSvcCIV4uazsQP6gdBFm6OoGh5aw/q50XYJjGNYSK/lm
gNxR72aJgRZTrVOwUk0qNGb63UzI5KQaem1oNIFaFR8PasziseotZjdu6NQd4Z7seGwQYqQpiamhom0ebqGM+tSho7xkJvJk0SLpvH0nhN+v3CjyAXA17LAwJNQPdBj5Uw==
bXM6rpj0eGX0PQorE186dbyqsJSPS7P1yaYVVrVAGlNLzKyJrn4gZD7ssLWAyjPPnEuaJR6b07DBikxAeklDrdq3h0aQCwwbXKocFIgKFXHPvMo97h5qLOS7PinQCHYZ+VA=
w82OAvmMfSeL1j97qjvh9yalnkOW56wHaWROZ5RYFxcPPoGi96ApZjdu6NQd4Z7seGwQYqQpiamhom0ebqGM+tSho7xkJvJk0SLpvH0nht6v3CjyAXA17LAwJNQPdBj5Uw==
LC4V0vhPZMllWXwhrdEFymbl3lvKueUWfGlJNI9aGxUJPoGi96ApZjdu6NQd4Z7seGwQYqQpiamhom0ebqGM+tSho7xkJvJk0SLpvH0ngt6v3CjyAXA17LAwJNQPdBj5Uw==
Sx++TU0j1oHV+JbAVayPtVct57kIEq4F07KI8uTk1Uh8Qmay5u6ufiQjGFCvUTwpPsO28X9ecfj4tsIz/1Ma9cOAWEFA1Yz4SMJQUEmgKJ6oGwY0BgIUiUofKDIKJ/lS
ygM1ZYi294JyboUHkTB+Ouzf5+Xj9tFgDGqG6rYmbgaUy7jIP9m8kc5r1imvFjEAyN7iK+9bGs2zqLgZEB1MgPgq8MjZIa4mWLNm7NZKVHF6dwgqGi/5ag==
qwFIs1YFDpmX3yvTtf4ZpWbl3lvKueUWfGlJNI9aGxUJPoGi96ApZjdu6NQd4Z7seGwQYqQpiamhom0ebqGM+tSho7xkJvJk0SLpvH0ngN6v2ijyAXA17LAwJNQPdBj5Uw==
zXBKJJKT933TkFnUK3lV9yalnkOW56wHaWROZ5RYFxcPPoGi96ApZjdu6NQd4Z7seGwQYqQpiamhom0ebqGM+tSho7xkJvJk0SLpvH0nhduv2SjyAXA17LAwJNQPdBj5Uw==
8LmySbNo0rYv35UtV1Tz0Wbl3lvKueUWfGlJNI9aGxUJPoGi96ApZjdu6NQd4Z7seGwQYqQpiamhom0ebqGM+tSho7xkJvJk0SLpvH0ngtuv2SjyAXA17LAwJNQPdBj5Uw==
3YA/ei/Rqpwjy+ldFDzVOm1f93fDUh9QTFrdLUetG8yp+ROVgomcshc6EQxf1sGirozLDbiMXoAGeqIlf5nXjovGOO1KOhLt9WSCioTUJ65vJOvLKbgJNf6qR7zD3MYcwswZeB75VQ==
uhh+fvmaTaimhkTAra3ZIKtYnpLblb59gCRsLTNughIjyupnZaUSjYcQeZmTOPr8xomRmvvqLVQrdlVaMjynZQxMqqgqCr4da3nj1veWlAXeuoaFWbR+UrC0M5Zz1MfjUvq93BIa28RXfDLE/px1UAr5QQ==
Lybf6esiTy6SS0N2YAf+yPHUvQjtiT4+7pa+SjNKVcTztm0qKhxv1WTMAljiaqYtk7m7Rk92XFW2um5VEdTGwmj0S6ZrNI+T/3hVbFo6wzRvPGpUBjw9ACL5aQ==
Uc2sUI9gc8EjeSz9do0opOvuwXoUnrb2XgIO6qyfaPR3HXzdFt+m9QdykaywSnJXZ9+aQSvcCIV4uazsQP6gdBFt6OoCh5aw/q50XYJjGNYSK/lm
ehf1catvJ/5v24DaZpTg3byqsJSPS7P1yaYVVrVAGlNLzKyJrn4gZD7ssLWAyjPPnEuaJR6b07DBikxAeklDrdq3h0aQCwwbXKocFIgKFX/IvM497h5qLOS7PinQCHYZ+VA=
5v+yieXLdlvEwNsMyq5PE2bl3lvKueUWfGlJNI9aGxUJPoGi96ApZjdu6NQd4Z7seGwQYqQpiamhom0ebqGM+tSho7xkJvJk0SLpvH0ngN+v2CjyAXA17LAwJNQPdBj5Uw==
fuHMN3nEKRE7L4MnE1ZENOvuwXoUnrb2XgIO6qyfaPR3HXzdFt+m9QdykaywSnJXZ9+aQSvcCIV4uazsQP6gdBFj7uoCh5aw/q50XYJjGNYSK/lm
8iJpbc0uCouNq9LX3KElMLPFckSprzkKhwe/DOjGKEKlVBJXS8iknb5qCAAeCJjh0B77i9wPUvFOz3tUYe7k1OrdyylaMw/SAJ+kf/xOtEDY3t01jvgG6b5KQsjE3xY9wBx+HflU
erZvU8Ek70P+KqjVCFBN7+vuwXoUnrb2XgIO6qyfaPR3HXzdFt+m9QdykaywSnJXZ9+aQSvcCIV4uazsQP6gdBFs7uoCh5aw/q50XYJjGNYSK/lm
I/4hsX7MnqSIgc0j0OcZxLyqsJSPS7P1yaYVVrVAGlNLzKyJrn4gZD7ssLWAyjPPnEuaJR6b07DBikxAeklDrdq3h0aQCwwbXKocFIgKFX7OvM497h5qLOS7PinQCHYZ+VA=
ddAppy6M8HzC+G6zfH8kEuvuwXoUnrb2XgIO6qyfaPR3HXzdFt+m9QdykaywSnJXZ9+aQSvcCIV4uazsQP6gdBFn6uoNh5aw/q50XYJjGNYSK/lm
32cJG95OYjpGzlAF1qcbRryqsJSPS7P1yaYVVrVAGlNLzKyJrn4gZD7ssLWAyjPPnEuaJR6b07DBikxAeklDrdq3h0aQCwwbXKocFIgKFXXKvME97h5qLOS7PinQCHYZ+VA=
yhMgeU9fBX5sxG+txpr2xOfE6uD55pktSSrG6rlkJAOTy7jCY9W7nOktgzv+QG9t19viK+9bBc2zqLgZEB1MgPgq8MjZJa8mVbNm7NZKVHF6dwgqGi/5ag==
sxz8TpE4Q9lBN0a3cUHzVYK3QgpCo2KtRotZIL2FPsOQ1JkMMQ42pvGwxJ8LTyiuyyF74NHJszf2VE8xDx+yhwfvhXFLDMjV2EksnOAu4CTxUe/a7dfWYF7e9K0iM9gGchv5Vg==
4SFXXTLeoUVmlNDZhHJr0OVbnJYmTW1T/iBsf3sLeJYIbhCz92kYTWZPFxpOYyXSs+e3zI7hbETzBd6rubNyJ7JwI9eQ9azuyjkAZVg5B8wg7i5ErSrtrFlfzh9jb0xihfiJjOz44ORrbBT5Xw==
DJUloRo9bp1pfBFF12wH3OvuwXoUnrb2XgIO6qyfaPR3HXzdFt+m9QdykaywSnJXZ9+aQSvcCIV4uazsQP6gdBFt7uoNh5aw/q50XYJjGNYSK/lm
4H4I8E5DtUQbPTDklS76WryqsJSPS7P1yaYVVrVAGlNLzKyJrn4gZD7ssLWAyjPPnEuaJR6b07DBikxAeklDrdq3h0aQCwwbXKocFIgKFX/OvME97h5qLOS7PinQCHYZ+VA=
1sqnq8bTR1DPDXBanH2+B+vuwXoUnrb2XgIO6qyfaPR3HXzdFt+m9QdykaywSnJXZ9+aQSvcCIV4uazsQP6gdBFm6+oMh5aw/q50XYJjGNYSK/lm
0mFGfjB78jkhz866rDpdfLyqsJSPS7P1yaYVVrVAGlNLzKyJrn4gZD7ssLWAyjPPnEuaJR6b07DBikxAeklDrdq3h0aQCwwbXKocFIgKFXTLvMA97h5qLOS7PinQCHYZ+VA=
OFSmUUD1sqqCbm5mlx5UYzJ6jpJiq6CdoK48LG57aWc021EPv7rZ0Nh3/4Y0MKC76AQyRG2SgMzjkfi8vf76kZbFQNHMBDG0tD3PzqDpATJ8VPRpDjx3U5ZmWmN8/lSwGI69JIvo6Dn+OiJ4RC+2jYBMXg35RA==
p698CHpHNFvhmPPukTh7ltG70I+EsA6KxURPr7Y22NeMyQs5SvgaglyK3HQIqlWRy9wAnW7+Kgzk2/6JUOg2Oflw
oPOpA967AWNz5cFLDjnKhCK8lgbYq+wVYSVcfYJXGxpCe8Hi969rLDJp6NQXvZLrdUtWN7Z43/fMvWgebqGM5dSho7xkJvJk0SLpvH0nh9mv1ijyAXA17LAwJNQPdBj5Uw==
8mwkRWLVSjjLvg6NxjvYNeVbnJYmTW1T/iBsf3sLeJYIbhCz92kYTWZPFxpOYyXSs+e3zI7hbETzBd6rubNyJ7JwI9eQ9azuyjkAZVg5B8wg7i5ErSrtrFlfzRljbkxihfiJjOz44ORrbBT5Xw==
VXnI/SfVTqYE+eBMRkH/CKKENV+otT4HnFPZUf3OQwWpUR1eWoW1kL4sTUZUDZ/h0BSnh9sCdbcb3SoCP4P70erdyylFMw/SAJ+kf/xOtEDY3t00iPgI6b5KQsjE3xY9wBx+HflU
VTzFmmidjwdnsFLstKAUhB8C/lUsQyPegz6nyzwouLlqi2kZvQaz3YkpDVZajaXonvS9jhRFLzkwrDcPW4rlD3uFmsr/y4uJyiXbIUU7Hyogx9Q3PIYEGLhmTbgOcJhRXpLygIQX5uXgZG4V+Vw=
JDCpgQQB3Nvx4+5RUJRoSF9Cvk1wHWrPljOgmCcqtLtsi2kZvQaz3YkpDVZajaXonvS9jhRFLzkwrDcPW4rlD3uFmsr/y4uJyiXbIUU7Hyogx9Q3PIYEGLhmTbsLcJFWXpLygIQX5uXgZG4V+Vw=
FN+tlmDZ86wJFhuWDQSb6sKbfmglYSg5lnoxTzrCnwi6s01Tf1G3SSVXzawXO3G7scjaFxF+dhYRIEQPa//oXusxe/DxOXOHlsTPoe+v8vcn/4Vha3yIZTjZrAyAniDU0UPqysUgFtA+TnQ9woOYdlIL+UY=
N5CBoARVrso0pgi5viBZeMOShOmVPDi0rYU57XD7tNWZFTRdmkcTGkpr2cKfn5PsajlANK/NGmv9+y6XXqiHt/RNQH52sYTl3LG7XExWyqQJcoEchZcGWScvl5KpoO2syADM9BdkEPlb
cAxfaXNN1tRJtHDJwZyyNCK8lgbYq+wVYSVcfYJXGxpCe8Hi969rLDJp6NQXvZLrdUtWN7Z43/fMvWgebqGM5dSho7xkJvJk0SLpvH0nh9+v3y/yAXA17LAwJNQPdBj5Uw==
yxG2TurPkRzMhtnkiZyAOeVbnJYmTW1T/iBsf3sLeJYIbhCz92kYTWZPFxpOYyXSs+e3zI7hbETzBd6rubNyJ7JwI9eQ9azuyjkAZVg5B8wg7i5ErSrtrFlfyx9jZ0tihfiJjOz44ORrbBT5Xw==
YTHlALReBjd9xZjEdnOWjevuwXoUnrb2XgIO6qyfaPR3HXzdFt+m9QdykaywSnJXZ9+aQSvcCIV4uazsQP6gdBFs7+oFgJaw/q50XYJjGNYSK/lm
JgHumjuzBrgILndxRyn8O7yqsJSPS7P1yaYVVrVAGlNLzKyJrn4gZD7ssLWAyjPPnEuaJR6b07DBikxAeklDrdq3h0aQCwwbXKocFIgKFX7PvMk67h5qLOS7PinQCHYZ+VA=
DTwAOa8VTQt4z+SU81t8PCK8lgbYq+wVYSVcfYJXGxpCe8Hi969rLDJp6NQXvZLrdUtWN7Z43/fMvWgebqGM5dSho7xkJvJk0SLpvH0ng9qv3i/yAXA17LAwJNQPdBj5Uw==
ePYUEYSbmG1QwjKzXql3wOVbnJYmTW1T/iBsf3sLeJYIbhCz92kYTWZPFxpOYyXSs+e3zI7hbETzBd6rubNyJ7JwI9eQ9azuyjkAZVg5B8wg7i5ErSrtrFlfzxpjZktihfiJjOz44ORrbBT5Xw==
x5vn1ldTXF3U3r7DQNBwoevuwXoUnrb2XgIO6qyfaPR3HXzdFt+m9QdykaywSnJXZ9+aQSvcCIV4uazsQP6gdBFt6OoAgJaw/q50XYJjGNYSK/lm
Q9UM+BzX3rc1BAgDs9V+IhlieU6xydiAgOp1BR/P2O7JPXj7qC5BupzC5NCI2Z3yo1B/NgMWOXIG7FO9MAzW8J7aSvXH2Y++YyYA/UI6Gv3NBOq6XBSf/geEczuqP4GGYUrv7LucHuzq7GFoFvld
UHzFZZhL6H79/xxoIh/KQC6Xiq5BSr3mhw44FG3BjuxojCAidIn5KTHC3d4+gXz6pIFz/NTGYuQhgrl8TUeR37/637JRkIVsIJBUFN8UKPlj
wlIx4OBMXqwrYUkTN6m71HpX+XqMX11JTU/MJUewXsO06hzakdSL/F19GRAAkdG0r4CIBriMXoAGeqIlf5nXjovGOO1KOhLt9WSCioTUJ65vJOvLKL8JNvmqR7zD3MYcwswZeB75VQ==
Gg7V4ulZu/js9ZZGNI0ZLiK8lgbYq+wVYSVcfYJXGxpCe8Hi969rLDJp6NQXvZLrdUtWN7Z43/fMvWgebqGM5dSho7xkJvJk0SLpvH0njt6v2i/yAXA17LAwJNQPdBj5Uw==
h5eWl6c9VgL/cK6e1htMgzty0sV73BctSXltZlq9xbheBB0elNXPiXD8F/9b+sXfuzX6Wn9bK/mK9TsRRQv/+mC3dKe8FmSoeLZtywuAtwYeIhIQBIdGFSA0DiX5bA==
DqFHZhNSRmy51dkAtqMakdWTcGVqbGogl28gRzrf2genoEIcbAygB28QxbBIfGGtsMSZHBF+dhYRIEQPa//oXusxe/DxOXOHlsTPoe+v8vcn/4Vha3yIZTjZrAyAniDU0UfrysMgFtA+TnQ9woOYdlIL+UY=
3D5K21a51/54uqpEymr1RJPKjFYjuqMrdQOBNV+W/MFunBLEHUod7Mm/+xqTxdqitdh5DLwY8KSbzET5Dw==
Q+BkRzXSyLR/drv8dgxJ1VSmdOxHYiD2jxIXm8G7PbXjLkhx2jS+ZLHiSTydZ67Zzx2OcuEwFezQ8IRU7zQ4+XM=
iDM1OK2FLD71gPCH6vSgkZGnnN2UuhSbz0oBjZY2hteWwRp2Qrkkl1yK3HQIqlWVz9wLm27+Kgzk2/6JUOg2Oflw
/4Qn3ru53MBEInuhqFDCegramqdoUR61pHWwIhoHLHa7UOsyrNdPc27K/zh4dqzg/dYYklAUf75nBJN7zz6hwcDKT6ybnD6sSmzBKDb5fQ==
gASt+o3jI4DO+Gc0bZTSeArWlqdoUR61pHWwIhoHLHa7UOsyrNdPc27K/zh4dqzg/dYYklAUf75nBJN7yzuhwMDKT6ybnD6sSmzBKDb5fQ==
2spwPKBBIOc3X2tk9tcnOBBQKIucg6GGI/BDYlSXl0NGKococHak8AW2MKII1Aduz6QLC0m5KXBYKid8I9zm3KJM+Tg++XU=
L2aBBF4NcA5qaqOaOacNEeaVuRQRLpmYkjE5jsm0zWvnQICuz4BfWkB345v6emtA5PYwGGlmjPr8tBNW01RnI3f/3Rj0mruEt3xShF4c1RAq+WE=
p88OGiG+ihcazS2w0BuLylyA37trHQb06yr3PBMBMDWwUOsyrNdPc27K/zh4dqzg/dYYklAUf75nBJN7yD6hwMDKT6ybnD6sSmzBKDb5fQ==
+ZSC3e7dKTbaok10O1gb+WtpenEZ+N2ieTpokJeQMilSapp40Xl3TwTe3M/vXglpxvIuQxZVsrISXSyDfN4UEJgu/UuKCCWffpriWERPdm0ALB4t+WQ=
78EpNrSbt8iWi2wHYbTTdC6Xiq5BSr3vjwQgVmmAjeFuiW4oNY7yJxHPsLIhhCa28twjrsauDuQhgrl8TUeQ2b/73rJRkIVsIJBUFN8UKPlj
4P07F1cfOs504kqq3yxJ+HMe0b5aCk5ohobxQ6MJzGywIV/Ujf9+UFKd1g9GlDpPII1stPAmwOyh+2hysRn2aE72tAWyu3jOIjP5fg==
R52OQ8/gaTpqqEPid/naKArWlqdoUR61pHWwIhoHLHa7UOsyrNdPc27K/zh4dqzg/dYYklAUf75nBJN7wDihx8DKT6ybnD6sSmzBKDb5fQ==
Z04g3TL+XHV0t9jc7+krteaVuRQRLpmYkjE5jsm0zWvnQICuz4BfWkB345v6emtA5PYwGGlmjPr8tBNW01RnI3T53R70mruEt3xShF4c1RAq+WE=
C7VhjhHrwJDKW74y5BJrn2X63hed5rcWYHx+YJdYMlkPfcPt46xwbzcopZIZoJ3hfmleaOUugqeBrwBycaTWtoL88+52Tp5k0SLpvH0njtmv2i7yAXA17LAwJNQPdBj5Uw==
qnmdjLJsb0XqVfSjmzw4txjah7AqUlmyoS73PBMBMDWwUOsyrNdPc27K/zh4dqzg/dYYklAUf75nBJN7zDqhxcDKT6ybnD6sSmzBKDb5fQ==
jk2RvjVJXPABDPM1wiw1amT63hed5rcWYHx+YJdYMlkPfcPt46xwbzcopZIZoJ3hfmleaOUugqeBrwBycaTWtoL88+52Tp5k0SLpvH0nhtiv2S7yAXA17LAwJNQPdBj5Uw==
qyvzPnf4Tgbhs04ANePwmgxzov9KEq4V3a2I7fXkyUM/FSaj/OPqPiQkWlTuUjEvO428sHhVf9j1264s+glWo57QClMouYz4SMJQUEmrKZ6qHQY0BgIUiUofKDIKJ/lS
miRgV/IhWMecDKnBHATPXN7lDA1OvXH5FZ1ONrmNeNmN2MlHNxk2t+T/ytoMSGqg1i5x6/PB7GSgCR98HXfemAK11icWXJrHsCUsnOAu4CTxU+ra7dHWYF7e9K0iM9gGchv5Vg==
tq5lQYkDhXxBaotY7FroLhNc/uEaYGje8sJq4FHhB+ektgx3r6ZZQSaaHlsWTYLa8nV8ezxmxHg4ho3aCZDZN95ysuCEN6ZFYMQuNfl8
KdvEWMQJjQjRigssTr1csFX41l5qXMap+XBEHsgQXbSQsfww1Gq0K0864d1WBqbHltE6RoLpxOfcOnykSFo1h8vM4Ouuroq8ZCueWRDYFin5YA==
YKCZIlcmLYCjFdfrkmDWQmT63hed5rcWYHx+YJdYMlkPfcPt46xwbzcopZIZoJ3hfmleaOUugqeBrwBycaTWtoL88+52Tp5k0SLpvH0nhtuv1i7yAXA17LAwJNQPdBj5Uw==
lk3vrZ4EHly4waiFuKbNM9/PRQUu8WUoCyLKii/40TkRWlJP6Qg+nc0aH/RgawsJEl0mIrbalKLnzp/WyUCt4Q5JjqhVThIncQ9QMkFExraSnMMupu7u5EHCWfwtB3bZn7Z+MvHQpWwA0PSUf1QI+UM=
HCsDoFQCYkYV0F96t0tPtV5S6hEjDCTLjiTy3Ck+tLtjympbtRrszsA7EVZJzaP/nuWowRoAKD5yoioAUYHHByTWzJevhpnhpjreexZtQnpy1bxbPIYEGLhmTbgJcJhXXpLygIQX5uXgZG4V+Vw=
Mk87CXksjE8zBXaprDBr4xjah7AqUlmyoS73PBMBMDWwUOsyrNdPc27K/zh4dqzg/dYYklAUf75nBJN7zzihysDKT6ybnD6sSmzBKDb5fQ==
TVm4QIt0Ya8Knm9OPzXk82T63hed5rcWYHx+YJdYMlkPfcPt46xwbzcopZIZoJ3hfmleaOUugqeBrwBycaTWtoL88+52Tp5k0SLpvH0ngdiv1i7yAXA17LAwJNQPdBj5Uw==
LGWCo0uU+nOVYNPYEoQjUN/PRQUu8WUoCyLKii/40TkRWlJP6Qg+nc0aH/RgawsJEl0mIrbalKLnzp/WyUCt4Q5JjqhVThIncQ9QMkFExraSnMMupu7u5EHCWfwtB3Xfn7Z+MvHQpWwA0PSUf1QI+UM=
tgEU6X0/GXXwrml6BtpHhIDKJjolajE/j34gBiDNlhbuokkEYE2rCCYVxbBIKDiprcjJVxdpdgcEb0pKbPiqUPY+cfvTMSzUwJmf7P3HnugipdY3Nizad1C1rAyAniDU0UfvyswhFtA+TnQ9woOYdlIL+UY=
oajKDnBMYdvyDUxlPastZYHKJjolajE/j34gBiDNlhbuokkEYE2rCCYVxbBIKDiprcjJVxdpdgcEb0pKbPiqUPY+cfvTMSzUwJmf7P3HnugipdY3Nizad1C1rAyAniDU0UDvyswhFtA+TnQ9woOYdlIL+UY=
V0TFCMaiKKIDKeK+q7cGyobKJjolajE/j34gBiDNlhbuokkEYE2rCCYVxbBIKDiprcjJVxdpdgcEb0pKbPiqUPY+cfvTMSzUwJmf7P3HnugipdY3Nizad1C1rAyAniDU0UHvyswhFtA+TnQ9woOYdlIL+UY=
6dIt03aaTpvADOtChiwQVofKJjolajE/j34gBiDNlhbuokkEYE2rCCYVxbBIKDiprcjJVxdpdgcEb0pKbPiqUPY+cfvTMSzUwJmf7P3HnugipdY3Nizad1C1rAyAniDU0UPvyswhFtA+TnQ9woOYdlIL+UY=
geZVCLTT3UGP83fm7nla7F5S6hEjDCTLjiTy3Ck+tLtjympbtRrszsA7EVZJzaP/nuWowRoAKD5yoioAUYHHByTWzJevhpnhpjreexZtQnpy1bxbPIYEGLhmTb4OcJhXXpLygIQX5uXgZG4V+Vw=
NaCnb0vpvXmaVvKhBXofv9zfEEJh+GQ7CyLKii/40TkRWlJP6Qg+nc0aH/RgawsJEl0mIrbalKLnzp/WyUCt4Q5JjqhVThIncQ9QMkFExraSnMMupu7u5EHCWfwtB3Len7Z+MvHQpWwA0PSUf1QI+UM=
XiOi1/z3cSrDZ9rpxgq+u93fEEJh+GQ7CyLKii/40TkRWlJP6Qg+nc0aH/RgawsJEl0mIrbalKLnzp/WyUCt4Q5JjqhVThIncQ9QMkFExraSnMMupu7u5EHCWfwtB3Hen7Z+MvHQpWwA0PSUf1QI+UM=
uyBuvgb6L8HzHOW/ZAwJ5trfEEJh+GQ7CyLKii/40TkRWlJP6Qg+nc0aH/RgawsJEl0mIrbalKLnzp/WyUCt4Q5JjqhVThIncQ9QMkFExraSnMMupu7u5EHCWfwtB3Den7Z+MvHQpWwA0PSUf1QI+UM=
FlGh50HqMcqJ+I7canzYldvfEEJh+GQ7CyLKii/40TkRWlJP6Qg+nc0aH/RgawsJEl0mIrbalKLnzp/WyUCt4Q5JjqhVThIncQ9QMkFExraSnMMupu7u5EHCWfwtB3/en7Z+MvHQpWwA0PSUf1QI+UM=
A8LLYYjfquVgr8cGDmWUDhNc/uEaYGje8sJq4FHhB+ektgx3r6ZZQSaaHlsWTYLa8nV8ezxmxHg4ho3YCpDRMt5xsuCEN6ZFYMQuNfl8
oVpNsyDyfZfb2t3o3fZH8wrWlqdoUR61pHWwIhoHLHa7UOsyrNdPc27K/zh4dqzg/dYYklAUf75nBJN7zTqhw8XKTKybnD6sSmzBKDb5fQ==
aECWUxuJBF6tgRAgGhWJtVX41l5qXMap+XBEHsgQXbSQsfww1Gq0K0864d1WBqbHltE6RoLpxOfcOnykSFo1jsvM6O6urYq8ZCueWRDYFin5YA==
Y85DRm+lLB63n0TKl/SCkWT63hed5rcWYHx+YJdYMlkPfcPt46xwbzcopZIZoJ3hfmleaOUugqeBrwBycaTWtoL88+52Tp5k0SLpvH0nj9uv3ivyAnA17LAwJNQPdBj5Uw==
QU8ye/Dv7joqXjt/YFy3Xxjah7AqUlmyoS73PBMBMDWwUOsyrNdPc27K/zh4dqzg/dYYklAUf75nBJN7wDuhwsXKTKybnD6sSmzBKDb5fQ==
ge+cMI2YJH2bhLfxtXkMiGf63hed5rcWYHx+YJdYMlkPfcPt46xwbzcopZIZoJ3hfmleaOUugqeBrwBycaTWtoL88+52Tp5k0SLpvH0njtuv3ivyAnA17LAwJNQPdBj5Uw==
BcCRfjyGf9yRxxvLBOftzBjah7AqUlmyoS73PBMBMDWwUOsyrNdPc27K/zh4dqzg/dYYklAUf75nBJN7yTqhwsXKTKybnD6sSmzBKDb5fQ==
YXBM0Xdm20CpP7iyU97dR2T63hed5rcWYHx+YJdYMlkPfcPt46xwbzcopZIZoJ3hfmleaOUugqeBrwBycaTWtoL88+52Tp5k0SLpvH0nh9qv3ivyAnA17LAwJNQPdBj5Uw==
VHi6gb2/sBBFHEXoLdRiLhjah7AqUlmyoS73PBMBMDWwUOsyrNdPc27K/zh4dqzg/dYYklAUf75nBJN7yDqhwsXKTKybnD6sSmzBKDb5fQ==
UQUouzXK+AWlSH/zdUX4g2f63hed5rcWYHx+YJdYMlkPfcPt46xwbzcopZIZoJ3hfmleaOUugqeBrwBycaTWtoL88+52Tp5k0SLpvH0nhtqv3ivyAnA17LAwJNQPdBj5Uw==
ebA2g/b4LSxavydB+ZCiYxjah7AqUlmyoS73PBMBMDWwUOsyrNdPc27K/zh4dqzg/dYYklAUf75nBJN7yzqhwsXKTKybnD6sSmzBKDb5fQ==
l0fbuPaP1FWT9M8Md36XT2T63hed5rcWYHx+YJdYMlkPfcPt46xwbzcopZIZoJ3hfmleaOUugqeBrwBycaTWtoL88+52Tp5k0SLpvH0nhdqv3ivyAnA17LAwJNQPdBj5Uw==
AnKy9Sw3URuuRWNTxijofhjah7AqUlmyoS73PBMBMDWwUOsyrNdPc27K/zh4dqzg/dYYklAUf75nBJN7yjqhwsXKTKybnD6sSmzBKDb5fQ==
t4YYYfs5WP3JD4ATCgrYw2f63hed5rcWYHx+YJdYMlkPfcPt46xwbzcopZIZoJ3hfmleaOUugqeBrwBycaTWtoL88+52Tp5k0SLpvH0nhNqv3ivyAnA17LAwJNQPdBj5Uw==
AnKy9Sw3URuuRWNTxijofhjah7AqUlmyoS73PBMBMDWwUOsyrNdPc27K/zh4dqzg/dYYklAUf75nBJN7yjqhwsXKTKybnD6sSmzBKDb5fQ==
nv+WoeYE0dbfMFKbI5rKM2T63hed5rcWYHx+YJdYMlkPfcPt46xwbzcopZIZoJ3hfmleaOUugqeBrwBycaTWtoL88+52Tp5k0SLpvH0nhNqv3ivyAnA17LAwJNQPdBj5Uw==
cpR58Zv9dxKhbTU+DOcvXRjah7AqUlmyoS73PBMBMDWwUOsyrNdPc27K/zh4dqzg/dYYklAUf75nBJN7zDqhwsXKTKybnD6sSmzBKDb5fQ==
1U1qR5Hn9xJ3W5AcztZa5mf63hed5rcWYHx+YJdYMlkPfcPt46xwbzcopZIZoJ3hfmleaOUugqeBrwBycaTWtoL88+52Tp5k0SLpvH0ngtqv3ivyAnA17LAwJNQPdBj5Uw==
aeuVUkYbCqS4X0mp+7h5qBjah7AqUlmyoS73PBMBMDWwUOsyrNdPc27K/zh4dqzg/dYYklAUf75nBJN7zjqhwsXKTKybnD6sSmzBKDb5fQ==
cG45bKc4w/eTx5BGyEKN/mT63hed5rcWYHx+YJdYMlkPfcPt46xwbzcopZIZoJ3hfmleaOUugqeBrwBycaTWtoL88+52Tp5k0SLpvH0ngNqv3ivyAnA17LAwJNQPdBj5Uw==
EW4JlS0tMysB/8Bj5/FKYxjah7AqUlmyoS73PBMBMDWwUOsyrNdPc27K/zh4dqzg/dYYklAUf75nBJN7wDqhwsXKTKybnD6sSmzBKDb5fQ==
cytVwOSETGWvybURM7C152f63hed5rcWYHx+YJdYMlkPfcPt46xwbzcopZIZoJ3hfmleaOUugqeBrwBycaTWtoL88+52Tp5k0SLpvH0njtqv3ivyAnA17LAwJNQPdBj5Uw==
EW4JlS0tMysB/8Bj5/FKYxjah7AqUlmyoS73PBMBMDWwUOsyrNdPc27K/zh4dqzg/dYYklAUf75nBJN7wDqhwsXKTKybnD6sSmzBKDb5fQ==
dpA22jZg3O2jOe4A/kKFs2T63hed5rcWYHx+YJdYMlkPfcPt46xwbzcopZIZoJ3hfmleaOUugqeBrwBycaTWtoL88+52Tp5k0SLpvH0njtqv3ivyAnA17LAwJNQPdBj5Uw==
EecyM8C3pTiRqseq6uYLUBjah7AqUlmyoS73PBMBMDWwUOsyrNdPc27K/zh4dqzg/dYYklAUf75nBJN7yTmhwsXKTKybnD6sSmzBKDb5fQ==
7PXxCh8yxPQMHkDocJb4gGf63hed5rcWYHx+YJdYMlkPfcPt46xwbzcopZIZoJ3hfmleaOUugqeBrwBycaTWtoL88+52Tp5k0SLpvH0nh9mv3ivyAnA17LAwJNQPdBj5Uw==
ZUss8QjutSmVG4LO0aIDgRjah7AqUlmyoS73PBMBMDWwUOsyrNdPc27K/zh4dqzg/dYYklAUf75nBJN7yDmhwsXKTKybnD6sSmzBKDb5fQ==
Pw612AAFFfuLGR/iaYUtnmT63hed5rcWYHx+YJdYMlkPfcPt46xwbzcopZIZoJ3hfmleaOUugqeBrwBycaTWtoL88+52Tp5k0SLpvH0nhtmv3ivyAnA17LAwJNQPdBj5Uw==
jCGRBSJnca/Y2oEWQlCNNRjah7AqUlmyoS73PBMBMDWwUOsyrNdPc27K/zh4dqzg/dYYklAUf75nBJN7yjmhwsXKTKybnD6sSmzBKDb5fQ==
eiKgJ2fNn8Pgsa1pjDws6mf63hed5rcWYHx+YJdYMlkPfcPt46xwbzcopZIZoJ3hfmleaOUugqeBrwBycaTWtoL88+52Tp5k0SLpvH0nhNmv3ivyAnA17LAwJNQPdBj5Uw==
tjBzMlnvSfIi3ikuVbVDlxjah7AqUlmyoS73PBMBMDWwUOsyrNdPc27K/zh4dqzg/dYYklAUf75nBJN7zTmhwsXKTKybnD6sSmzBKDb5fQ==
UvUu+ufcnkpESwV2maq+2WT63hed5rcWYHx+YJdYMlkPfcPt46xwbzcopZIZoJ3hfmleaOUugqeBrwBycaTWtoL88+52Tp5k0SLpvH0ng9mv3ivyAnA17LAwJNQPdBj5Uw==
uJ1U44rdvyTpNRMGjvMe6yWmiwCb6eUWbGdWNJBLGwkCfdbi5rokIndu75YZoJ3hfmleaOUugqeBrwBycaTWtoL88+52Tp5k0SLpvH0ngdmv3ivyAnA17LAwJNQPdBj5Uw==
Dk6i5AgR/gD0yfbVOzIRBBjah7AqUlmyoS73PBMBMDWwUOsyrNdPc27K/zh4dqzg/dYYklAUf75nBJN7yTihwcXKTKybnD6sSmzBKDb5fQ==
ZCPqbMJfK9LBj9wDoRf6FWT63hed5rcWYHx+YJdYMlkPfcPt46xwbzcopZIZoJ3hfmleaOUugqeBrwBycaTWtoL88+52Tp5k0SLpvH0nh9iv3SvyAnA17LAwJNQPdBj5Uw==
ANcSuJ0G9t4Vhv4RB03lxwxzov9KEq4V3a2I7fXkyUM/FSaj/OPqPiQkWlTuUjEvO428sHhVf9j1264s+glWo57QClMouYz4SMJQUEmtKJ6vGAY3BgIUiUofKDIKJ/lS
88NfQfkzRMCAkHO3iuqUBhjah7AqUlmyoS73PBMBMDWwUOsyrNdPc27K/zh4dqzg/dYYklAUf75nBJN7zz+hwcXKTKybnD6sSmzBKDb5fQ==
GlkbB3FZ0zxjbFowKsLeuWT63hed5rcWYHx+YJdYMlkPfcPt46xwbzcopZIZoJ3hfmleaOUugqeBrwBycaTWtoL88+52Tp5k0SLpvH0ngd+v3SvyAnA17LAwJNQPdBj5Uw==
ySBNTWyol2ib40k41OGBhSWmiwCb6eUWbGdWNJBLGwkCfdbi5rokIndu75YZoJ3hfmleaOUugqeBrwBycaTWtoL88+52Tp5k0SLpvH0nj9+v3SvyAnA17LAwJNQPdBj5Uw==
5rNY5uM0ohLwtxsbrNDCbxjah7AqUlmyoS73PBMBMDWwUOsyrNdPc27K/zh4dqzg/dYYklAUf75nBJN7yTuhwMXKTKybnD6sSmzBKDb5fQ==
zcJ0c5ccgzNkjyn8ef3tKmT63hed5rcWYHx+YJdYMlkPfcPt46xwbzcopZIZoJ3hfmleaOUugqeBrwBycaTWtoL88+52Tp5k0SLpvH0nh9uv3CvyAnA17LAwJNQPdBj5Uw==
bmYMo2oZAw2SmXnX/cm8jRNc/uEaYGje8sJq4FHhB+ektgx3r6ZZQSaaHlsWTYLa8nV8ezxmxHg4ho3bD5DSMt5xsuCEN6ZFYMQuNfl8
mWOxi1NXDavaJfAdT/5BiOaVuRQRLpmYkjE5jsm0zWvnQICuz4BfWkB345v6emtA5PYwGGlmjPr8tBNW01RnI3b+3RjxmriEt3xShF4c1RAq+WE=
y51pFwzJxoTWc9P+e8eLPlyH37trHQb06yr3PBMBMDWwUOsyrNdPc27K/zh4dqzg/dYYklAUf75nBJN7wT6hwMXKTKybnD6sSmzBKDb5fQ==
F86hmX/eQcgg47tRcRAtp2Vyf2MZ+N2ieTpokJeQMilSapp40Xl3TwTe3M/vXglpxvIuQxZVsrISXSyDfN4UEJgu/UWKCCWafpniWERPdm0ALB4t+WQ=
wXK6MQsT/KlKBkiFh+zUni6Xiq5BSr3vjwQgVmmAjeFuiW4oNY7yJxHPsLIhhCa28twjrsauDuQhgrl8TUeV2b/727JSkIVsIJBUFN8UKPlj
WNSgOeHM849PiZTA28Gyu2T63hed5rcWYHx+YJdYMlkPfcPt46xwbzcopZIZoJ3hfmleaOUugqeBrwBycaTWtoL88+52Tp5k0SLpvH0ng9+v2ivyAnA17LAwJNQPdBj5Uw==
GM4zUbW5BVLcGmQQkUCKQRjah7AqUlmyoS73PBMBMDWwUOsyrNdPc27K/zh4dqzg/dYYklAUf75nBJN7zT+hxsXKTKybnD6sSmzBKDb5fQ==
KG9FevtibRM2qqx0CB3AHWX63hed5rcWYHx+YJdYMlkPfcPt46xwbzcopZIZoJ3hfmleaOUugqeBrwBycaTWtoL88+52Tp5k0SLpvH0ng9+v2ivyAnA17LAwJNQPdBj5Uw==
ynabnu7eTg6B6WvOU2t/+hjah7AqUlmyoS73PBMBMDWwUOsyrNdPc27K/zh4dqzg/dYYklAUf75nBJN7zD+hxsXKTKybnD6sSmzBKDb5fQ==
jR+BPjsMeOVyJCanpcc2E2T63hed5rcWYHx+YJdYMlkPfcPt46xwbzcopZIZoJ3hfmleaOUugqeBrwBycaTWtoL88+52Tp5k0SLpvH0ngd+v2ivyAnA17LAwJNQPdBj5Uw==
CEiyt8OxjeJ6VQBS6p78qgxzov9KEq4V3a2I7fXkyUM/FSaj/OPqPiQkWlTuUjEvO428sHhVf9j1264s+glWo57QClMouYz4SMJQUEmvL56oGAY3BgIUiUofKDIKJ/lS
/p/qdOLYr8dD/VMnyb7tukp5MSbIgj2MyxnLroAHq0yETTe+vZzy35GJiOm0ShR+bnJdit2eG7R3wRQ9nKBXSig3Cyty2pNwnPbIKBHGBEqUdPtG23S/c+x5RU2perCUn7z69Nb8bWAS+Vk=
CpMpm+jQyfhwcozAqywdaxjah7AqUlmyoS73PBMBMDWwUOsyrNdPc27K/zh4dqzg/dYYklAUf75nBJN7yjmhxcXKTKybnD6sSmzBKDb5fQ==
eC1MsKB1N8GynWzv0PdYPko/8Yw3Grv0V8F0fXwgN4oINyvr0lpzsPz2KGhxRqQKtHTbBjv037MLeWWNCfoQVP+8GrS2fM0gMvl5
XODh7y2Z6zV90mSTKpaSOlX41l5qXMap+XBEHsgQXbSQsfww1Gq0K0864d1WBqbHltE6RoLpxOfcOnykSFo1gcjM7+6urYq8ZCueWRDYFin5YA==
ZyzxYlyGKppwNGPvsB+Fw2T63hed5rcWYHx+YJdYMlkPfcPt46xwbzcopZIZoJ3hfmleaOUugqeBrwBycaTWtoL88+52Tp5k0SLpvH0ngNiv2SvyAnA17LAwJNQPdBj5Uw==
7DVrazxw+OBr8Fe2EDo2zSWmiwCb6eUWbGdWNJBLGwkCfdbi5rokIndu75YZoJ3hfmleaOUugqeBrwBycaTWtoL88+52Tp5k0SLpvH0ngN6v2SvyAnA17LAwJNQPdBj5Uw==
JoN357cShp2vpBHT817VVRNc/uEaYGje8sJq4FHhB+ektgx3r6ZZQSaaHlsWTYLa8nV8ezxmxHg4ho3cCpDWMt5xsuCEN6ZFYMQuNfl8
C6jlxTBBBNkFqBqMd+dC3grWlqdoUR61pHWwIhoHLHa7UOsyrNdPc27K/zh4dqzg/dYYklAUf75nBJN7wDqhxMXKTKybnD6sSmzBKDb5fQ==
kubWj9oSSYZF/Gt4kk3E0+aVuRQRLpmYkjE5jsm0zWvnQICuz4BfWkB345v6emtA5PYwGGlmjPr8tBNW01RnI3D73RPxmriEt3xShF4c1RAq+WE=
p+CaqUGCDPNPy3kS6AMjWmX63hed5rcWYHx+YJdYMlkPfcPt46xwbzcopZIZoJ3hfmleaOUugqeBrwBycaTWtoL88+52Tp5k0SLpvH0ngdqv1yvyAnA17LAwJNQPdBj5Uw==
FxFf07meWWqa3gXDxMXIhaz28N7cRLO83qcpG/BXCVpJwbuTrilwbXqssLLCznLMkU2faxTa1LvPqkEtFlZG95bh2hbCGWR3XKocFIgKFXLJvME+7h1qLOS7PinQCHYZ+VA=
0X8sQA/QUrHRSOJIDEKzf97iDA1OvXH5FZ1ONrmNeNmN2MlHNxk2t+T/ytoMSGqg1i5x6/PB7GSgCR98HXfemAK11icWXJrHsCUsnOAu4CTxXOja7dTWY17e9K0iM9gGchv5Vg==
vM3gN+vKXldPZnDbOsv3DxNc/uEaYGje8sJq4FHhB+ektgx3r6ZZQSaaHlsWTYLa8nV8ezxmxHg4ho3eD5DZMt5xsuCEN6ZFYMQuNfl8
MiAptmJHF9TEg7RcJNnIywrWlqdoUR61pHWwIhoHLHa7UOsyrNdPc27K/zh4dqzg/dYYklAUf75nBJN7yzmhysXKTKybnD6sSmzBKDb5fQ==
EmFSGjAYXR5JuQY9246OMgrWlqdoUR61pHWwIhoHLHamUOQyqN5Nc27K/zh4eazk9NQYklAUf75nBJN7wD+hysXKTKybnD6sSmzBKDb5fQ==
b9Nombo2AoiOjfn7yokLs5GnnN2UtRSfxkgBjZY2hteZwR5/QLkkl1yK3HQIqlWQydwJn279Kgzk2/6JUOg2Oflw
XXy672VxExMpXhQgD5uizQrWlqdoUR61pHWwIhoHLHa7UOQyqN5Nc27K/zh4eazk9NQYklAUf75nBJN7wTmhw8TKTKybnD6sSmzBKDb5fQ==
xt5H1lPFTcy3F90D+W7pi+aVuRQRLpmYkjE5jsm0zWvnQICuz4BQWkR+4Zv6emtA5PkwHGBkjPr8tBNW01RnI3D43RvwmriEt3xShF4c1RAq+WE=
ekQSMX9eDIn27Vka0sPMk1yA37trHQb06yr3PBMBMDWwUOQyqN5Nc27K/zh4eazk9NQYklAUf75nBJN7yD6hw8TKTKybnD6sSmzBKDb5fQ==
H8/6/XysdBkv9F4tg79AQmtpenEZ+N2ieTpokJeQMilSapp40Xl3TwTR3MvmXAlpxvIuQxlVtrsQXSyDfN4UEJgu/UeLCCCbfpniWERPdm0ALB4t+WQ=
2xq8adMWF9fyNLvtsgwOXC6Xiq5BSr3vjwQgVmmAjeFuiW4oOo72LhPPsLIhhCa58tgqrMauDuQhgrl8TUeQ27/+2rJSkIVsIJBUFN8UKPlj
jAw9/qNL2zZUYQLVDMB7YWT63hed5rcWYHx+YJdYMlkPfcPt46xwbzcopZIZoJ3hfmleaOouhq6DrwBycaTWuYL4+ux2Tp5k0SLpvH0ng9+v3iryAnA17LAwJNQPdBj5Uw==
HFzGP+ZHkQ3JOPXNWaM8Rt7lDA1OvXH5FZ1ONrmNeNmN2MlHNxk2t+T/ytoMSGqg1i5x6/PB7GugDRZ+HXfemAK12ScSVZjHsCUsnOAu4CTxV+va59XWY17e9K0iM9gGchv5Vg==
4ODsO3G28HjdKLojgfJcnhNc/uEaYGje8sJq4FHhB+ekuQxzpqRZQSaaHlsZTYbT8HV8ezxmxHg4ho3fC5DTM95xsuCEN6ZFYMQuNfl8
38Y+86VUW+nDSPMJmHdh0+aVuRQRLpmYkjE5jsm0zWvnQICuz4BQWkR+4Zv6emtA5PkwHGBkjPr8tBNW01RnI3X63RnwmriEt3xShF4c1RAq+WE=
gsnvIRgNvQBNUrwFpPqed2X63hed5rcWYHx+YJdYMlkPfcPt46xwbzcopZIZoJ3hfmleaOouhq6DrwBycaTWuYL4+ux2Tp5k0SLpvH0nhNqv3SryAnA17LAwJNQPdBj5Uw==
Av8T/mLctFd00pyE43QmZN7lDA1OvXH5FZ1ONrmNeNmN2MlHNxk2t+T/ytoMSGqg1i5x6/PB7GugDRZ+HXfemAK12ScSVZjHsCUsnOAu4CTxXera59XWY17e9K0iM9gGchv5Vg==
jJwVC6EZ39FzQ/e/0vJCVBNc/uEaYGje8sJq4FHhB+ekuQxzpqRZQSaaHlsZTYbT8HV8ezxmxHg4ho3YCZDTM95xsuCEN6ZFYMQuNfl8
HOFIhYyNc+gMD5fi5hGWMeaVuRQRLpmYkjE5jsm0zWvnQICuz4BQWkR+4Zv6emtA5PkwHGBkjPr8tBNW01RnI3D53RjwmriEt3xShF4c1RAq+WE=
wFhzxMGXkzEmoLqlM3TpJlyH37trHQb06yr3PBMBMDWwUOQyqN5Nc27K/zh4eazk9NQYklAUf75nBJN7wDmhwMTKTKybnD6sSmzBKDb5fQ==
CH7j914erQCh4/HSxUeTkWVyf2MZ+N2ieTpokJeQMilSapp40Xl3TwTR3MvmXAlpxvIuQxlVtrsQXSyDfN4UEJgu/UaICCKbfpniWERPdm0ALB4t+WQ=
NMls2JHgv3z5MuyZrJYg1S6Xiq5BSr3vjwQgVmmAjeFuiW4oOo72LhPPsLIhhCa58tgqrMauDuQhgrl8TUeR2L/82rJSkIVsIJBUFN8UKPlj
fvFZzKH2amU878hyGz16wGL63hed5rcWYHx+YJdYMlkPfcPt46xwbzcopZIZoJ3hfmleaOouhq6DrwBycaTWuYL4+ux2Tp5k0SLpvH0nh96v3CryAnA17LAwJNQPdBj5Uw==
Yr7he4H+WuQrm+Er7uyocN7iDA1OvXH5FZ1ONrmNeNmN2MlHNxk2t+T/ytoMSGqg1i5x6/PB7GugDRZ+HXfemAK12ScSVZjHsCUsnOAu4CTxUeva4dXWY17e9K0iM9gGchv5Vg==
NZu0sPylqDPrGw2YYCklJhjah7AqUlmyoS73PBMBMDWwUOQyqN5Nc27K/zh4eazk9NQYklAUf75nBJN7zjuhx8TKTKybnD6sSmzBKDb5fQ==
vrkLNcK4yNG16kOs5YHCZWP63hed5rcWYHx+YJdYMlkPfcPt46xwbzcopZIZoJ3hfmleaOouhq6DrwBycaTWuYL4+ux2Tp5k0SLpvH0nh9qv2yryAnA17LAwJNQPdBj5Uw==
MAuCM/TTZ0i1b3MGqGusEt7iDA1OvXH5FZ1ONrmNeNmN2MlHNxk2t+T/ytoMSGqg1i5x6/PB7GugDRZ+HXfemAK12ScSVZjHsCUsnOAu4CTxXera4dXWY17e9K0iM9gGchv5Vg==
wHIKH9XCZJ9dpH2FBK5FrhlX/uEaYGje8sJq4FHhB+ekuQxzpqRZQSaaHlsZTYbT8HV8ezxmxHg4ho3cCZDVM95xsuCEN6ZFYMQuNfl8
56hGezUmV4Jc55lwTtb8gRNc/uEaYGje8sJq4FHhB+ekuQxzpqRZQSaaHlsZTYbT8HV8ezxmxHg4ho3SCZDVM95xsuCEN6ZFYMQuNfl8
CAzZ3qTyLkC4PiHkYDJCJMYhfYohNG3BbA02tjiRTGC4inBoGUWoRpgR5k+WqlSROteIitpP+Qo=
yVagpHKcUXqkCioZWj332R+79mfNZNRZwG6jfXfs7D11oQUGLX/Qt44wjDP8LnSgWH4dUY4YREs+KQIoxP/WnUD8Pj35dA==
afKiWDhr9mE2RyGfebo7nAZ077XPFOFqzVrLX/Qwse5aXbzhyv9rjdBuHtLj/sak6TLhnCXXK1hHaXISCmDNrOjArHT3JDD5ew==
dYwkBzSQZ99WzDqI5d/G9qJyfyEUbixddtYDQc60xFJVZ+cNXPaKoheWWgRVmrVMUS9kmAtRRkLeCDHM9OiYROM8PPl3
7RgTxOjj+0peH7etEF8vUGwZwKtaTApugcC8Ba5AxXb0JFnfzsdOWFnI7TUEwWZSII1stPAmwOyh/m9ysx32a072tAWyu3jOIjP5fg==
+xl5mpgvbKZP+S9xoBAVNlQKcIDdzP7IYflZJlGRnAB+Go8jJU2eslDqLaII1Aduz6QLC0S/KXVcKiR8I9zm3KJM+Tg++XU=
W9BXTGwExHJc+o6bXtQNwF/jciGnl64XbCeC8bFQfgT1wBmjv4pTqFl1fMLhEQxgrtrfwzVNjtKAqn1CmFS3Dj/kO+s0uxlUrGqU3FNcdnxyDCkYLvll
cj4NYO2wcaBwwLM7rSg43UsoNjBRZ30tSuLNrEQXc+HrsvZbLLXCJQx6b4K3t0BmifnSPUZ2vZqt42hr/iy0LxxyzHwo4qUHSkR+V071OnQkY24BMCAGIflo
RROFv3hCQSoJHG7Qg9nFOuYoJypVIXMbPNIDQc60xFJVZ+cNXPaKoheWWgRVmrVMUS9imQtQRkLeCDHM9OiYROM8PPl3
NfIgd4oNDxCcSxlEYLNtsqJ1fyEUbixddtYDQc60xFJVZ+cNXPaKoheWWgRVmrVMUS9lmQtQRkLeCDHM9OiYROM8PPl3
T6FDSjsuThJBDJxm8YWMH2ICxblaTApugcC8Ba5AxXb0JFnfzsdOWFnI7TUEwWZSII1stPAmwOyh/Whysh32a072tAWyu3jOIjP5fg==
qKOwURXUpSrFvb2vLaYCRlQKcIDdzP7IYflZJlGRnAB+Go8jJU2eslDqLaII1Aduz6QLC0S4KXRcKiR8I9zm3KJM+Tg++XU=
06DPkgDYYEgvBVXjzmKS1F7jciGnl64XbCeC8bFQfgT1wBmjv4pTqFl1fMLhEQxgrtrfwzVNjtKAqn1CmFS3Dj/kO+s3vxlUrGqU3FNcdnxyDCkYLvll
/zNlAZ202uX95Rk4wKB9HUsvNjBRZ30tSuLNrEQXc+HrsvZbLLXCJQx6b4K3t0BmifnSPUZ2vZqt42hr/iy0LxxyzHwo4qUHTkR+V071OnQkY24BMCAGIflo
jAVJ99IpnM2ydvr2v9LljBsGeoRzoG/BpOwZF57vbnBJwO09FOlGenBFLHygjmBEMXXr+i21VsMePvTN4pNY5jI7+XY=
3pmCs4sjSaYfUsadymWuW/ni0G1WnfHxW1lJ9KWZdLdhHXzdFt+m9QdykaywSnJXZ9+aQSvcCIV4uazsQP6gdBFl6uoBhpaz/q50XYJjGNYSK/lm
plqAg0muQd2K8CBwUNufOlqx8W/RY9QJxGG8O2bsqRkGog5TGUWW69AtjDP8LnSgWH4dVo4YSUg+KQIoxP/WnUD8Pj35dA==
2VS8uRsTNxzX87uvc2c0V1X41l5qXMap+XBEHsgQXbSQsfww1GW0L0Y44d1WBqbHmdE+T4DpxOfcOnykSFo1gs7M4eyurYq8ZCueWRDYFin5YA==
efEvhRAidcQHzQH5r0h3d2f63hed5rcWYHx+YJdYMlkPfcPt46xwbzcopZIZoJ3hfmleaOouhq6DrwBycaTWuYL4+ux2Tp5k0SLpvH0ng96v1ynyAnA17LAwJNQPdBj5Uw==
T3MxDc1TdGWWSpfYHp3L+Bjah7AqUlmyoS73PBMBMDWwUOQyqN5Nc27K/zh4eazk9NQYklAUf75nBJN7zz6hy8fKTKybnD6sSmzBKDb5fQ==
QVMMvpyghrgStDw6IaKnfmT63hed5rcWYHx+YJdYMlkPfcPt46xwbzcopZIZoJ3hfmleaOouhq6DrwBycaTWuYL4+ux2Tp5k0SLpvH0ngd6v1ynyAnA17LAwJNQPdBj5Uw==
OXid5l7fT8T6g7EhfmdRtRjah7AqUlmyoS73PBMBMDWwUOQyqN5Nc27K/zh4eazk9NQYklAUf75nBJN7wT6hy8fKTKybnD6sSmzBKDb5fQ==
ZMY3ta3rVYj4NAeF4IzR3mX63hed5rcWYHx+YJdYMlkPfcPt46xwbzcopZIZoJ3hfmleaOouhq6DrwBycaTWuYL4+ux2Tp5k0SLpvH0nj96v1ynyAnA17LAwJNQPdBj5Uw==
KgCyvLKsB6llTdpd7wc4axjah7AqUlmyoS73PBMBMDWwUOQyqN5Nc27K/zh4eazk9NQYklAUf75nBJN7wD6hy8fKTKybnD6sSmzBKDb5fQ==
v/IhmkS82ZLU0XAguX+LMWL63hed5rcWYHx+YJdYMlkPfcPt46xwbzcopZIZoJ3hfmleaOouhq6DrwBycaTWuYL4+ux2Tp5k0SLpvH0njt6v1ynyAnA17LAwJNQPdBj5Uw==
ldfbwgqEHJEO4wBgpUSS9Bjah7AqUlmyoS73PBMBMDWwUOQyqN5Nc27K/zh4eazk9NQYklAUf75nBJN7yTuhysfKTKybnD6sSmzBKDb5fQ==
TqZ3sKvTDaGGobJPczlhF2P63hed5rcWYHx+YJdYMlkPfcPt46xwbzcopZIZoJ3hfmleaOouhq6DrwBycaTWuYL4+ux2Tp5k0SLpvH0nh9uv1inyAnA17LAwJNQPdBj5Uw==
CCvxEt2D6Wh0fzNE/Dy74Bjah7AqUlmyoS73PBMBMDWwUOQyqN5Nc27K/zh4eazk9NQYklAUf75nBJN7yDuhysfKTKybnD6sSmzBKDb5fQ==
M13avAXTqPcmoJ+mDKSjTGD63hed5rcWYHx+YJdYMlkPfcPt46xwbzcopZIZoJ3hfmleaOouhq6DrwBycaTWuYL4+ux2Tp5k0SLpvH0nhtuv1inyAnA17LAwJNQPdBj5Uw==
IoESfPj4tsRt3yrdtRG5YBNc/uEaYGje8sJq4FHhB+ekuQxzpqRZQSaaHlsZTYbT8HV8ezxmxHg4ho3eCpDYMN5xsuCEN6ZFYMQuNfl8
uaHnfVtMtXonkmpUxA5ClR/AmqduFRH0uGqwIhoHLHa7UOQyqN5Nc27K/zh4eazk9NQYklAUf75nBJN7yzmhysfKTKybnD6sSmzBKDb5fQ==
gb+J1dfCDVVMxie0UVW2c02pLjejjfEBdza14aZQFUfxzliyoodU5hMwPILgHgUjlurXyGB5tJTc9GBCmFS3Dj/kO+s4uBlar2qU3FNcdnxyDCkYLvll
HkQmJvmPEtjHkMKBG3GbTzYb8lsJybyB7ruW+Q+GsZBoDqL7z0sa3ZN4+MmwjcwQWPqwGPk5rzZ0YiY/dtrU4dqnSPo6P/l6
UNFqnx+v9hqVHok4MUA6zE4GKNuYjL7AZvoCZV+Zt04rRpgtKjryrVXkIspk1Aduz6QLC0S+KXNeKiR8I9zm3KJM+Tg++XU=
YWQ317hePrS0R2higbV3awUz2cF1LwrYWhKyrJTUlPIAYVWJ3apJbqp54Ho4+edMQC4ORI3qTSz5n+Ieg6cs4ma46YwMuEBkyyw0+X8=
HDEUa0enjDvdyuuw10EEspGnnN2UuhSbz0oBjZY2hteWwRp2Qrkkl1yK3HQIqlWeytwMnW79Kgzk2/6JUOg2Oflw
ZqlkPuZCJKxi37ymD1lRJ+aVuRQRLpmYkjE5jsm0zWvnQICuz4BfWkB345v6emtA5PYwGGlmjPr8tBNW01RnI3f53R7ymriEt3xShF4c1RAq+WE=
wkToIqMfj4Fh0GzzNPGZiF730UNyQdH9qXwWSIYeUryRvb871Gq0K0864d1WBqbHltE6RoLpxOfcOnykSFo1gcjM7O2urYq8ZCueWRDYFin5YA==
P03FRzX7avh/tfLt2wxdS3DswxqtpTpZN43rjTt8OC//mN0y8TAFYeb59ohdXkpnyf/YUhmULrb6zBvOLp5WJJnSUdzVtx5YN0lAUvrAfSx4YHw0JwQg+Ws=
P7O7C1pswodzWy842txrCCT+KJga4NkYpYI1LL6JvRB/AErRmtLJElFup9wjAcAV4JBbUjxXP9O+is/YaHa8gM0WSDKglO9e10RDW74/kaUWCjwMCxyOTBosMQgm+W0=
2OVuXeVcMaQbycKRMz6wNU2iNTqmjakad3Oo6+ISEUL5jh+sq4FIpRgwM4LkFwcjlurXyGB2tJDV9mBCmFS3Dj/kO+swvhlVrmqU3FNcdnxyDCkYLvll
YtpM1IcTdu/EZ3epC/NP+BNc/uEaYGje8sJq4FHhB+ektgx3r6ZZQSaaHlsWTYLa8nV8ezxmxHg4ho3eDpDXMd5xsuCEN6ZFYMQuNfl8
ZqcSJ2gfdcn/KkY98wk5eArWlqdoUR61pHWwIhoHLHa7UOsyrNdPc27K/zh4dqzg/dYYklAUf75nBJN7wDmhxMbKTKybnD6sSmzBKDb5fQ==
hk3raL7TWYzxIuvvQJEILeaVuRQRLpmYkjE5jsm0zWvnQICuz4BfWkB345v6emtA5PYwGGlmjPr8tBNW01RnI3L73RLymriEt3xShF4c1RAq+WE=
1nDVk8RdNrUgE0tYX1UNb1730UNyQdH9qXwWSIYeUryRvb871Gq0K0864d1WBqbHltE6RoLpxOfcOnykSFo1hsrM4O2urYq8ZCueWRDYFin5YA==
ziINnx2KMfHQux+VhC078hyf0mhunc0eubjtReSRpgKAPewEUPaAPMEJaYLXyLa77kY0tRLruJ7CQ/kO
HhblR8a8ZP2QRe4xEJDw3T4U+RJa3rqcqLiLoQaGtrMnV73nwURtsYx99sbY4cwQWPqwGPk1qTZ/ZCY/dtrU4dqnSPo6P/l6
EBY7X/GVNY3DaLdCFUXQcVzjciGnl64XbCeC8bFQfgT1wBmjv4pTqFl1fMLhEQxgrtrfwzVNjtKAqn1CmFS3Dj/kO+s0uRlRqWqU3FNcdnxyDCkYLvll
GBsX3yHeqA9ub43WOkJS7uYoJypVIXMbPNIDQc60xFJVZ+cNXPaKoheWWgRVmrVMUS9lmQtVQ0LeCDHM9OiYROM8PPl3
Q6t3WyGZvD2VSwMnOqAtZF/jciGnl64XbCeC8bFQfgT1wBmjv4pTqFl1fMLhEQxgrtrfwzVNjtKAqn1CmFS3Dj/kO+s3uRlRqWqU3FNcdnxyDCkYLvll
dl72+RI9CcvD4NPPXhIsl+YoJypVIXMbPNIDQc60xFJVZ+cNXPaKoheWWgRVmrVMUS9rmQtVQ0LeCDHM9OiYROM8PPl3
OjTOFYNuPefoAwQdoQTOnl/jciGnl64XbCeC8bFQfgT1wBmjv4pTqFl1fMLhEQxgrtrfwzVNjtKAqn1CmFS3Dj/kO+s5uRlRqWqU3FNcdnxyDCkYLvll
t34QBDeFDi0KN8JPxHFMWuYoJypVIXMbPNIDQc60xFJVZ+cNXPaKoheWWgRVmrVMUS9qmQtVQ0LeCDHM9OiYROM8PPl3
BuLhCVxEM5XHQQLogqR0lV7jciGnl64XbCeC8bFQfgT1wBmjv4pTqFl1fMLhEQxgrtrfwzVNjtKAqn1CmFS3Dj/kO+s4uRlRqWqU3FNcdnxyDCkYLvll
oHE/QhJhEI892z4/i3+FheYoJypVIXMbPNIDQc60xFJVZ+cNXPaKoheWWgRVmrVMUS9imAtVQ0LeCDHM9OiYROM8PPl3
2FHRsQRRA/UtOLtm7zGUNFnjciGnl64XbCeC8bFQfgT1wBmjv4pTqFl1fMLhEQxgrtrfwzVNjtKAqn1CmFS3Dj/kO+swuBlRqWqU3FNcdnxyDCkYLvll
rguqRtVWfsGJSMOwbckDlVqx8W/RY9QJxGG8O2bsqRkGog5TGUWW69AtjDP8LnSgWH4dVo8YQ04+KQIoxP/WnUD8Pj35dA==
fRY7L4Um0WTLp1bsBKWOnlX41l5qXMap+XBEHsgQXbSQsfww1GW0L0Y44d1WBqbHmdE+T4DpxOfcOnykSFo1gs/M6+qurYq8ZCueWRDYFin5YA==
xnr3zmLohV3uHUkA9QMDPGf63hed5rcWYHx+YJdYMlkPfcPt46xwbzcopZIZoJ3hfmleaOouhq6DrwBycaTWuYL4+ux2Tp5k0SLpvH0ng9+v3S/yAnA17LAwJNQPdBj5Uw==
YpEgylsKo4wS8OeVwh2+eBjah7AqUlmyoS73PBMBMDWwUOQyqN5Nc27K/zh4eazk9NQYklAUf75nBJN7zD+hwcHKTKybnD6sSmzBKDb5fQ==
/5EgoQf7M6yGXG2jSXmM5mT63hed5rcWYHx+YJdYMlkPfcPt46xwbzcopZIZoJ3hfmleaOouhq6DrwBycaTWuYL4+ux2Tp5k0SLpvH0ngt+v3S/yAnA17LAwJNQPdBj5Uw==
n+Zd1crzvyr2YblhiG1sZhjah7AqUlmyoS73PBMBMDWwUOQyqN5Nc27K/zh4eazk9NQYklAUf75nBJN7zj+hwcHKTKybnD6sSmzBKDb5fQ==
6ouR+yJ7C0KgOTYeIoRXa2X63hed5rcWYHx+YJdYMlkPfcPt46xwbzcopZIZoJ3hfmleaOouhq6DrwBycaTWuYL4+ux2Tp5k0SLpvH0ngN+v3S/yAnA17LAwJNQPdBj5Uw==
Pd0IKRgTc0pouVgmqyua7Rjah7AqUlmyoS73PBMBMDWwUOQyqN5Nc27K/zh4eazk9NQYklAUf75nBJN7wD+hwcHKTKybnD6sSmzBKDb5fQ==
0kNSz/F31hANUe8zJqjJ8WL63hed5rcWYHx+YJdYMlkPfcPt46xwbzcopZIZoJ3hfmleaOouhq6DrwBycaTWuYL4+ux2Tp5k0SLpvH0njt+v3S/yAnA17LAwJNQPdBj5Uw==
7L3xOmnrrVC6xh9gYJOZHxjah7AqUlmyoS73PBMBMDWwUOQyqN5Nc27K/zh4eazk9NQYklAUf75nBJN7yT6hwcHKTKybnD6sSmzBKDb5fQ==
y4iefYXTbWGznJfC6dd4aWP63hed5rcWYHx+YJdYMlkPfcPt46xwbzcopZIZoJ3hfmleaOouhq6DrwBycaTWuYL4+ux2Tp5k0SLpvH0nh96v3S/yAnA17LAwJNQPdBj5Uw==
Md3S9OsBNFwUYRx7qWJ61Uo/8Yw3Grv0V8F0fXwgN4oINyvr0lpzsPz2KGhxRqQKtHTbBjv037MPeGWIDfoQVP+8GrS2fM0gMvl5
HjVx7LqtJoZ6G77KU6cmRQrWlqdoUR61pHWwIhoHLHa7UOsyrNdPc27K/zh4dqzg/dYYklAUf75nBJN7zTihwMHKTKybnD6sSmzBKDb5fQ==
8/aBBPZIopOvJv1Y+v1sWpGnnN2UuhSbz0oBjZY2hteWwRp2Qrkkl1yK3HQIqlWVztwBnm78Kgzk2/6JUOg2Oflw
zzwlUkBcw/cjblCJHKsxlOaVuRQRLpmYkjE5jsm0zWvnQICuz4BfWkB345v6emtA5PYwGGlmjPr8tBNW01RnI3b73RLxmrmEt3xShF4c1RAq+WE=
/AlYyAMJDGzl8WPBrl2hV3DswxqtpTpZN43rjTt8OC//mN0y8TAFYeb59ohdXkpnyf/YUhmULrb6zBvOLp5WJJnSUdzVtxxaN0ZDUvvAfSx4YHw0JwQg+Ws=
ARwiYCtNrtPrpuwFqFZo+Rjah7AqUlmyoS73PBMBMDWwUOsyrNdPc27K/zh4dqzg/dYYklAUf75nBJN7yDmhysXKTaybnD6sSmzBKDb5fQ==
Kb1K/rQKCH5xSx6skU3RDXDrwxqtpTpZN43rjTt8OC//mN0y8TAFYeb59ohdXkpnyf/YUhmULrb6zBvOLp5WJJnSUdzVtxpZN0ZDUvvAfSx4YHw0JwQg+Ws=
ePM816VBupd4TLX3Wrzl+CT+KJga4NkYpYI1LL6JvRB/AErRmtLJElFup9wjAcAV4JBbUjxXP9O+is/YaHa8gM0WSDKglO9e10RDW70/kaoVCj0MCxyOTBosMQgm+W0=
T28krWoQ9HLzXcbp/ptNfRNc/uEaYGje8sJq4FHhB+ektgx3r6ZZQSaaHlsWTYLa8nV8ezxmxHg4ho3cD5DYMt5wsuCEN6ZFYMQuNfl8
lJZ1HjuGU+zRQ+c2TFzB1pGnnN2UuhSbz0oBjZY2hteWwRp2Qrkkl1yK3HQIqlWQytwKnW78Kgzk2/6JUOg2Oflw
yDkWUguOMtEJkwyDq2aw9uaVuRQRLpmYkjE5jsm0zWvnQICuz4BfWkB345v6emtA5PYwGGlmjPr8tBNW01RnI3X53RjymrmEt3xShF4c1RAq+WE=
Vp1ZLwu9e9O0HldXKziXwiZlywPLuM616uzYcVYwy5aOx0YlOrqOGKaW8VODeQzc0LHfRG1PPqByjdYfZmR6/8Ad7CSQlgCcgexoYpZvNtouZjSVUgs4PgIj+W4=
GTfAID3t5WrAgl8XmyxHFSZiywPLuM616uzYcVYwy5aOx0YlOrqOGKaW8VODeQzc0LHfRG1PPqByjdYfZmR6/8Ad7CSQlgCcgehoYpZvNtouZjSVUgs4PgIj+W4=
/qBzom6ox5j9xKROFCSm6k4GKNuYjL7AZvoCZV+Zt04rRpgtKjryrVXkIspk1Aduz6QLC0C+KXReKiV8I9zm3KJM+Tg++XU=
S3JNIDqnQXzmnZhRWPzBxqLE6e/+7st2WGnK/qpsYAmcyrSLNNm8kc5r1imvFjEAyN7iK+9bGs2zqLgZEB1MgPgq8MjZJq4mWrNm7tZKVHF6dwgqGi/5ag==
jwh9fCaj1b6soSsYMuTELn8ois46k0hqRXxib0vw1LVeQlhY3tDIiXD2S/Nc9+KZ7ierDCE2NPyK9TsRWgv/+mC3dKe8FmSoeLZtwwuAuQEeIBIQBIdGFSA0DiX5bA==
/KR96FkfKzaEmcqs34b7R5qzQg9Osmi1RoBEPK6cMd+cxNxLdE52pv7yjpoMTyikly187faP5iWnAhFcEBqyhwfvmnFLDMjV2EksnOAu4CTxVeja7dfWYl7e9K0iM9gGchv5Vg==
LH8o3/YZveY5eLJw+fgid6tYmJnYlb59gCRsLTNughIhxepnZaUSjYcQeZmTOPr8xomRmvvqLVQrdlVaMjynZQxMqqgqCr4da3nj1veWlAXeuoaFWbR+UrC0M5Zz1MfjUfq90hIa2cRXfDLE/px1UAr5QQ==
ot3tgtwG2mxc07ZJYvrZd6tYmJnYlb59gCRsLTNughIhxepnZaUSjYcQeZmTOPr8xomRmvvqLVQrdlVaMjynZQxMqqgqCr4da3nj1veWlAXeuoaFWbR+UrC0M5Zz1MfjVvu92xUa2cRXfDLE/px1UAr5QQ==
lGBNS6KaoAGwhXa7tqfadKtYmJnYlb59gCRsLTNugBIhxepnZaUSjYcQeZmTOPr8xomRmvvqLVQrdlVaMjynZQxMqqgqCr4da3nj1veWlAXeuoaFWbR+UrC0M5Zz1MfjV/q92xUa2cRXfDLE/px1UAr5QQ==
CsbJK0HwGDoah+L+uIih7atYmJnYlb59gCRsLTNuhhIhxepnZaUSjYcQeZmTOPr8xomRmvvqLVQrdlVaMjynZQxMqqgqCr4da3nj1veWlAXeuoaFWbR+UrC0M5Zz1MfjU/q92xUa2cRXfDLE/px1UAr5QQ==
BhR/lN0UBvT+0uW2WZc6ZOvuwXoUnrb2XgIO6qyfaPR3HXzdFt+m9QdykaywSnJXZ9+aQSvcCIV4uazsQP6gdBFm6eoEgJay/q50XYJjGNYSK/lm
JsX4BdVbYR8F5sWobAIpRgqiKyG3lq5SdDrnputWUUL+zBvtqIxOoFY6coXvGScu+4bIzTo64s2FpHIq9FS3Dj/kO+s3uRlSqWqV3FNcdnxyDCkYLvll
j75dEKd9BFUZQzeQ+bmNhX8ois46k0hqRXxib0vw1LVeQlhY3tDIiXD2S/Nc9+KZ7ierDCE2NPyK9TsRWgv/+mC3dKe8FmSoeLZtzgiAsAYeIBIQBIdGFSA0DiX5bA==
fvlakuijFVHdmg8MI/hNj5qzQg9Osmi1RoBEPK6cMd+cxNxLdE52pv7yjpoMTyikly187faP5iWnAhFcEBqyhwfvmnFLDMjV2EksnOAu4CTxXOja5NDWYl7e9K0iM9gGchv5Vg==
yiXqnIVOo+xD+zQ2X/bIr6tYmJnYlb59gCRsLTNughIhxepnZaUSjYcQeZmTOPr8xomRmvvqLVQrdlVaMjynZQxMqqgqCr4da3nj1veWlAXeuoaFWbR+UrC0M5Zz1MfjVv+92hUa2cRXfDLE/px1UAr5QQ==
t4kayQkdFiPJT858sON23qKXvVpbao2Uy3Y1mtK8xyXsTIroiooeXUt5w5aXFnRFvrpmRTk0npKQtBNW01RnI33/3Rr1mrmEt3xShF4c1RAq+WE=
6fZX9NUn9tLEN5qCRHZLjaLE6e/+7st2WGnK/qpsYAmcyrSLNNm8kc5r1imvFjEAyN7iK+9bGs2zqLgZEB1MgPgq8MjZJ6smX7Rm7tZKVHF6dwgqGi/5ag==
w03v31BVHpod6ofcpZISMAqiKyG3lq5SdDrnputWUUL+zBvtqIxOoFY6coXvGScu+4bIzTo64s2FpHIq9FS3Dj/kO+s3uhlRqWqV3FNcdnxyDCkYLvll
hTvz/K9qo/0SPWhRVadEAH8vis46k0hqRXxib0vw1LVeQlhY3tDIiXD2S/Nc9+KZ7ierDCE2NPyK9TsRWgv/+mC3dKe8FmSoeLZtwwmAswYeIBIQBIdGFSA0DiX5bA==
t0ClOvjsWK6UEbpnDJfPApqzQg9Osmi1RoBEPK6cMd+cxNxLdE52pv7yjpoMTyikly187faP5iWnAhFcEBqyhwfvmnFLDMjV2EksnOAu4CTxVe/a59DWYl7e9K0iM9gGchv5Vg==
1cfqU8PDxL7O/5e6UzgQuoLUIjk3IXJl0DVnE3yMy07+8B1dORDpWTde2LZfLny5vofJVlQ+NhYeYg4KbP/oVLc9fP3WfyaVx5KRzPCq8vcn/5pha3yIZTjZrAyAniDU0UTrysYgFtI+TnQ9woOYdlIL+UY=
occ7TKWq2qB1GSczjO3UFTY4nALOoM39/K/WeQR2lp6Oyk4ifPfIHOeV/FWGNwad17rRZGAiUr9315pJOzQo7ahx7CSQlgCcge5qYpZoNtouZjSVUgs4PgIj+W4=
0dDM4WxnuflVBoku9d67yKKXvVpbao2Uy3Y1mtK8xyXsTIroiooeXUt5w5aXFnRFvrpmRTk0npKQtBNW01RnI3H63Rj1mrmEt3xShF4c1RAq+WE=
vsI7XtnVI+uP/5/BPZebuAGtLDyvi7kGJDa18KVYXkr/wFjmqIxOoFY6coXvGScu+4bIzTo64s2FpHIq9FS3Dj/kO+sxvhlQqWqV3FNcdnxyDCkYLvll
puG5tMlYeHyW85mLGDBP87LFckSprzkKhwe/DOjGKEKlVBJXS8iknb5qCAAeCJjh0B77i9wPUvFOz3tUYe7k1OrdyylaMw/SAJ+kf/xOtEDY3t0yjvgC7r5IQsjE3xY9wBx+HflU
Uxz4gyNoztP5aTsgi3PPKOZjfXctwAPckN7Hw6AuW0q8u9W6UcdDzEgAw9T0NzoFSdDYtK7oitC+nBBlQPpT35xbehVey3NAQTosELq5Y73ap6e2UFtsq9xavETIOvViyaytCi7MylxkC975kHhWCflA
TbYXjGFQls45ocKq8+672evuwXoUnrb2XgIO6qyfaPR3HXzdFt+m9QdykaywSnJXZ9+aQSvcCIV4uazsQP6gdBFi6eoBgJay/q50XYJjGNYSK/lm
KTLREOfGTofq2ELaEZcRibLFckSprzkKhwe/DOjGKEKlVBJXS8iknb5qCAAeCJjh0B77i9wPUvFOz3tUYe7k1OrdyylaMw/SAJ+kf/xOtEDY3t00ifgF7r5IQsjE3xY9wBx+HflU
JkrJDzzI6lcrkjaWzT+EBuvuwXoUnrb2XgIO6qyfaPR3HXzdFt+m9QdykaywSnJXZ9+aQSvcCIV4uazsQP6gdBFs6eoBgJay/q50XYJjGNYSK/lm
kJMeU9ng1k7EXCbvcETBI7PFckSprzkKhwe/DOjGKEKlVBJXS8iknb5qCAAeCJjh0B77i9wPUvFOz3tUYe7k1OrdyylaMw/SAJ+kf/xOtEDY3t06ifgF7r5IQsjE3xY9wBx+HflU
FZukUosMZ9iSxLDdxt5NGOvuwXoUnrb2XgIO6qyfaPR3HXzdFt+m9QdykaywSnJXZ9+aQSvcCIV4uazsQP6gdBFk6OoBgJay/q50XYJjGNYSK/lm
YXsgnD9WmCI+xjnkuzQAJbyqsJSPS7P1yaYVVrVAGlNLzKyJrn4gZD7ssLWAyjPPnEuaJR6b07DBikxAeklDrdq3h0aQCwwbXKocFIgKFXbIvM067hxqLOS7PinQCHYZ+VA=
zSxvEVIuhhB0NN4sebrpMKtYmJnYlb59gCRsLTNughIjyupnZaUSjYcQeZmTOPr8xomRmvvqLVQrdlVaMjynZQxMqqgqCr4da3nj1veWlAXeuoaFWbR+UrC0M5Zz1MfjUPi93xUa2cRXfDLE/px1UAr5QQ==
buy3vSKCUsI9/9DDI+SqbuvuwXoUnrb2XgIO6qyfaPR3HXzdFt+m9QdykaywSnJXZ9+aQSvcCIV4uazsQP6gdBFk7+oBgJay/q50XYJjGNYSK/lm
x4j/LOvfNDL0+R/rSDX5TbLFc0SprzkKhwe/DOjGKEKlVBJXS8iknb5qCAAeCJjh0B77i9wPUvFOz3tUYe7k1OrdyylaMw/SAJ+kf/xOtEDY3t0yj/gF7r5IQsjE3xY9wBx+HflU
b9EHkn78mFecFLeRKEBB7+vuwXoUnrb2XgIO6qyfaPR3HXzdFt+m9QdykaywSnJXZ9+aQSvcCIV4uazsQP6gdBFm7+oBgJay/q50XYJjGNYSK/lm
sHZe/M0gDPuvK1DAO3LGnrPFc0SprzkKhwe/DOjGKEKlVBJXS8iknb5qCAAeCJjh0B77i9wPUvFOz3tUYe7k1OrdyylaMw/SAJ+kf/xOtEDY3t0wj/gF7r5IQsjE3xY9wBx+HflU
8AbK4g6HvDtQig5upKqODKKXvVpbao2Uy3Y1mtK8xyXsTIroiooeXUt5w5aXFnRFvrpmRTk0npKQtBNW01RnI3T73R71mrmEt3xShF4c1RAq+WE=
fsMX2mcCwfuy4XDN5DacwKLE6e/+7st2WGnK/qpsYAmcyrSLNNm8kc5r1imvFjEAyN7iK+9bGs2zqLgZEB1MgPgq8MjZI6smWLRm7tZKVHF6dwgqGi/5ag==
W8hGK6CCehnOeQypsqvRfH8ois46k0hqRXxib0vw1LVeQlhY3tDIiXD2S/Nc9+KZ7ierDCE2NPyK9TsRWgv/+mC3dKe8FmSoeLZtwwuAtAYeIBIQBIdGFSA0DiX5bA==
1Mb7ZpLVFc31GgbxFPOBgKtYmJnYlb59gCRsLTNughIhxepnZaUSjYcQeZmTOPr8xomRmvvqLVQrdlVaMjynZQxMqqgqCr4da3nj1veWlAXeuoaFWbR+UrC0M5Zz1MfjVfi93hUa2cRXfDLE/px1UAr5QQ==
epoCRQjkyDTWZs8B1peizKKXvVpbao2Uy3Y1mtK8xyXsTIroiooeXUt5w5aXFnRFvrpmRTk0npKQtBNW01RnI3b43R71mrmEt3xShF4c1RAq+WE=
LBTmhfz62FFRVPPlmh/arVpx8sJ7UPy+VMxyeDIqdo0DOQvmvzZstaa6fjUhFLZi2HTbBjv037MLe2WJDPoRVP+8GrS2fM0gMvl5
ScIQfGaMPAcxhFoZojzCIdPP3bbeeDm5sNcz6ySd6cCRfnNRn0gaCwd61MLZ2tWmbz5ANKWRFmzw3GjCTPnR6ZlSRX52sYT63LG7XExWyqQJcoEchZcLWSctlpKroO2syADM9BdkEPlb
eUHJGbL58alqZd2loGQPg9PP09fAPCK4/ss56iS58caDSDJXkkxcWkto08mMitGmbz5ANKWRFmzw3GjCTPnR6ZlSRX52sYT63LG7XExWyqQJcoEchZcPXyctlpKroO2syADM9BdkEPlb
YzKARtj0hollUNeVZ8zJU2lb8XiCXx9VGFXRLUezF9a+/xfR0trF9F1xAhZf1sGirozLDbiMXoAGeqIlf5nXjovGOO1KOhLt9WSCioTUJ65vJOvLKL8JMfiqRbzD3MYcwswZeB75VQ==
5ouNsJ2h52uApoxwxA0JJL4yaYRYSZnWzyrRj73UxrglvketjM3DM6cjVKH4FPbkaHhAWldQNzlIwr3Gw7bEpAHJaizMBIzSSPG9ybWagc7SyRh6QEkf7Age5oTleoUM4c81mtv0MgIvKEFMJMiIhHNcDPlH
irJw675BdCzfgMlQyYAx72RpdiEatNaqdW84lJ6YODEQbtt73H9yAQ6f28ThfgQEqu0rGVoD7+JAT0TvfN4UEJgu/UOJCCKffpjiWERPdm0ALB4t+WQ=
D8oOniXF04iHBZyFjtUBCgGtLDyvi7kGJDa18KVYXkr/wFjmqIxOoFY6coXvGScu+4bIzTo64s2FpHIq9FS3Dj/kO+s4uRlQqGqV3FNcdnxyDCkYLvll
D1G5Z04F/6o4xufxjibvWbLFckSprzkKhwe/DOjGKEKlVBJXS8iknb5qCAAeCJjh0B77i9wPUvFOz3tUYe7k1OrdyylaMw/SAJ+kf/xOtEDY3t07ifgC775IQsjE3xY9wBx+HflU
2pmoxGqC4G+izt0uvTwuG+vuwXoUnrb2XgIO6qyfaPR3HXzdFt+m9QdykaywSnJXZ9+aQSvcCIV4uazsQP6gdBFl6OoGgZay/q50XYJjGNYSK/lm
QAxQg0b82bwTYT9frgQd4bPFckSprzkKhwe/DOjGKEKlVBJXS8iknb5qCAAeCJjh0B77i9wPUvFOz3tUYe7k1OrdyylaMw/SAJ+kf/xOtEDY3t0ziPgC775IQsjE3xY9wBx+HflU
/P88Dx1k68VgicwFMppvK+vuwXoUnrb2XgIO6qyfaPR3HXzdFt+m9QdykaywSnJXZ9+aQSvcCIV4uazsQP6gdBFn6OoGgZay/q50XYJjGNYSK/lm
dai964+RbqM7G466Zb3n+7LFckSprzkKhwe/DOjGKEKlVBJXS8iknb5qCAAeCJjh0B77i9wPUvFOz3tUYe7k1OrdyylaMw/SAJ+kf/xOtEDY3t0xiPgC775IQsjE3xY9wBx+HflU
lnRU8WEGnEDoLm0UU+jKWt8TjGFAhG5EoKhoFjjGtdLDSAUGG4a8hMk5wqyktEQycIHlCU0KGa6aGfB6KBnXDJCOnsQ9ir1sqX/dGHOEeiLXGBkMnFgQJDsMJPlv
rJk142CrNeKZipro3Hmnx+vuwXoUnrb2XgIO6qyfaPR3HXzdFt+m9QdykaywSnJXZ9+aQSvcCIV4uazsQP6gdBFg7uoGgZay/q50XYJjGNYSK/lm
RjmdESbMcT7lbOH0lEvw0NPP3bbeeDm5sNcz6ySd6cCRfnNRn0gaCwd61MLZ2tWmbz5ANKWRFmzw3GjCTPnR6ZlSRX52sYT63LG7XExWyqQJcoEchZcGXicslpKroO2syADM9BdkEPlb
JPAcx1TcQ8Q8MQZqYxpgCtPP09fAPCK4/ss56iS58caDSDJXkkxcWkto08mMitGmbz5ANKWRFmzw3GjCTPnR6ZlSRX52sYT63LG7XExWyqQJcoEchZcHWicrlpKroO2syADM9BdkEPlb
RtKNVOeE6Or9fbcGc2gOzmlb8XiCXx9VGFXRLUezF9a+/xfR0trF9F1xAhZf1sGirozLDbiMXoAGeqIlf5nXjovGOO1KOhLt9WSCioTUJ65vJOvLJrkJN/iqRbzD3MYcwswZeB75VQ==
7X7FicLgVm1mFJrH5oH3er4yaYRYSZnWzyrRj73UxrglvketjM3DM6cjVKH4FPbkaHhAWldQNzlIwr3Gw7bEpAHJaizMBIzSSPG9ybWagc7SyRh6QEkf7Age5oTleoUM4c83n9vzMgIvKEFMJMiIhHNcDPlH
qO+IZjYjzTmIZutIkl/ZOXD1MZsf98Mc9sw1K+ra/QR1EVrGl5aJElYso50gDMYQrpoaVTdZH97T5tDdMjrq3Z1EWlrMlO9e10RDW7E/kacQCj0MCxyOTBosMQgm+W0=
OEgc7Zm7Zlp3X8OtCCJtrxmlOjDi2vUUbTGy9u9WUUL+zBvtqIxOoFY6coXvGScu+4bIzTo64s2FpHIq9FS3Dj/kO+syvhlXqGqV3FNcdnxyDCkYLvll
wYqjSeb6CX1ryT6zNhvRotPI3bbeeDm5sNcz6ySd6cCRfnNRn0gaCwd61MLZ2tWmbz5ANKWRFmzw3GjCTPnR6ZlSRX52sYT63LG7XExWyqQJcoEchZcJWycqlpKroO2syADM9BdkEPlb
o7ML+oh+wrkHU/qoBsnbWtPI09fAPCK4/ss56iS58caDSDJXkkxcWkto08mMitGmbz5ANKWRFmzw3GjCTPnR6ZlSRX52sYT63LG7XExWyqQJcoEchZcIWicqlpKroO2syADM9BdkEPlb
UW6Btl+PWQqjRk+tStHrQmlb8XiCXx9VGFXRLUezF9a+/xfR0trF9F1xAhZf1sGirozLDbiMXoAGeqIlf5nXjovGOO1KOhLt9WSCioTUJ65vJOvLJ7kJNviqRbzD3MYcwswZeB75VQ==
+IzbcXNMF172D1iFr0Njr3Y/yo5k5/TEvbRreDB0KyxwiQwW/f+bjo9w6a1pM6qzoBc6ARqUlsr1j/j0nrj4kZDOG5vcHzKhjj+b5OGeRGQqDes5WiMvAsAvBA98/lSwGI69IY/o5D/+OCJ4RC+2jYBMXg35RA==
pjnbRGTCIUoKyN6I3mUeymRpdiEatNaqdW84lJ6YODEQbtt73H9yAQ6f28ThfgQEqu0rGVoD7+JAT0TvfN4UEJgu/UePCCSffpjiWERPdm0ALB4t+WQ=
xnrZ/3xFzQfEmKBwyoCQTgGtLDyvi7kGJDa18KVYXkr/wFjmqIxOoFY6coXvGScu+4bIzTo64s2FpHIq9FS3Dj/kO+s1uBlVqGqV3FNcdnxyDCkYLvll
21q3LhTTyu7sLN0n5snvXbLFc0SprzkKhwe/DOjGKEKlVBJXS8iknb5qCAAeCJjh0B77i9wPUvFOz3tUYe7k1OrdyylaMw/SAJ+kf/xOtEDY3t02iPgH775IQsjE3xY9wBx+HflU
yHYSwcJ0lXhjq2xYb5EKp6KXvVpbao2Uy3Y1mtK8xyXsTIroiooeXUt5w5aXFnRFvrpmRTk0npKQtBNW01RnI3D/3R30mrmEt3xShF4c1RAq+WE=
87LRpeg/lG5BWCLnnj8V2Fpx8sJ7UPy+VMxyeDIqdo0DOQvmvzZstaa6fjUhFLZi2HTbBjv037MIf2WMDPoRVP+8GrS2fM0gMvl5
LHtBQb+wf1K+JTHrDWWQdq+0mXFV0emwFAYO6qyfaPR3HXzdFt+m9QdykaywSnJXZ9+aQSvcCIV4uazsQP6gdBFt7+oCgZay/q50XYJjGNYSK/lm
1AMNjBDIhiKunEBvNgMJVzSfnr1BSr3mhw44FG3BjuxojCAidIn5KTHC3d4+gXz6pIFz/NTGYuQhgrl8TUeR2b/33rJTkIVsIJBUFN8UKPlj
R+LcHf8jrbYSGTjDDFKmZ6+0mXFV0emwFAYO6qyfaPR3HXzdFt+m9QdykaywSnJXZ9+aQSvcCIV4uazsQP6gdBFl6OoNgZay/q50XYJjGNYSK/lm
j9jtiS8dw9Wx0wIxClyoWX8ois46k0hqRXxib0vw1LVeQlhY3tDIiXD2S/Nc9+KZ7ierDCE2NPyK9TsRWgv/+mC3dKe8FmSoeLZtzA+AuAceIBIQBIdGFSA0DiX5bA==
Z55xf6N/XWYv+SnJ4dbF5fHUvQjtiT4+7pa+SjNKVcTztm0qKhxv1WTMAljiaqYtk7m7Rk92XFW2um5VEdTGwmj0S6ZrNI+T/H5VYlw6wTRvPGpUBjw9ACL5aQ==
+cYlFzMXI0NhHqkgDDM4+OvuwXoUnrb2XgIO6qyfaPR3HXzdFt+m9QdykaywSnJXZ9+aQSvcCIV4uazsQP6gdBFh7uoMgZay/q50XYJjGNYSK/lm
6R3RILG6ce787m9m+4i07n8vis46k0hqRXxib0vw1LVeQlhY3tDIiXD2S/Nc9+KZ7ierDCE2NPyK9TsRWgv/+mC3dKe8FmSoeLZtww6AuAceIBIQBIdGFSA0DiX5bA==
U8G3ra5ohVaszlco6KEbQfHUvQjtiT4+7pa+SjNKVcTztm0qKhxv1WTMAljiaqYtk7m7Rk92XFW2um5VEdTGwmj0S6ZrNI+T/HtVa1k6zjRvPGpUBjw9ACL5aQ==
9JIg+aW7KFt5wQMRHLLabaKXvVpbao2Uy3Y1mtK8xyXsTIroiooeXUt5w5aXFnRFvrpmRTk0npKQtBNW01RnI3f73RvxmraEt3xShF4c1RAq+WE=
cAJnR2gpQuvDPJMUK4F+JQGtLDyvi7kGJDa18KVYXkr/wFjmqIxOoFY6coXvGScu+4bIzTo64s2FpHIq9FS3Dj/kO+swuBlTrWqa3FNcdnxyDCkYLvll
MkGCrN4k+B4WgVMdWNhQ5rLFc0SprzkKhwe/DOjGKEKlVBJXS8iknb5qCAAeCJjh0B77i9wPUvFOz3tUYe7k1OrdyylaMw/SAJ+kf/xOtEDY3t0ziPgB6r5HQsjE3xY9wBx+HflU
Y20xz6UxY76iafOggfyQ1C7e9O7mvcc3a92BJ55/V2yLRRkOHTaNsuu4zUZTVhTkUalaLDwk3JIYUS1JBTrxjuIpCHpQKS8s+L5WBHXaVcwx70eY6xfnwnBI0czUKDjEA3wc+Vc=
ulrusA2iH3ydHEENQ9u7pfGZJ1OvoGsKixyXWO/VARKoVAdYTt7w0P4sQgQeCJjh0B77i9wPUvFOz3tUYe7k1OrdyylaMw/SAJ+kf/xOtEDY3t0wj/gB6r5HQsjE3xY9wBx+HflU
2CjTu62k2hhc4v0Q+XIQTevuwXoUnrb2XgIO6qyfaPR3HXzdFt+m9QdykaywSnJXZ9+aQSvcCIV4uazsQP6gdBFh7+oEhJa9/q50XYJjGNYSK/lm
ALMnFkq5+i3/F4KzzcS2aa+zmXFV0emwFAYO6qyfaPR3HXzdFt+m9QdykaywSnJXZ9+aQSvcCIV4uazsQP6gdBFk7uoEhJa9/q50XYJjGNYSK/lm
OdEQTEOlGH6+n1DMzr2a7LPFc0SprzkKhwe/DOjGKEKlVBJXS8iknb5qCAAeCJjh0B77i9wPUvFOz3tUYe7k1OrdyylaMw/SAJ+kf/xOtEDY3t02ivgC6r5HQsjE3xY9wBx+HflU
SOSbVdtXRiVfuuqcnL5JxqKBLEW+tWsKixyXWO/VARKoVAdYTt7w0P4sQgQeCJjh0B77i9wPUvFOz3tUYe7k1OrdyylaMw/SAJ+kf/xOtEDY3t02iPgC6r5HQsjE3xY9wBx+HflU
C1N0eWmr9HrfCPXdbmRB9044P06/xoPQkOhuEArS2OLOLmTg63dUu4XE6dGTjpei7xo5fAcWOXIG7FO9MAzW8J7aSvXH2Y++YyYA/UI6Gv3NBOq6XBSf/geEczurPoGAZUri7LucHuzq7GFoFvld
Sajjspo+c0+FqSRUntTDXaKXvVpbao2Uy3Y1mtK8xyXsTIroiooeXUt5w5aXFnRFvrpmRTk0npKQtBNW01RnI3z+3RjxmraEt3xShF4c1RAq+WE=
giLgF6GCeChoIdCZtKml0QGtLDyvi7kGJDa18KVYXkr/wFjmqIxOoFY6coXvGScu+4bIzTo64s2FpHIq9FS3Dj/kO+s1uRlXrWqa3FNcdnxyDCkYLvll
4oXSZND4FFnr7QWWezK1nrLFc0SprzkKhwe/DOjGKEKlVBJXS8iknb5qCAAeCJjh0B77i9wPUvFOz3tUYe7k1OrdyylaMw/SAJ+kf/xOtEDY3t02ifgF6r5HQsjE3xY9wBx+HflU
H6EvsruRMUxKmHPnLDBd3OvuwXoUnrb2XgIO6qyfaPR3HXzdFt+m9QdykaywSnJXZ9+aQSvcCIV4uazsQP6gdBFj6eoBhJa9/q50XYJjGNYSK/lm
TxWwNw802JDCZYHSVN32tbPFc0SprzkKhwe/DOjGKEKlVBJXS8iknb5qCAAeCJjh0B77i9wPUvFOz3tUYe7k1OrdyylaMw/SAJ+kf/xOtEDY3t01ifgF6r5HQsjE3xY9wBx+HflU
nmhJmm+wUqKUkkQcuUiNo138mBQuSMrwvnxQBcAaE7+cu7p13iuzIEEa7LA6GaOd2odnFtD7rIvcOnykSFo1gs/M7e6uo4q8ZCueWRDYFin5YA==
S2ND3mF5/mmvDxsrrkECP6KXvVpbao2Uy3Y1mtK8xyXsTIroiooeXUt5w5aXFnRFvrpmRTk0npKQtBNW01RnI3P/3R/xmraEt3xShF4c1RAq+WE=
PhW/TSFDwDiB3o3eB3SJFPni0G1WnfHxW1lJ9KWZdLd8HXzdFt+m9QdykaywSnJXZ9+aQSvcCIV4uazsQP6gdBFk6uoAhJa9/q50XYJjGNYSK/lm
/tF6Fjo5I3yq+mvQO/sWMjdEibUbRREvzIX8RaZHxi23KlH0gJIST1fHmlkbxGhdSOFstPAmwOyh/mlysBz2ZU72tAWyu3jOIjP5fg==
k/YGTn/dH06fj1QOQNwTRaLE6e/+7st2WGnK/qpsYAmcyrSLNNm8kc5r1imvFjEAyN7iK+9bGs2zqLgZEB1MgPgq8MjZKakmWLBm4dZKVHF6dwgqGi/5ag==
msG/hQe6WRILFPxa03jpE6+0mXFV0emwFAYO6qyfaPR3HXzdFt+m9QdykaywSnJXZ9+aQSvcCIV4uazsQP6gdBFg6OoAhJa9/q50XYJjGNYSK/lm
Dis7CJ9F6YAWIIcmH1gs/rLFc0SprzkKhwe/DOjGKEKlVBJXS8iknb5qCAAeCJjh0B77i9wPUvFOz3tUYe7k1OrdyylaMw/SAJ+kf/xOtEDY3t03ifgH6r5HQsjE3xY9wBx+HflU
B4y5UUfxOE104XwLVw3lLKKBLEW+tWsKixyXWO/VARKoVAdYTt7w0P4sQgQeCJjh0B77i9wPUvFOz3tUYe7k1OrdyylaMw/SAJ+kf/xOtEDY3t0xjvgH6r5HQsjE3xY9wBx+HflU
nCky1ZvnwonZUjuS8tWsEbyi/ojekeyRCj/Cy9TX0kPChh9vZXQQppvWzlRkJlZOLrrO0tyniMwHpfxlZudGzXdKURTA8pLvF+eaeVtk6D0IAWzUMMZATGHba1JyvHaFjpa05fLb+G5iE/le
wMFu092W/KC7ywJuOze1KU4/P06/xoPQkOhuEArS2OLOLmTg63dUu4XE6dGTjpei7xo5fAcWOXIG7FO9MAzW8J7aSvXH2Y++YyYA/UI6Gv3NBOq6XBSf/geEczuoOoGEZUri7LucHuzq7GFoFvld
9iHZ47pBdV62Q2o9mrPRbKKXvVpbao2Uy3Y1mtK8xyXsTIroiooeXUt5w5aXFnRFvrpmRTk0npKQtBNW01RnI3H63RzxmraEt3xShF4c1RAq+WE=
S/yPDpaAUSrVv62veuT94wGtLDyvi7kGJDa18KVYXkr/wFjmqIxOoFY6coXvGScu+4bIzTo64s2FpHIq9FS3Dj/kO+syuhlbrWqa3FNcdnxyDCkYLvll
m9x9GqkaJ5DsNhPW2vTm4rLFc0SprzkKhwe/DOjGKEKlVBJXS8iknb5qCAAeCJjh0B77i9wPUvFOz3tUYe7k1OrdyylaMw/SAJ+kf/xOtEDY3t0xivgJ6r5HQsjE3xY9wBx+HflU
M5Wholhhvavs2ZuHmt0WlOvuwXoUnrb2XgIO6qyfaPR3HXzdFt+m9QdykaywSnJXZ9+aQSvcCIV4uazsQP6gdBFs6uoNhJa9/q50XYJjGNYSK/lm
4ekukCChaBwWlspkuMj9qLPFc0SprzkKhwe/DOjGKEKlVBJXS8iknb5qCAAeCJjh0B77i9wPUvFOz3tUYe7k1OrdyylaMw/SAJ+kf/xOtEDY3t06ivgJ6r5HQsjE3xY9wBx+HflU
W4rHcO1AaGNN790G94f3g+vuwXoUnrb2XgIO6qyfaPR3HXzdFt+m9QdykaywSnJXZ9+aQSvcCIV4uazsQP6gdBFt6uoNhJa9/q50XYJjGNYSK/lm
czH/v8z9Z/KOw1R0cfa8zbLFc0SprzkKhwe/DOjGKEKlVBJXS8iknb5qCAAeCJjh0B77i9wPUvFOz3tUYe7k1OrdyylaMw/SAJ+kf/xOtEDY3t07ivgJ6r5HQsjE3xY9wBx+HflU
03hiXxl81nIgNe/bo0dpTOvuwXoUnrb2XgIO6qyfaPR3HXzdFt+m9QdykaywSnJXZ9+aQSvcCIV4uazsQP6gdBFk6eoNhJa9/q50XYJjGNYSK/lm
Um9XxXy9BMCwPim6xaqLwbPFc0SprzkKhwe/DOjGKEKlVBJXS8iknb5qCAAeCJjh0B77i9wPUvFOz3tUYe7k1OrdyylaMw/SAJ+kf/xOtEDY3t0yifgJ6r5HQsjE3xY9wBx+HflU
JFVHlZCsfQsueL0Sg9YP0uvuwXoUnrb2XgIO6qyfaPR3HXzdFt+m9QdykaywSnJXZ9+aQSvcCIV4uazsQP6gdBFl6eoNhJa9/q50XYJjGNYSK/lm
Zmh+tV0EkPzKAUQ1dVI8j7LFc0SprzkKhwe/DOjGKEKlVBJXS8iknb5qCAAeCJjh0B77i9wPUvFOz3tUYe7k1OrdyylaMw/SAJ+kf/xOtEDY3t0zifgJ6r5HQsjE3xY9wBx+HflU
0QB3lSPhSakV1rY9bfqxF+vuwXoUnrb2XgIO6qyfaPR3HXzdFt+m9QdykaywSnJXZ9+aQSvcCIV4uazsQP6gdBFm6eoNhJa9/q50XYJjGNYSK/lm
n1AP8vaNpdcq6QHV+gbEI7PFc0SprzkKhwe/DOjGKEKlVBJXS8iknb5qCAAeCJjh0B77i9wPUvFOz3tUYe7k1OrdyylaMw/SAJ+kf/xOtEDY3t0wifgJ6r5HQsjE3xY9wBx+HflU
0QB3lSPhSakV1rY9bfqxF+vuwXoUnrb2XgIO6qyfaPR3HXzdFt+m9QdykaywSnJXZ9+aQSvcCIV4uazsQP6gdBFm6eoNhJa9/q50XYJjGNYSK/lm
krKh069aNwQBSagjSdo9zbLFc0SprzkKhwe/DOjGKEKlVBJXS8iknb5qCAAeCJjh0B77i9wPUvFOz3tUYe7k1OrdyylaMw/SAJ+kf/xOtEDY3t0wifgJ6r5HQsjE3xY9wBx+HflU
Ok/Ff9o3TnJX+AuOMZDGq+vuwXoUnrb2XgIO6qyfaPR3HXzdFt+m9QdykaywSnJXZ9+aQSvcCIV4uazsQP6gdBFn6eoNhJa9/q50XYJjGNYSK/lm
hVOCGg/F6u9BjMBGv+Ra37PFc0SprzkKhwe/DOjGKEKlVBJXS8iknb5qCAAeCJjh0B77i9wPUvFOz3tUYe7k1OrdyylaMw/SAJ+kf/xOtEDY3t0xifgJ6r5HQsjE3xY9wBx+HflU
8j5Bl9l6D0Bx3CUeyl5dlU4GKNuYjL7AZvoCZV+Zt04rRpgtKjryrVXkIspk1Aduz6QLC0W/KXpcKip8I9zm3KJM+Tg++XU=
WKHhyHg+DsiSvnhlNRUEqzdEibUbRREvzIX8RaZHxi23KlH0gJIST1fHmlkbxGhdSOFstPAmwOyh+29yvB32ZU72tAWyu3jOIjP5fg==
ot0/jC/65eARH9TJ/2Wy1fni0G1WnfHxW1lJ9KWZdLd8HXzdFt+m9QdykaywSnJXZ9+aQSvcCIV4uazsQP6gdBFi7uoMhZa9/q50XYJjGNYSK/lm
CFdD6aaGwC4d1kixw5L6DqLE6e/+7st2WGnK/qpsYAmcyrSLNNm8kc5r1imvFjEAyN7iK+9bGs2zqLgZEB1MgPgq8MjZIqkmXbJm4dZKVHF6dwgqGi/5ag==
N1Hc+hWvWP1T7SAHkAPDmq+0mXFV0emwFAYO6qyfaPR3HXzdFt+m9QdykaywSnJXZ9+aQSvcCIV4uazsQP6gdBFi6eoFhpa9/q50XYJjGNYSK/lm
ze92W287ucAxOPW0MF8mq5GnnN2UtRSfxkgBjZY2hteZwR5/QLkkl1yK3HQIqlWXytwNnG7zKgzk2/6JUOg2Oflw
pRsNN7uqKkBVVLAM4Kl96Uv99WDQZdQUxGG8O2bsqRkGog5TGUWW69AtjDP8LnSgWH4dUYoYRUg+JwIoxP/WnUD8Pj35dA==
WFlArhwCxJ2y2hn/fTSXGF730UNyQdH9qXwWSIYeUryRvb871GW0L0Y44d1WBqbHmdE+T4DpxOfcOnykSFo1jsrM7eyuo4q8ZCueWRDYFin5YA==
3K5XgPYOGuuigz0EZ1mUA7KbqO/2788zSSrO6rp/ZwbShv7Mftqxl8sl3GeoGTYixbOONOoBWZvq8egLeHFMgPgq8MjZJqkmWbJm4dZKVHF6dwgqGi/5ag==
tFRO7DDSprevzxac/fMxv3DrwxqtpTpZN43rjTt8OC//mN0y8TAFYeb59ohSXk5uy//YUhmULrn6yBLMLp5WJJnSUdzVtx5YN0tBUvTAfSx4YHw0JwQg+Ws=
LLe1h6SqUkZ+36PMAtYApST+KJga4NkYpYI1LL6JvRB/AErRmtLJElFup9wjAcAV4JBUUjhePdO+is/YaHm8hMQUSDKglO9e10RDW7A4kacXCjIMCxyOTBosMQgm+W0=
1WqUK6PiewpBRHOIbCLqBV9cukdwAn+f0HznjX5p6vk5kmQG6kGui8A8EFxLwaTq1+KywRoAKD5yoioAUYHHByTZzJOmhJnhpjreexltRnNw1bxbPIYEGLhmTbMLcJRQXp/ygIQX5uXgZG4V+Vw=
IpuEzXRvCWTiZ10u9uZVqhjah7AqUlmyoS73PBMBMDWwUOQyqN5Nc27K/zh4eazk9NQYklAUf75nBJN7zjqhxsfKQqybnD6sSmzBKDb5fQ==
RUKhWIU2fy/J6Frvudrv2nDswxqtpTpZN43rjTt8OC//mN0y8TAFYeb59ohSXk5uy//YUhmULrn6yBLMLp5WJJnSUdzVtx1ZN0pBUvTAfSx4YHw0JwQg+Ws=
TmEh912dOCveV7dSg6iWlyT+KJga4NkYpYI1LL6JvRB/AErRmtLJElFup9wjAcAV4JBUUjhePdO+is/YaHm8hMQUSDKglO9e10RDW785kaYXCjIMCxyOTBosMQgm+W0=
4a+9Jx99g2n8HNf6BfvYCk4lKxLshMDFx7AyUVmcyaeQbSe6/TII5MSM+dafi4DmrRMvfApSeXIBrlf8MwHQ9dDQBPLI3q2zDkof+Bh5TKSUVPjSMBSf/geEczuoPoGGZ0ri7LucHuzq7GFoFvld
hVclbiTKC4+2FyQZaRN2vRNc/uEaYGje8sJq4FHhB+ekuQxzpqRZQSaaHlsZTYbT8HV8ezxmxHg4ho3eDpDUMN5/suCEN6ZFYMQuNfl8
9j9b5iGS7/36RdQnM0PPMcYhfYohNG3BbA02tjiRTGC4inBoGUSuRpsS5kGWqlSROteIitpP+Qo=
0i4AoYGJTafJxRYPFEfasA3T1mdvm80DubjtReSRpgKAPewEUPaAPMELboLTzra17kY0tRLruJ7CQ/kO
fEUnkRgPTOezDNXGv4T3o1yA37trHQb0rWDxMwcKKzjxFaRyqdFEMFb69zMtTZaiqIoFklAUf75nBJN7zjuhxMfKQqybnD6sSmzBKDb5fQ==
Z5+Hsg2oYwGH/Lg7upx4Hcy0LhU/lZG3fR8fyL7gYzmh0korZQGjW+xyk8G+FHQSpQf3DUwW+mKnNqqExTrljAEPUJr7MJWCgOihTESIaATTHCz5Zw==
/C/85gmmFfo8n2ITbRs69d74GFEd/zLsVMAeYOjMaYPJjpcZZUNv8besmpYYRSOmnzh2pLPA72HkDBl3Xk/ukAng7R1UCcbasCUsnOAu4CTxVe/a4tbWbV7e9K0iM9gGchv5Vg==
1EEjn+KiK6+7VxWrMShLluYoJypVIXMbPNIDQc60xFJVZ+cNXPaKoheWWgRVmrVMUS9gnwtQRULQCDHM9OiYROM8PPl3
O9IkGlWGRdzMqJnXr2JuRFyH37trHQb0rWDxMwcKKzjxFaRyqdFEMFb69zMtTZaiqIoFklAUf75nBJN7zj+hxMfKQqybnD6sSmzBKDb5fQ==
f4z77vpxalxZ7qB4If6/ncy0LhU/lZG3fR8fyL7gYzmh0korZQGjW+xyk8G+FHQSpQf3DUwW+mKnNqqExTrljAEPU577MJWCgOihTESIaATTHCz5Zw==
VcuIwtHPR/Ce0o2uS1drcsy0LhU/lZG3fR8fyL7gYzmh0korZQGjW+xyk8G+FHQSpQf3DUwW+mKnNqqExTrljAEPUZ77MJWCgOihTESIaATTHCz5Zw==
SaUie1ssygfllpo2ufz3tXWeta6gs5dmNp6UZt4wFirYB0FXWCeAq7zxk1JfQh7vU6FPJnVhk5tcEiNBLnSk0vUnBw08Nioi99Y6BHXaVcwx70Cb6x/lwnBI0czUKDjEA3wc+Vc=
3AtHF6okjM9zSxCgrOHq7xsGeoRzoG/BpOwZF57vbnBJwO09FOlGenBFLHygjmBEMXDr+i22Vs0ePvTN4pNY5jI7+XY=
5dV0K5gLIsRM6DCI2Gb9h5GnnN2UuhSbz0oBjZY2hteWwRp2Qrkkl1yK3HQIqlWWyNwBnG7zKgzk2/6JUOg2Oflw
hsUChMtpQxiR1c9Ytc0b8kv99WDQZdQUxG68P2/uqRkGog5TFkWS4tItjDP8LnSgWH4dUIgYSUg+JwIoxP/WnUD8Pj35dA==
+TJsfOKGdnu1hwzp9A6qIPbK+BQZL53dkn813J/6w2TvQYztxIBfWkB345v6emtA5PYwGGlmjPr8tBNW01RnI3343RPzmraEt3xShF4c1RAq+WE=
M115APNaDvxBYYOCtaGcYyT+KJga4NkYpYI1LL6JvRB/AErRmtLJElFup9wjAcAV4JBbUjxXP9O+is/YaHa8gM0WSDKglO9e10RDW7k+kasXCjIMCxyOTBosMQgm+W0=
L6sqpGKKujzUrQBu02Bpjl9cukdwAn+f0HznjX5p6vk5kmQG6kGui8A8EFxLwaTq1+KywRoAKD5yoioAUYHHByTWzJevhpnhpjreexZtQnpy1bxbPIYEGLhmTbwKcJhQXp/ygIQX5uXgZG4V+Vw=
Xz2aTNegBLCFvLov7TbGhRjah7AqUlmyoS73PBMBMDWwUOsyrNdPc27K/zh4dqzg/dYYklAUf75nBJN7wDqhysfKQqybnD6sSmzBKDb5fQ==
Tj9X9C88hXWl4b5MXLz9rfbN+BQZL53dkn813J/6w2TvQYztxIBfWkB345v6emtA5PYwGGlmjPr8tBNW01RnI3D53RLzmraEt3xShF4c1RAq+WE=
KNy1bdTZWK8u/Tzq1qBL6yT+KJga4NkYpYI1LL6JvRB/AErRmtLJElFup9wjAcAV4JBbUjxXP9O+is/YaHa8gM0WSDKglO9e10RDW7E5kaoXCjIMCxyOTBosMQgm+W0=
yQHfo7qz3GZptPKL3UwCVE4lKxLshMDFx7AyUVmcyaeQbSe6/TII5MSM+dafi4DmrRMvfApSeXIBrlf8MwHQ9dDQC/LM16+zDkof+Bh2TKCdVvjSMBSf/geEczusOIGKZ0ri7LucHuzq7GFoFvld
uZwhRPNpV86EkGBm9wEkKhNc/uEaYGje8sJq4FHhB+ektgx3r6ZZQSaaHlsWTYLa8nV8ezxmxHg4ho3dCJDYMN5/suCEN6ZFYMQuNfl8
/eABARKIFeUYt3Sxw5+Xmq+0mXFV0emwFAYO6qyfaPR3HXzdFt+m9QdykaywSnJXZ9+aQSvcCIV4uazsQP6gdBFk7uoFh5a9/q50XYJjGNYSK/lm
NnXRPtcEnHlRGSXJuGNY7QqiKyG3lq5SdDrnputWUUL+zBvtqIxOoFY6coXvGScu+4bIzTo64s2FpHIq9FS3Dj/kO+swuRlSrmqa3FNcdnxyDCkYLvll
TVRRhFEEHn+KRXCF9M7XPvHimSFR3vb2UUBE76ufaP4rEXvQMZnz51Ykz8GvT3JXZ9+FQSvcCIV4uazsQP6gdBFt6OoMh5a9/q50XYJjGNYSK/lm
rdsbBZTRuD2v6joMcg8z3ksiJG8Qfn9gGbLNrE4QNfq0seddIKjfOxs+DYvr4VI+37+DbRphs5XFj3du8CPcQxxyzHwo4qUIT0RwVU77OnQkY24BMCAGIflo
0HGOcy0YE2uYR43lKVmJcvaI7u/44JkwSSrG6rlkJAOTy7jCY9W7nOktgzv+QG9t19viK+9bBc2zqLgZEB1MgPgq8MjZJK4mVLNm4dZKVHF6dwgqGi/5ag==
xY1IUO0Ic2VuJVaUZzio5Ly8sYqfUqbxm+BvEblFFVpagb2ErjhlInTpt7WAwG/Dm0a9Y0uJguaf51NFeklDrcW3h0aQCwwbXKocFIgKFX/OvMA97hNqLOS7PinQCHYZ+VA=
5Li5MsgmdncBwIiOQbipIuVbnJYmTW1T/iBsf3sLeJYIbhCz92kYTWZPFxpOYyXSs+e3zI7hbETzBd6rubNyJ7JwI9eQ9azuyjkAZVg5B8wg7i5ErSrtrFlfzhpjZ0tiiPiJjOz44ORrbBT5Xw==
Ou7XJ2L8/Cgq6QpcEpY2I3WJs62y6NY+JJOINYU9QG2OXx8aRnPN8uu3jwxWURTkW/VWKzEDmscKAHsXaCX0juIpCGVQKS8s+L5WBHXaVcwx70ua6xfjwnBI0czUKDjEA3wc+Vc=
l+G2WQwhX/iYLEKQHV2dEgNzsq0dG60Yn6fB/+nk2gM5Aiay6azkeyMjGFrzXTskGYXj4y4IL5Xns8Iz/1MF9cOAWEFA1Yz4SMJQUEmoKZ6tHAY5BgIUiUofKDIKJ/lS
cIeqW5JyIEeTIDCkR01szZGnnN2UuhSbz0oBjZY2hteWwRp2Qrkkl1yK3HQIqlWUyNwJmm7zKgzk2/6JUOg2Oflw
F26hXI4YwVT2aO/os9FxyEv99WDQZdQUxG68P2/uqRkGog5TFkWS4tItjDP8LnSgWH4dVYgYQU4+JwIoxP/WnUD8Pj35dA==
+4FQN3GvHHPL4OUeOYOftXDrwxqtpTpZN43rjTt8OC//mN0y8TAFYeb59ohdXkpnyf/YUhmULrb6zBvOLp5WJJnSUdzVtxhfN09HUvTAfSx4YHw0JwQg+Ws=
Jfs1Y1Ph0NcYWlwHr+BJUfHb7fPz59gzXCCP47ErKkaUzPrMftqxl8sl3GioHT8gxbOONOoBVpvu+OoLeHFMgPgq8MjZI64mXbRm4dZKVHF6dwgqGi/5ag==
IVGWAUkTCyMLtE7/x/9JGhjah7AqUlmyoS73PBMBMDWwUOsyrNdPc27K/zh4dqzg/dYYklAUf75nBJN7zj6hw8HKQqybnD6sSmzBKDb5fQ==
z25IIpWgM6A9GG6+onYEzHDswxqtpTpZN43rjTt8OC//mN0y8TAFYeb59ohdXkpnyf/YUhmULrb6zBvOLp5WJJnSUdzVtx5bN05HUvTAfSx4YHw0JwQg+Ws=
rqqI8kF0vc6YuWgR5taE2fHb7fPz59gzXCCP47ErKkaUzPrMftqxl8sl3GioHT8gxbOONOoBVpvu+OoLeHFMgPgq8MjZI6smXLRm4dZKVHF6dwgqGi/5ag==
39zTe80vqRewUXr2dRc0IBNc/uEaYGje8sJq4FHhB+ektgx3r6ZZQSaaHlsWTYLa8nV8ezxmxHg4ho3fC5DQNt5/suCEN6ZFYMQuNfl8
JE3i8/kfGHHGouLavmWMn+aVuRQRLpmYkjE5jsm0zWvnQICuz4BfWkB345v6emtA5PYwGGlmjPr8tBNW01RnI3L43Rn1mraEt3xShF4c1RAq+WE=
77nzSQKcLK/XBCIigJCbSa6M4hj8kiQopo2VHmMCdY2qv21sZ1prlGfBBF2sYOcqmLebSyIaQ1Ds9jgIQYbUqgT0S6ZrNI+T+H9VaV06zjRvPGpUBjw9ACL5aQ==
fvzEw+OEUeQ+HheYMMEjQ3a+gBaK/OUWbGdWNJBLGwkCfdbi5rokIndu75YZoJ3hfmleaOUugqeBrwBycaTWtoL88+52Tp5k0SLpvH0nhN6v3S/yDHA17LAwJNQPdBj5Uw==
SQzq9rpk1LortB075IB8WV9GokVxDCTLjiTy3Ck+tLtjympbtRrszsA7EVZJzaP/nuWowRoAKD5yoioAUYHHByTWzJevhpnhpjreexZtQnpy1bxbPIYEGLhmTbwKcJJWXp/ygIQX5uXgZG4V+Vw=
bIluULQdGJz39l4Y9UNAYBNc/uEaYGje8sJq4FHhB+ektgx3r6ZZQSaaHlsWTYLa8nV8ezxmxHg4ho3bCZDSNt5/suCEN6ZFYMQuNfl8
hqZFSzjhvUBXQnj83F+oi1X41l5qXMap+XBEHsgQXbSQsfww1Gq0K0864d1WBqbHltE6RoLpxOfcOnykSFo1j8jM6uquo4q8ZCueWRDYFin5YA==
FRTei9QG4H/3FwcPU7B9yGf63hed5rcWYHx+YJdYMlkPfcPt46xwbzcopZIZoJ3hfmleaOUugqeBrwBycaTWtoL88+52Tp5k0SLpvH0njtiv3C/yDHA17LAwJNQPdBj5Uw==
bQHZqxyxOY7l7sIYB7isE8YhfYohNG3BbA02tjiRTGC4inBoGUKpRpkU5kGWqlSROteIitpP+Qo=
+9dqcCNfYGiZlrbjMj0kLg3T1mdvm80DubjtReSRpgKAPewEUPaAPMEIaYLRyLa17kY0tRLruJ7CQ/kO
NWGdxd+mDFyPHcq4rmEFuVyA37trHQb0rWDxMwcKKzjxFaRyqdFEMFb69zMtTZaiqIoFklAUf75nBJN7yzihx8HKQqybnD6sSmzBKDb5fQ==
drw2qoZDB3YRB65XsbdPiEzAjLB4FRS16HP5dRoBf3WxU+52qdFEMFb69zMtTZaiqIoFklAUf75nBJN7zzihx8HKQqybnD6sSmzBKDb5fQ==
L6xoRGx31xbtkF/VDq7fUeYoJypVIXMbPNIDQc60xFJVZ+cNXPaKoheWWgRVmrVMUS9qmAtTQ0LQCDHM9OiYROM8PPl3
f7ozVbtI9XkWvJ5ZKqSMU1yH37trHQb0rWDxMwcKKzjxFaRyqdFEMFb69zMtTZaiqIoFklAUf75nBJN7yz+hx8HKQqybnD6sSmzBKDb5fQ==
VNoMcGf1CaNVusJpcc/2t0zAjLB4FRS16HP5dRoBf3WxU+52qdFEMFb69zMtTZaiqIoFklAUf75nBJN7zT+hx8HKQqybnD6sSmzBKDb5fQ==
pDQ2aMAOn4ctaaakvBhs1RsGeoRzoG/BpOwZF57vbnBJwO09FOlGenBFLHygjmBEMXPv+iGwVs0ePvTN4pNY5jI7+XY=
ioZyOEnL7poOAL9OIkUA/ZGnnN2UtRSfxkgBjZY2hteZwR5/QLkkl1yK3HQIqlWXy9wMmm7zKgzk2/6JUOg2Oflw
J3xDEO5d3d1atte8nNnjf0v99WDQZdQUxGG8O2bsqRkGog5TGUWW69AtjDP8LnSgWH4dUYsYRE4+JwIoxP/WnUD8Pj35dA==
jZu7sl45m/dpQAV4cFcbE3DrwxqtpTpZN43rjTt8OC//mN0y8TAFYeb59ohSXk5uy//YUhmULrn6yBLMLp5WJJnSUdzVtx9aN0pHUvTAfSx4YHw0JwQg+Ws=
gPsymEafZNTPIxwQzYNcnWCrkBG+rSgYcp7jyyZ3bGK/3pc28TAFYeb59ohSXk5uy//YUhmULrn6yBLMLp5WJJnSUdzVtxlaN0pHUvTAfSx4YHw0JwQg+Ws=
JT+M+y4SMBchm64kV22TIhjah7AqUlmyoS73PBMBMDWwUOQyqN5Nc27K/zh4eazk9NQYklAUf75nBJN7wDqhxsHKQqybnD6sSmzBKDb5fQ==
dBGIABqNOHlvklhZf9QMnXDswxqtpTpZN43rjTt8OC//mN0y8TAFYeb59ohSXk5uy//YUhmULrn6yBLMLp5WJJnSUdzVtx1ZN0pHUvTAfSx4YHw0JwQg+Ws=
CMzOZKLbqNGLvpIMUH4OYWCrkBG+rSgYcp7jyyZ3bGK/3pc28TAFYeb59ohSXk5uy//YUhmULrn6yBLMLp5WJJnSUdzVtxxZN0pHUvTAfSx4YHw0JwQg+Ws=
4tJUfBx5icmn6IxHJ6ddZxNc/uEaYGje8sJq4FHhB+ekuQxzpqRZQSaaHlsZTYbT8HV8ezxmxHg4ho3fCZDUNt5/suCEN6ZFYMQuNfl8
NZH1RCv47HC1jw3FMxMwDhNc/uEaYGje8sJq4FHhB+ektgx3r6ZZQSaaHlsWTYLa8nV8ezxmxHg4ho3eCJDUNt5/suCEN6ZFYMQuNfl8
lyLt8RJFMzHyWzcXTDyxsRzX6s1dMWnJw3FB49BLNwMYVnzA2MX/aBWL7tzaGVaT/gDKI4gpDEiokhCgab0vrsjMxkmmkpQ5qk9owio3+WI=
OYA0BAGX57vyEPsH1OY9tkv99WDQZdQUxGG8O2bsqRkGog5TGUWW69AtjDP8LnSgWH4dUY4YR04+JwIoxP/WnUD8Pj35dA==
WcwIHI/l+0cwGHk0XpIOyK6M4hj8kiQopo2VHmMCdY2qv21sZ1prlGfBBF2sYOgqnL6ZSyIaQ1Ds+TgMSITUqgT0S6ZrNI+T/HtVbF06zjRvPGpUBjw9ACL5aQ==
8mkYj3WJEmYGyFKTcvQHUXa+gBaK/OUWbGdWNJBLGwkCfdbi5rokIndu75YZoJ3hfmleaOouhq6DrwBycaTWuYL4+ux2Tp5k0SLpvH0nj9uv2C/yDHA17LAwJNQPdBj5Uw==
9mrUTLWohc8jyvhEignWkl9GokVxDCTLjiTy3Ck+tLtjympbtRrszsA7EVZJzaP/nuWowRoAKD5yoioAUYHHByTZzJOmhJnhpjreexltRnNw1bxbPIYEGLhmTbMJcJZWXp/ygIQX5uXgZG4V+Vw=
SAvTvHXMYz/7VVy6Ix2dNRNc/uEaYGje8sJq4FHhB+ekuQxzpqRZQSaaHlsZTYbT8HV8ezxmxHg4ho3aCJDWNt5/suCEN6ZFYMQuNfl8
LO2+9VRQ9iynfq28iPxP9B+79mfNZNRZwG6jfXfs7D11oQUGLX/Qt44wjDP8LnSgWH4dUogYSU4+JwIoxP/WnUD8Pj35dA==
K9JbMli3U2mDAAeyVf0248YhfZchNG3BbA02tjiRTGC4inBoGUCqRp0V5kGWqlSROteIitpP+Qo=
Eg8JqmVGdYxmpTOL0RjxBQ3T1mdvm80DubjtReSRpgKAPewEUPaAPMEJaoLVyba17kY0tRLruJ7CQ/kO
voJmfRDbZup3Ff1MstNoNW3Rwr8EB+bkhhwTD32Ija91hC9tes73IRqMiIIpj3ONyJ528tuuDuQhgrl8TUeV2b//3rJckIVsIJBUFN8UKPlj
E5cxk/AGetzUGFLWAG/Ki02nLCCwjfwXYDyqpbZDV1T4wAysupwH5RkzNsbhEQxgrtrfwzVNjtKAqn1CmFS3Dj/kO+sxuBlTqGqa3FNcdnxyDCkYLvll
m4jd5vcfKvhPsyvUPGBsaN7iAFMc8Wm4CpgLMb+bN8GT1plEOhgttLerm5waSSSz1j9spLPA72HkDBl3Xk/ukAng7R1UCcbasCUsnOAu4CTxUO/a5dHWbV7e9K0iM9gGchv5Vg==
rqBpnNUPlinTWfu9f4SKVuYoJypVIXMbPNIDQc60xFJVZ+cNXPaKoheWWgRVmrVMUS9lnwtXQkLQCDHM9OiYROM8PPl3
yqVQe3A10idl8leDjHDf2mzRwr8EB+bkhhwTD32Ija91hC9tes73IRqMiIIpj3ONyJ528tuuDuQhgrl8TUef27/+3rJckIVsIJBUFN8UKPlj
HlQ0F0M0Vu64IpGhAtAOu02nLCCwjfwXYDyqpbZDV1T4wAysupwH5RkzNsbhEQxgrtrfwzVNjtKAqn1CmFS3Dj/kO+swuhlSqGqa3FNcdnxyDCkYLvll
5EjvS0JQOBBEo5Tu/H+YjN7iAFMc8Wm4CpgLMb+bN8GT1plEOhgttLerm5waSSSz1j9spLPA72HkDBl3Xk/ukAng7R1UCcbasCUsnOAu4CTxUera5NHWbV7e9K0iM9gGchv5Vg==
xPLNrVjZd1C75WyZALZGYuYoJypVIXMbPNIDQc60xFJVZ+cNXPaKoheWWgRVmrVMUS9hmQtWQkLQCDHM9OiYROM8PPl3
I02Ba/5fOqsPoFbfQ64cHWvRwr8EB+bkhhwTD32Ija91hC9tes73IRqMiIIpj3ONyJ528tuuDuQhgrl8TUeT37/+3rJckIVsIJBUFN8UKPlj
OoLdqejkZEs0/thhOpj3DE2nLCCwjfwXYDyqpbZDV1T4wAysupwH5RkzNsbhEQxgrtrfwzVNjtKAqn1CmFS3Dj/kO+s4vxlSqGqa3FNcdnxyDCkYLvll
WGOLKcE7+pOXO052OVpCid7iAFMc8Wm4CpgLMb+bN8GT1plEOhgttLerm5waSSSz1j9spLPA72HkDBl3Xk/ukAng7R1UCcbasCUsnOAu4CTxVu7a5NHWbV7e9K0iM9gGchv5Vg==
7U+nGymDSU1hzYEzfchCAOYoJypVIXMbPNIDQc60xFJVZ+cNXPaKoheWWgRVmrVMUS9mngtWQkLQCDHM9OiYROM8PPl3
9YeGP9RILx7okF9kKa+SyVzjciGnl64XbCeC8bFQfgT1wBmjv4pTqFl1fMLhEQxgrtrfwzVNjtKAqn1CmFS3Dj/kO+s1uxlRqGqa3FNcdnxyDCkYLvll
eSOPCyZhsMScK8qLwjW3ceYoJypVIXMbPNIDQc60xFJVZ+cNXPaKoheWWgRVmrVMUS9kmwtVQkLQCDHM9OiYROM8PPl3
Vm8cF8eGD9MWqkrAWVoKWl/jciGnl64XbCeC8bFQfgT1wBmjv4pTqFl1fMLhEQxgrtrfwzVNjtKAqn1CmFS3Dj/kO+s2uxlRqGqa3FNcdnxyDCkYLvll
wU5LIIrj0NKseOqO1btr8OYoJypVIXMbPNIDQc60xFJVZ+cNXPaKoheWWgRVmrVMUS9rmwtVQkLQCDHM9OiYROM8PPl3
rKfs7wr4JXtPQVDaXvSNzV7jciGnl64XbCeC8bFQfgT1wBmjv4pTqFl1fMLhEQxgrtrfwzVNjtKAqn1CmFS3Dj/kO+s5uxlRqGqa3FNcdnxyDCkYLvll
O1WEwqE16vP2tBbaI/khtuYoJypVIXMbPNIDQc60xFJVZ+cNXPaKoheWWgRVmrVMUS9jmgtVQkLQCDHM9OiYROM8PPl3
Tj406h6hUnrZMyW6jRBClVnjciGnl64XbCeC8bFQfgT1wBmjv4pTqFl1fMLhEQxgrtrfwzVNjtKAqn1CmFS3Dj/kO+sxuhlRqGqa3FNcdnxyDCkYLvll
Xp4ZGCIeUmdttYJq5lPUyOYoJypVIXMbPNIDQc60xFJVZ+cNXPaKoheWWgRVmrVMUS9hmgtVQkLQCDHM9OiYROM8PPl3
XSwI2ZGuJ3MHvUbVIj9l5FjjciGnl64XbCeC8bFQfgT1wBmjv4pTqFl1fMLhEQxgrtrfwzVNjtKAqn1CmFS3Dj/kO+szuhlRqGqa3FNcdnxyDCkYLvll
O6r5k+1vwhI3k55oCwEdLOYoJypVIXMbPNIDQc60xFJVZ+cNXPaKoheWWgRVmrVMUS9gmgtVQkLQCDHM9OiYROM8PPl3
GVCcMfEMCJf591NWaZ49t1vjciGnl64XbCeC8bFQfgT1wBmjv4pTqFl1fMLhEQxgrtrfwzVNjtKAqn1CmFS3Dj/kO+syuhlRqGqa3FNcdnxyDCkYLvll
xShIdBrc/RyacESKM+Ni4OYoJypVIXMbPNIDQc60xFJVZ+cNXPaKoheWWgRVmrVMUS9lmgtVQkLQCDHM9OiYROM8PPl3
dagyUcsQQwJ6WzICvkFH3VrjciGnl64XbCeC8bFQfgT1wBmjv4pTqFl1fMLhEQxgrtrfwzVNjtKAqn1CmFS3Dj/kO+s3uhlRqGqa3FNcdnxyDCkYLvll
rSX4GN8oh8unZ7j+B4xEM04GKNuYjL7AZvoCZV+Zt04rRpgtKjryrVXkIspk1Aduz6QLC0i+KXBYKip8I9zm3KJM+Tg++XU=
fuETpkmSDoLUC8y+1ClSdFpx8sJ7UPy+VMxyeDIqdo0DOQvmvzZstaa6fjUhFLZi2HTbBjv037MOe2WPDPoeVP+8GrS2fM0gMvl5
sfsCY/rf1oJ/ALBCgxr9M7LFc0SprzkKhwe/DOjGKEKlVBJXS8iknb5qCAAeCJjh0B77i9wPUvFOz3tUYe7k1OrdyylaMw/SAJ+kf/xOtEDY3t0yivgF775HQsjE3xY9wBx+HflU
t5JAq+QLzZ8f3AlD8vNQJz1N7HGAXxEZXV/RKRO3DMut5BHBm46fshc6EQxf1sGirozLDbiMXoAGeqIlf5nXjovGOO1KOhLt9WSCioTUJ65vJOvLI7kJN/iqSrzD3MYcwswZeB75VQ==
rAQQrZO2cqw2LxlySV5179PI0+iQJDv8rdYz4DO5vceCVyNcn10VDhEumYKfkNGmbz5ANKWRFmzw3GjCTPnR6ZlSRX52sYT63LG7XExWyqQJcoEchZcKWycqlpKkoO2syADM9BdkEPlb
jyy8Bet1hpP+n4C+cWZYPuvuwXoUnrb2XgIO6qyfaPR3HXzdFt+m9QdykaywSnJXZ9+aQSvcCIV4uazsQP6gdBFl6uoAgZa9/q50XYJjGNYSK/lm
/h0/c5Ev9AQjQ37iPsFJVbPFc0SprzkKhwe/DOjGKEKlVBJXS8iknb5qCAAeCJjh0B77i9wPUvFOz3tUYe7k1OrdyylaMw/SAJ+kf/xOtEDY3t02iPgE775HQsjE3xY9wBx+HflU
eCLnBaE5apXU3C8hc8LMtj1N7HGAXxEZXV/RKRO3DMut5BHBm46fshc6EQxf1sGirozLDbiMXoAGeqIlf5nXjovGOO1KOhLt9WSCioTUJ65vJOvLJrgJNviqSrzD3MYcwswZeB75VQ==
aGW9+R4WzGDfdnuR79+20tPP0+iQJDv8rdYz4DO5vceCVyNcn10VDhEumYKfkNGmbz5ANKWRFmzw3GjCTPnR6ZlSRX52sYT63LG7XExWyqQJcoEchZcOXycqlpKkoO2syADM9BdkEPlb
DRly/QR81+mx+8jFkBG5z6KXvVpbao2Uy3Y1mtK8xyXsTIroiooeXUt5w5aXFnRFvrpmRTk0npKQtBNW01RnI3D/3R70mraEt3xShF4c1RAq+WE=
gVT+Q+gjTa2GbyzCXHyrZ5i3JRAslN61PB0Ggb3/YjjigkosLETsUqgxncmVWiFOsgn4eiAJ/2yoXsaExTrljAEPV5j7MZKCgOihTESIaATTHCz5Zw==
AScOLF2qKlobtuUKVWOBjqypiywai66+Bx5J5KSYd7d8HXzdFt+m9QdykaywSnJXZ9+aQSvcCIV4uazsQP6gdBFg6uoCgZa9/q50XYJjGNYSK/lm
BQmLhigPSoSOY63llr4HoKypiywai66+Bx5J5KSYd7d8HXzdFt+m9QdykaywSnJXZ9+aQSvcCIV4uazsQP6gdBFt6uoCgZa9/q50XYJjGNYSK/lm
zzxc1Rkmw0xZLu1TtowkBov/eEtv2Mjqc0FBga3+YzvigkosLETsUqgxncmVWiFOsgn4eiAJ/2yoXsaExTrljAEPWp77MJKCgOihTESIaATTHCz5Zw==
a8WlqKQinAyKVYBdw329PYv/eEtv2Mjqc0FBga3+YzvigkosLETsUqgxncmVWiFOsgn4eiAJ/2yoXsaExTrljAEPUpr7P5KCgOihTESIaATTHCz5Zw==
TqEoFRKPeG2pylM34QcQ3ufE6uD55pktSSrG6rlkJAOTy7jCY9W7nOktgzv+QG9t19viK+9bBc2zqLgZEB1MgPgq8MjZI6kmVLVm4dZKVHF6dwgqGi/5ag==
sJoft73Nt77S/Dq/1qZDyIK3QgpCo2KtRotZIL2FPsOQ1JkMMQ42pvGwxJ8LTyiuyyF74NHJszf2VE8xDx+yhwfvhXFLDMjV2EksnOAu4CTxV+na7NHWbV7e9K0iM9gGchv5Vg==
r7b08N8rZCdvjDk6Fg+TKatZnN+P1fkt2n4cbHIv9Rxyn6U3Ju5W0s5DKdWGNfjziZrQ37uqLVtpPFBdMjytOQBLp49sX6xMPSeOyfKWlAXepYaFWbR+UrC0M5Zz1MfjVvm90hQa1sRXfDLE/px1UAr5QQ==
FUq5JUZaMhhzFv2Q8EKyeCK8lgbYq+wVYSVcfYJXGxpCe8Hi969rLDJp6NQXvZLrdUtWN7Z43/fMvWgebqGM5dSho7xkJvJk0SLpvH0ngdmv1i7yDHA17LAwJNQPdBj5Uw==
EPMWgDk1+jsfkdB+AckT0+VbnJYmTW1T/iBsf3sLeJYIbhCz92kYTWZPFxpOYyXSs+e3zI7hbETzBd6rubNyJ7JwI9eQ9azuyjkAZVg5B8wg7i5ErSrtrFlfzRljbkpiiPiJjOz44ORrbBT5Xw==
90YRzqnu11QpFwK6s6dQZId/cbcjUF6jJzKb+hhWpFFZZTki6xlCA2YjeeFkboimh80+zV07rfhfB0GfqcTa4/miptKpjOSb44OYOrN9O8TZJWODbigvdScTQlO/cwUVAyDYIQD1jBiIYtAwCYoofmS9hllGIhRpir+oUkoH+bI=
GZAO0VJGFCFvNuIV3gc/FCK8lgbYq+wVYSVcfYJXGxpCe8Hi969rLDJp6NQXvZLrdUtWN7Z43/fMvWgebqGM5dSho7xkJvJk0SLpvH0nhdiv1i7yDHA17LAwJNQPdBj5Uw==
5r+GimfLFotRlQ/BFmVcwatZnd+P1fkt2n4cbHIv9Rxyn6U3Ju5W0s5DKdWGNfjziZrQ37uqLVtpPFBdMjytOQBLp49sX6xMPSeOyfKWlAXepYaFWbR+UrC0M5Zz1MfjV/i90hQa1sRXfDLE/px1UAr5QQ==
4U3S+6f/62ZnqGmLQSBzR2UL9uMiqdzGPaGyB2CU3Rjm/cGdh02+6qrMiNVMysE4FzV+injrjBVB5bz9Ihd7GiI7YWIXb0ssUilIVPd9susVC/a3Vrj/96z9yJ6OYazl9OHDPMTmEmTxYok83edv2I+WTnKssNXskHBEVK+0+Pmz
cBLRJh+lSuwQM0pR8cblD4v/eEtv2Mjqc0FBga3+YzvigkosLETsUqgxncmVWiFOsgn4eiAJ/2yoXsaExTrljAEPW577NZeCgeihTESIaATTHCz5Zw==
kU3dsLzFjQDDXfYNrjxhxYv/eEtv2Mjqc0FBga3+YzvigkosLETsUqgxncmVWiFOsgn4eiAJ/2yoXsaExTrljAEPVZ/7NJeCgeihTESIaATTHCz5Zw==
ztBqKLYK469Z/41W0FJ7DAGtLDyvi7kGJDa18KVYXkr/wFjmqIxOoFY6coXvGScu+4bIzTo64s2FpHIq9FS3Dj/kO+szuhlWrWqb3FNcdnxyDCkYLvll
fDGEDHpAQRyJhpnFQmY8sLyqsJSPS7P1yaYVVrVAGlNLzKyJrn4gZD7ssLWAyjPPnEuaJR6b07DBikxAeklDrdq3h0aQCwwbXKocFIgKFXTKvMw+7hJqLOS7PinQCHYZ+VA=
2NIFpeKHeuFdPIZriCI8pCK8lgbYq+wVYSVcfYJXGxpCe8Hi969rLDJp6NQXvZLrdUtWN7Z43/fMvWgebqGM5dSho7xkJvJk0SLpvH0ngtmv2ivyDXA17LAwJNQPdBj5Uw==
hFRMxIaO4/gxq8WNp2UuouVbnJYmTW1T/iBsf3sLeJYIbhCz92kYTWZPFxpOYyXSs+e3zI7hbETzBd6rubNyJ7JwI9eQ9azuyjkAZVg5B8wg7i5ErSrtrFlfzhljYk9iifiJjOz44ORrbBT5Xw==
1bl1G8H+ITwUT5g+CXZWHuvuwXoUnrb2XgIO6qyfaPR3HXzdFt+m9QdykaywSnJXZ9+aQSvcCIV4uazsQP6gdBFh6OoDhJa8/q50XYJjGNYSK/lm
zHUPUPG+WrIPHT7cWYynfSZ52EKauNn8/erqN1A71tjEzk4ifPfIHOeV/FWGNwad17rRZGAiUr9315pJOzQo7ahx7CSQlgCcge5vYpNsNtQuZjSVUgs4PgIj+W4=
MVBdsacpVY+pLQ6JDfmMDCalnkOW56wHaWROZ5RYFxcPPoGi96ApZjdu6NQd4Z7seGwQYqQpiamhom0ebqGM+tSho7xkJvJk0SLpvH0ngN+v2SvyDXA17LAwJNQPdBj5Uw==
oGK+/jqNADsljt9cbGPXU2bl3lvKueUWfGlJNI9aGxUJPoGi96ApZjdu6NQd4Z7seGwQYqQpiamhom0ebqGM+tSho7xkJvJk0SLpvH0ngt6v2SvyDXA17LAwJNQPdBj5Uw==
7wFsFhDrl2Iogadw0VOahG1f93fDUh9QTFrdLUetG8yp+ROVgomcshc6EQxf1sGirozLDbiMXoAGeqIlf5nXjovGOO1KOhLt9WSCioTUJ65vJOvLI7oJNP2qS7zD3MYcwswZeB75VQ==
4vYtzT1mSSuj+Coew6MS1qtYmJnYlb59gCRsLTNughIjyupnZaUSjYcQeZmTOPr8xomRmvvqLVQrdlVaMjynZQxMqqgqCr4da3nj1veWlAXeuoaFWbR+UrC0M5Zz1MfjU/i93BEa18RXfDLE/px1UAr5QQ==
PQ3CgA1zqcT7ySnq7RftkDY4nALOoM39/K/WeQR2lp6Oyk4ifPfIHOeV/FWGNwad17rRZGAiUr9315pJOzQo7ahx7CSQlgCcgeVoYpJsNtQuZjSVUgs4PgIj+W4=
KGMrbm29NG9Xc8pGVC2DxOvuwXoUnrb2XgIO6qyfaPR3HXzdFt+m9QdykaywSnJXZ9+aQSvcCIV4uazsQP6gdBFl7+oChJa8/q50XYJjGNYSK/lm
DY4q8DJRIbocrAUpJ5j49Vjf6oQMei7OxHNYoI9BPBleE3aB387xSBjmgsPfQxrFo1CYMeBFDEiokhCgabsvrsrIxkimkpQ5qk9owio3+WI=
dUBLQSs77NHC01H9ThPDPwGtLDyvi7kGJDa18KVYXkr/wFjmqIxOoFY6coXvGScu+4bIzTo64s2FpHIq9FS3Dj/kO+s0vhlUrWqb3FNcdnxyDCkYLvll
f6Fd94pD+Y3yBqMxkirCQLyqsJSPS7P1yaYVVrVAGlNLzKyJrn4gZD7ssLWAyjPPnEuaJR6b07DBikxAeklDrdq3h0aQCwwbXKocFIgKFXPOvM4+7hJqLOS7PinQCHYZ+VA=
gn1PqjSB6BNlcOtG2mRKA2bl3lvKueUWfGlJNI9aGxUJPoGi96ApZjdu6NQd4Z7seGwQYqQpiamhom0ebqGM+tSho7xkJvJk0SLpvH0nh9uv1yvyDXA17LAwJNQPdBj5Uw==
c3F7xyWrgx8lqhPaKuOr0uvuwXoUnrb2XgIO6qyfaPR3HXzdFt+m9QdykaywSnJXZ9+aQSvcCIV4uazsQP6gdBFm6OoNhJa8/q50XYJjGNYSK/lm
wqnl7MoJz8EZ/4xEZlS0SryqsJSPS7P1yaYVVrVAGlNLzKyJrn4gZD7ssLWAyjPPnEuaJR6b07DBikxAeklDrdq3h0aQCwwbXKocFIgKFXTIvME+7hJqLOS7PinQCHYZ+VA=
CA3fwC6ti4/gNUiZE/ergiK8lgbYq+wVYSVcfYJXGxpCe8Hi969rLDJp6NQXvZLrdUtWN7Z43/fMvWgebqGM5dSho7xkJvJk0SLpvH0ngN+v1yvyDXA17LAwJNQPdBj5Uw==
ZkAzTI0L4i3gm+Q/7C88ueVbnJYmTW1T/iBsf3sLeJYIbhCz92kYTWZPFxpOYyXSs+e3zI7hbETzBd6rubNyJ7JwI9eQ9azuyjkAZVg5B8wg7i5ErSrtrFlfyRtjbk9iifiJjOz44ORrbBT5Xw==
621Bf5v6Qi5aoExU+zIK7B8C/lUsQyPegz6nyzwouLlqi2kZvQaz3YkpDVZajaXonvS9jhRFLzkwrDcPW4rlD3uFmsr/y4uJyiXbIUU7Hyogx9Q3PIYEGLhmTb0LcJhSXp7ygIQX5uXgZG4V+Vw=
UEUH36prm1DzJ6UstlwD2l9Cvk1wHWrPljOgmCcqtLtsi2kZvQaz3YkpDVZajaXonvS9jhRFLzkwrDcPW4rlD3uFmsr/y4uJyiXbIUU7Hyogx9Q3PIYEGLhmTbkKcJhSXp7ygIQX5uXgZG4V+Vw=
mflI762tBHP5ewfjwRetGsKbfmglYSg5lnoxTzrCnwi6s01Tf1G3SSVXzawXO3G7scjaFxF+dhYRIEQPa//oXusxe/DxOXOHlsTPoe+v8vcn/4Vha3yIZTjZrAyAniDU0UTpyswkFtw+TnQ9woOYdlIL+UY=
qChz0HZjEYub4aBzN7KyBod/cbcjUF6jJzKb+hhWpFFZZTki6xlCA2YjeeFkboimh80+zV07rfhfB0GfqcTa4/miptKpjOSb44OYOrN9O8TZJWODbigvdScTQlO/cwUVAyDYIQD1jBiIYtAwCY8ofmS4hlhGIhRpir+oUkoH+bI=
s5i6sKuCLb79H4wzn/+9OHWJs62y6NY+JJOINYU9QG2OXx8aRnPN8uu3jwxWURTkW/VWKzEDmscKAHsXaCX0juIpCGVQKS8s+L5WBHXaVcwx70Cf6x7nwnFI0czUKDjEA3wc+Vc=
JdPGrdoxbVZetr4I9ngyssOShOmVPDi0rYU57XD7tNWZFTRdmkcTGkpr2cKfn5PsajlANK/NGmv9+y6XXqiHt/RNQH52sYTl3LG7XExWyqQJcoEchZcJXycmk5KloO2syADM9BdkEPlb
ECQO89NB6G3W8cqKIJUHSANzsq0dG60Yn6fB/+nk2gM5Aiay6azkeyMjGFrzXTskGYXj4y4IL5Xns8Iz/1MF9cOAWEFA1Yz4SMJQUEmgL56kGAY4BgIUiUofKDIKJ/lS
+Uo0SKEVq0vlo+Xw0VlrqaKXvVpbao2Uy3Y1mtK8xyXsTIroiooeXUt5w5aXFnRFvrpmRTk0npKQtBNW01RnI3X+3RvwmreEt3xShF4c1RAq+WE=
FgGCUJ+X1iMHJqpckXE730Qcq+8PeCCH7oUg41znAqmu9wt8oYZULEqFGwFaG9+KoGcUFzxmxHg4ho3TDpDRM95+suCEN6ZFYMQuNfl8
xe2kGYGORo+KQtnBB+VUj/XX6FROcsXN1zE7ktWjhC7sTIroiooeXUt5w5aXFnRFvrpmRTk0npKQtBNW01RnI3D73RrwmreEt3xShF4c1RAq+WE=
cQDXTS1AzPsiHmpsQ+pikaypiywai66+Bx5J5KSYd7d8HXzdFt+m9QdykaywSnJXZ9+aQSvcCIV4uazsQP6gdBFi6uoEhZa8/q50XYJjGNYSK/lm
JH0mgXerjCfg8XSdqHOfX62pjSkai66+Bx5J5KSYd7d8HXzdFt+m9QdykaywSnJXZ9+aQSvcCIV4uazsQP6gdBFg6eoEhZa8/q50XYJjGNYSK/lm
n1q/2oglgvXoCFiAzuMUN62pjSkai66+Bx5J5KSYd7d8HXzdFt+m9QdykaywSnJXZ9+aQSvcCIV4uazsQP6gdBFn7uoEhZa8/q50XYJjGNYSK/lm
f2TRZgKYMHQsT5bG4tpBlgGtLDyvi7kGJDa18KVYXkr/wFjmqIxOoFY6coXvGScu+4bIzTo64s2FpHIq9FS3Dj/kO+s3uBlRrGqb3FNcdnxyDCkYLvll
6gBviX0x9H0VRmNJZcjL4HSAsKSysZN8NMTEPZ51T3CtRQMYKDaRpLLuwB4FD0W0Db4fICFiit0FTSFNGDrx1bhiUjYKcjB4qeglBHXaVcwx70qZ6xblwnFI0czUKDjEA3wc+Vc=
F79vO+ig0XYdAo6eRjqXUOPzo8be2KrXTirJhc3cz0Xz0hh8TCRH+tCAmRh7OkAXeKiWhIX22JAQ4PB4ILEJ0WtGVQnA8sm1XL3WIwB7vGxecmzUMMZATGHcaFJ0vnaEjpa05fLb+G5iE/le
/HNjFfZEoJKyx3Lg8H/ncrPFckSprzkKhwe/DOjGKEKlVBJXS8iknb5qCAAeCJjh0B77i9wPUvFOz3tUYe7k1OrdyylaMw/SAJ+kf/xOtEDY3t01iPgA6L5GQsjE3xY9wBx+HflU
n/5xxqaIw7ENg2gCv9iSUd8TjGFAhG5EoKhoFjjGtdLDSAUGG4a8hMk5wqyktEQycIHlCU0KGa6aGfB6KBnXDJCOnsQ9ir1sqX/aH3OGfSLZGBkMnFgQJDsMJPlv
fp4D6263y4vX+2DjmbJHYZGnnN2UtRSfxkgBjZY2hteZwR5/QLkkl1yK3HQIqlWTytwAnG7yKgzk2/6JUOg2Oflw
F4Knw6I/6rODgUwAGqUa4Ovs5dXQRP/szrc0F6RQW1JQz7aIpHNkIzDruK6diWLakEHcYBTV1L/GqEEtFlZG95nh3h/AGWR3XKocFIgKFXfJvMA87hJqLOS7PinQCHYZ+VA=
ErWFRqUDsgvbxE+Wa0cwb5GnnN2UuhSbz0oBjZY2hteWwRp2Qrkkl1yK3HQIqlWXyNwAnG7yKgzk2/6JUOg2Oflw
szryzZdzTwUEmgEkEB6xFuvs5dXQRP/szrc0F6RQW1JQz7aIpHNkIzDruK6diWLakEHcYBTa1LvPqkEtFlZG95bh2hbCGWR3XKocFIgKFXTIvMA87hJqLOS7PinQCHYZ+VA=
n8yTTHJXxRIhytnKYQl4KcYhfYohNG3BbA02tjiRTGC4inBoGUSvRpQS5kCWqlSROteIitpP+Qo=
z1lTKXE5uyNOHElxriZht+XB7u/44JRjWT3d7at4KQibw7nEdJG4lsFj13GzXyk9h4f9N+FUbaGsrbYWeHFMgPgq8MjZJq8mVLJm4NZKVHF6dwgqGi/5ag==
DaMomYsA8DcHYyxrAyf61KKXvVpbao2Uy3Y1mtK8xyXsTIroiooeXUt5w5aXFnRFvrpmRTk0npKQtBNW01RnI3H+3RLzmreEt3xShF4c1RAq+WE=
DN/Vo2DtwndBtbO8g9Huj3pX+XqMX11JTU/MJUewXsO06hzakdSL/F19GRAAkdG0r4CIBriMXoAGeqIlf5nXjovGOO1KOhLt9WSCioTUJ65vJOvLJ74JOv+qS7zD3MYcwswZeB75VQ==
ijwAukpqWocmJPCIMLUuSfHimSFR3vb2UUBE76ufaP4rEXvQMZnz51Ykz8GvT3JXZ9+FQSvcCIV4uazsQP6gdBFh6+oFh5a8/q50XYJjGNYSK/lm
V8CFAMoPDzmExOdu3YA39tWTcGVqbGogl28gRzrf2genoEIcbAygB28QxbBIfGGtsMSZHBF+dhYRIEQPa//oXusxe/DxOXOHlsTPoe+v8vcn/4Vha3yIZTjZrAyAniDU0UPrysUnFtw+TnQ9woOYdlIL+UY=
nCw0K9/AxU6JiE6U22gO+04GKNuYjL7AZvoCZV+Zl04rRpgtKiXyrUfkIspk1Aduz6QLC0e6KXNeKit8I9zm3KJM+Tg++XU=
9tpIDqkgi+CVeA4D+ZQHg3pX+XqMX11JTU/MJUewXsO06hzakdSL/F19GRAAkdG0r4CIBriMXoAGeqIlf5n3jovGOO1KJRLt52SCioTUJ65vJOvLJroJM/6qS7zD3MYcwswZeB75VQ==
/cFfwweKnj7eCinwKybQ1zJ6jpJiq6CdoK48LG57aWc021EPv7rZ0Nh3/4Y0MKC76AQyRG2SgMzjkfi8vf76kZbFQNHMBDG0tD3PzqDpATJ8VPRpDjx3U5ZmWmN8/lSwGI69I4no4Tn+NiJ4RC+2jYBMXg35RA==
RoYETTOb6puYy9oiqZfoctG70I+EsA6KxURPr7Y22NeMyQs5SvgaglyK3HQIqlWXydwJnW7yKgzk2/6JUOg2Oflw
uYiBgPx+ZNZTSxGxsu7Dw1px8sJ7UPy+VMxyeDIqdo0DOQvmvzZstaa6fjUhFLZi2HTbBjv037MLe2WICvofVP+8GrS2fM0gMvl5
rMpkI8hey5MjkYlocxPopIbJJDolazU/lWghRz6MiAW6s0MhY0CpBm8KwqFeHTi4ssbXTRFualBUZg4KbP/oVLc9fP3WfyaVx5KRzPCq8vcn/5pha3yIZTjZrAyAniDU0U3pysYnFtw+TnQ9woOYdlIL+UY=
ZFBInwEAE4swrLQG3SUjw7yqsJSPS7P1yaYVVrVAGlNLzKyJrn4gZD7ssLWAyjPPnEuaJR6b07DBikxAeklDrdq3h0aQCwwbXKocFIgKFXXPvMo97hJqLOS7PinQCHYZ+VA=
K3Om8WHHbbQYoB0pDaJX1ialnkOW56wHaWROZ5RYFxcPPoGi96ApZjdu6NQd4Z7seGwQYqQpiamhom0ebqGM+tSho7xkJvJk0SLpvH0nh96v3CjyDXA17LAwJNQPdBj5Uw==
d/Xfty/hAoPlSgGd9v8mqGbl3lvKueUWfGlJNI9aGxUJPoGi96ApZjdu6NQd4Z7seGwQYqQpiamhom0ebqGM+tSho7xkJvJk0SLpvH0ngN6v3CjyDXA17LAwJNQPdBj5Uw==
Ms+v61AZZ/RcjIMV7b2dhGbl3lvKueUWfGlJNI9aGxUJPoGi96ApZjdu6NQd4Z7seGwQYqQpiamhom0ebqGM+tSho7xkJvJk0SLpvH0nh9uv2yjyDXA17LAwJNQPdBj5Uw==
xQyx5zGZTnMgaweXRoxK4QGtLDyvi7kGJDa18KVYXkr/wFjmqIxOoFY6coXvGScu+4bIzTo64s2FpHIq9FS3Dj/kO+s4uxlVrmqb3FNcdnxyDCkYLvll
jbae8qqbT+7BXjMamVN5W7yqsJSPS7P1yaYVVrVAGlNLzKyJrn4gZD7ssLWAyjPPnEuaJR6b07DBikxAeklDrdq3h0aQCwwbXKocFIgKFXfKvM897hJqLOS7PinQCHYZ+VA=
rAOLSLo4TI24ihrN3tAQ0ialnkOW56wHaWROZ5RYFxcPPoGi96ApZjdu6NQd4Z7seGwQYqQpiamhom0ebqGM+tSho7xkJvJk0SLpvH0ng9qv2SjyDXA17LAwJNQPdBj5Uw==
pzi6qvyqXa/A0jKrivBmTm1f93fDUh9QTFrdLUetG8yp+ROVgomcshc6EQxf1sGirozLDbiMXoAGeqIlf5nXjovGOO1KOhLt9WSCioTUJ65vJOvLIrkJNf6qS7zD3MYcwswZeB75VQ==
FTuANUc4lpCJ80gwrDjbo6KXvVpbao2Uy3Y1mtK8xyXsTIroiooeXUt5w5aXFnRFvrpmRTk0npKQtBNW01RnI3353R3ymreEt3xShF4c1RAq+WE=
q590d6crUozM1FlSb53P5faI7u/44JkwSSrG6rlkJAOTy7jCY9W7nOktgzv+QG9t19viK+9bBc2zqLgZEB1MgPgq8MjZJK8mW7Nm4NZKVHF6dwgqGi/5ag==
gVY3ZeENvMfTGZXKKiNUskdQp9rFPlKv5AXX2vL7oX3+v+66l8d6wb8ZIUBSWf9/CoPRBV4V0OOBmtjPk4r1i5H8iO2KnMVJiMsvP8S/VLzl57aZqvb8FdaljpWxVKaCiPRr5gu0b1PUfjUt+rpvdA88SpSmvF1AAvlJ
3UmNYfryGcddmqM2PnwgAOVbnJYmTW1T/iBsf3sLeJYIbhCz92kYTWZPFxpOYyXSs+e3zI7hbETzBd6rubNyJ7JwI9eQ9azuyjkAZVg5B8wg7i5ErSrtrFlfwhtjYExiifiJjOz44ORrbBT5Xw==
J1utq33d/q7GbHNW7/Aoux8C/lUsQyPegz6nyzwouLlqi2kZvQaz3YkpDVZajaXonvS9jhRFLzkwrDcPW4rlD3uFmsr/y4uJyiXbIUU7Hyogx9Q3PIYEGLhmTbgKcJZRXp7ygIQX5uXgZG4V+Vw=
nw4MLXo14FFC2WW7UDbaxl9Cvk1wHWrPljOgmCcqtLtsi2kZvQaz3YkpDVZajaXonvS9jhRFLzkwrDcPW4rlD3uFmsr/y4uJyiXbIUU7Hyogx9Q3PIYEGLhmTbIKcJZRXp7ygIQX5uXgZG4V+Vw=
57RxhqYFwHTgllxK2mJ6AsKbfmglYSg5lnoxTzrCnwi6s01Tf1G3SSVXzawXO3G7scjaFxF+dhYRIEQPa//oXusxe/DxOXOHlsTPoe+v8vcn/4Vha3yIZTjZrAyAniDU0ULpysInFtw+TnQ9woOYdlIL+UY=
weFxVwW/jIpIKS4vznl59XWJs62y6NY+JJOINYU9QG2OXx8aRnPN8uu3jwxWURTkW/VWKzEDmscKAHsXaCX0juIpCGVQKS8s+L5WBHXaVcwx70GY6xDkwnFI0czUKDjEA3wc+Vc=
3zh4s/mbhfDylrSvy733WwNzsq0dG60Yn6fB/+nk2gM5Aiay6azkeyMjGFrzXTskGYXj4y4IL5Xns8Iz/1MF9cOAWEFA1Yz4SMJQUEmsKJ6qGwY4BgIUiUofKDIKJ/lS
y9d17o+VM5ob2StfOiTN44K3QgpCo2KtRotZIL2FPsOQ1JkMMQ42pvGwxJ8LTyiuyyF74NHJszf2VE8xDx+yhwfvhXFLDMjV2EksnOAu4CTxVu/a4tfWbF7e9K0iM9gGchv5Vg==
X828Jk24uDCYqjydLHtBEuVbnJYmTW1T/iBsf3sLeJYIbhCz92kYTWZPFxpOYyXSs+e3zI7hbETzBd6rubNyJ7JwI9eQ9azuyjkAZVg5B8wg7i5ErSrtrFlfyR9jYExiifiJjOz44ORrbBT5Xw==
d3Es1dz857H3qczIh9B3SQGtLDyvi7kGJDa18KVYXkr/wFjmqIxOoFY6coXvGScu+4bIzTo64s2FpHIq9FS3Dj/kO+s4vxlUrmqb3FNcdnxyDCkYLvll
kUqb5bRAv9nDd494aiXhebyqsJSPS7P1yaYVVrVAGlNLzKyJrn4gZD7ssLWAyjPPnEuaJR6b07DBikxAeklDrdq3h0aQCwwbXKocFIgKFX/PvM497hJqLOS7PinQCHYZ+VA=
2BnGGRJG1MZrmq8VPTYRaWK1csJVtYdatd16IqSQpEI/Wkncl5aJElYso50gDMYQrpoaVTdZH97T5tDdMjrq3Z1EWlrMlO9e10RDW7k6kasWCjMMCxyOTBosMQgm+W0=
XiW+9AQyEDmlakas319Yq6KXvVpbao2Uy3Y1mtK8xyXsTIroiooeXUt5w5aXFnRFvrpmRTk0npKQtBNW01RnI3H63RPymreEt3xShF4c1RAq+WE=
+JI6ksBo4tx2eVP7RKdxO62pjSkai66+Bx5J5KSYd7d8HXzdFt+m9QdykaywSnJXZ9+aQSvcCIV4uazsQP6gdBFh6eoNh5a8/q50XYJjGNYSK/lm
NvY+D+mWFPKl5THApeslFDJ6jpJiq6CdoK48LG57aWc021EPv7rZ0Nh3/4Y0MKC76AQyRG2SgMzjkfi8vf76kZbFQNHMBDG0tD3PzqDpATJ8VPRpDjx3U5ZmWmN8/lSwGI69Ko/o5T7+NiJ4RC+2jYBMXg35RA==
+vcCasg/9gxUAxdTE4g26dG70I+EsA6KxURPr7Y22NeMyQs5SvgaglyK3HQIqlWfz9wNmm7yKgzk2/6JUOg2Oflw
YR5WOOSelQW23ZnFnZd3j62pjSkai66+Bx5J5KSYd7d8HXzdFt+m9QdykaywSnJXZ9+aQSvcCIV4uazsQP6gdBFg7+oMgJa8/q50XYJjGNYSK/lm
f5nglRfLMbac6Hden1e5YwGtLDyvi7kGJDa18KVYXkr/wFjmqIxOoFY6coXvGScu+4bIzTo64s2FpHIq9FS3Dj/kO+s1vxlTqGqb3FNcdnxyDCkYLvll
C1QPbZ50avqhjKGYOQUoNLyqsJSPS7P1yaYVVrVAGlNLzKyJrn4gZD7ssLWAyjPPnEuaJR6b07DBikxAeklDrdq3h0aQCwwbXKocFIgKFXLPvMk77hJqLOS7PinQCHYZ+VA=
bwg4HRzmRAHvqfXERzjh/qKXvVpbao2Uy3Y1mtK8xyXsTIroiooeXUt5w5aXFnRFvrpmRTk0npKQtBNW01RnI3H+3Rv0mreEt3xShF4c1RAq+WE=
9fOhayVydjB9gFt3GEbcMAGtLDyvi7kGJDa18KVYXkr/wFjmqIxOoFY6coXvGScu+4bIzTo64s2FpHIq9FS3Dj/kO+s1uxlVqGqb3FNcdnxyDCkYLvll
nAnd2MqYIEAOmskGnJZ2zfHimSFR3vb2UUBE76ufaP4rEXvQMZnz51Ykz8GvT3JXZ9+FQSvcCIV4uazsQP6gdBFm6eoDgZa8/q50XYJjGNYSK/lm
So6z4CEQQaU2LrOtW/Y87mf72lXWvvRdODkbc4pQBFlJe8Hi969rLDJp6NQXvZLrdUtWN7Z43/fMvWgebqGM5dSho7xkJvJk0SLpvH0ngtiv2S7yDXA17LAwJNQPdBj5Uw==
GDNwhJw/QxEVwxTXuDssUDJ6jpJiq6CdoK48LG57aWc021EPv7rZ0Nh3/4Y0MKC76AQyRG2SgMzjkfi8vf76kZbFQNHMBDG0tD3PzqDpATJ8VPRpDjx3U5ZmWmN8/lSwGI69IY/o6D/+NiJ4RC+2jYBMXg35RA==
1nHam5B1i96dA+rwe0i29tG70I+EsA6KxURPr7Y22NeMyQs5SvgaglyK3HQIqlWSz9wAm27yKgzk2/6JUOg2Oflw
TyI2vNwYVBTiygPtdnJrCaMEhXYu2BkDJgUVySdECHWf0FrB4RwwNzjVe8qzcs5heTnN58KJlZKLvYfmy1ZxAl5M+y3IjG5g9roSRQ8ZR25bBmiNWjoCDSUk0uoUVNdO32Sbqxi4+RDN6jIfc1xWvJKMSVgO+UU=
Oo5w8V5Nwfdppz+2nBfqIYK3QgpCo2KtRotZIL2FPsOQ1JkMMQ42pvGwxJ8LTyiuyyF74NHJszf2VE8xDx+yhwfvhXFLDMjV2EksnOAu4CTxUe/a5tTWZV3e9K0iM9gGchv5Vg==
rZS3F0EDm1SnTdxvoChU0uVbnJYmTW1T/iBsf3sLeJYIbhCz92kYTWZPFxpOYyXSs+e3zI7hbETzBd6rubNyJ7JwI9eQ9azuyjkAZVg5B8wg7i5ErSrtrFlfzh9jZE9igPuJjOz44ORrbBT5Xw==
hqFFOa4z4arIv/uv0YqrOCK8lgbYq+wVYSVcfYJXGxpCe8Hi969rLDJp6NQXvZLrdUtWN7Z43/fMvWgebqGM5dSho7xkJvJk0SLpvH0njt+v3CvyBHM17LAwJNQPdBj5Uw==
GgCxI1Rs2PPRkWRSY5Akt11mDT5pQgJnZHi2O3FxgBIP37FKAcMtMQZbuWCI34PQzJ5aoLZTYlko0j7rfeO9TRpltJv9mqS39/qxw/2c5GUODKER1ItzZ+CvULTJx5rR7kZYrWolMi0V5GJKpNRH7g+kS4sDvunwHSri/+PcplxiTLm4/vm1
HZSsiPnQyaIEoaYkBJ4WDnXx6yRUsuAY1s74o0eeYSt9KTZ07x0I7s61iHfWVtsCTqiy1El9GRYADhoCCXpFJh+e8PRVsSZsgLxYArwZYWkJMhW+plGU+szR6xyctlokuRLxXLV3/l8XCePSHAMdLFignLRHRAD5Sw==
+eW5ZMB9PmhVhJIoW29tS+WCisLKlOoNDcq1xNUysI8oVKv+eIyUs+/6EOm06oxjLLozMKmV/uAd80oxu+QHZSnx3b5aZXUwPkwNJlQtX0FQ9Gen2yI115t9aiI/Yzsxan2LSUVTT3KAf2Sf/G704Fi+nReK2MYKPu+B6MS/Vl1AvL79+bQ=
kvrVXb1ApZVZo1Clo5tp0ov0/zyjvg9tksM2MzsVXkmcZidcMDFv+n5+gs+pp1HweAbarQ8ATZq9j8leRFpReAQuTkI8V0j8J7X8dUbXhj2X2tGEoILS3zf3mml7VKhNaJHsRNA2gHxBy29CUoy2fW0GNHWSq7heQgP5Tg==
FqkecWL4yjNfr34cwo2v2hpkdkY5Ipi67aRaQZZlCALZSlrgZJHUBPbvxufvIt6r7YxiJvR8WLOMxYZqkHcTkzPRlN06B3MaKit5Qj9fc+yK+aC0D406a527Thf+6Ke31I2g/pZxpOX88dvcLBbqpCmyIZxlV+1bB+czEszjjayoQGx0t6Tw+bs=
mD9TTs5Hwp7mVpw4WDMPmTJ6jpJiq6CdoK48LG57aWc021EPv7rZ0Nh3/4Y0MKC76AQyRG2SgMzjkfi8vf76kZbFQNHMBDG0tD3PzqDpATJ8VPRpDjx3U5ZmWmN8/lSwGI69Iovo4jv+PyF4RC+2jYBMXg35RA==
tIfz3QRAnVBAL8n8DIZfttG70I+EsA6KxURPr7Y22NeMyQs5SvgaglyK3HQIqlWWy9wKn277KQzk2/6JUOg2Oflw
Yf0+UguJ92zzm/j2pWVSuzJ6jpJiq6CdoK48LG57aWc021EPv7rZ0Nh3/4Y0MKC76AQyRG2SgMzjkfi8vf76kZbFQNHMBDG0tD3PzqDpATJ8VPRpDjx3U5ZmWmN8/lSwGI69JIvo4jv+PyF4RC+2jYBMXg35RA==
Ye8mYzD+tHHxNQHGWtvn6dG70I+EsA6KxURPr7Y22NeMyQs5SvgaglyK3HQIqlWQy9wKn277KQzk2/6JUOg2Oflw
JmG1gspp0E/g0TrUzB21PdwQhTciQTjkAUIZ/O2HtdrfPLoyNFPlbEBQNJS/1Ej5Aw==
JrYAwCv5eTwx82ixQF0NcDT2+FW7pmre2fVRTaACL1wk9Ctmy7Qv0x96dag4uqb3TzyKFOa8ncBC+Qk=
fIfjvTgUJdLZs8T6wJ/kqoYgOMJxdxrhIlhu8h+NTGC4inBoGUKqRp4R5kmVqlSROteIitpP+Qo=
G6ZV9tghNdBhMd7ytYN0/u3Gqw31jDM+uon+BXMQWs7wtWUvJQdpky/bDlCkP+wtk6yVAxsnDAn68zVKXpu4hRL0S6ZrNI+T/npVaFg6xjdvPGpUBjw9ACL5aQ==
UQ1vaG6AXdDYOzXsSudSMci/MAxwmZ2oNBJexavzaz+nzwE7IEyqB+Ixndy7H3Uf4lW0M3sWsCPWGbyExTrljAEPUJr7NJaCiOuhTESIaATTHCz5Zw==
