hCsP5NnDau9R+i6fDx2hm3Lt00Ti+WJLfNiqnyd8KDTi695p8zoCfd26qohaVElYhL3sclDta739xwDRYr1WJJnSUdzVtxpbN0tGUvXBfSx4YHw0JgQg+Ws=
3/VlZP4LV/2tStEpTnKRj9/4242Yog+Y1FQMv6lj2N23iAxpRuYQl1yK3HQIqlWVytwNm27yKwzk2/6JUOk2Oflw
rBb1SagyYzTHu5wKzspNrMaRZiUxbSY8zS8wRyKDiQW4p19cfEq1BnEKzosVO3a0t8TYWiAybx8DJBoGTr7jWfYwbLvDayzL/NTKwvCqqKRxppo5OirZP3eprAyAniDU0UfpysEhFtw/TnQ9woOYd1IL+UY=
XvrdCvuEOCTPiIz5oHZjVhFTX7bdgKOGIK9KZleW2gtyENF3cTqp9w21fJ0Y1Aduz6QLC0K5KXdYKit9I9zm3KJM+Dg++XU=
1i9fz6xWaQJd/S8MtRlOfGIbwLkVREpYvMDwWOABk2W0Il6ZxctEBg2cmgJBnDkDH51stPAmwOyh/2lysRn2ZE/2tAWyu3jPIjP5fg==
JdNBAFkhdk7BiaQdjvq8wSkfg7V99BhiED4MWyvL4NAOT3mBjHjJ3trEDWZhzSvPnMIsDOgyxR1JVJ0DDgpbxKQTzrFw8SYx+Xg=
QFTniD9yXrbgzGLOFzy/qmIUwL0cRkpYvMDwWOABk2W0Il6ZxctEBg2cmgJBnDkDH51stPAmwOyh/2lysRn2ZE/2tAWyu3jPIjP5fg==
JsLageqZ6g9x+0u17fQuyikdibd/8AdiED4MWyvL4NAOT3mBjHjJ3trEDWZhzSvPnMIsDOgyxR1JVJ0DDgpbxKQTzrFw8SYx+Xg=
i3tnCxUeOq3vGdSsIXvFkygdibd/8AdiED4MWyvL4NAOT3mBjHjJ3trEDWZhzSvPnMIsDOgyxR1JVJ0DDgpbxKQTzrFw8SYx+Xg=
u7b+OG6NXVzKYGjdVdeKbA+ewy7QctQXm2e4PG6j4S089FFSWkiV6tFhsyP8LnSgWH4dUYkYRU8+JgMoxP/WnUD9Pj35dA==
4/XsyW8p+hS1mfk+p3MNGg6ewy7QctQXm2e4PG6j4S089FFSWkiV6tFhsyP8LnSgWH4dVokYRU8+JgMoxP/WnUD9Pj35dA==
VPYO/eavqvC8859ONzGBbjhIluRFFlgw0MDwWOABk2W0Il6ZxctEBg2cmgJBnDkDH51stPAmwOyh+GlysRn2ZE/2tAWyu3jPIjP5fg==
t2w+Ic88tr/LK6eJ+aVmaUgNpP4GdjGI4Jo8plD6RO/7vwh0rusRdRzMQVpaQIXS8TlDazxmxHg4ho3eCZDVN95+s+CEN6ZFYMUuNfl8
f3CB2WPPYCV/PICwQpq9ulOMwOoqTk/r9zyvalUAK3a4D+I2r9YCO1rwqWd5OqHn9dVUrUAUf75nBJN7zTmhx8DKQ62bnD6sSmzAKDb5fQ==
LD3J+5FDw6W9un7ChYwVVD84LD4Zoo/8KCV0hsbOYWBAMsw+0GI0R1vX2MzuE0Fd/KRxQlpYtboREROTfN4UEJgu/UaJCCWffpbjWERPdm0ALR4t+WQ=
M5FbWqX/0P5tXvxNrKlHRVOMwOo1Tk/59zyvalUAK3a4D+I2r9YCO1rwqWd5OqHn9dVUrUAUf75nBJN7zTmhx8DKQ62bnD6sSmzAKDb5fQ==
ykF9dCanez9eZScJYI28XSsfg7V99BhiED4MWyvL4NAOT3mBjHjJ3trEDWZhzSvPnMIsDOgyxRpJVJ0DDgpbxKQTzrFw8SYx+Xg=
XaJJSYh4gaFQdZQg4O7eNR4j8dh6Wq7NEcBvPnR/Po4LNmaj5mAl7/26JW95Reg1pHTbBjv037MJeWWPDPofVf+8GrS2fMwgMvl5
yJ3NEo2Ez+gfkDqd7NcWlQ2ewy7QctQXm2e4PG6j4S089FFSWkiV6tFhsyP8LnSgWH4dVokYRU8+JgMoxP/WnUD9Pj35dA==
rDPYmqwbjqAz1RfySY16912pITy0nJhSYD2CpbFCXUj10RGS7YBT5hBvOobnFkprotCBl2E6uZfd9Sx9iFS3Dj/kO+s1uRlXqGqb3VNcdnxyDCgYLvll
+sG6HgZSKPKYjfUx3lx1AkdX9a5ROXrFvshQplD6RO/7vwh0rusRdRzMQVpaQIXS8TlDazxmxHg4ho3eCZDVN95+s+CEN6ZFYMUuNfl8
gvlRvJl5kZrA4Ldma3Zumigfg7V99BhiED4MWyvL4NAOT3mBjHjJ3trEDWZhzSvPnMIsDOgyxRpJVJ0DDgpbxKQTzrFw8SYx+Xg=
sM/j5RsvcHtS4wSIIxSfRVqx+kifPJNZyHanPHTwpCs591BZNwyE/dZyuDP8LnSgWH4dVokYRU8+JgMoxP/WnUD9Pj35dA==
Xe+gqQ4rSPsIVcSgeDElVlqx+kifPJNZyHKlMnTwpCs591BZNwyE/dZyuDP8LnSgWH4dVokYRU8+JgMoxP/WnUD9Pj35dA==
RfkpThTjRYYGPGax24Q48pdW/wLJQ/Agt/t9Y47JX////zl11i4dZHk0Y7ZjFLdDgfntP6RaxyUH/MLkjlzkMDr5cQ==
/tRjIYhVNgza8QDox27WJCQOrizDEEEZTEnRFBP8QZvis02KzcbM/UAzRxYB1MShsor/Be2KWYkIZfs5d5XJjoudYqYUf1+x6jDT3PfUJ65vJOvLKLgJN/iqS73D3MYcwswYeB75VQ==
JLl6vj79oVYOOASLJ6Wcr+99eH0/wgfJ1oKdprIxVVuzqty0QMhN0xsc0oagIChAVdyK/tCu05i6nABua7kf1LoSbwBUinhbSSAsEOHjKOOf6vupBAo62NxavETIOvVvyKytCy7Cy1xkC975kHlWCflA
tD1oa94DL2fActXD1C+6xDJ6jpJiq6CdoK48LG57aWc021EPv7rZ0Nh3/4Y0MKC76AQyRG2SgMzjkfi8vf76kZbFQNHMBDG0tD3PzqDpATJ8VPRpDjx3U5ZmWmN8/lSwGI69Io/o5T/+NiN4RC+2jYBNXg35RA==
w0AqupajeGiUkmjvISEb99G70I+EsA6KxURPr7Y22NeMyQs5SvgaglyK3HQIqlWWz9wNm27yKwzk2/6JUOk2Oflw
paqDs4+q487BsvsDc8CXdNwQhTciQTjkAUIZ/O2Hsd/fO74yPVHlbEBQNJS+1Ej5Aw==
9OdbX99WirQHqywEr5T0zDT2+FW7pmre2fVRTaACL1wk9Ctmy7Qv0xt/da88uq/1TzyKFOa8nMBC+Qk=
JJvoM7IzsVvoVWK3uRo99oYgOMJxdxrhIlhu8h+NTGC4inBoGUavRpkV5kCXqlSROteIi9pP+Qo=
47RnHUfjwhjIivz4/PDIue3Gqw31jDM+uon+BXMQWs7wtWUvJQdpky/bDlCkP+wtk6yVAxsnDAn68zVKXpu4hRL0S6ZrNI+T+39Vb1w6zzVvPGpUBjw8ACL5aQ==
eK1GwYy4cjX3Id8x+GKI4si/MAxwmZ2oNBJexavzaz+nzwE7IEyqB+Ixndy7H3Uf4lW0M3sWsCPWGbyExTrljAEPVZ/7M5KCgemhTESIaATSHCz5Zw==
