gAwzObLtp8CoyCRyeaphm3Lt00Ti+WJLfNiqnyd8KDTi695p8zoCfd26qohaVElYhL3sclDta739xwDRYr1WJJnSUdzVtxZfN09CUv7AfSx4YHw0Igcg+Ws=
2jSCIhLCI0mi3+6VycqBtd/4242Yog+Y1FQMv6lj2N23iAxpRuYQl1yK3HQIqlWSztwJn275Kgzk2/6JUO01Oflw
D+df2Oz5qwAd9RtxDFhXI8aRZiU3bSY8vikwRyLwiQW4p18vfEq1BnEKzotmO3a0t8TYWiBBbx8DJBoGTs3jWfYwbMjDayzL/KfKwvCqqKRxppo5OirZP3eprAyAniDU0UHuysUlFtc+TnQ9woOYc1EL+UY=
OfIArWdJrzhXt7oJvnW+/RFTX7bdgKOGIK9KZleW2gtyENF3cTqp9w21fJ0Y1Aduz6QLC0S+KXNcKiB8I9zm3KJM/Ds++XU=
1TX6gasSullb7wfn/rfMS2IbwLkVREpYvMDwWOABk2W0Il6ZxctEBg2cmgJBnDkDH51stPAmwOyh+W5ytR32b072tAWyu3jLITP5fg==
PKxn54mBwygUdVS50AMhQSkfg7V99BhiED4MWyvL4NAOT3mBjHjJ3trEDWZhzSvPnMIsDOgyxRtOVJkHDgFaxKQTzrFw9SUx+Xg=
3yBQQakBBmjmvErzFGVGKmIUwL0cRkpYvMDwWOABk2W0Il6ZxctEBg2cmgJBnDkDH51stPAmwOyh+W5ytR32b072tAWyu3jLITP5fg==
8bMii1RaIb5QaBRX5HuIJikdibd/8AdiED4MWyvL4NAOT3mBjHjJ3trEDWZhzSvPnMIsDOgyxRtOVJkHDgFaxKQTzrFw9SUx+Xg=
mkV8gsdkYgzspOgdGX54Aigdibd/8AdiED4MWyvL4NAOT3mBjHjJ3trEDWZhzSvPnMIsDOgyxRtOVJkHDgFaxKQTzrFw9SUx+Xg=
AWnAJNiuKVKk6MNHhLcAuw+ewy7QctQXm2e4PG6j4S089FFSWkiV6tFhsyP8LnSgWH4dV44YQUs+LQIoxP/WnUD5PT35dA==
JovwSnOGqmFtIYYrCqyFFQ6ewy7QctQXm2e4PG6j4S089FFSWkiV6tFhsyP8LnSgWH4dV44YQUs+LQIoxP/WnUD5PT35dA==
MgjPEFWfRxoRwzbCwNe15zhIluRFFlgw0MDwWOABk2W0Il6ZxctEBg2cmgJBnDkDH51stPAmwOyh+W5ytR32b072tAWyu3jLITP5fg==
r6eFkQsNFhUCOtuq9IeHtEgNpP4GdjGI4Jo8plD6RO/7vwh0rusRdRzMQVpaQIXS8TlDazxmxHg4ho3fDpDRM951suCEN6ZFYMEtNfl8
MgDUXFG1zkAADIYwA2miEVOMwOoqTk/r9zyvalUAK3a4D+I2r9YCO1rwqWd5OqHn9dVUrUAUf75nBJN7zD6hw8TKSKybnD6sSmzEKzb5fQ==
iRLTC+1dviXaN6n1/+isxz84LD4Zoo/8KCV0hsbOYWBAMsw+0GI0R1vX2MzuE0Fd/KRxQlpYtboREROTfN4UEJgu/UeOCCGbfp3iWERPdm0AKR0t+WQ=
g/raFSArowxoXU4KFgrmX1OMwOo1Tk/59zyvalUAK3a4D+I2r9YCO1rwqWd5OqHn9dVUrUAUf75nBJN7zD6hw8TKSKybnD6sSmzEKzb5fQ==
vbojI5LqdFPtQMtMurPB6isfg7V99BhiED4MWyvL4NAOT3mBjHjJ3trEDWZhzSvPnMIsDOgyxRtOVJkHDgFaxKQTzrFw9SUx+Xg=
WFjSeZRkfy8In57aB2wsrB4j8dh6Wq7NEcBvPnR/Po4LNmaj5mAl7/26JW95Reg1pHTbBjv037MIfmWLCPoUVP+8GrS2fMgjMvl5
LMEIw70n7P3VM+PrmTx5qw2ewy7QctQXm2e4PG6j4S089FFSWkiV6tFhsyP8LnSgWH4dV44YQUs+LQIoxP/WnUD5PT35dA==
a+dG+B+lmTaJyzuXHIBVPl2pITy0nJhSYD2CpbFCXUj10RGS7YBT5hBvOobnFkprotCBl2E6uZfd9Sx9iFS3Dj/kO+s0vhlTrGqQ3FNcdnxyDCwbLvll
bim8PFRetS5tlpQhUfMcu0dX9a5ROXrFvshQplD6RO/7vwh0rusRdRzMQVpaQIXS8TlDazxmxHg4ho3fDpDRM951suCEN6ZFYMEtNfl8
Yz066w9d3TqS6wXDotEZNigfg7V99BhiED4MWyvL4NAOT3mBjHjJ3trEDWZhzSvPnMIsDOgyxRtOVJkHDgFaxKQTzrFw9SUx+Xg=
4lfFDJH6Vcj+Tv4dHRrrP1qx+kifPJNZyHanPHTwpCs591BZNwyE/dZyuDP8LnSgWH4dV44YQUs+LQIoxP/WnUD5PT35dA==
ZcyXSoMsDuZpLmsU7ZanYlqx+kifPJNZyHKlMnTwpCs591BZNwyE/dZyuDP8LnSgWH4dV44YQUs+LQIoxP/WnUD5PT35dA==
zPN7WgXaliLYBo5q2GIHXJdW/wLJQ/Agt/t9Y47JX////zl11i4dZHk0Y7ZjFLdDg/7tO6BazCQH/MLkjlzgMzr5cQ==
aQtrEQJejXmanZmzgzzyWe99eH0/wgfJ1oKdprIxVVuzqty0QMhN0xsc0oagIChAVdyK/tCu05i6nABua7kf1LoSbwBUinhbSSAsEOHjKOOf6vupBAo62NxavETIOvVnyqyoDy7JylxkC975kH1VCflA
hjLNtBe45i87VvzOEKO7NiQOrizDEEEZTEnRFBP8QZvis02KzcbM/UAzRxYB1MShsor/Be2KWYkIZfs5d5XJjoudYqYUf1+x6jDT3PfUJ65vJOvLILoJMvyqQLzD3MYcwswcex75VQ==
V8kTPDR/f6mls5h5p2kVJ0s99s16VvyjVMxyeDIqdo0DOQvmvzZstaa6fjUhFLZi2HTbBjv037MNemWCCPoUVP+8GrS2fMgjMvl5
srTYL8KD88vSGKhd0GC37wGtLDyvi7kGJDa18KVYXkr/wFjmqIxOoFY6coXvGScu+4bIzTo64s2FpHIq9FS3Dj/kO+sxuhlarGqQ3FNcdnxyDCwbLvll
Sb/r6wOfm97AS8Abz9NLOsYhfYohNG3BbA02tjiRTGC4inBoGUGuRpQT5kuWqlSROteIj9lP+Qo=
JcuEEjtK/hVSiBgzXr2Et1Uk1INjNE/YCVSlq5nT3/5MYhyf/+IAcbZ37w1U5uJCT0ZiRI3qTSz5n+kbg6cr4mK46YwMuEBkzi80+X8=
aT57veD3ex0z3WwU+CDPPpGnnN2UtRSfxkgBjZY2hteZwR5/QLkkl1yK3HQIqlWeztwImm75Kgzk2/6JUO01Oflw
m0CcFfhKgQklcV4PMChp+02pLjejjfEBdza14aZQFUfxzliyoodU5hMwPILgHgUjlurXyGB5tJTc9GBCmFS3Dj/kO+syuxlRqWqQ3FNcdnxyDCwbLvll
6wP6LHfo81EY1+ls1tVbGEs99s16VvyjVMxyeDIqdo0DOQvmvzZstaa6fjUhFLZi2HTbBjv037MKemWPDPoUVP+8GrS2fMgjMvl5
tQD7xhtWC/5PZ1m3DXmFsgGtLDyvi7kGJDa18KVYXkr/wFjmqIxOoFY6coXvGScu+4bIzTo64s2FpHIq9FS3Dj/kO+s2uhlXqGqQ3FNcdnxyDCwbLvll
G/4b/Mq519Uy7V586DsB/OfE6uD55pktSSrG6rlkJAOTy7jCY9W7nOktgzv+QG9t19viK+9bBc2zqLgZEB1MgPgq8MjZI68mWLVm69ZKVHF6dwgvGS/5ag==
lOaSsX9hqx/90w0hdRDuyIK3QgpCo2KtRotZIL2FPsOQ1JkMMQ42pvGwxJ8LTyiuyyF74NHJszf2VE8xDx+yhwfvhXFLDMjV2EksnOAu4CTxV+/a4NHWZ17e9K0iM9gDcRv5Vg==
J9spPR75HSwrVeQelcQmyjT2+FW7pmre2fVRTaACL1wk9Ctmy7Qv0xx+daI8uqT0TzyKFOa8mMNC+Qk=
DqJmpq5GMLGA55hTTofsQoYgOMJxdxrhIlhu8h+NTGC4inBoGUGuRpQV5kuWqlSROteIj9lP+Qo=
sOsbMOHmkPn0KQk3Y1+tkTT2+FW7pmre2fVRTaACL1wk9Ctmy7Qv0xl6dao5uqX0TzyKFOa8mMNC+Qk=
OE/zdWpT+3jQP7f/2AY7eYYgOMJxdxrhIlhu8h+NTGC4inBoGUSqRpwQ5kqWqlSROteIj9lP+Qo=
CF0LA0DL+PNiWkihmdaYChcav/kLUKenrZXF9TvRh7/E1p8ptKJckePjGYAAarqJJzx9jqWDyVpMRkFMPAJuJlQrOKh/+byxjgtWyW82MSAIPmJLr3sa7fPIOPnQPUygOMpwqJkAqwYe0OYKFmpUUbqXiE9ZD/lK
K5O8V0dAiAJRWX0Pu7S4GnXx7jxLquAW1tHqqliCbS9hMjZz8wgN8ta3l23VVt0CQP33gUN7TAkbDgUFCXpFJh+e8PRVsSZsgLxYArwZYWkJMhW+plGU+szR6xyctlokuRLxXLV3/VsXDOPSHwAdLFignLRCRwD5Sw==
hQu/QJLjJKI6Er9HvzxgSXXx7jxLquAW1tHqqliCbS9hMjZz8wgN8ty8l23VVt0CQP33gUN7TAkbDgUFCXpFJh+e8PRVsSZsgLxYArwZYWkJMhW+plGU+szR6xyctlokuRLxXLV3/FsXDOPSHwAdLFignLRCRwD5Sw==
N5MFd5dk8F9Rqnp3ikvyHPHXyLy04DViF/jFHY/0km/r8XsV9LujRV17GQjcIQdUJjlKiRIHAz0XVZ5locQreovfoXdZPNrr6bqG+pm0pNOz2/hSwwW7TEm9wyvekO+998uiu0+LBR0TOPgJMM3MUNg6sFh59ar2/iAm+vaa1KFaZ0i/uf/5ug==
+FaAaXT69FzIpBazEW6XHhpkdkY5Ipi67aRaQZZlCALZSlrgZJHUBPbvxuvrPcav7YxiJvR8WLOMxYZqkHcTkzPRlN06B3MaKit5Qj9fc+yK+aC0D406a527Thf+6Ke31I2g/pZxpOX88dvcLBbqpCmyIZxlV+haB+wzEs/gjayoQGx0sqfw+bs=
1NxkXNdT6nanZ1Dq6CvT+xpkdkY5Ipi67aRaQZZlCALZSlrgZJHUBPbvxuHgPcav7YxiJvR8WLOMxYZqkHcTkzPRlN06B3MaKit5Qj9fc+yK+aC0D406a527Thf+6Ke31I2g/pZxpOX88dvcLBbqpCmyIZxlV+daB+wzEs/gjayoQGx0sqfw+bs=
lu9kde4OpW9M0Ua6f7ztujJ6jpJkq6Cd06g8LG4IaWc021F8v7rZ0Nh3/4ZHMKC76AQyRG3hgMzjkfi8vY36kZbFQKLMBDG0tE7PzqDpATJ8VPRpDjx3U5ZmWmN8/lSwGI69IIno4jr+PCJ4RC+2jYBJXQ35RA==
QVU4y3LuK7mZUiSYNZLU4NG70I+EsA6KxURPr7Y22NeMyQs5SvgaglyK3HQIqlWVydwKnm74Kgzk2/6JUO01Oflw
p43io8oXU1av1EVDKNrZxMijIVkpmZaofVJZxqP2ZCShiUosLETsUqgxncmVWiFOsgn4eiAJ/2yoXsaExTrljAEPUpr7MJeCi+ihTESIaATWHyz5Zw==
nHacOOF9FcDG1DWxQb+YNy6Xiq5BSr3mhw44FG3BjuxojCAidIn5KTHC3d4+gXz6pIFz/NTGYuQhgrl8TUeR2r/427JXkIVsIJBUFNoXKPlj
0kuNrc0oCYTkpBTJY9sKfQUz2cF1LwrYWhKyrJTUlPIAYVWJ3apJbqp54Ho4+edMQC4ORI3qTSz5n+kZg6Av4mO46YwMuEBkzi80+X8=
96xYxL9xQUwmnqsoplSS6jYzhw/LoJXm/OrLc0A0kpuGigk8dfHUX+yV/FWGNwad17rRZGAiUr9315pJOzQo7ahx7CSQlgCcge1vYp1sNt4uZjSVUgs4OwEj+W4=
r0GvZrMIKmqiZIckpkM0Gjty0sV73BctSXltZlq9xbheBB0elNXPiXD8F/9b+sXfuzX6Wn9bK/mK9TsRRQv/+mC3dKe8FmSoeLZtyQ6AsQMeJBIQBIdGFSAxDSX5bA==
3W9cQTeYxTFnDFZqAGQxIAtpd35HZGN+GbLNrE4QNfq0seddIKjfOxs+DYvr4VI+37+DbRphs5XFj3du8CPcQxxyzHwo4qUGTkR5V07wOnQkY24BMCUFIflo
qgdqpxaZKag1MEQy2l34NjPEiC3Svx/ckvcTge/naFiPOD/en8CZACkaBlrZ1KSz83t48gPlu6yJHUOLnvDv3bdrIhuPawX905h4qXCtzDCYmjD4uRSrFj+Bplq2+tTBGsfIH3kf+Vo=
F0C+V8LcwHqmErFrO6igTzJ6jpJkq6Cd06g8LG4IaWc021F8v7rZ0Nh3/4ZHMKC76AQyRG3hgMzjkfi8vY36kZbFQKLMBDG0tE7PzqDpATJ8VPRpDjx3U5ZmWmN8/lSwGI69Io7o4Dn+PCJ4RC+2jYBJXQ35RA==
owXhTaQYT3cRXeRnlha1ENG70I+EsA6KxURPr7Y22NeMyQs5SvgaglyK3HQIqlWWztwInW74Kgzk2/6JUO01Oflw
XMWJS6dJmoNKDi2dVCCG+twQhTciQTjkAUIZ/O2Hsd7fPrgyN1DlbEBQNJS610j5Aw==
ALDCWsocPTgLlwvlAnQFKTT2+FW7pmre2fVRTaACL1wk9Ctmy7Qv0xt+dao6uqX0TzyKFOa8mMNC+Qk=
nu3TDgO94Yt1z7Y4UYhxW4YgOMJxdxrhIlhu8h+NTGC4inBoGUauRpwT5kqWqlSROteIj9lP+Qo=
c8i9nyfIALQu6m1SvKN4qu3Gqw31jDM+uon+BXMQWs7wtWUvJQdpky/bDlCkP+wtk6yVAxsnDAn68zVKXpu4hRL0S6ZrNI+T+35Valo6xTRvPGpUBjw4AyL5aQ==
urtAzj1DOWBCKftKLU3HPci/MAxwmZ2oNBJexavzaz+nzwE7IEyqB+Ixndy7H3Uf4lW0M3sWsCPWGbyExTrljAEPVZ77NpSCi+ihTESIaATWHyz5Zw==
