251VBrU8je4QzzSAnKQiZXLt00Ti+WJLfNiqnyd8KDTi695p8zoCfd26qohaVElYhL3sclDta739xwDRYr1WJJnSUdzVtxlbN09HUv7AfSx4YHw0Iwcg+Ws=
q236I3xqkQxAfrfum8NB7d/4242Yog+Y1FQMv6lj2N23iAxpRuYQl1yK3HQIqlWSytwJmm75Kgzk2/6JUOw1Oflw
BPV/IiJSjys9VimU3ZpTe8aRZiUxbSY8zS8wRyKDiQW4p19cfEq1BnEKzosVO3a0t8TYWiAybx8DJBoGTr7jWfYwbLvDayzL/NTKwvCqqKRxppo5OirZP3eprAyAniDU0UHpysUgFtc+TnQ9woOYclEL+UY=
Lw4r/3auvc1etmpdZLh5ZRFTX7bdgKOGIK9KZleW2gtyENF3cTqp9w21fJ0Y1Aduz6QLC0e5KXNZKiB8I9zm3KJM/Ts++XU=
1ax0A+RPL6seDzQT3qPU7GIbwLkVREpYvMDwWOABk2W0Il6ZxctEBg2cmgJBnDkDH51stPAmwOyh+2lytRj2b072tAWyu3jKITP5fg==
P2irNeL/aaIYFGXrchD65Ckfg7V99BhiED4MWyvL4NAOT3mBjHjJ3trEDWZhzSvPnMIsDOgyxRlJVJkCDgFaxKQTzrFw9CUx+Xg=
+K6/rAroPAkb9CXDE9LKmWIUwL0cRkpYvMDwWOABk2W0Il6ZxctEBg2cmgJBnDkDH51stPAmwOyh+2lytRj2b072tAWyu3jKITP5fg==
JjI/tnpxzZK6kHJQZiLAFCkdibd/8AdiED4MWyvL4NAOT3mBjHjJ3trEDWZhzSvPnMIsDOgyxRlJVJkCDgFaxKQTzrFw9CUx+Xg=
q8Nf5hgV5abA4QHcQOAZJigdibd/8AdiED4MWyvL4NAOT3mBjHjJ3trEDWZhzSvPnMIsDOgyxRlJVJkCDgFaxKQTzrFw9CUx+Xg=
6KhqMeJ7afp6OnC/dwnUTg+ewy7QctQXm2e4PG6j4S089FFSWkiV6tFhsyP8LnSgWH4dVYkYQU4+LQIoxP/WnUD4PT35dA==
vCWC7HoneBzk6iqKMX5wkw6ewy7QctQXm2e4PG6j4S089FFSWkiV6tFhsyP8LnSgWH4dVYkYQU4+LQIoxP/WnUD4PT35dA==
29LqDJ1crcf82fl0XvORBzhIluRFFlgw0MDwWOABk2W0Il6ZxctEBg2cmgJBnDkDH51stPAmwOyh+2lytRj2b072tAWyu3jKITP5fg==
Z5/uJ4z/gDm7mvsb6SIkt0gNpP4GdjGI4Jo8plD6RO/7vwh0rusRdRzMQVpaQIXS8TlDazxmxHg4ho3dCZDRNt51suCEN6ZFYMAtNfl8
PvoyDayyJL1zU9vRv3IECFOMwOoqTk/r9zyvalUAK3a4D+I2r9YCO1rwqWd5OqHn9dVUrUAUf75nBJN7zjmhw8HKSKybnD6sSmzFKzb5fQ==
Y9Ttldx8y5BzpetRbzrtfz84LD4Zoo/8KCV0hsbOYWBAMsw+0GI0R1vX2MzuE0Fd/KRxQlpYtboREROTfN4UEJgu/UWJCCGefp3iWERPdm0AKB0t+WQ=
INPRmt5WGGWBneO5+WlcYlOMwOo1Tk/59zyvalUAK3a4D+I2r9YCO1rwqWd5OqHn9dVUrUAUf75nBJN7zjmhw8HKSKybnD6sSmzFKzb5fQ==
hlCVpkrkgc3ENVP2n7dQaSsfg7V99BhiED4MWyvL4NAOT3mBjHjJ3trEDWZhzSvPnMIsDOgyxRlJVJkCDgFaxKQTzrFw9CUx+Xg=
Fi1oMf631dI5s6iXPnZCWB4j8dh6Wq7NEcBvPnR/Po4LNmaj5mAl7/26JW95Reg1pHTbBjv037MKeWWLDfoUVP+8GrS2fMkjMvl5
Yj6za+s/EwDpypK5tXobEA2ewy7QctQXm2e4PG6j4S089FFSWkiV6tFhsyP8LnSgWH4dVYkYQU4+LQIoxP/WnUD4PT35dA==
FRFJMAI8zc/RfgHPwIxlU12pITy0nJhSYD2CpbFCXUj10RGS7YBT5hBvOobnFkprotCBl2E6uZfd9Sx9iFS3Dj/kO+s2uRlTqWqQ3FNcdnxyDC0bLvll
AWwQbCcxnW04U255PK2w2EdX9a5ROXrFvshQplD6RO/7vwh0rusRdRzMQVpaQIXS8TlDazxmxHg4ho3dCZDRNt51suCEN6ZFYMAtNfl8
Dv9l+uchRLmEkqfa9meyiCgfg7V99BhiED4MWyvL4NAOT3mBjHjJ3trEDWZhzSvPnMIsDOgyxRlJVJkCDgFaxKQTzrFw9CUx+Xg=
uCxTXYzvG5MLjA5/j4CDZVqx+kifPJNZyHanPHTwpCs591BZNwyE/dZyuDP8LnSgWH4dWokYQU4+LQIoxP/WnUD4PT35dA==
SLHdjve6TH6ewrQkL0IRkVqx+kifPJNZyHKlMnTwpCs591BZNwyE/dZyuDP8LnSgWH4dWokYQU4+LQIoxP/WnUD4PT35dA==
0NgX6oxIM1vnbDd31uL4CpdW/wLJQ/Agt/t9Y47JX////zl11i4dZHk0Y7ZjFLdDjfntO6VazCQH/MLkjlzhMzr5cQ==
ZWRYElla60NnKYWpFugWniQOrizDEEEZTEnRFBP8QZvis02KzcbM/UAzRxYB1MShsor/Be2KWYkIZfs5d5XJjoudYqYUf1+x6jDT3PfUJ65vJOvLIr8JM/mqQLzD3MYcwswdex75VQ==
WmVWfY3x8qDN5ME6Kx9cSO99eH0/wgfJ1oKdprIxVVuzqty0QMhN0xsc0oagIChAVdyK/tCu05i6nABua7kf1LoSbwBUinhbSSAsEOHjKOOf6vupBAo62NxavETIOvVlz6ypCi7JylxkC975kHxVCflA
WGIvW5iP9M/sIB8NYlybD+fE6uD55pktSSrG6rlkJAOTy7jCY9W7nOktgzv+QG9t19viK+9bBc2zqLgZEB1MgPgq8MjZIasmX7Rm69ZKVHF6dwguGS/5ag==
F/CpWynx/E1ecndX9YfkHYK3QgpCo2KtRotZIL2FPsOQ1JkMMQ42pvGwxJ8LTyiuyyF74NHJszf2VE8xDx+yhwfvhXFLDMjV2EksnOAu4CTxVeva59DWZ17e9K0iM9gCcRv5Vg==
2+G+PrrFQcjuLrPk+ep6cuWCisLKlOoNDcq1xNU0u4woVKv+eIyUs+/4EOu76oxjLLozMKmV/uAd80oxu+QHZSnx3b5aZXUwPkwNJlQtX0FQ9Gen2yI115t9aiI/Yzsxan2LSUVTT3KAf2Sf/G704Fi+nRKL2MIOPu2C6MS/Vl1AuL39+bQ=
zDRuneLq638VS/WeyMW3GeWCisLKlOoNDcq1xNU0u4woVKv+eIyUs+/6EOu76oxjLLozMKmV/uAd80oxu+QHZSnx3b5aZXUwPkwNJlQtX0FQ9Gen2yI115t9aiI/Yzsxan2LSUVTT3KAf2Sf/G704Fi+nRKK2MIOPu2C6MS/Vl1AuL39+bQ=
m/g7cq7ZM4/RKkwGdjdyC+fE6uD55pktSSrG6rlkJAOTy7jCY9W7nOktgzv+QG9t19viK+9bBc2zqLgZEB1MgPgq8MjZIagmVbVm69ZKVHF6dwguGS/5ag==
zs76a75yccBGFRExsVsNj4K3QgpCo2KtRotZIL2FPsOQ1JkMMQ42pvGwxJ8LTyiuyyF74NHJszf2VE8xDx+yhwfvhXFLDMjV2EksnOAu4CTxVeja7dHWZ17e9K0iM9gCcRv5Vg==
xUfmiXEhvlPB242Muw5ZVks99s16VvyjVMxyeDIqdo0DOQvmvzZstaa6fjUhFLZi2HTbBjv037MLeWWLCfoVVP+8GrS2fMkjMvl5
efo7DlK2mBhkgVXr2Ib0tAGtLDyvi7kGJDa18KVYXkr/wFjmqIxOoFY6coXvGScu+4bIzTo64s2FpHIq9FS3Dj/kO+s3uRlTrWqR3FNcdnxyDC0bLvll
HV5ZAlkB/7UpEtxkPE0YSTT2+FW7pmre2fVRTaACL1wk9Ctmy7Qv0xV7dak5uqX0TzyKFOa8mcNC+Qk=
NkF+CDe8U4zFeX1jVsX0x4YgOMJxdxrhIlhu8h+NTGC4inBoGUirRp8Q5kqWqlSROteIjtlP+Qo=
QVBhKIQPCpsFsWe2w2tBl/XX6FROcsXN1zE7ktWjhDPsTIroiooeXUt5w5aXFnRFvrpmRTk0npKQtBNW01RnI3L43R7wmr2Et3xShF4c0RMq+WE=
kyce5+SeshSuMXaSMdlQrfXX6FROcsXN1zE7ktWjhDPsTIroiooeXUt5w5aXFnRFvrpmRTk0npKQtBNW01RnI3T+3R7wmr2Et3xShF4c0RMq+WE=
70tvoamGRExX43MKEno4204GKNuYjL7AZvoCZV+Zt04rRpgtKjryrVXkIspk1Aduz6QLC0K7KXVcKiF8I9zm3KJM/Ts++XU=
nweHFxkx+tTIQZkd4QFNyfXX6FROcsXN1zE7ktWjhC7sTIroiooeXUt5w5aXFnRFvrpmRTk0npKQtBNW01RnI3D73R3wmr2Et3xShF4c0RMq+WE=
TWsV1YZtM7m8mbSg2sumVzJ6jpJiq6CdoK48LG57aWc021EPv7rZ0Nh3/4Y0MKC76AQyRG2SgMzjkfi8vf76kZbFQNHMBDG0tD3PzqDpATJ8VPRpDjx3U5ZmWmN8/lSwGI69Kono5jv+PCJ4RC+2jYBIXQ35RA==
0czI91l2UakbV64dFY9nU9G70I+EsA6KxURPr7Y22NeMyQs5SvgaglyK3HQIqlWfydwOn274Kgzk2/6JUOw1Oflw
slKAIwtyZm71uzb6+HOaIzYb8lsUybyB7ruW+Q+GsZBoDqL7z0sa3ZN4+MmwjcwQWPqwGPkxrzZ6YSY6dtrU4dqnSP45P/l6
yQXWoptVGiK10ETEtQoS2VJx9r6GWvZs0BzIQqw5sel5EuX+1vFk+rxxG9zslqqk6TLhnCXXKV9HZ3ISD2DNrOjArHTzJzD5ew==
3Rxazba18I9/ftkRU3GGYk4GKNuYjL7AZvoCZV+Zt04rRpgtKjryrVXkIspk1Aduz6QLC0K+KXtcKiF8I9zm3KJM/Ts++XU=
6Txhz2+rGA6NHjMPV0b8F/XX6FROcsXN1zE7ktWjhC7sTIroiooeXUt5w5aXFnRFvrpmRTk0npKQtBNW01RnI3X73RLwmr2Et3xShF4c0RMq+WE=
2ag8ihYmrtXIUlfweNQxNqqpiywai66+Bx5J5KSYd7d8HXzdFt+m9QdykaywSnJXZ9+aQSvcCIV4uazsQP6gdBFg6eoMhZa2/q50XYJjGNIRK/lm
DF9DTa93Dv83AxYsjhRjIK2pjSkai66+Bx5J5KSYd7d8HXzdFt+m9QdykaywSnJXZ9+aQSvcCIV4uazsQP6gdBFt6OoMhZa2/q50XYJjGNIRK/lm
MuqOJ80MsWPiK2skEYfJ4a2pjyYai66+Bx5J5KSYd7d8HXzdFt+m9QdykaywSnJXZ9+aQSvcCIV4uazsQP6gdBFg7uoMhZa2/q50XYJjGNIRK/lm
8DGOI+gnDhvSvN7i/Uif9Yn/eEtv2Mjqc0FBga3+YzvigkosLETsUqgxncmVWiFOsgn4eiAJ/2yoXsaExTrljAEPVZv7N5WCi+ihTESIaATXHyz5Zw==
np2VcnhzZBA4ng6PClsap4r/cE9v2Mjqc0FBga3+YzvigkosLETsUqgxncmVWiFOsgn4eiAJ/2yoXsaExTrljAEPW5r7N5WCi+ihTESIaATXHyz5Zw==
5bhuLvIwKPorpams/wFUmiAndWRQ79LjeXsnz9mGMTcMLdB73H9yAQ6f28ThfgQEqu0rGVoD7+JAT0TvfN4UEJgu/UKICCWYfpziWERPdm0AKB0t+WQ=
n8C/p8o6K/iKvsebW9HwYDJ6jpJiq6CdoK48LG57aWc021EPv7rZ0Nh3/4Y0MKC76AQyRG2SgMzjkfi8vf76kZbFQNHMBDG0tD3PzqDpATJ8VPRpDjx3U5ZmWmN8/lSwGI69IIjo5zv+OyJ4RC+2jYBIXQ35RA==
XhgLA+35y3AdKrsjXHiOuNG70I+EsA6KxURPr7Y22NeMyQs5SvgaglyK3HQIqlWSyNwPn27/Kgzk2/6JUOw1Oflw
UvyHS9+yTvfFx9qI2S8+ldwQhTciQTjkAUIZ/O2Htt/fOboyMFDlbEBQNJS710j5Aw==
eQ9YKGx9UDKJYRjZ0gZbBDT2+FW7pmre2fVRTaACL1wk9Ctmy7Qv0xx/da04uqL0TzyKFOa8mcNC+Qk=
IRX6FKV9msBcAevz0QZKVYYgOMJxdxrhIlhu8h+NTGC4inBoGUGvRpsR5k2WqlSROteIjtlP+Qo=
Ohr6jknGNOJ3OTmjMWtEf+3Gqw31jDM+uon+BXMQWs7wtWUvJQdpky/bDlCkP+wtk6yVAxsnDAn68zVKXpu4hRL0S6ZrNI+T/39VbVg6wjRvPGpUBjw5AyL5aQ==
fUuaA9xS17UfDislercDZsi/MAxwmZ2oNBJexavzaz+nzwE7IEyqB+Ixndy7H3Uf4lW0M3sWsCPWGbyExTrljAEPUZ/7MZaCjOihTESIaATXHyz5Zw==
