4e4/N1NT5zq/n22Pt83tqnLt00Ti+WJLfNiqnyd8KDTi695p8zoCfd26qohaVElYhL3sclDta739xwDRYr1WJJnSUdzVtxhbN05BUv/AfSx4YHw0Igcg+Ws=
Yi5jnzPyB0TdqDclJly+aN/4242Yog+Y1FQMv6lj2N23iAxpRuYQl1yK3HQIqlWWydwInG74Kgzk2/6JUO01Oflw
ylSzK/8AGsrDd+08pd29xjSzk1r/5HsbM4LWmyZtJzLz/KJ/+DALfNXprIhCYnQy5/K1ZFXHLfr0wB3NZrlKJJnSUdzVtxxZN05BUv/AfSx4YHw0Igcg+Ws=
b3tmEKHSl5iJv/ixxAz3W1OMwOoqTk/r9zyvalUAK3a4D+I2r9YCO1rwqWd5OqHn9dVUrUAUf75nBJN7zDmhwsfKSaybnD6sSmzEKzb5fQ==
4g579pB9hfsMJ6yYDbfM3D84LD4Zoo/8KCV0hsbOYWBAMsw+0GI0R1vX2MzuE0Fd/KRxQlpYtboREROTfN4UEJgu/UeJCCCYfpziWERPdm0AKR0t+WQ=
wP1lkA2HvTnpc/Tu/Ez0WxFTX7bdgKOGIK9KZleW2gtyENF3cTqp9w21fJ0Y1Aduz6QLC0S5KXJfKiF8I9zm3KJM/Ds++XU=
fZomC5uq87JLlJHe0DOgmGIUwL0cRkpYvMDwWOABk2W0Il6ZxctEBg2cmgJBnDkDH51stPAmwOyh+mlytB72bk72tAWyu3jLITP5fg==
EbrgHpl0vUbl8yYgezmE8GIbwLkVREpYvMDwWOABk2W0Il6ZxctEBg2cmgJBnDkDH51stPAmwOyh+mlytB72bk72tAWyu3jLITP5fg==
RIfqzME4G6CYNLG0MBVIPykfg7V99BhiED4MWyvL4NAOT3mBjHjJ3trEDWZhzSvPnMIsDOgyxRlJVJgEDgBaxKQTzrFw9SUx+Xg=
WqRwOqaRptWvSt3Hs/pQISgfg7V99BhiED4MWyvL4NAOT3mBjHjJ3trEDWZhzSvPnMIsDOgyxRlJVJgEDgBaxKQTzrFw9SUx+Xg=
FGuCmPk+YbMDtL4hjVOeBikdibd/8AdiED4MWyvL4NAOT3mBjHjJ3trEDWZhzSvPnMIsDOgyxRlJVJgEDgBaxKQTzrFw9SUx+Xg=
C+pjc20ykl29re3kkwwvsigdibd/8AdiED4MWyvL4NAOT3mBjHjJ3trEDWZhzSvPnMIsDOgyxRlJVJgEDgBaxKQTzrFw9SUx+Xg=
GJph21nfPn2l4QoSX/kFYw+ewy7QctQXm2e4PG6j4S089FFSWkiV6tFhsyP8LnSgWH4dVYkYQEg+LAIoxP/WnUD5PT35dA==
aubTv7wD4c4mtyfMfaoF3g6ewy7QctQXm2e4PG6j4S089FFSWkiV6tFhsyP8LnSgWH4dVYkYQEg+LAIoxP/WnUD5PT35dA==
5L2fvB6J/MCijSKl+GgJLUgNpP4GdjGI4Jo8plD6RO/7vwh0rusRdRzMQVpaQIXS8TlDazxmxHg4ho3SCZDQMN50suCEN6ZFYMEtNfl8
lg5g3/lapFTQFJvFlhnwkVOMwOo1Tk/59zyvalUAK3a4D+I2r9YCO1rwqWd5OqHn9dVUrUAUf75nBJN7wDmhwsfKSaybnD6sSmzEKzb5fQ==
qoIxpPMXxpCZ7ppK9kHJJisfg7V99BhiED4MWyvL4NAOT3mBjHjJ3trEDWZhzSvPnMIsDOgyxRdJVJgEDgBaxKQTzrFw9SUx+Xg=
3YEdncqOHfV5CGBqKvJ0Ng2ewy7QctQXm2e4PG6j4S089FFSWkiV6tFhsyP8LnSgWH4dU4gYQEg+LAIoxP/WnUD5PT35dA==
i/r0+0kXU/yYbaH9BTXK8R4j8dh6Wq7NEcBvPnR/Po4LNmaj5mAl7/26JW95Reg1pHTbBjv037MMeGWKC/oVVP+8GrS2fMgjMvl5
I1BP3cAo7y6beihguxxDJjhIluRFFlgw0MDwWOABk2W0Il6ZxctEBg2cmgJBnDkDH51stPAmwOyh/WhytB72bk72tAWyu3jLITP5fg==
YiLokq4aMRi4ymBLqviHPhACbLXdgKOGIK9KZleW2gtyENF3cTqp9w21fJ0Y1Aduz6QLC0C4KXJfKiF8I9zm3KJM/Ds++XU=
abIvMEac7M6JuTbMu49h4l2pITy0nJhSYD2CpbFCXUj10RGS7YBT5hBvOobnFkprotCBl2E6uZfd9Sx9iFS3Dj/kO+swuBlSr2qR3FNcdnxyDCwbLvll
+Ma+RUqZHUfvFkBA9W0NnikFhbdm5hhiED4MWyvL4NAOT3mBjHjJ3trEDWZhzSvPnMIsDOgyxRxIVJgEDgBaxKQTzrFw9SUx+Xg=
zudpc+lG1w0h5cvMzRLjRSsdibd/8AdiED4MWyvL4NAOT3mBjHjJ3trEDWZhzSvPnMIsDOgyxRxIVJgEDgBaxKQTzrFw9SUx+Xg=
lDZomc8ivl0iUqOvyVWz8Sodibd/8AdiED4MWyvL4NAOT3mBjHjJ3trEDWZhzSvPnMIsDOgyxRpIVJgEDgBaxKQTzrFw9SUx+Xg=
UsBWp0eZqdngPbjQlJ7HgSkfg7d6/hliED4MWyvL4NAOT3mBjHjJ3trEDWZhzSvPnMIsDOgyxRhIVJgEDgBaxKQTzrFw9SUx+Xg=
ZGG5p6FBXDC75BFjqZ0jBygfg7d6/hliED4MWyvL4NAOT3mBjHjJ3trEDWZhzSvPnMIsDOgyxRhIVJgEDgBaxKQTzrFw9SUx+Xg=
zdB+4M1FnS1N9ZgP5EzKZCgFhbdm5hhiED4MWyvL4NAOT3mBjHjJ3trEDWZhzSvPnMIsDOgyxRhIVJgEDgBaxKQTzrFw9SUx+Xg=
hrDBRiaHVLgMlB250I1Ujgyewy7QctQXm2e4PG6j4S089FFSWkiV6tFhsyP8LnSgWH4dVYgYQEg+LAIoxP/WnUD5PT35dA==
sizmxu6Lxmv18qqtrxgUaiofg7V99BhiED4MWyvL4NAOT3mBjHjJ3trEDWZhzSvPnMIsDOgyxRlIVJgEDgBaxKQTzrFw9SUx+Xg=
AhwLM/wMBNB9jCyNTboxAysfg7d6/hliED4MWyvL4NAOT3mBjHjJ3trEDWZhzSvPnMIsDOgyxRlIVJgEDgBaxKQTzrFw9SUx+Xg=
RHe8928AjH77lJXB/Rawbi0fg7d6/hliED4MWyvL4NAOT3mBjHjJ3trEDWZhzSvPnMIsDOgyxRlIVJgEDgBaxKQTzrFw9SUx+Xg=
m7p62EkrQ7uzZT9zxXvfKysFhbdm5hhiED4MWyvL4NAOT3mBjHjJ3trEDWZhzSvPnMIsDOgyxRlIVJgEDgBaxKQTzrFw9SUx+Xg=
S2Qzx+f14c16jdfK3/cu8yoFhbdm5hhiED4MWyvL4NAOT3mBjHjJ3trEDWZhzSvPnMIsDOgyxRZIVJgEDgBaxKQTzrFw9SUx+Xg=
ihjgRceZonx/JrHxfzMj7Auewy7QctQXm2e4PG6j4S089FFSWkiV6tFhsyP8LnSgWH4dWogYQEg+LAIoxP/WnUD5PT35dA==
2fbs9PbZ8UZ7WasEJWJwjgqewy7QctQXm2e4PG6j4S089FFSWkiV6tFhsyP8LnSgWH4dWogYQEg+LAIoxP/WnUD5PT35dA==
1oDeyxFymHS2pmzZu/KBjiwfg7d6/hliED4MWyvL4NAOT3mBjHjJ3trEDWZhzSvPnMIsDOgyxRdIVJgEDgBaxKQTzrFw9SUx+Xg=
Ik47P7lHOFErqp83rXx0vVqx+kifPJNZyHanPHTwpCs591BZNwyE/dZyuDP8LnSgWH4dW4gYQEg+LAIoxP/WnUD5PT35dA==
SsMAsSlZy2QFbvxJJek4Y1qx+kifPJNZyHKlMnTwpCs591BZNwyE/dZyuDP8LnSgWH4dUo8YQEg+LAIoxP/WnUD5PT35dA==
VWhpyXn2NDojQqJp8Xo/RpdW/wLJQ/Agt/t9Y47JX////zl11i4dZHk0Y7ZjFLdDhf/tOqNazSQH/MLkjlzgMzr5cQ==
IhID71HZxWHkBHQRN6XJu14t5rUeHvpRxrLHyae0hhRjXnDrsPzpeDZtR0D0UTMlKsyO/CFWdOX4tplptA1fuJ+fDBAWpoz4SMJQUEmgLp6sGgYyBgIUiUofKDcJJ/lS
p1ZFDrvsoppacAtcJtAt1+99eH0/wgfJ1oKdprIxVVuzqty0QMhN0xsc0oagIChAVdyK/tCu05i6nABua7kf1LoSbwBUinhbSSAsEOHjKOOf6vupBAo62NxavETIOvVuzqyoDC7IylxkC975kH1VCflA
kkQyTrhziDOG9jJnfkTw8NJ4EyYSiijTPHl2Ta36SiC+/wXvthtZVVrVoYi0hlxxOX1SBuFD7koL7xio8EjtpSNffDgBCxj/luXMQeQiaqCc4mysaJKF+U40UaSOoJrkpPMO0fAVZRH5WA==
Lk515iRNHN+/qOwyI9Sx88ns/Ehaj+B4MwOLelOD/txilBPEHUod7Mm//B6Tz92is9h5DLwY8KSez0T5Dw==
dwPs6z0Sq7WS5FssUBIC972z5pxai8JtFnQv2kR/hEMCGeQ8mKJ5k3dEHaa1m9ZPXCAgNBsWJ/WH1cMmk3c+Fljm8W+F7ud2WEZZOdQ5Vr+470zA9hYMaOgykAApny6OhWpG4uaylBnq7+hnaRf5Qg==
Uds7LenZWz3orzytnaQ7GLTacwjs7XtA3x+bEenCPUL0RRZFTMKC07g+CxlWUtG/0xy6nNo1FKVTh2FIb/Hk1LGHgHMWaVTNVM7yDPxOtEDY3t01jvgJ6L5MQsjE3xY9wBl9HflU
ot5TeDGyIY1WcCSCtH2EDAO4c/lcaFLo9idUyIe7N/rvO0ps1jy/ZLHiSTydZ6DezxeJcucwFezQ8IRU6jc4+XM=
R6/VlcbHcdddWSI6RxuM1b2z5pxai8JtFnQv2kR/hEMCGeQ8mKJ/k3dEHaa1m9ZPXCAgNBsWJ/WH1cMmk3c+Fljn8W+F7ud2WEZZOdQ5Vr+470zA9hYMaOgykAApny6OhWpG4uaylBnq7+hnaRf5Qg==
UDXAwklRg3xlK20BX1tOir2z5pxai8FtFnQv2kR/hEMCGeQ8mKJ5iXFEAb60m9ZPXCEgNBsWJ/WH1cMmk3c+Fljg62mF8v93WEZZOdQ5Vr+470zA9hYMaOgykAApny6OhWpG4uaylBnq7+hnaRf5Qg==
DKJxjwmoFhjXxXcG4OoHGL2z5pxai8ZtFnQv2kR/hEMCGeQ8mKJ5iXFEAb60m9ZPXCAgNBsWJ/WH1cMmk3c+Fljg62mF8v93WEZZOdQ5Vr+470zA9hYMaOgykAApny6OhWpG4uaylBnq7+hnaRf5Qg==
E7+JzwyEyOyfv6ofNAJhqgOidflAcFPo9idUyIe7N/rvO0ps1jy/ZLHiSTydZ6DezxeJcucwFezQ8IRU6jc4+XM=
ygUy7jPLzj1ynQxhHDDn/tJ4EyYSiijTPHl2Ta36SiC+/wXvthtYVVrVoYi0hlxxOX1SBuFD7koL7xio8EjtpCNffDgBCxj/luXMQeQiaqCc4mysaJKF+U40UaSOoJrkpPMO0fAVZRH5WA==
s8sMIW4Soeg1C3gHOIGDYgKidflAcFPo9idUyIe7N/rvO0ps1jy/ZLHiSTydZ6/ezxeJcucwFezQ8IRU6jc4+XM=
rMmgiq1OZ1bamo9mS2wIWgW4c/lcaFLo9idUyIe7N/rvO0ps1jy/ZLHiSTydZ6/ezxeJcucwFezQ8IRU6jc4+XM=
8RNzZHIrIFLp8HKRIY25CQS4c/lcaFLo9idUyIe7N/rvO0ps1jy/ZLHiSTydZ6/ezxeJcucwFezQ8IRU6jc4+XM=
OBMm98rtr6p29ciMzIxmtcjs/Ehaj+B4MwOLelOD/txilBPEHUod7Mm/8x6Tz92is9h5DLwY8KSez0T5Dw==
zCX9aX2G3RBedauAbfu2FIyn34KXpBiNzk4Mrap+z5LE6yg5FaYwlFyK3HQIqlWVydwJnW74Kgzk2/6JUO01Oflw
qVT9MSWsJzRxtOhmQ3Q/BEMTx2R8pkDpxeLJhKX6RQyhT3SYG3d0AmuogUxkSMiEtt9M+Qc=
PRpTA0RjylYG4nV1dj+ou+H+DeC3i0vk8D40GVFKdSR5krFcdfc+XlePINJfgF0smCDctILHQPkL
DPGUmHbEqetPKki+EM1frlSmdOxHYiD2vidD1J6Mc+C7LFl3zja/ZLHiSTydZ6LYzxeIcucwFezQ8IRU6jc4+XM=
ruykc/zBuRRkFMy48NxTKxkg1ohvMgffWlSluprblPNCbBzL4u8HJPoU/2A3tL0HCn5jRI3qTSz5n+4Yg68s4mO46YwMuEBkzi80+X8=
Z+QK4hK8e1oNmrl2LQG7O1SmdOxHYiD2vidD1J6Mc+C6LFl3zja/ZLHiSTydZ6fezxeIcucwFezQ8IRU6jc4+XM=
2Ub79xhbFDI9gxzfAKldfRkg1ohvMgffWlSluprblPNCbBzL4u8HJPoU/2A2tL0HCn5jRI3qTSz5n+seg68s4mO46YwMuEBkzi80+X8=
p9irSuF8CUmfcenG+i/fKHwBhKJh9Gt8DS9YDn7849gBIjzY2jGThdqfVz4wk3yznMIsDOgyxRlLVJECDgBaxKQTzrFw9SUx+Xg=
UWwfcqYUQRadClGePkgDM2xmfWhU79W3N385zJ6YODEQbtM9zXNgEg7g28ThfgQEqu0rGVoD7+JAT0TvfN4UEJgu/UWLCCmefpziWERPdm0AKR0t+WQ=
ekvpw/74aG2eBAvsjmop1HBuYSFL+MS2eGhrmtCWNzkRYpA2zXNgEg7g28ThfgQEqu0rGVoD7+JAT0TvfN4UEJgu/UOKCCmefpziWERPdm0AKR0t+WQ=
JEnQr5UigSt7BYPphZb/7XSAsKSysZJzNMLENrwwSHDIAF9JGnPA6ei5lGROQxvNEr4AcGpihcIKAHsXdzrx1bhiUjYKcjB4qeglBHXaVcwx70eZ6x7iwntI0czUKDjEBn8c+Vc=
fH6aTlT2QZ/1I4V27QemK+Pzo8be2KrYTCzJju+ZyEWWlkQsfmEWt4rXzWIwdh5uZ6iWhIXp2JAQ/6AzP74W3yYcD2bA8sm1XL3WIwB7vGxecmzUMMZATGHZaVJ8uXaOjpa05fLb+GthE/le
9TZpuyzC8Wft+a5BmARPVVG4szDNY4BCzlC7NGHOpHRqvQsJWhPPsoA/5F/8LnSgWH4dUI8YSEs+KwIoxP/WnUD5PT35dA==
GW8TGkvPiO6VTCJvNxRVrZPKjFYIifd4MjXPYAeO68dmhhLEHUod7Mm/8hiTwNyitNh5DLwY8KSez0T5Dw==
uRSchIdn3N9dBkZ8JipPSldX/rNNZGnZtstt50/9RLiushY146MXYhzNdx5AFIjW6zFcezxmxHg4ho3eD5DWMd5zsuCEN6ZFYMEtNfl8
g3JL6w9YZAc07acn9Fr/5cYhfYohNG3BbA02tjiRTGC4inBoGUWrRpUT5k2WqlSROteIj9lP+Qo=
ujU3LRdDs/3qq1sgkKCFfAZ966nSVPRh0BTATPEk+P9bWqzhyv9rjdBuHtLj/sak6TLhnCXXJ1tHZ3ASCGDNrOjArHTyJzD5ew==
u3LTvSL7ma8QoOx5tbJcRA3T1mdvm80DubjtReSRpgKAPewEUPaAPMEMa4LVyLa57kY0tRLruJvBQ/kO
NgBbuCdtLGYen2YPelUJUX2Gtq6hvdsnbcLOOp5gBzTcER4YAmCO/uijlAxdXhPlXOBPPHUt1N0WFiNBLnSk0vUnBw08Nioi99Y6BHXaVcwx70CZ6xfjwnxI0czUKDjEBn8c+Vc=
c8AAV2LFtMbPki8eTZjK4UXqcONGZCDrpCFDyIaNc+C7Nl930i6+ZLHiSTydZ67Yzx+PcuAwFezQ8IRU6jc4+XM=
hapNsNCl3C7ii0uw/WNIUiUIqCbQHAlNUUnRLUGzXpTprBzUno/M91FhA0gV38GqroLYVv3MHoEJc+EkddDyzcWQcIFVIB26qS/UwujUJ65vJOvLJ78JM/mqRrzD3MYcwswcex75VQ==
iJUH4a0fdSMzM7O1W5Lmo4urxIbR9VSeyUFCtaY+jYKt+1gjHqQkl1yK3HQIqlWWy9wImm7/Kgzk2/6JUO01Oflw
EFkF6GFdH74CZCtVNXT38QZ966nSVPRh0BTATPEk+P9bWqzhyv9rjdBuHtLj/sak6TLhnCXXKltHbncSCGDNrOjArHTyJzD5ew==
H01vEdhEfU2pvmeCvXEMRJGnnN2UtRSfxkgBjZY2hteZwR5/QLkkl1yK3HQIqlWQydwImm7/Kgzk2/6JUO01Oflw
wYQKcOgh+Zec1ren+kAjzOacvQgMboyTj38yncyghHrmR5Cuz4BQWkR+4Zv6emtA5PkwHGBkjPr8tBNW01RnI3X43Rr1mrqEt3xShF4c0BMq+WE=
ZFnaDg9GyOdDnEvFeVvPVrTTcgTsuD8GnRyTCuuHXlbgWRJdT421lqU+Bk4XCJDh3g2gzpxPU/5HjHpeKMunmryVpzZAPFiOS8nsE/xOtEDY3t0wi/gD7r5LQsjE3xY9wBl9HflU
WOYGIaG+BseyY3LTDQb6O1QKcIDdzP7BafNBZFXQkg1lENBBNSD9+gmvdIII1Aduz6QLC0O6KXFZKiZ8I9zm3KJM/Ds++XU=
9swGibCenGsgWaNs2CBGs1dX/rNNZGnZtstt50/9RLiushY146MXYhzNdx5AFIjW6zFcezxmxHg4ho3cCpDTNt5zsuCEN6ZFYMEtNfl8
/71gJ2TuM015AVKoX19sPAZ966nSVPRh0BTATPEk+P9bWqzhyv9rjdBuHtLj/sak6TLhnCXXK1hHbXcSCGDNrOjArHTyJzD5ew==
s+DNQLW3oRC8CT8v+aafPOvIokKq0WEvr5WMGn8XWN67lVgoKhpkjl3cGVv3UNd5ufjMAxkgBUrm7nENQIKPnAT0S6ZrNI+T+3hVbVk6wDRvPGpUBjw4AyL5aQ==
9Oayb/hgg01sDGO39cjm+NG70I+EsA6KxURPr7Y22NeMyQs5SvgaglyK3HQIqlWRyNwPnm79Kgzk2/6JUO01Oflw
4sWQP+gwLXTRkkdtRdZL0twQhTciQTjkAUIZ/O2Hs9/fObsyMlDlbEBQNJS610j5Aw==
e3WVosEAm91FejQXZ1opnDT2+FW7pmre2fVRTaACL1wk9Ctmy7Qv0xl/da05uqD0TzyKFOa8mMNC+Qk=
sp6SFCPaehxQgqZDxki0H4YgOMJxdxrhIlhu8h+NTGC4inBoGUSvRpsQ5k+WqlSROteIj9lP+Qo=
VDS2f1kQwbrf8WsaU+Khtu3Gqw31jDM+uon+BXMQWs7wtWUvJQdpky/bDlCkP+wtk6yVAxsnDAn68zVKXpu4hRL0S6ZrNI+T+39VbVk6wDRvPGpUBjw4AyL5aQ==
knD4RpiOi8I5kw9twPDatsi/MAxwmZ2oNBJexavzaz+nzwE7IEyqB+Ixndy7H3Uf4lW0M3sWsCPWGbyExTrljAEPVZ/7MZeCjuihTESIaATWHyz5Zw==
