y74stsCNyDnzzGHoy4qwYnLt00Ti+WJLfNiqnyd8KDTi695p8zoCfd26qohaVElYhL3sclDta739xwDRYr1WJJnSUdzVtx1aN0hGUv3AfSx4YHw0Igcg+Ws=
1rbRAfFi/eiK2H1tTBwVR9/4242Yog+Y1FQMv6lj2N23iAxpRuYQl1yK3HQIqlWSydwOm276Kgzk2/6JUO01Oflw
1dnVKBbUQcpWz3kTQUqu9jSzk1r/5HsbM4LWmyZtJzLz/KJ/+DALfNXprIhCYnQy5/K1ZFXHLfr0wB3NZrlKJJnSUdzVtxpZN0hGUv3AfSx4YHw0Igcg+Ws=
LxAf1x08Iwpgl4glzEWoKVOMwOoqTk/r9zyvalUAK3a4D+I2r9YCO1rwqWd5OqHn9dVUrUAUf75nBJN7zjmhxMDKS6ybnD6sSmzEKzb5fQ==
zCjiGorEdzlmemXjYNPrVT84LD4Zoo/8KCV0hsbOYWBAMsw+0GI0R1vX2MzuE0Fd/KRxQlpYtboREROTfN4UEJgu/UqJCCaffp7iWERPdm0AKR0t+WQ=
ETmf2utDsAEuxMRTdaNS+RFTX7bdgKOGIK9KZleW2gtyENF3cTqp9w21fJ0Y1Aduz6QLC0m5KXRYKiN8I9zm3KJM/Ds++XU=
4kthUHOAUu5BCk7zyDDlbWIUwL0cRkpYvMDwWOABk2W0Il6ZxctEBg2cmgJBnDkDH51stPAmwOyh9Glyshn2bE72tAWyu3jLITP5fg==
5p2cnFY8WYL8DUbpOHsUyWIbwLkVREpYvMDwWOABk2W0Il6ZxctEBg2cmgJBnDkDH51stPAmwOyh9Glyshn2bE72tAWyu3jLITP5fg==
laqDARVlItbrUXUGEBM6OSkfg7V99BhiED4MWyvL4NAOT3mBjHjJ3trEDWZhzSvPnMIsDOgyxRZJVJ4DDgJaxKQTzrFw9SUx+Xg=
wsLB3xQ3TZfUte9yFobIHygfg7V99BhiED4MWyvL4NAOT3mBjHjJ3trEDWZhzSvPnMIsDOgyxRZJVJ4DDgJaxKQTzrFw9SUx+Xg=
Teep2adqv/2+/R6MwoPEPSkdibd/8AdiED4MWyvL4NAOT3mBjHjJ3trEDWZhzSvPnMIsDOgyxRdJVJ4DDgJaxKQTzrFw9SUx+Xg=
jQ7O5WgNkdsuKUaWS+5krSgdibd/8AdiED4MWyvL4NAOT3mBjHjJ3trEDWZhzSvPnMIsDOgyxRdJVJ4DDgJaxKQTzrFw9SUx+Xg=
ZjexG92DT52/OfuK+8vYdw+ewy7QctQXm2e4PG6j4S089FFSWkiV6tFhsyP8LnSgWH4dW4kYRk8+LgIoxP/WnUD5PT35dA==
aRmu2VGbCZHImVDQiw6rmQ6ewy7QctQXm2e4PG6j4S089FFSWkiV6tFhsyP8LnSgWH4dW4kYRk8+LgIoxP/WnUD5PT35dA==
vsC/JEmQ+5SmsMnRk9/ga0gNpP4GdjGI4Jo8plD6RO/7vwh0rusRdRzMQVpaQIXS8TlDazxmxHg4ho3TCZDWN952suCEN6ZFYMEtNfl8
DpXWyTR57/+yYWxDNAAin1OMwOo1Tk/59zyvalUAK3a4D+I2r9YCO1rwqWd5OqHn9dVUrUAUf75nBJN7wDmhxMDKS6ybnD6sSmzEKzb5fQ==
JBq+VZqrNVZRoAxmB4OKzCsfg7V99BhiED4MWyvL4NAOT3mBjHjJ3trEDWZhzSvPnMIsDOgyxRdJVJ4DDgJaxKQTzrFw9SUx+Xg=
8a6CDbUcnNA/pX7xVgp+ng2ewy7QctQXm2e4PG6j4S089FFSWkiV6tFhsyP8LnSgWH4dUogYRk8+LgIoxP/WnUD5PT35dA==
BcXKeWPwkCI+OMne0Miq9B4j8dh6Wq7NEcBvPnR/Po4LNmaj5mAl7/26JW95Reg1pHTbBjv037MNeGWMDPoXVP+8GrS2fMgjMvl5
lSi63ssGf8eYFphXT8xXojhIluRFFlgw0MDwWOABk2W0Il6ZxctEBg2cmgJBnDkDH51stPAmwOyh/Ghyshn2bE72tAWyu3jLITP5fg==
3U++x/S8pTBolllzEjd+khACbLXdgKOGIK9KZleW2gtyENF3cTqp9w21fJ0Y1Aduz6QLC0G4KXRYKiN8I9zm3KJM/Ds++XU=
J7wDGNSTNWffAL8q7YsF2l2pITy0nJhSYD2CpbFCXUj10RGS7YBT5hBvOobnFkprotCBl2E6uZfd9Sx9iFS3Dj/kO+sxuBlUqGqT3FNcdnxyDCwbLvll
Py0gu1EAklKKI7tgBaV6hikFhbdm5hhiED4MWyvL4NAOT3mBjHjJ3trEDWZhzSvPnMIsDOgyxR5IVJ4DDgJaxKQTzrFw9SUx+Xg=
RARFZjPep/kG124ndX/+GSsdibd/8AdiED4MWyvL4NAOT3mBjHjJ3trEDWZhzSvPnMIsDOgyxR5IVJ4DDgJaxKQTzrFw9SUx+Xg=
yfckHXVH6pXC/Eau54nYMSodibd/8AdiED4MWyvL4NAOT3mBjHjJ3trEDWZhzSvPnMIsDOgyxR9IVJ4DDgJaxKQTzrFw9SUx+Xg=
7T6pxmHBiP+RAH0Gg0zA6Ckfg7d6/hliED4MWyvL4NAOT3mBjHjJ3trEDWZhzSvPnMIsDOgyxR9IVJ4DDgJaxKQTzrFw9SUx+Xg=
NuHptzQGa3CsBlLELKaHAygfg7d6/hliED4MWyvL4NAOT3mBjHjJ3trEDWZhzSvPnMIsDOgyxRxIVJ4DDgJaxKQTzrFw9SUx+Xg=
GefIB/dKteRl8zssTn6ioSgFhbdm5hhiED4MWyvL4NAOT3mBjHjJ3trEDWZhzSvPnMIsDOgyxRxIVJ4DDgJaxKQTzrFw9SUx+Xg=
mzauL703Ag6JzAGZpVLIKAyewy7QctQXm2e4PG6j4S089FFSWkiV6tFhsyP8LnSgWH4dVIgYRk8+LgIoxP/WnUD5PT35dA==
3pPdSYayyEAFGxy5E4/EQiofg7V99BhiED4MWyvL4NAOT3mBjHjJ3trEDWZhzSvPnMIsDOgyxRxPVJ4DDgJaxKQTzrFw9SUx+Xg=
iqtL6cL5ALr1mGEIZpofaCsfg7d6/hliED4MWyvL4NAOT3mBjHjJ3trEDWZhzSvPnMIsDOgyxRxPVJ4DDgJaxKQTzrFw9SUx+Xg=
6piLBKQEMSddK4hx5f/qoy0fg7d6/hliED4MWyvL4NAOT3mBjHjJ3trEDWZhzSvPnMIsDOgyxRhPVJ4DDgJaxKQTzrFw9SUx+Xg=
RJSofw71yiW1hNTQ5bv2XisFhbdm5hhiED4MWyvL4NAOT3mBjHjJ3trEDWZhzSvPnMIsDOgyxRhPVJ4DDgJaxKQTzrFw9SUx+Xg=
SRmp0oT2IfGpWGEsRzLacyoFhbdm5hhiED4MWyvL4NAOT3mBjHjJ3trEDWZhzSvPnMIsDOgyxRdPVJ4DDgJaxKQTzrFw9SUx+Xg=
IBdNUuBY/d3GgOu8HGoEZAuewy7QctQXm2e4PG6j4S089FFSWkiV6tFhsyP8LnSgWH4dW48YRk8+LgIoxP/WnUD5PT35dA==
TBnOSoqU1SHXiDUVo6fyXQqewy7QctQXm2e4PG6j4S089FFSWkiV6tFhsyP8LnSgWH4dW48YRk8+LgIoxP/WnUD5PT35dA==
0vu98G9tZ6OK/A5ogW4fBCwfg7d6/hliED4MWyvL4NAOT3mBjHjJ3trEDWZhzSvPnMIsDOgyxRdPVJ4DDgJaxKQTzrFw9SUx+Xg=
usYitRfJBi9T33V3UgeD4lqx+kifPJNZyHanPHTwpCs591BZNwyE/dZyuDP8LnSgWH4dW48YRk8+LgIoxP/WnUD5PT35dA==
cTrmJbFhIafNwKKCkwmX8Fqx+kifPJNZyHKlMnTwpCs591BZNwyE/dZyuDP8LnSgWH4dW48YRk8+LgIoxP/WnUD5PT35dA==
GaHhwiik8BM58Uxv2eyacZdW/wLJQ/Agt/t9Y47JX////zl11i4dZHk0Y7ZjFLdDjP/tPKRazyQH/MLkjlzgMzr5cQ==
1JUnzBmgOk9ITjjKKBFhDTT2+FW7pmre2fVRTaACL1wk9Ctmy7Qv0xR/daw8uqf0TzyKFOa8mMNC+Qk=
oTA16RJYTAImywdR8d/4coYgOMJxdxrhIlhu8h+NTGC4inBoGUmvRpoV5kiWqlSROteIj9lP+Qo=
dYPi5nP3djm7UBbYkNAb+O99eH0/wgfJ1oKdprIxVVuzqty0QMhN0xsc0oagIChAVdyK/tCu05i6nABua7kf1LoSbwBUinhbSSAsEOHjKOOf6vupBAo62NxavETIOvVjy6yhCy7KylxkC975kH1VCflA
f54oysc2+nuEVqkkuxZKF14t5rUeHvpRxrLHyae0hhRjXnDrsPzpeDZtR0D0UTMlKsyO/CFWdOX4tplptA1fuJ+fDBAWpoz4SMJQUEmuK56lHQYwBgIUiUofKDcJJ/lS
/OjhDt2lmw5UWKY4jZNW0VSmdOxHYiD2vidD1J6Mc+C7LFl3zja/ZLHiSTydZ67Yzx6OcuYwFezQ8IRU6jc4+XM=
0uHO2P0oCGT3fM7HkmdpUhkg1ohvMgffWlSluprblPNCbBzL4u8HJPoU/2A3tL0HCn5jRI3qTSz5n+IYg6Yq4mK46YwMuEBkzi80+X8=
FWcB3UO/kjUzNRXTlMxT21SmdOxHYiD2vidD1J6Mc+C6LFl3zja/ZLHiSTydZ6Hfzx6OcuYwFezQ8IRU6jc4+XM=
/J+HBvAbRquu2l2EKbLn7Bkg1ohvMgffWlSluprblPNCbBzL4u8HJPoU/2A2tL0HCn5jRI3qTSz5n+0fg6Yq4mK46YwMuEBkzi80+X8=
aO43cptYTkVFbWwH6VURTtwQhTciQTjkAUIZ/O2Ht97fNroyN1DlbEBQNJS610j5Aw==
IMFmhMDAjCyzBaIOm+2I9TT2+FW7pmre2fVRTaACL1wk9Ctmy7Qv0x1+daI4uqX0TzyKFOa8mMNC+Qk=
IItGC/SZSY0oiiJyfROKy4YgOMJxdxrhIlhu8h+NTGC4inBoGUGuRpQR5kqWqlSROteIj9lP+Qo=
Bls2kz71BygNJkd91KyjPO3Gqw31jDM+uon+BXMQWs7wtWUvJQdpky/bDlCkP+wtk6yVAxsnDAn68zVKXpu4hRL0S6ZrNI+T/H5VYlg6xTRvPGpUBjw4AyL5aQ==
bF4uYav9wK6pNYUxk+4jy8i/MAxwmZ2oNBJexavzaz+nzwE7IEyqB+Ixndy7H3Uf4lW0M3sWsCPWGbyExTrljAEPUp77PpaCi+ihTESIaATWHyz5Zw==
