trKDo+a1bZRqRmL1V5dSwXLt00Ti+WJLfNiqnyd8KDTi695p8zoCfd26qohaVElYhL3sclDta739xwDRYr1WJJnSUdzVtxZeN09HUv/AfSx4YHw0Jgcg+Ws=
BJioxRCPwqquvVnt5oaVit/4242Yog+Y1FQMv6lj2N23iAxpRuYQl1yK3HQIqlWTy9wImm74Kgzk2/6JUOk1Oflw
WeFT6bCzvPHGsLoxv44p1MaRZiU3bSY8vikwRyLwiQW4p18vfEq1BnEKzotmO3a0t8TYWiBBbx8DJBoGTs3jWfYwbMjDayzL/KfKwvCqqKRxppo5OirZP3eprAyAniDU0ULrysQgFtY+TnQ9woOYd1EL+UY=
O7Fxpv/L75bFDM+tbudz/RFTX7bdgKOGIK9KZleW2gtyENF3cTqp9w21fJ0Y1Aduz6QLC0a7KXJZKiF8I9zm3KJM+Ds++XU=
+3Yk9rtJ3WMNYEikWMgC8mIbwLkVREpYvMDwWOABk2W0Il6ZxctEBg2cmgJBnDkDH51stPAmwOyh+2tytBj2bk72tAWyu3jPITP5fg==
d/xKwnkuNkqXNtVt/1Y8XCkfg7V99BhiED4MWyvL4NAOT3mBjHjJ3trEDWZhzSvPnMIsDOgyxRlLVJgCDgBaxKQTzrFw8SUx+Xg=
BWdw8iVqvsEGayZqAZiwV2IUwL0cRkpYvMDwWOABk2W0Il6ZxctEBg2cmgJBnDkDH51stPAmwOyh+2tytBj2bk72tAWyu3jPITP5fg==
QqwrCzou0eA7YkNdzbDMnCkdibd/8AdiED4MWyvL4NAOT3mBjHjJ3trEDWZhzSvPnMIsDOgyxRlLVJgCDgBaxKQTzrFw8SUx+Xg=
nKT/kF8yDxaSSUSGMyA/Rigdibd/8AdiED4MWyvL4NAOT3mBjHjJ3trEDWZhzSvPnMIsDOgyxRlLVJgCDgBaxKQTzrFw8SUx+Xg=
9snejtMh2E/P+bji48qP5Q+ewy7QctQXm2e4PG6j4S089FFSWkiV6tFhsyP8LnSgWH4dVYsYQE4+LAIoxP/WnUD9PT35dA==
S6mQ76k2ba0nzSSIy4FCHw6ewy7QctQXm2e4PG6j4S089FFSWkiV6tFhsyP8LnSgWH4dVYsYQE4+LAIoxP/WnUD9PT35dA==
4mYyVeXc6+wk+o4lXWEakjhIluRFFlgw0MDwWOABk2W0Il6ZxctEBg2cmgJBnDkDH51stPAmwOyh+2tytBj2bk72tAWyu3jPITP5fg==
PWyGeELCNfc/ICkfvRt4zUgNpP4GdjGI4Jo8plD6RO/7vwh0rusRdRzMQVpaQIXS8TlDazxmxHg4ho3dC5DQNt50suCEN6ZFYMUtNfl8
PB5QI22l0sQwgDOP/wCmPlOMwOoqTk/r9zyvalUAK3a4D+I2r9YCO1rwqWd5OqHn9dVUrUAUf75nBJN7zjuhwsHKSaybnD6sSmzAKzb5fQ==
Wnp9cCmYcJLZy3IfhVIiGT84LD4Zoo/8KCV0hsbOYWBAMsw+0GI0R1vX2MzuE0Fd/KRxQlpYtboREROTfN4UEJgu/UWLCCCefpziWERPdm0ALR0t+WQ=
dIDOQQZEnzRvPRinsTLoY1OMwOo1Tk/59zyvalUAK3a4D+I2r9YCO1rwqWd5OqHn9dVUrUAUf75nBJN7zjuhwsHKSaybnD6sSmzAKzb5fQ==
g7LcOgyx87CYdqJJbYYMSysfg7V99BhiED4MWyvL4NAOT3mBjHjJ3trEDWZhzSvPnMIsDOgyxRlLVJgCDgBaxKQTzrFw8SUx+Xg=
6MUAksYF3tzb8qYNe1bCAh4j8dh6Wq7NEcBvPnR/Po4LNmaj5mAl7/26JW95Reg1pHTbBjv037MKe2WKDfoVVP+8GrS2fMwjMvl5
fXvm5XiqiV98q3AVDTwKhA2ewy7QctQXm2e4PG6j4S089FFSWkiV6tFhsyP8LnSgWH4dVYsYQE4+LAIoxP/WnUD9PT35dA==
Q66rnkAhChVjjl9QGp0F+V2pITy0nJhSYD2CpbFCXUj10RGS7YBT5hBvOobnFkprotCBl2E6uZfd9Sx9iFS3Dj/kO+s2uxlSqWqR3FNcdnxyDCgbLvll
gydqRF6ddRY9BgIbvzlosEdX9a5ROXrFvshQplD6RO/7vwh0rusRdRzMQVpaQIXS8TlDazxmxHg4ho3dC5DQNt50suCEN6ZFYMUtNfl8
s6chGaIBEg0X2R0HdoSh5Sgfg7V99BhiED4MWyvL4NAOT3mBjHjJ3trEDWZhzSvPnMIsDOgyxRlLVJgCDgBaxKQTzrFw8SUx+Xg=
VxBKBT0JNw6iPB8UVitpIFqx+kifPJNZyHanPHTwpCs591BZNwyE/dZyuDP8LnSgWH4dVYsYQE4+LAIoxP/WnUD9PT35dA==
LeOjcigunNVBAi9bPmWP/Fqx+kifPJNZyHKlMnTwpCs591BZNwyE/dZyuDP8LnSgWH4dVYsYQE4+LAIoxP/WnUD9PT35dA==
Kb60Z2fWEDIh+4yPfy1s5pdW/wLJQ/Agt/t9Y47JX////zl11i4dZHk0Y7ZjFLdDgvvtOqVazSQH/MLkjlzkMzr5cQ==
OzWllokuyUsC8X/QA+lOBzT2+FW7pmre2fVRTaACL1wk9Ctmy7Qv0xp7dao9uqX0TzyKFOa8nMNC+Qk=
R1l0pPklGAp41oNh/3/Y+IYgOMJxdxrhIlhu8h+NTGC4inBoGUerRpwU5kqWqlSROteIi9lP+Qo=
0u4ooAeva0RGlmXCqL24oyQOrizDEEEZTEnRFBP8QZvis02KzcbM/UAzRxYB1MShsor/Be2KWYkIZfs5d5XJjoudYqYUf1+x6jDT3PfUJ65vJOvLIrkJMvmqQbzD3MYcwswYex75VQ==
CgTQfFFkOh4wXE5bSkjLAe99eH0/wgfJ1oKdprIxVVuzqty0QMhN0xsc0oagIChAVdyK/tCu05i6nABua7kf1LoSbwBUinhbSSAsEOHjKOOf6vupBAo62NxavETIOvVlyayoCi7IylxkC975kHlVCflA
pWNtx6Kt6GcUcdexR+1h9efE6uD55pktSSrG6rlkJAOTy7jCY9W7nOktgzv+QG9t19viK+9bBc2zqLgZEB1MgPgq8MjZJasmXrRm6tZKVHF6dwgrGS/5ag==
CMB0STfqSGBvE6o2RP6my4K3QgpCo2KtRotZIL2FPsOQ1JkMMQ42pvGwxJ8LTyiuyyF74NHJszf2VE8xDx+yhwfvhXFLDMjV2EksnOAu4CTxUeva5tDWZl7e9K0iM9gHcRv5Vg==
4gEbFpY68IS+20FyCs4FftwQhTciQTjkAUIZ/O2HsdjfOL8yN1DlbEBQNJS+10j5Aw==
NwdtXVM7L+p8LgiEdYnhRDT2+FW7pmre2fVRTaACL1wk9Ctmy7Qv0xt4daw9uqX0TzyKFOa8nMNC+Qk=
eDz5ihdcIY1PvP+IH5/q4YYgOMJxdxrhIlhu8h+NTGC4inBoGUaoRpoU5kqWqlSROteIi9lP+Qo=
7sPk0rpLDFtlUEtOEH4KPe3Gqw31jDM+uon+BXMQWs7wtWUvJQdpky/bDlCkP+wtk6yVAxsnDAn68zVKXpu4hRL0S6ZrNI+T+3hVbF06xTRvPGpUBjw8AyL5aQ==
3dJOgoCB85MXGOy8lF0tp8i/MAxwmZ2oNBJexavzaz+nzwE7IEyqB+Ixndy7H3Uf4lW0M3sWsCPWGbyExTrljAEPVZj7MJOCi+ihTESIaATSHyz5Zw==
