z/eJMsFrj4K+BsRKGVTVvHLt00Ti+WJLfNiqnyd8KDTi695p8zoCfd26qohaVElYhL3sclDta739xwDRYr1WJJnSUdzVtx1aN0xCUvzDfSx4YHw0JwQg+Ws=
u+04yiTJs6pFsxln/KXlIN/4242Yog+Y1FQMv6lj2N23iAxpRuYQl1yK3HQIqlWRytwKn277KQzk2/6JUOg2Oflw
6NFv9RHyDV8Wx6iW0nI6bsaRZiUxbSY8zS8wRyKDiQW4p19cfEq1BnEKzosVO3a0t8TYWiAybx8DJBoGTr7jWfYwbLvDayzL/NTKwvCqqKRxppo5OirZP3eprAyAniDU0UHpysYlFtU9TnQ9woOYdlIL+UY=
9vRtmfR9nSvrxi7E+wOKZhFTX7bdgKOGIK9KZleW2gtyENF3cTqp9w21fJ0Y1Aduz6QLC0S5KXBcKiJ/I9zm3KJM+Tg++XU=
sIBuyL+p3yakCwhTI1ZIv2IbwLkVREpYvMDwWOABk2W0Il6ZxctEBg2cmgJBnDkDH51stPAmwOyh+Wlyth32bU32tAWyu3jOIjP5fg==
wc7+0sl9C6/ko3W2op34rykfg7V99BhiED4MWyvL4NAOT3mBjHjJ3trEDWZhzSvPnMIsDOgyxRtJVJoHDgNZxKQTzrFw8CYx+Xg=
qYKT2XG92pTWGin3bGYSS2IUwL0cRkpYvMDwWOABk2W0Il6ZxctEBg2cmgJBnDkDH51stPAmwOyh+Wlyth32bU32tAWyu3jOIjP5fg==
q81F4FnNR3iD26sN0K/3fCkdibd/8AdiED4MWyvL4NAOT3mBjHjJ3trEDWZhzSvPnMIsDOgyxRhJVJoHDgNZxKQTzrFw8CYx+Xg=
RCJ5fcSUgFLNyLROVSuh4igdibd/8AdiED4MWyvL4NAOT3mBjHjJ3trEDWZhzSvPnMIsDOgyxRhJVJoHDgNZxKQTzrFw8CYx+Xg=
7wOHtN4XYP1qGHUKVJEXIg+ewy7QctQXm2e4PG6j4S089FFSWkiV6tFhsyP8LnSgWH4dVIkYQks+LwEoxP/WnUD8Pj35dA==
wASd2w+Z3ApN4/WZBvTu4w6ewy7QctQXm2e4PG6j4S089FFSWkiV6tFhsyP8LnSgWH4dVIkYQks+LwEoxP/WnUD8Pj35dA==
iGwUryN+K6GwOspX6X68UThIluRFFlgw0MDwWOABk2W0Il6ZxctEBg2cmgJBnDkDH51stPAmwOyh+mlyth32bU32tAWyu3jOIjP5fg==
qwkyOfOQG7faCjdc/gt44kgNpP4GdjGI4Jo8plD6RO/7vwh0rusRdRzMQVpaQIXS8TlDazxmxHg4ho3cCZDSM953seCEN6ZFYMQuNfl8
oVG6zlNN+zxga9sf9joZtVOMwOoqTk/r9zyvalUAK3a4D+I2r9YCO1rwqWd5OqHn9dVUrUAUf75nBJN7zzmhwMTKSq+bnD6sSmzBKDb5fQ==
xF0cmD95AygnoRVd++CuVj84LD4Zoo/8KCV0hsbOYWBAMsw+0GI0R1vX2MzuE0Fd/KRxQlpYtboREROTfN4UEJgu/USJCCKbfp/hWERPdm0ALB4t+WQ=
rTfMW4gG2pDBSRZy/cZ6gFOMwOo1Tk/59zyvalUAK3a4D+I2r9YCO1rwqWd5OqHn9dVUrUAUf75nBJN7zzmhwMTKSq+bnD6sSmzBKDb5fQ==
Cj6i5I0jv2csyyFQooDSFCsfg7V99BhiED4MWyvL4NAOT3mBjHjJ3trEDWZhzSvPnMIsDOgyxRhJVJoHDgNZxKQTzrFw8CYx+Xg=
SXkab6YW1wy1cLstSGOUfx4j8dh6Wq7NEcBvPnR/Po4LNmaj5mAl7/26JW95Reg1pHTbBjv037MLeWWICPoWV/+8GrS2fM0gMvl5
p8j7qPERdEpV617fh2KXJg2ewy7QctQXm2e4PG6j4S089FFSWkiV6tFhsyP8LnSgWH4dVIkYQks+LwEoxP/WnUD8Pj35dA==
4vG6sK4W4tpPzsgDy3DMyl2pITy0nJhSYD2CpbFCXUj10RGS7YBT5hBvOobnFkprotCBl2E6uZfd9Sx9iFS3Dj/kO+s3uRlQrGqS31NcdnxyDCkYLvll
LmtEvdvPQNaqcUaQqEbAjEdX9a5ROXrFvshQplD6RO/7vwh0rusRdRzMQVpaQIXS8TlDazxmxHg4ho3cCZDSM953seCEN6ZFYMQuNfl8
JyKGS2QCupbw2hhLuXM09Cgfg7V99BhiED4MWyvL4NAOT3mBjHjJ3trEDWZhzSvPnMIsDOgyxRhJVJoHDgNZxKQTzrFw8CYx+Xg=
hL2uwsR3rpYi+8P5PU4EUFqx+kifPJNZyHanPHTwpCs591BZNwyE/dZyuDP8LnSgWH4dVIkYQks+LwEoxP/WnUD8Pj35dA==
QHgT1lOL0/npDLZWWIW3hFqx+kifPJNZyHKlMnTwpCs591BZNwyE/dZyuDP8LnSgWH4dVIkYQks+LwEoxP/WnUD8Pj35dA==
TR8i3thxiKiX54Tjf2C9jJdW/wLJQ/Agt/t9Y47JX////zl11i4dZHk0Y7ZjFLdDg/ntOKBazicH/MLkjlzlMDr5cQ==
8PePcD339csMuW1KfzixgO99eH0/wgfJ1oKdprIxVVuzqty0QMhN0xsc0oagIChAVdyK/tCu05i6nABua7kf1LoSbwBUinhbSSAsEOHjKOOf6vupBAo62NxavETIOvVnz6yqDy7LyVxkC975kHhWCflA
xPpNitgthHgHlIwmFWeppyQOrizDEEEZTEnRFBP8QZvis02KzcbM/UAzRxYB1MShsor/Be2KWYkIZfs5d5XJjoudYqYUf1+x6jDT3PfUJ65vJOvLIL8JMPyqQr/D3MYcwswZeB75VQ==
YE0FFocX8gfwrCj8yMdynjJ6jpJiq6CdoK48LG57aWc021EPv7rZ0Nh3/4Y0MKC76AQyRG2SgMzjkfi8vf76kZbFQNHMBDG0tD3PzqDpATJ8VPRpDjx3U5ZmWmN8/lSwGI69Kono5Tv+PyF4RC+2jYBMXg35RA==
pByBCDRqqSrAgJ05q2ULtNG70I+EsA6KxURPr7Y22NeMyQs5SvgaglyK3HQIqlWfydwNn277KQzk2/6JUOg2Oflw
fZmz4ZnNpprrqqRjCok32dwQhTciQTjkAUIZ/O2Hs9jfO7oyNFPlbEBQNJS/1Ej5Aw==
5UEKyh+Qfj00i9VBgukTjDT2+FW7pmre2fVRTaACL1wk9Ctmy7Qv0xl4da84uqb3TzyKFOa8ncBC+Qk=
sTeC9ff302OE5BoGva3xRIYgOMJxdxrhIlhu8h+NTGC4inBoGUSoRpkR5kmVqlSROteIitpP+Qo=
eIhJWQdvkqVvO8KyRfCyrO3Gqw31jDM+uon+BXMQWs7wtWUvJQdpky/bDlCkP+wtk6yVAxsnDAn68zVKXpu4hRL0S6ZrNI+T+XhVb1g6xjdvPGpUBjw9ACL5aQ==
+wee6Bew+0FomdHu/LebhMi/MAxwmZ2oNBJexavzaz+nzwE7IEyqB+Ixndy7H3Uf4lW0M3sWsCPWGbyExTrljAEPV5j7M5aCiOuhTESIaATTHCz5Zw==
