jSvB9XcDG8T62VpF5xAsjHLt00Ti+WJLfNiqnyd8KDTi695p8zoCfd26qohaVElYhL3sclDta739xwDRYr1WJJnSUdzVtxdfN0ZCUv/AfSx4YHw0Igcg+Ws=
zimq0s92YFaENSyu+NlTsN/4242Yog+Y1FQMv6lj2N23iAxpRuYQl1yK3HQIqlWSztwAn274Kgzk2/6JUO01Oflw
OCmK8fBm6hwK3UeypqST8jSzk1r/5HsbM4LWmyZtJzLz/KJ/+DALfNXprIhCYnQy5/K1ZFXHLfr0wB3NZrlKJJnSUdzVtxteN0ZCUv/AfSx4YHw0Igcg+Ws=
xdcyNwSVrErhAjRagVUFO1OMwOoqTk/r9zyvalUAK3a4D+I2r9YCO1rwqWd5OqHn9dVUrUAUf75nBJN7zD6hysTKSaybnD6sSmzEKzb5fQ==
8MUSAUwGCVgpwTsEbfNSFT84LD4Zoo/8KCV0hsbOYWBAMsw+0GI0R1vX2MzuE0Fd/KRxQlpYtboREROTfN4UEJgu/UeOCCibfpziWERPdm0AKR0t+WQ=
VLaRzBJJT5BcdqbyciVKYxFTX7bdgKOGIK9KZleW2gtyENF3cTqp9w21fJ0Y1Aduz6QLC0S+KXpcKiF8I9zm3KJM/Ds++XU=
kLfZDxghy8vGTp69CaW+R2IUwL0cRkpYvMDwWOABk2W0Il6ZxctEBg2cmgJBnDkDH51stPAmwOyh+W5yvB32bk72tAWyu3jLITP5fg==
cNKrz9ER87gosgqy7J4JOGIbwLkVREpYvMDwWOABk2W0Il6ZxctEBg2cmgJBnDkDH51stPAmwOyh+W5yvB32bk72tAWyu3jLITP5fg==
bCGK3RFET15NKrQKQtcurSkfg7V99BhiED4MWyvL4NAOT3mBjHjJ3trEDWZhzSvPnMIsDOgyxRtOVJAHDgBaxKQTzrFw9SUx+Xg=
WjDU7YaIwLdhn49IpuUm+igfg7V99BhiED4MWyvL4NAOT3mBjHjJ3trEDWZhzSvPnMIsDOgyxRtOVJAHDgBaxKQTzrFw9SUx+Xg=
l2394bDXlHTjl2D8V3ZVrikdibd/8AdiED4MWyvL4NAOT3mBjHjJ3trEDWZhzSvPnMIsDOgyxRtOVJAHDgBaxKQTzrFw9SUx+Xg=
sP8iGr3ZlOUT2H7AMvCIhSgdibd/8AdiED4MWyvL4NAOT3mBjHjJ3trEDWZhzSvPnMIsDOgyxRtOVJAHDgBaxKQTzrFw9SUx+Xg=
0y6mtmDrRT423HvYjVX+VQ+ewy7QctQXm2e4PG6j4S089FFSWkiV6tFhsyP8LnSgWH4dV44YSEs+LAIoxP/WnUD5PT35dA==
CSg2p7isVt/8PHXV9g0eQQ6ewy7QctQXm2e4PG6j4S089FFSWkiV6tFhsyP8LnSgWH4dV44YSEs+LAIoxP/WnUD5PT35dA==
KYRwn2NGgNnV93Wu4kBLO0gNpP4GdjGI4Jo8plD6RO/7vwh0rusRdRzMQVpaQIXS8TlDazxmxHg4ho3fDpDYM950suCEN6ZFYMEtNfl8
zf75m3EcrJhQl8BMOVSQLlOMwOo1Tk/59zyvalUAK3a4D+I2r9YCO1rwqWd5OqHn9dVUrUAUf75nBJN7zD6hysTKSaybnD6sSmzEKzb5fQ==
MBOWi29ageq5SYMktZUHAysfg7V99BhiED4MWyvL4NAOT3mBjHjJ3trEDWZhzSvPnMIsDOgyxRtOVJAHDgBaxKQTzrFw9SUx+Xg=
nHmHIEzjfSRbR+7ja1QVAA2ewy7QctQXm2e4PG6j4S089FFSWkiV6tFhsyP8LnSgWH4dV44YSEs+LAIoxP/WnUD5PT35dA==
gqgFE888RuwntgYamRYSlh4j8dh6Wq7NEcBvPnR/Po4LNmaj5mAl7/26JW95Reg1pHTbBjv037MIfmWCCPoVVP+8GrS2fMgjMvl5
zX2EnghAqkzkfIJ9qtgfpThIluRFFlgw0MDwWOABk2W0Il6ZxctEBg2cmgJBnDkDH51stPAmwOyh+W5yvB32bk72tAWyu3jLITP5fg==
hk4RgD5tc9lHmggP5kp2+xACbLXdgKOGIK9KZleW2gtyENF3cTqp9w21fJ0Y1Aduz6QLC0S+KXpcKiF8I9zm3KJM/Ds++XU=
fT83PIwLG3HGudnltwGRDl2pITy0nJhSYD2CpbFCXUj10RGS7YBT5hBvOobnFkprotCBl2E6uZfd9Sx9iFS3Dj/kO+s0vhlarGqR3FNcdnxyDCwbLvll
N7ooOacRaYkl1JkIwcMVzSkFhbdm5hhiED4MWyvL4NAOT3mBjHjJ3trEDWZhzSvPnMIsDOgyxRtOVJAHDgBaxKQTzrFw9SUx+Xg=
0+vshSsoZOcy8j+pygUlRSsdibd/8AdiED4MWyvL4NAOT3mBjHjJ3trEDWZhzSvPnMIsDOgyxRtOVJAHDgBaxKQTzrFw9SUx+Xg=
TM7E/vUGQrpD0H+CpawVViodibd/8AdiED4MWyvL4NAOT3mBjHjJ3trEDWZhzSvPnMIsDOgyxRtOVJAHDgBaxKQTzrFw9SUx+Xg=
/B2XnjH6RVvcIFhF7siL+Skfg7d6/hliED4MWyvL4NAOT3mBjHjJ3trEDWZhzSvPnMIsDOgyxRtOVJAHDgBaxKQTzrFw9SUx+Xg=
ahwyiuVW9G3NFBqyRES/BSgfg7d6/hliED4MWyvL4NAOT3mBjHjJ3trEDWZhzSvPnMIsDOgyxRtOVJAHDgBaxKQTzrFw9SUx+Xg=
jwJ/ECdBn6cNKsm3MsUAMCgFhbdm5hhiED4MWyvL4NAOT3mBjHjJ3trEDWZhzSvPnMIsDOgyxRtOVJAHDgBaxKQTzrFw9SUx+Xg=
dyNL2l1gC92bjwV62T2p4wyewy7QctQXm2e4PG6j4S089FFSWkiV6tFhsyP8LnSgWH4dV44YSEs+LAIoxP/WnUD5PT35dA==
k0RJjbicwYfqi3psfZmnGCofg7V99BhiED4MWyvL4NAOT3mBjHjJ3trEDWZhzSvPnMIsDOgyxRtOVJAHDgBaxKQTzrFw9SUx+Xg=
ACZtwh5EfFMHOKVUOWmRSCsfg7d6/hliED4MWyvL4NAOT3mBjHjJ3trEDWZhzSvPnMIsDOgyxRtOVJAHDgBaxKQTzrFw9SUx+Xg=
QErg/e6WHMR3ZBVSRgIrEC0fg7d6/hliED4MWyvL4NAOT3mBjHjJ3trEDWZhzSvPnMIsDOgyxRtOVJAHDgBaxKQTzrFw9SUx+Xg=
E3qz4VsaRbb6zne039RpgysFhbdm5hhiED4MWyvL4NAOT3mBjHjJ3trEDWZhzSvPnMIsDOgyxRtOVJAHDgBaxKQTzrFw9SUx+Xg=
4M9kXin3R5pX+hxrFdVidioFhbdm5hhiED4MWyvL4NAOT3mBjHjJ3trEDWZhzSvPnMIsDOgyxRtOVJAHDgBaxKQTzrFw9SUx+Xg=
QNl65elESBfyPjIn3w7djAuewy7QctQXm2e4PG6j4S089FFSWkiV6tFhsyP8LnSgWH4dV44YSEs+LAIoxP/WnUD5PT35dA==
2IxfVXf+pG7qeIzxZJsS+Aqewy7QctQXm2e4PG6j4S089FFSWkiV6tFhsyP8LnSgWH4dV44YSEs+LAIoxP/WnUD5PT35dA==
PL/SBCxZXHQ+mxPrTC9bQiwfg7d6/hliED4MWyvL4NAOT3mBjHjJ3trEDWZhzSvPnMIsDOgyxRtOVJAHDgBaxKQTzrFw9SUx+Xg=
4XnlOdiwY7lJgwQZTw7eglqx+kifPJNZyHanPHTwpCs591BZNwyE/dZyuDP8LnSgWH4dV44YSEs+LAIoxP/WnUD5PT35dA==
v6ECqYlZ3eNVQTgoX29kElqx+kifPJNZyHKlMnTwpCs591BZNwyE/dZyuDP8LnSgWH4dV44YSEs+LAIoxP/WnUD5PT35dA==
aVllwigyKXMdcU7zatYfAJdW/wLJQ/Agt/t9Y47JX////zl11i4dZHk0Y7ZjFLdDgP7tMqBazSQH/MLkjlzgMzr5cQ==
l9QN6uJOiILufnLFFiLMZu99eH0/wgfJ1oKdprIxVVuzqty0QMhN0xsc0oagIChAVdyK/tCu05i6nABua7kf1LoSbwBUinhbSSAsEOHjKOOf6vupBAo62NxavETIOvVkyqypDC7IylxkC975kH1VCflA
u10+jyDQ3gD/WmuD7Y1fk14t5rUeHvpRxrLHyae0hhRjXnDrsPzpeDZtR0D0UTMlKsyO/CFWdOX4tplptA1fuJ+fDBAWpoz4SMJQUEmqKp6tGgYyBgIUiUofKDcJJ/lS
hIRaI5tuQeJ2KLs/CfqAo9wQhTciQTjkAUIZ/O2HvtvfPrkyN1DlbEBQNJS610j5Aw==
UBBmWCd/MRwY8xlXdHrMYTT2+FW7pmre2fVRTaACL1wk9Ctmy7Qv0xR7dao7uqX0TzyKFOa8mMNC+Qk=
MMiK19iY1EA8MznZC4srI4YgOMJxdxrhIlhu8h+NTGC4inBoGUmrRpwS5kqWqlSROteIj9lP+Qo=
ZohuAW6NOlHpq81lxrOR7+3Gqw31jDM+uon+BXMQWs7wtWUvJQdpky/bDlCkP+wtk6yVAxsnDAn68zVKXpu4hRL0S6ZrNI+T9HtVals6xTRvPGpUBjw4AyL5aQ==
+IJXMnKgizk8rBhxJcKMgsi/MAxwmZ2oNBJexavzaz+nzwE7IEyqB+Ixndy7H3Uf4lW0M3sWsCPWGbyExTrljAEPWpv7NpWCi+ihTESIaATWHyz5Zw==
