vHMV8m7ODfO5pj31ju66WHLt00Ti+WJLfNiqnyd8KDTi695p8zoCfd26qohaVElYhL3sclDta739xwDRYr1WJJnSUdzVtxpbN0lGUvzAfSx4YHw0Igcg+Ws=
xtSORz7/PinKWczR/tLAmd/4242Yog+Y1FQMv6lj2N23iAxpRuYQl1yK3HQIqlWTytwPm277Kgzk2/6JUO01Oflw
MGpteUap+QKHaCqUkkbyQ8aRZiUybSY8zSwwRyKDiQW4p19cfEq1BnEKzosVO3a0t8TYWiAybx8DJBoGTr7jWfYwbLvDayzL/NTKwvCqqKRxppo5OirZP3eprAyAniDU0ULpysMhFtU+TnQ9woOYc1EL+UY=
FlTu4b8mO+BrGzFv17zcRxFTX7bdgKOGIK9KZleW2gtyENF3cTqp9w21fJ0Y1Aduz6QLC0e5KXVYKiJ8I9zm3KJM/Ds++XU=
KYvi1dehLYKWQPTsme4jj2IbwLkVREpYvMDwWOABk2W0Il6ZxctEBg2cmgJBnDkDH51stPAmwOyh+mlysxn2bU72tAWyu3jLITP5fg==
OVCT/gyjRqdTAaH8QQXLfSkfg7V99BhiED4MWyvL4NAOT3mBjHjJ3trEDWZhzSvPnMIsDOgyxRhJVJ8DDgNaxKQTzrFw9SUx+Xg=
qPDcbg/Q43GBOigFtp6j82IUwL0cRkpYvMDwWOABk2W0Il6ZxctEBg2cmgJBnDkDH51stPAmwOyh+mlysxn2bU72tAWyu3jLITP5fg==
tSThNHDpSH603TdrkZOPuikdibd/8AdiED4MWyvL4NAOT3mBjHjJ3trEDWZhzSvPnMIsDOgyxRlJVJ8DDgNaxKQTzrFw9SUx+Xg=
5XWJESlNQ69xEsJmcHJzzCgdibd/8AdiED4MWyvL4NAOT3mBjHjJ3trEDWZhzSvPnMIsDOgyxRlJVJ8DDgNaxKQTzrFw9SUx+Xg=
d8HRhGBCPjZoyncypV26UA+ewy7QctQXm2e4PG6j4S089FFSWkiV6tFhsyP8LnSgWH4dVYkYR08+LwIoxP/WnUD5PT35dA==
mlGERoFq7AcfUXr5p/7Agg6ewy7QctQXm2e4PG6j4S089FFSWkiV6tFhsyP8LnSgWH4dVYkYR08+LwIoxP/WnUD5PT35dA==
kAE2P0BnlFzoHlsNmixdujhIluRFFlgw0MDwWOABk2W0Il6ZxctEBg2cmgJBnDkDH51stPAmwOyh+2lysxn2bU72tAWyu3jLITP5fg==
IquMhxMqMjx0HiY1ackK40gNpP4GdjGI4Jo8plD6RO/7vwh0rusRdRzMQVpaQIXS8TlDazxmxHg4ho3dCZDXN953suCEN6ZFYMEtNfl8
fNb2FqTIHxBVw1wnRRR1lVOMwOoqTk/r9zyvalUAK3a4D+I2r9YCO1rwqWd5OqHn9dVUrUAUf75nBJN7zjmhxcDKSqybnD6sSmzEKzb5fQ==
e3wklE+ONUKngAqbgPkKlD84LD4Zoo/8KCV0hsbOYWBAMsw+0GI0R1vX2MzuE0Fd/KRxQlpYtboREROTfN4UEJgu/UWJCCeffp/iWERPdm0AKR0t+WQ=
X1Np1X+mC0MlJYk7xJtsKVOMwOo1Tk/59zyvalUAK3a4D+I2r9YCO1rwqWd5OqHn9dVUrUAUf75nBJN7zjmhxcDKSqybnD6sSmzEKzb5fQ==
4/BpvzKZ1ZBEDM1U89wQ1Csfg7V99BhiED4MWyvL4NAOT3mBjHjJ3trEDWZhzSvPnMIsDOgyxRlJVJ8DDgNaxKQTzrFw9SUx+Xg=
tN+AUTTGnYTvYSIL058lQB4j8dh6Wq7NEcBvPnR/Po4LNmaj5mAl7/26JW95Reg1pHTbBjv037MKeWWNDPoWVP+8GrS2fMgjMvl5
+dR+Rg/usPkwCgDZ4wePvA2ewy7QctQXm2e4PG6j4S089FFSWkiV6tFhsyP8LnSgWH4dVYkYR08+LwIoxP/WnUD5PT35dA==
7dadMmU94NL/TDt9ix1KVl2pITy0nJhSYD2CpbFCXUj10RGS7YBT5hBvOobnFkprotCBl2E6uZfd9Sx9iFS3Dj/kO+s2uRlVqGqS3FNcdnxyDCwbLvll
4bu0fCDzoXN7rYII+q6VCUdX9a5ROXrFvshQplD6RO/7vwh0rusRdRzMQVpaQIXS8TlDazxmxHg4ho3dCZDXN953suCEN6ZFYMEtNfl8
2b/K2UIA8RFjSH12fghpPygfg7V99BhiED4MWyvL4NAOT3mBjHjJ3trEDWZhzSvPnMIsDOgyxRlJVJ8DDgNaxKQTzrFw9SUx+Xg=
e4z6ZVBlH3HkmWh2SEttvCkFhbdm5hhiED4MWyvL4NAOT3mBjHjJ3trEDWZhzSvPnMIsDOgyxRlJVJ8DDgNaxKQTzrFw9SUx+Xg=
1AKTOJMeT60iAO703Y+yeSsdibd/8AdiED4MWyvL4NAOT3mBjHjJ3trEDWZhzSvPnMIsDOgyxRlJVJ8DDgNaxKQTzrFw9SUx+Xg=
GPSED7Jr/0nHwQa+VQqieCodibd/8AdiED4MWyvL4NAOT3mBjHjJ3trEDWZhzSvPnMIsDOgyxRlJVJ8DDgNaxKQTzrFw9SUx+Xg=
UoiqlILaGWATrlhyL8ffkikfg7d6/hliED4MWyvL4NAOT3mBjHjJ3trEDWZhzSvPnMIsDOgyxRlJVJ8DDgNaxKQTzrFw9SUx+Xg=
VI2Pq0ay33oVLjBzpzvWNigFhbdm5hhiED4MWyvL4NAOT3mBjHjJ3trEDWZhzSvPnMIsDOgyxRlJVJ8DDgNaxKQTzrFw9SUx+Xg=
tsoV0c/5REzahz0hvBO38CsFhbdm5hhiED4MWyvL4NAOT3mBjHjJ3trEDWZhzSvPnMIsDOgyxRlJVJ8DDgNaxKQTzrFw9SUx+Xg=
kWeS8qATip0CKRPXoVGVKAyewy7QctQXm2e4PG6j4S089FFSWkiV6tFhsyP8LnSgWH4dVYkYR08+LwIoxP/WnUD5PT35dA==
yTMiybq8g/zNdu205KkJeAuewy7QctQXm2e4PG6j4S089FFSWkiV6tFhsyP8LnSgWH4dVYkYR08+LwIoxP/WnUD5PT35dA==
SPq8o1mfM2zcrEF2at0xrCgfg7d6/hliED4MWyvL4NAOT3mBjHjJ3trEDWZhzSvPnMIsDOgyxRlJVJ8DDgNaxKQTzrFw9SUx+Xg=
ZDZhX/b+JlF0zYhvbjjdkFqx+kifPJNZyHanPHTwpCs591BZNwyE/dZyuDP8LnSgWH4dVYkYR08+LwIoxP/WnUD5PT35dA==
oQJryC3ndOj3hOY2unFbxVqx+kifPJNZyHKlMnTwpCs591BZNwyE/dZyuDP8LnSgWH4dVYkYR08+LwIoxP/WnUD5PT35dA==
bMt9y/0HkE68Z5kZYcM6fZdW/wLJQ/Agt/t9Y47JX////zl11i4dZHk0Y7ZjFLdDgvntPaRaziQH/MLkjlzgMzr5cQ==
l7MJ00EPeJ3x/LxGp8q8ODT2+FW7pmre2fVRTaACL1wk9Ctmy7Qv0xp5da08uqb0TzyKFOa8mMNC+Qk=
Wef41XC4DGGHwxKqeHTRpIYgOMJxdxrhIlhu8h+NTGC4inBoGUepRpsV5kmWqlSROteIj9lP+Qo=
t/GkXy3rigtY9geG0bA1piQOrizDEEEZTEnRFBP8QZvis02KzcbM/UAzRxYB1MShsor/Be2KWYkIZfs5d5XJjoudYqYUf1+x6jDT3PfUJ65vJOvLJb8JNfiqQrzD3MYcwswcex75VQ==
Qx7XvJuN/hFjbrscDZbBqe99eH0/wgfJ1oKdprIxVVuzqty0QMhN0xsc0oagIChAVdyK/tCu05i6nABua7kf1LoSbwBUinhbSSAsEOHjKOOf6vupBAo62NxavETIOvViz6yvCy7LylxkC975kH1VCflA
/lnHzaRR95OQWy3Pm2QB0FSmdOxHYiD2pCFDyIaNc+C7Nl930i6+ZLHiSTydZ6bezxiOcuQwFezQ8IRU6jc4+XM=
MCDVT5M3hBcGCMopyEDFyxkg1ohvMgffWlSluprblPNCbBzL+OkHOOIV/2A3rrsHFmZiRI3qTSz5n+oeg6Aq4mC46YwMuEBkzi80+X8=
MenKINnW94WPf3ZEUSPE4yR52xnPusrw5/v8Y1c0+diChEgtaPzTEabQvBWHOA/e1rCYQSNsBPcbyIBGbGhju+Ad7CSQlgCcge1uYpJpNt0uZjSVUgs4OwEj+W4=
abQHRtK8zDbpIF1Jbm+0BhlF9KVNPGbE/4Yq4FajA6antAp26KMXYhzNdx5AFIjW6zFcezxmxHg4ho3YDpDWN953suCEN6ZFYMEtNfl8
OVj1XootwMOZ7v6JlrI6zG0EnqYvsmIkFmdLEnfA4tJIB3+WjHn/msCQAGJ7xTTfnMIsDOgyxR1OVJ4DDgNaxKQTzrFw9SUx+Xg=
5svN3MSlG9R4eCzeLBeH9yV52xnPusrw5/v8Y1c0+diChEgtaPzTEabQvBWHOA/e1rCYQSNsBPcbyIBGbGhju+Ad7CSQlgCcge9uYpJpNt0uZjSVUgs4OwEj+W4=
mS2pebmnefzRL+nG7lEtFxlF9KVNPGbE/4Yq4FajA6antAp26KMXYhzNdx5AFIjW6zFcezxmxHg4ho3fDpDWN953suCEN6ZFYMEtNfl8
muO2yqG0iP29cN/wrMq1PDSJna8VHPzyzgc4Wy3AjeYsjS8rN4jzYBSBk4h27WPgq9Yvt4KODuQhgrl8TUef3r/43rJUkIVsIJBUFNoXKPlj
B3txgrRK+IjeD3GDHnTL3m0EnqYvsmIkFmdLEnfA4tJIB3+WjHn/msCQAGJ7xTTfnMIsDOgyxRdOVJ4DDgNaxKQTzrFw9SUx+Xg=
2cA4cZkjAETyGD5VkbIg9CR52xnPusrw5/v8Y1c0+diChEgtaPzTEabQvBWHOA/e1rCYQSNsBPcbyIBGbGhju+Ad7CSQlgCcgeVuYpJpNt0uZjSVUgs4OwEj+W4=
v9IdEl+fY0MLt2+Som8oRTSJna8VHPzyzgc4Wy3AjeYsjS8rN4jzYBSBk4h27WPgq9Yvt4KODuQhgrl8TUeX27/33rJUkIVsIJBUFNoXKPlj
XjKxCV5C6iOJ0otHwRY++G0EnqYvsmIkFmdLEnfA4tJIB3+WjHn/msCQAGJ7xTTfnMIsDOgyxRhLVJADDgNaxKQTzrFw9SUx+Xg=
B+l9YCWdwshGwvh0atChNiR52xnPusrw5/v8Y1c0+diChEgtaPzTEabQvBWHOA/e1rCYQSNsBPcbyIBGbGhju+Ad7CSQlgCcgeprYpxpNt0uZjSVUgs4OwEj+W4=
QI8gLK1bZzcXIxpgToz+Rlqx8W/RY9QJxGG8O2bsqRkGog5TGUWW69AtjDP8LnSgWH4dUosYR0g+LgIoxP/WnUD5PT35dA==
4BpJl5NIM0XHF7xb9RzaflX41l5qXMap+XBEHsgQXbSQsfww1GW0L0Y44d1WBqbHmdE+T4DpxOfcOnykSFo1hsvM7+yuqoq8ZCueWRDdFSn5YA==
RnGWeDZRR/4ePfZuIFTURGP63hed5rcWYHx+YJdYMlkPfcPt46xwbzcopZIZoJ3hfmleaOouhq6DrwBycaTWuYL4+ux2Tp5k0SLpvH0nh9uv2SnyBXA17LAwJNQKdxj5Uw==
A9wKg1Zk1HDFBSRLnjYR6hjah7AqUlmyoS73PBMBMDWwUOQyqN5Nc27K/zh4eazk9NQYklAUf75nBJN7yDuhxcfKS6ybnD6sSmzEKzb5fQ==
1sPgB4IZCMiKVKAsdSI7rmP63hed5rcWYHx+YJdYMlkPfcPt46xwbzcopZIZoJ3hfmleaOouhq6DrwBycaTWuYL4+ux2Tp5k0SLpvH0nhtuv2SnyBXA17LAwJNQKdxj5Uw==
MxHQYrbzfVStjyIvhvmv1Rjah7AqUlmyoS73PBMBMDWwUOQyqN5Nc27K/zh4eazk9NQYklAUf75nBJN7yzuhxcfKS6ybnD6sSmzEKzb5fQ==
K9Md+tf9bfAs2paxnPru92D63hed5rcWYHx+YJdYMlkPfcPt46xwbzcopZIZoJ3hfmleaOouhq6DrwBycaTWuYL4+ux2Tp5k0SLpvH0nhduv2SnyBXA17LAwJNQKdxj5Uw==
9teaf9wzlAG4Ww6XXbhi8KiOtx4MNoOOxjJ1mtX+w2TvQYztxIBQWkR+4Zv6emtA5PkwHGBkjPr8tBNW01RnI3b73R3zmr+Et3xShF4c0BMq+WE=
/pIDHcks324NvMgpOg0Gwm5wfGVN6NiwN3UlmdrYODZSapp40Xl3TwTR3MvmXAlpxvIuQxlVtrsQXSyDfN4UEJgu/UuLCCeYfp7iWERPdm0AKR0t+WQ=
rPgVpQCIAHBgS0wkvw2Hnisfg7d6/hliED4MWyvL4NAOT3mBjHjJ3trEDWZhzSvPnMIsDOgyxR5JVJAFDgJaxKQTzrFw9SUx+Xg=
UbrVImMYLspHafMY51nrZURwgNMieg7OHl6678/Al+lYYG7Iqu8QOOMju3pjo6wSGmNyRI3qTSz5n+sZg64s4mG46YwMuEBkzi80+X8=
QzunPpyZnw7NDnd8y7QRypPKjFYIifd4MjXPYAeO68dmhhLEHUod7Mm/8h+Txduisdh5DLwY8KSez0T5Dw==
r3I8V7ebn7RD8yM+ieqWBVdX/rNNZGnZtstt50/9RLiushY146MXYhzNdx5AFIjW6zFcezxmxHg4ho3ZDpDTNt52suCEN6ZFYMEtNfl8
FMd32qcqOE7UXRmgQeM8i6C4hiAUgqCvCBBJ7L7RNeU6DGrbIpnzvQR6nsH1EyQePYSaGnGEWdsvxazsQP6gdBFn6uoBgJa0/q50XYJjGNMRK/lm
Oh/dTW02woQMEuGdGZIdKeB9eH0/wgfGkpyTn+BrOUSzqty0X8hN0wRMmZmvbGQaBobHt+j6w832xFk7Q/gSyJphPENDg2lcTyUsEOHjKOeW/fypBAo62NxavETIOvVgyKysCi7KylxkC975kH1VCflA
nWdYh8x7O9LUj+YymFxuGeB9eH0/wgbGk9/CmvNnGAHftdL5GoMHg2lTydKwYXQVVdiR5eLdw8LmykkrEKZEhcANI0wO2SIWH0gsEOHjKOeW/fypBAo62NxavETIOvVhyKysCi7KylxkC975kH1VCflA
RkXp+YAT0jKv7gv4x/jFemCY23SGvl2AxqpHie+jeVyxOHnDksfMTB5ZAEifiqbuvSV7+h7+upvoDQvR1bq/r6hueUHEMVaniIcs+CbezDCYmjD4uRioFjiEpli2+tTBGsfIH3kf+Vo=
tw3wdfC0UAc/hdFw/TAmob2z5pxai8JtFnQv2kR/hEMCGeQ8mKJ6k3dEHaa1m9ZPXCAgNBsWJ/WH1cMmk3c+Fljn8W+F7ud2WEZZOdQ5Vr+470zA9hYMaOgykAApmS+OiGxG4OaylBnq7+hnaRf5Qg==
YucmnpJPYErKOXNaJv4dfdJ4EyYSiijTPHl2Ta36SiC+/wXvthtZVVrVoYi0hlxxOX1SBuFD7koL7xio8EjtpSNffDgBCxj/luXMQeQiaqCc4mysaJKF/080XKKOoprkpPMO0fAVZRH5WA==
jr4VhM8hLadBNJ+CHvOJewOidflAcFPo9idUyIe7N/rvO0ps1jy/ZLHiSTydZ6bfzxqPcuUwFezQ8IRU6jc4+XM=
T21/eyC8x2gZOq86GVral8ns/Ehaj+B4MwOLelOD/txilBPEHUod7Mm/+R+Twtuisdh5DLwY8KSez0T5Dw==
9P1Jv24XDwINhiE/BzeedL2z5pxai8JtFnQv2kR/hEMCGeQ8mKJ7k3dEHaa1m9ZPXCAgNBsWJ/WH1cMmk3c+Fljk8W+F7ud2WEZZOdQ5Vr+470zA9hYMaOgykAApnC+OiGxG4OaylBnq7+hnaRf5Qg==
mQI0AOolg3MhGkz1qoPmbNJ4EyYSiijTPHl2Ta36SiC+/wXvthtaVVrVoYi0hlxxOX1SBuFD7koL7xio8EjtoiNffDgBCxj/luXMQeQiaqCc4mysaJKF+k80XKKOoprkpPMO0fAVZRH5WA==
EO0kt/Eo8YA03DvGyzezPwC4c/lcaFLo9idUyIe7N/rvO0ps1jy/ZLHiSTydZ6/fzxqPcuUwFezQ8IRU6jc4+XM=
ozPkF5ZxWs1KVM34cqnFulSmdOxHYiD2pCFDyIaNc+C6Nl930i6+ZLHiSTydZ6TezxqPcuUwFezQ8IRU6jc4+XM=
EEhMGouvW2m3zOLp90qf+Bkg1ohvMgffWlSluprblPNCbBzL+OkHOOIV/2A2rrsHFmZiRI3qTSz5n+geg6Ir4mG46YwMuEBkzi80+X8=
FWQ/BxnTOAxQCE+O9eCLxSd52xnPusrw5/v8Y1c0+diChEgtaPzTEabQvBWHOA/e1rCYQSNsBPcbyIBHbGhju+Ad7CSQlgCcge9uYpBoNtwuZjSVUgs4OwEj+W4=
kFBBFecLB+9vQZWCbX9eOW0EnqYvsmIkFmdLEnfA4tJIB3+WjHn/msCRAGJ7xTTfnMIsDOgyxRpOVJwCDgJaxKQTzrFw9SUx+Xg=
RD1nwoOcsDZ5So0fQAyRwiR52xnPusrw5/v8Y1c0+diChEgtaPzTEabQvBWHOA/e1rCYQSNsBPcbyIBHbGhju+Ad7CSQlgCcgehuYpBoNtwuZjSVUgs4OwEj+W4=
etMdHXmBp+z1Hs7DRLGwxW0EnqYvsmIkFmdLEnfA4tJIB3+WjHn/msCRAGJ7xTTfnMIsDOgyxRtOVJwCDgJaxKQTzrFw9SUx+Xg=
B0G7hm7NW29lmQipb5EnHSV52xnPusrw5/v8Y1c0+diChEgtaPzTEabQvBWHOA/e1rCYQSNsBPcbyIBHbGhju+Ad7CSQlgCcgeluYpBoNtwuZjSVUgs4OwEj+W4=
sCwJufRckGQdmuOYpANiR20EnqYvsmIkFmdLEnfA4tJIB3+WjHn/msCRAGJ7xTTfnMIsDOgyxRhOVJwCDgJaxKQTzrFw9SUx+Xg=
krx5SGmrieTDCmdvAZJ1KCJ52xnPusrw5/v8Y1c0+diChEgtaPzTEabQvBWHOA/e1rCYQSNsBPcbyIBHbGhju+Ad7CSQlgCcgepuYpBoNtwuZjSVUgs4OwEj+W4=
KWE8N+N5OPLWXMAHoj0wcG0EnqYvsmIkFmdLEnfA4tJIB3+WjHn/msCRAGJ7xTTfnMIsDOgyxRlOVJwCDgJaxKQTzrFw9SUx+Xg=
iIV5BgWtZ94F2WKVQTVcqSN52xnPusrw5/v8Y1c0+diChEgtaPzTEabQvBWHOA/e1rCYQSNsBPcbyIBHbGhju+Ad7CSQlgCcgetuYpBoNtwuZjSVUgs4OwEj+W4=
iph/k95GYF1w+4zlvfcv/G0EnqYvsmIkFmdLEnfA4tJIB3+WjHn/msCRAGJ7xTTfnMIsDOgyxRZOVJwCDgJaxKQTzrFw9SUx+Xg=
pEwqRrRrBzY5TaJ9z33PJiB52xnPusrw5/v8Y1c0+diChEgtaPzTEabQvBWHOA/e1rCYQSNsBPcbyIBHbGhju+Ad7CSQlgCcgeRuYpBoNtwuZjSVUgs4OwEj+W4=
bFQpd3Q2hK4qVtnvmhXf0FSmdOxHYiD2vidD1J6Mc+C7LFl3zja/ZLHiSTydZ6PbzxmPcuUwFezQ8IRU6jc4+XM=
IC4ouv/aZ3ET2nhPEZSvfBkg1ohvMgffWlSluprblPNCbBzL4u8HJPoU/2A3tL0HCn5jRI3qTSz5n+8bg6Er4mG46YwMuEBkzi80+X8=
XHrE1xS2d+dERIEVT4d+ByZ52xnPusrw5/v8Y1c0+diChEgtaPzTEabQvBWHOA/e1rCYWyVsGO8ayIBGdm5jp/gc7CSQlgCcgehrYpNoNtwuZjSVUgs4OwEj+W4=
Pe4M3Fguzsx8tpGa/Bz86gG4c/lcaFLo9idUyIe7N/rvO0ps1jy/ZLHiSTydZ6DazxmPcuUwFezQ8IRU6jc4+XM=
jSixzB8BrWQtAFl5fqt2lACidflAcFPo9idUyIe7N/rvO0ps1jy/ZLHiSTydZ6/azxmPcuUwFezQ8IRU6jc4+XM=
l6UkrpJmZ0Z0/Y1Hkd5XP87s/Ehaj+B4MwOLelOD/txilBPEHUod7Mm/8hqTwduisdh5DLwY8KSez0T5Dw==
XdiNFiyFEXZR/zvgBEYgxSofg7d6/hliED4MWyvL4NAOT3mBjHjJ3trEDWZhzSvPnMIsDOgyxRhIVJ8CDgJaxKQTzrFw9SUx+Xg=
rTBuhRfGX7drinWFMrqXUUR1gNAieg7OHl66787Al+lYYG7Iqu8QOOMju3pjo6wSGmNyRI3qTSz5n+0Yg6Er4mG46YwMuEBkzi80+X8=
0SsfttHzC+l2KB8Q8oQ4mpNf1iwb3zBb7/53RmnGqcSaHhdBHZTy2Nh007qigAJnOILtBiBPQPjTQ6t6c0OPXc7Z4sQ9ir1sqX/dH3OBeyLRGBkMnFgQJD4PJPlv
S1swI/xPmFvIukJBXg5rDSgFhbdm5hhiED4MWyvL4NAOT3mBjHjJ3trEDWZhzSvPnMIsDOgyxRlLVJ4CDgJaxKQTzrFw9SUx+Xg=
VjAtdqdeRU4DUkw48B8RIQiDopQaanuHmHFSp8hJf0FQFm3FxvSwP12/1IqFGBqe+RvGa605DEiokhCgab8rrsrMxkCmkpQ5qk9oxyk3+WI=
2LFSE/pAhHwRbqr5m6CLpqC4hiALgqCvCBBJ7L7RNv88DHbDI5nzvQR6nsH1EyQePYSaGnGEWdsvxazsQP6gdBFs6uoCgJa0/q50XYJjGNMRK/lm
phXpCmtSDQVkf9E1lBCQtQyewy7QctQXm2e4PG6j4S089FFSWkiV6tFhsyP8LnSgWH4dVYkYRk4+LgIoxP/WnUD5PT35dA==
3KdyFlWJt5kUJrAjq7pzA009y4BfsXEuGi5DFjGdzuFAVXmBjHjJ3trEDXVuyTHPnMIsDOgyxRlJVJ4CDgJaxKQTzrFw9SUx+Xg=
MYtmTXKcXSdl4iokjcethiofg7V99BhiED4MWyvL4NAOT3mBjHjJ3trEDWZhzSvPnMIsDOgyxR9IVJ4CDgJaxKQTzrFw9SUx+Xg=
0ZQ8T0FWDXDkuhXs3nbLDm3JlUViWNG4ijUMB8odVLff4a52x3S4GgBtqelsUPnG2tw9XY6h4ffcOnykSFo1h8jM7uquqoq8ZCueWRDdFSn5YA==
AqnsV+yLtdh5GThF0LQ2DxUEv+8aUqaorc+Sonia2v6zjNl9wKJTgOjqF4oRZbSWYid8weaMiUcJR10Jd19MO0EkEetoo+DnyFIG2z5gb1IIPjkR5CVfoK/XbKiGTkygOMpwqJkErwYd1eYIFmpUUbqXiE9ZD/lK
R2Pyyg9vBrwUANGstkv7UEs99s16VvyjVMxyeDIqdo0DOQvmvzZstaa6fjUhFLZi2HTbBjv037MPfmWLDPoXVP+8GrS2fMgjMvl5
HPs0Lsdf2fgq4r+M4nB9BgGtLDyvi7kGJDa18KVYXkr/wFjmqIxOoFY6coXvGScu+4bIzTo64s2FpHIq9FS3Dj/kO+szvhlTqGqT3FNcdnxyDCwbLvll
ciQSR/h3T5zjfU559mPc/LLFckSprzkKhwe/DOjGKEKlVBJXS8iknb5qCAAeCJjh0B77i9wPUvFOz3tUYe7k1OrdyylaMw/SAJ+kf/xOtEDY3t0wjvgB775OQsjE3xY9wBl9HflU
I+D1nkO6t971eXyEQYr7LhoEfcU+7CmW++4EBJ/SLWJHz4VRFOxIdRgpLHygjmBEMXLu+iWxVsQePvTN4pNY4zE7+XY=
T+ii9QK/6pdymkallvZmRFDQ4c1CISzTgnhFtsBNOR5XFjmPw8LkcFeOncbfQwXFvFCYMeBFDEiokhCgab4urs3NxkCmkpQ5qk9oxyk3+WI=
iBTwZwZ8a3BnO9OYAQkzBmC0doAe7cQR7ZgfMbmYkkJ5EE7TyJSUGlFj45wiBskYp5YfSTtMJ5G7+dXdMiXqwp1EWlrMlO9e10RDW78+kaMQCjsMCxyOTBosNAsm+W0=
A20O59eTKpm9cb6ZyjxbUPHw1ntAyPfjF0AHo+nYYf5yH3bSHtaq8Bt+hJT/Im1SZ9+FQTTcCIV4uazsQP6gdBFs7uoFgZa0/q50XYJjGNMRK/lm
m8J1tQ/x4coy0ZM9OJOBSevuwXoUnrb2XgIO6qyfaPR3HXzdFt+m9QdykaywSnJXZ9+aQSvcCIV4uazsQP6gdBFi6+oEgZa0/q50XYJjGNMRK/lm
X7QwN9KaiQElq/qL3Y0GL7LFckSprzkKhwe/DOjGKEKlVBJXS8iknb5qCAAeCJjh0B77i9wPUvFOz3tUYe7k1OrdyylaMw/SAJ+kf/xOtEDY3t00i/gA775OQsjE3xY9wBl9HflU
h3KAvenNX+oK25+VjtjKg+vuwXoUnrb2XgIO6qyfaPR3HXzdFt+m9QdykaywSnJXZ9+aQSvcCIV4uazsQP6gdBFj6+oEgZa0/q50XYJjGNMRK/lm
zWsw4PdPJhWVGX9ED1Dv+bPFckSprzkKhwe/DOjGKEKlVBJXS8iknb5qCAAeCJjh0B77i9wPUvFOz3tUYe7k1OrdyylaMw/SAJ+kf/xOtEDY3t01i/gA775OQsjE3xY9wBl9HflU
CVV6+0hTRzIHmGi812jUbwEowIQiY0vNExywppvcnf4FfVmc5eUhca954GU45udMQC4ORI3qTSz5n+kag6Yq4mG46YwMuEBkzi80+X8=
AE6jNUimizuU7TRKnK1KDWC0doAe7cQR7ZgfMbmYkkJ5EE7TyJSUGlFj45wiBskYp5YfSTtMJ5G7+dXdMiXqwp1EWlrMlO9e10RDW7s6kaIQCjsMCxyOTBosNAsm+W0=
F2iRyvgKwWfQp3ozji0AaAEowIQiY0vNExywppvcnf4FfVmc5eUhca954GU45udMQC4ORI3qTSz5n+8ag6Yq4mG46YwMuEBkzi80+X8=
TWl0vBKLHkIyArAEDtJ2oGG0doAe7cQR7ZgfMbmYkkJ5EE7TyJSUGlFj45wiBskYp5YfSTtMJ5G7+dXdMiXqwp1EWlrMlO9e10RDW706kaIQCjsMCxyOTBosNAsm+W0=
HObi30efJMtzlqUoEOhOtbgsbI5KS53MzWiF0/2RpLYqr06jgsLNLOtvDuyjT6j7Jy5fWRFCfmsSgr+RxrHDuQeyL3CaXdWdWqDrl8eagZWIgkY/DRUAuFlIlYTleoUM4c8xm9v0MgIpKEFMJMiIhHZfDPlH
Hpz+YisgMPEoVKX69IxzKhoEfcU+7CmW++4EBJ/SLWJHz4VRFOxIdRgpLHygjmBEMXzr+iaxVsQePvTN4pNY4zE7+XY=
cX/1dSacZCYSft+Nh+1oBVDQ4c1CISzTgnhFtsBNOR5XFjmPw8LkcFeOncbfQwXFvFCYMeBFDEiokhCgabArrs7NxkCmkpQ5qk9oxyk3+WI=
s3PK5AnYB0XR7eg7zRgeL6+M4UOpkDckvJyDSnUAUsustHAiLVMv1GbGDVDrZqMxn6yDCSdpWVW2pW5KEdTGwmj0S6ZrNI+T9XtVaFw6xzRvPGpUBjw4AyL5aQ==
u/u33FYLBTyvUZC7GT8ZhPHw1ntAyPfjF0AHo+nYYf5yH3bSHtaq8Bt+hJT/Im1SZ9+FQTTcCIV4uazsQP6gdBFk6uoGgZa0/q50XYJjGNMRK/lm
+N50ihauNl18KvPQwYuuc3Yhz4R25fDev+47I3AxcnYHzlFBivGUgJA8pfckaPHtoAgnAQiSwNfylPm8kaXbi4zMdd6ASWv4wS3Ksr/sRGRxV6BnH25zHZR+Unx8/lSwGI69Jono4j/+PiJ4RC+2jYBJXQ35RA==
UTqZ2N9SlvLlH0opGgjA2QEowIQiY0vNExywppvcnf4FfVmc5eUhca954GU45udMQC4ORI3qTSz5n+IZg6Qq4mG46YwMuEBkzi80+X8=
7fF3TNz587+wsGWQACU3PGC0doAe7cQR7ZgfMbmYkkJ5EE7TyJSUGlFj45wiBskYp5YfSTtMJ5G7+dXdMiXqwp1EWlrMlO9e10RDW7A5kaAQCjsMCxyOTBosNAsm+W0=
SwtnHks1vNLSO+x59i0rswEowIQiY0vNExywppvcnf4FfVmc5eUhca954GU45udMQC4ORI3qTSz5n+oYg6Qq4mG46YwMuEBkzi80+X8=
olFQ+SNdPkdeRoDmiobNfmG0doAe7cQR7ZgfMbmYkkJ5EE7TyJSUGlFj45wiBskYp5YfSTtMJ5G7+dXdMiXqwp1EWlrMlO9e10RDW7g4kaAQCjsMCxyOTBosNAsm+W0=
CNGEHUtxOMcYRpHQs5ZH8PHw1ntAyPfjF0AHo+nYYf5yH3bSHtaq8Bt+hJT/Im1SZ9+FQTTcCIV4uazsQP6gdBFm6OoGgZa0/q50XYJjGNMRK/lm
V/z4l8uHSLs8FQp73wL8nAEowIQiY0vNExywppvcnf4FfVmc5eUhca954GU45udMQC4ORI3qTSz5n+gYg6Qq4mG46YwMuEBkzi80+X8=
RdIdm/ybSi2ljsUncfa5c2C0doAe7cQR7ZgfMbmYkkJ5EE7TyJSUGlFj45wiBskYp5YfSTtMJ5G7+dXdMiXqwp1EWlrMlO9e10RDW7o4kaAQCjsMCxyOTBosNAsm+W0=
ERwcPQWPWULxuzWsM74D2/Hw1ntAyPfjF0AHo+nYYf5yH3bSHtaq8Bt+hJT/Im1SZ9+FQTTcCIV4uazsQP6gdBFg6OoGgZa0/q50XYJjGNMRK/lm
QU/nxDhtGHfyatx8BZJ9Jd7fEUthsDAuTiLZgzGs8CgVVHgDu1owhcoNOPR7bURLVQ4mLq/b0em67YKIz2/rsF4VmfIGGE93IwI9BQQKwr+JnYwo5dDx5EHCWfwtB3Dfn7x+MvXQpWwA0PSUelcI+UM=
gcgdYhmC4a4RS6qVbrEEVOVEncJnCC9CyG57eXIZT4cPYT+z5wMvBG9VWEpJNjLeu/O9iZbFdlj7N5fw4s1tIrJwI9eP6qm1kHJePxVlGJhxuF1ErSrtrFlfyB5jZEpigfiJjOz44ORubxT5Xw==
mKmvHmXHbrYsbyiMHDV/u2UV8+kwq9ncP/viXCDRgUKbu4PS91yv5aTTxJkWh5pjSSoxw2f3mkwX6LTgZEw7SX47bHkUYVBESjtHfb425LBOdemyRLj/97PizcXUKvK/ub3caJWwYWTxYok83edi2o+bTnKlsNXskHBEVKq3+Pmz
bTcASwjeQLyJdydi6I69KWUV8+kwq9/cP/viXCDRgUKbu4PS91yv5aTTxJkWlZpjSSoujCzolFwYvL76Nhx8DU8qcWo3KRs+AXcZBKE25LBOdemtVrj/97PizcXUKvK/ub3caJWwYWTxYok83edn2Y+bTnKlsNXskHBEVKq3+Pmz
4soYhTbJ6q/kmjljF5DwgRAt2oBsJUKVCFSjupLg0qcSMAPXr7VMbqp54GU45udMQC4ORI3qTSz5n+4Zg6Mq4mG46YwMuEBkzi80+X8=
oNIvgPXQuuIYoahm6U66uyy5jR2huykNcov4ni5wKi/529445DwXeubI/tcOCBc3m+2wPgaRdOWsjkucPPY6JJnSUdzVtxpZN0tGUv3AfSx4YHw0Igcg+Ws=
n9uqKLSYzyLbpw2LfcE/2maH2jjD/B7Kn/Eykf2rTRmHeynXhdbNTSVZTBXY0u+x/XY/6RL4qqeaHUOLnvDvwrdrIhuPawX9zJh4qXCtzDCYmjD4uRWpFjmFpli2+tTBGsfIH3kf+Vo=
nMF6M/Ecx8h5icsOtXi5i8IXhndQlWcX8K4mWXXP8JKIRkEHHI+xw9h007qigAJnYtCzVz8VHK6aGfBlKAbXDJCOnsQ9ir1sqX/cGXODeiLRGBkMnFgQJD4PJPlv
WtGVTwL9BihGqTbyN0LgMnRua2QZvpmlfjcs0J+fMTxXf5ZqynlGR1uNipK/DBsBqu0rGUUD8OJAT0TvfN4UEJgu/UqJCCWffp7iWERPdm0AKR0t+WQ=
tO0bNiXTCBvgPe8nOVvUomeH2jjD/B7Kn/Eykf2rTRmHeynXhdbNTSVZTBXY0u+x/XY/6RL4qqeaHUOLnvDvwrdrIhuPawX9zJh4qXCtzDCYmjD4uRipFjmFpli2+tTBGsfIH3kf+Vo=
6BoekhEVoS2YR8LENIrzrMIXhndQlWcX8K4mWXXP8JKIRkEHHI+xw9h007qigAJnYtCzVz8VHK6aGfBlKAbXDJCOnsQ9ir1sqX/SGXODeiLRGBkMnFgQJD4PJPlv
1ExNxghGbE5NlPQpULUmXgEowIQiY0vNExywppvcnf4FfVmc5eUhca954GU45udMQC4ORI3qTSz5n+kfg6Qv4mK46YwMuEBkzi80+X8=
TcWGzOCUGMD8eMde1DBiPmC0doAe7cQR7ZgfMbmYkkJ5EE7TyJSUGlFj45wiBskYp5YfSTtMJ5G7+dXdMiXqwp1EWlrMlO9e10RDW7s/kaAVCjgMCxyOTBosNAsm+W0=
JlW13xrAr1eDsVPR3H2FPXN0dnNd+dHjZ3Nr1pfRfXYZZN551nB6CAKax8j0RktstegrGUUD8OJAT0TvfN4UEJgu/UCKCCWafp3iWERPdm0AKR0t+WQ=
BhpHJHTTw/kHgo/3VpfIwdPSw6jBZnjp7IVnrWjqrJ3ACn0EzQkPCgd83s+Y2YyoJnsHPa+UFGb/1GHOSeXd/KEdLWFzsYTl3K67XExWyqQJcoEchZcLWScrk5KuoO2syADM9BJnEPlb
/Im6M29cyMvvb8HUhRjkuuVamMh1CioDny48KShNO91EMki95HJRFDEBCwoDdCLftKGoiMKjK03zXNCmu5w9fqU9eZzFpcHxzzkAZVgmB8wg7i5ErSrtrFlfyhhjY09igviJjOz44ORubxT5Xw==
wdS7+OMFLqt+RZ25P7rsrks99s16VvyjVMxyeDIqdo0DOQvmvzZstaa6fjUhFLZi2HTbBjv037MFf2WPCfoUVP+8GrS2fMgjMvl5
xnwXWKfK6BbsPJBY6BuAjwGtLDyvi7kGJDa18KVYXkr/wFjmqIxOoFY6coXvGScu+4bIzTo64s2FpHIq9FS3Dj/kO+s5vxlXrWqQ3FNcdnxyDCwbLvll
XRida8UcdbPEf4yPb8IoJ7LFckSprzkKhwe/DOjGKEKlVBJXS8iknb5qCAAeCJjh0B77i9wPUvFOz3tUYe7k1OrdyylaMw/SAJ+kf/xOtEDY3t06j/gF6r5NQsjE3xY9wBl9HflU
1lL96cjOhI6v54lJfb5zWuvuwXoUnrb2XgIO6qyfaPR3HXzdFt+m9QdykaywSnJXZ9+aQSvcCIV4uazsQP6gdBFn7uoBhJa3/q50XYJjGNMRK/lm
PjlY9fGs7z6A3Qq/RuRhlrPFckSprzkKhwe/DOjGKEKlVBJXS8iknb5qCAAeCJjh0B77i9wPUvFOz3tUYe7k1OrdyylaMw/SAJ+kf/xOtEDY3t0xjvgF6r5NQsjE3xY9wBl9HflU
ezrrq/Ypo9tHJuUOfF7TT+vuwXoUnrb2XgIO6qyfaPR3HXzdFt+m9QdykaywSnJXZ9+aQSvcCIV4uazsQP6gdBFi7uoBhJa3/q50XYJjGNMRK/lm
uIXukMME9blJelDCE9lML7LFc0SprzkKhwe/DOjGKEKlVBJXS8iknb5qCAAeCJjh0B77i9wPUvFOz3tUYe7k1OrdyylaMw/SAJ+kf/xOtEDY3t00jvgF6r5NQsjE3xY9wBl9HflU
rF+2PCsEjMcQtIChYmKtlevuwXoUnrb2XgIO6qyfaPR3HXzdFt+m9QdykaywSnJXZ9+aQSvcCIV4uazsQP6gdBFj7uoBhJa3/q50XYJjGNMRK/lm
z0xI0I52pkIj289Md/p+9LPFc0SprzkKhwe/DOjGKEKlVBJXS8iknb5qCAAeCJjh0B77i9wPUvFOz3tUYe7k1OrdyylaMw/SAJ+kf/xOtEDY3t01jvgF6r5NQsjE3xY9wBl9HflU
XtcIaeQRAoxKExPuvjRZ3gEowIQiY0vNExywppvcnf4FfVmc5eUhca954GU45udMQC4ORI3qTSz5n+sZg6Iv4mK46YwMuEBkzi80+X8=
2GgR3C0bMSo94yXKMufccK+M4UOpkDckvJyDSnUAUsustHAiLVMv1GbGDVDrZqMxn6yDCSdpWVW2pW5KEdTGwmj0S6ZrNI+T/XlVblk6xDRvPGpUBjw4AyL5aQ==
KezUcIfeuAa/vlaRVx5UBeLtpszM2q/NTHCZ3o2ZlB+CkEUtOCpI9M/MykI2YRtJZ+fAm5nggcYCp/Zqbu5KyGtGRCyPmo3qF+eFeURk6D0IAWzUMMZATGHdaFJwvHaPjpa05fLb+GthE/le
1PbQQJ7TYm2GOdDNctilegEowIQiY0vNExywppvcnf4FfVmc5eUhca954GU45udMQC4ORI3qTSz5n+4eg6Iv4mK46YwMuEBkzi80+X8=
qcnoJHe2dIEetJFN+PnDD2C0doAe7cQR7ZgfMbmYkkJ5EE7TyJSUGlFj45wiBskYp5YfSTtMJ5G7+dXdMiXqwp1EWlrMlO9e10RDW7w+kaYVCjgMCxyOTBosNAsm+W0=
NI40LUh2U6olyB2j0+yAHjSJna8VHPzyzkt/HWfEjOZnhCkucZX1PAmNtcE7gXzlpJ5z/NTGYuQhgrl8TUeR3r/627JWkIVsIJBUFNoXKPlj
tnWdmVpziroRwiJpv3OnGvHw1ntAyPfjF0AHo+nYYf5yH3bSHtaq8Bt+hJT/Im1SZ9+FQTTcCIV4uazsQP6gdBFi7uoAhJa3/q50XYJjGNMRK/lm
wuDUlHOgvR7/mbBw7ogghufE6uD55pktSSrG6rlkJAOTy7jCY9W7nOktgzv+QG9t19viK+9bBc2zqLgZEB1MgPgq8MjZJK4mW7Bm69ZKVHF6dwgvGS/5ag==
MO6A1sjRfXqDSJ7HIocaXYK3QgpCo2KtRotZIL2FPsOQ1JkMMQ42pvGwxJ8LTyiuyyF74NHJszf2VE8xDx+yhwfvhXFLDMjV2EksnOAu4CTxUO7a49TWZ17e9K0iM9gDcRv5Vg==
OJWENNk6Jq7hi6xcLGnCPuRbnJYmTW1T/iBsf3sLeJYIbhCz92kYTWZPFxpOYyXSs+e3zI7hbETzBd6rubNyJ7JwI9eQ9azuyjkAZVg5B8wg7i5ErSrtrFlfzx5jYU9igviJjOz44ORubxT5Xw==
zlfHC2cb6rb0BEQn3VmmBSK8lgbYq+wVYSVcfYJXGxpCe8Hi969rLDJp6NQXvZLrdUtWN7Z43/fMvWgebqGM5dSho7xkJvJk0SLpvH0nh9uv2CvyBnA17LAwJNQKdxj5Uw==
emU9Vh04q5HKP5N+QOfxw+dbnJYmTW1T/iBsf3sLeJYIbhCz92kYTWZPFxpOYyXSs+e3zI7hbETzBd6rubNyJ7JwI9eQ9azuyjkAZVg5B8wg7i5ErSrtrFlfyxtjYE9igviJjOz44ORubxT5Xw==
/SJRCTQoNddwWN8CrD0LzpE7R2xWwnvcfGQzTLG/AX2d4lvpmV0FUlqJrZyOwFVqNCFHDeBY/0sbzi37qzHyrl8vYz1aUVOlxb+XXrBzPNOc4mysaJKF/Us0XqaOoZrkpPMO0fAVZRH5WA==
6mRhL79Md6sHyzbDQDoznyK8lgbYq+wVYSVcfYJXGxpCe8Hi969rLDJp6NQXvZLrdUtWN7Z43/fMvWgebqGM5dSho7xkJvJk0SLpvH0ng9uv2CvyBnA17LAwJNQKdxj5Uw==
LH05EczXyqckJOnAxBGH/eRbnJYmTW1T/iBsf3sLeJYIbhCz92kYTWZPFxpOYyXSs+e3zI7hbETzBd6rubNyJ7JwI9eQ9azuyjkAZVg5B8wg7i5ErSrtrFlfzxtjYE9igviJjOz44ORubxT5Xw==
X1Es22c3dsKY4SOgomGMLId/cbcjUF6jJzKb+hhWpFFZZTkk6BlCA2YjeeFkboimh80+zV07rfhfB0GfqcTa4/miptKpjOSb44OYOrN9O8TZJWODbigvdScTQlO/cwUVAyDYIQD1jBiIYtAwCY4qfmq4hlNGIhRpir+oV0kH+bI=
Lb9L6sNpu4ExZUL1JsgtdBUEv+8aUqaorc+Sonia2v6zjNl9wKJTgOjqF4oRZbSWYid8weaMiUcJR10Jd19MO0EkEetoo+DnyFIG2z5gb1IIPjkR5CFWt6jXbKiGTkygOMpwqJkIqQYV0OYLFmpUUbqXiE9ZD/lK
Cy41CbKuybAce7yfF6rndaKXvVpbao2Uy3Y1mtK8xyXsTIroiooeXUt5w5aXFnRFvrpmRTk0npKQtBNW01RnI3T/3RPxmryEt3xShF4c0BMq+WE=
bkVYmhbsoGBwSy4wbpOV4npX+XqMX11JTU/MJUewXsO06hzakdSL/F19GRAAkdG0r4CIBriMXoAGeqIlf5nXjovGOO1KOhLt9WSCioTUJ65vJOvLIL8JO/2qQLzD3MYcwswcex75VQ==
R8VE/kWK7X0u7m1qDuL5fxUEv+8aUqaorc+Sonia2v6zjNl9wKJTgOjqF4oRZbSWYid8weWMiEcJR10Jd19MO0EkEetoo+DnyFIG2z5gb1IIPjkR5CVfoK/XbKiGTkygOMpwqJkErwYU0OYLFmpUUbqXiE9ZD/lK
x8B9q8JEpHt5keHV9ls2mBAt2oBsJUKVCFSjupLg0qcSMAPXr7VMbqp54GU45udMQC4ORI3qTSz5n+gZg6cu4mK46YwMuEBkzi80+X8=
JPtRpfHczKGe8m7XcZJrxiy5jR2huykNcov4ni5wKi/529445DwXeubI/tcOCBc3m+2wPgaRdOWsjkucPPY6JJnSUdzVtxxZN09CUv7AfSx4YHw0Igcg+Ws=
tKTimxwqS/HACWNYLjegEGaH2jjD/B7Kn/Eykf2rTRmHeynXhdbNTSVZTBXY0u+x/XY/6RL4qqeaHUOLnvDvwrdrIhuPawX9zJh4qXCtzDCYmjD4uROpFj2Bplu2+tTBGsfIH3kf+Vo=
WAh8kqN7IvsTTVtvk4m2feZjeWsvwAPckNDH2Ko8W0q8p827TtcBn14BwsLxcytMGZrR8e6jhJS/mxloB+sezopdTlML2SIWH0gzFbq5Y73Fp7i2UFtsq9xavETIOvVkyKypDy7JylxkC975kH1VCflA
5wsqAOU+xQr41LujgTgdSHY/yo5k5/TEvbRreDB0Lyx6iBMO/OOFj54j6bt+Jaq24UcjSBme2cX+1+ywn7/xnNffVorKGQbn2y3Ksr/sW2EqDes5RSMwAsAvBA98/lSwGI69Kojo4Tv+PSJ4RC+2jYBJXQ35RA==
34LQw0v2FShzq7qTUh0UCwEowIQiY0vNExywppvcnf4FfVmc5eUhca954GU45udMQC4ORI3qTSz5n+keg6Eu4mK46YwMuEBkzi80+X8=
k1bxW5X/68YTMc+p51Rjib/EvAXtiTk/442jC3MKXdj+53I8LVMv1GbGDVDrZqMxn6yDCSdpWVW2pW5KEdTGwmj0S6ZrNI+T/3pVbFg6xDRvPGpUBjw4AyL5aQ==
xCv7n6mOJs+zP530ykA1oVcy561KV6UD16jc3PP42E18BCy16bGsYywkVxCuUzYmNsq69GNSZMC33t02/1MF9dyAWEFA1Yz4SMJQUEmqKp6lGQYzBgIUiUofKDcJJ/lS
Ob1BoOgRswXirDSnmdxmnHN0dnNd+dHjZ3Nr1pfRfXYZZN551nB6CAKax8j0RktstegrGUUD8OJAT0TvfN4UEJgu/UWKCCmbfp3iWERPdm0AKR0t+WQ=
4xeA2OD2C6AaPcq3Z/IoPLbcbQH2+3pV1zG+QqqXXlDgRABUS8m0kvd8XVkQQd2m2RT+idYAWvhCymdYdNarvPXYyylFMxDSAJ+kf/xOtEDY3t0xi/gI675NQsjE3xY9wBl9HflU
71su0OHbaKLQSL7EaJ4Z8HayhwWW56YcfH1aNJdKEQsOesOrp790aH4rr90X5Jzmd2QZbqE1hbyZ7QUBa6GM5dS+o7xkJvJk0SLpvH0nhNqv1iryBnA17LAwJNQKdxj5Uw==
NU7QaHf8rs46Zzq6VMv/+pi0LBs/mJv7awcAyOqzIy2rjEgmI0zlXq0tkdytFUlRtwn4ZSAW/2yoXsaExTrljAEPWpr7PpaCiuihTESIaATWHyz5Zw==
0JwNAifJ9d1wXAuFTVenipi/NxY6gouzLlEfz+qzIy2rjEgmI0zlXq0tkdytFUlRtwn4ZSAW/2yoXsaExTrljAEPUZn7PpaCiuihTESIaATWHyz5Zw==
PUXXPfX27bTjF40o/kegkwEowIQiY0vNExywppvcnf4FfVmc5eUhca954GU45udMQC4ORI3qTSz5n+0Zg64u4mK46YwMuEBkzi80+X8=
FBGPTtkeGn9ra/GnnH8ca0h9ruXUHOd61iiOF75o57cLDeD+1vFk5bxuG9zslqqk6TLhnCXXLFpHaHESDmDNrOjArHTyJzD5ew==
oyUji8aD4j0b4Q6OkYLmRAFh3o9tI0KICFSjupLg0qcSMAPXr7VMbqp54GU45udMQC4ORI3qTSz5n+4ag6At4mK46YwMuEBkzi80+X8=
qjnTUl1Tpw6anXt8LPplUM6xQgpbpGirS5pYNLmFNtjfgc9fPU186fC2j50FQm+12jxq68LJszf2VE8uDx+yhwfvhXFUDMjV2EksnOAu4CTxVena4tbWZ17e9K0iM9gDcRv5Vg==
L3dwIfFNe+qPc3dHwiRb3xfTBFFwrvxuMovu2cXvD9vWjYbzCCAyOv/3ovOPO+YI7Vqc/DyfXKyNpwFpIlakZc6llnpp9C7yIDSD9gOUFwNk+c3zw9psZCf8oiQu3ABzGvlR
a9ggdGXcUBDBpZ6dx06gIkdupOhMVq8QkrDBuejlmQh1Byb56KqveS0uX0HiQCovCoXj4y4IL4rns8Iz/1MF9dyAWEFA1Yz4SMJQUEmhKZ6lGgYzBgIUiUofKDcJJ/lS
rBA8utV2gHcMnbiuyrH7fPYhKCZwghuCzJme1qM0UFS00KWrDIQXnl8Xx4amJStMGZrR8e6jhJS/mxloB+sezopdTlML2SIWH0gzFbq5Y73Fp7i2UFtsq9xavETIOvVvzqyhDC7JylxkC975kH1VCflA
r37mrxZy6BWFIDaSn2HIOVtEoUR4HnCSoBboiXx56fd82C9Cvwv/mtY5E1AZhuntnr+8iF9HITR3tyYSSoH2D3uFmsr/1IuJyiXbIUU7ACogx9Q3PIYEGLhmTbkJcJhQXpXygIQX5uXgYW0V+Vw=
L0DwR8Rydq6MMVv6AMoXfko9MBHkkMfKzdxDXlqMyLuAKGXxuWdCtdWa/NWT2cerqlpyckMXPnsLq0LwIRrQxNiPWKSRh/2hZiYA/UIlGuLNBOq6XBSf/geEczuuP4GKZ0ro7LucHuzq7GRrFvld
P7fb/2zyt8gD0h8w9XzOrMIvS3hcyXmTeHhyA6zsRyaf7xeuxk0bVBmC4ZmOi1RsfyNJAKdD7lYKxT77qzHyrl8wYz1aUVOlxb+IXrBzPNOc4mysaJKF+Uo0WaWOoZrkpPMO0fAVZRH5WA==
pm3db9LVvHBmY1aj3y9H6W9+xsI6kVtqFmlzYBm2ib1eTxwY39fBhDfnBuJK8dbfuzX6Wn9EK/mK9TsRRQvg+mC3dKe8FmSoeLZtyQmAsQEeJRIQBIdGFSAxDSX5bA==
+5uvfmdz4VsWS9iwKAW/WG913c8/i0siUz9sZxm2ib1eTxwY39fBhDfnBuJK8dbfuzX6Wn9EK/mK9TsRRQvg+mC3dKe8FmSoeLZtzAmAsQEeJRIQBIdGFSAxDSX5bA==
SUVYW+QBCDBMBlZpbxSWR3Rua2QZvpmlfjcs0J+fMTxXf5ZqynlGR1uNipK/DBsBqu0rGUUD8OJAT0TvfN4UEJgu/UWJCCGZfp3iWERPdm0AKR0t+WQ=
zsOq66HMgZUojsKrkNUtnhoEfcU+7CmW++4EBJ/SLWJHz4VRFOxIdRgpLHygjmBEMXHq+ia3VscePvTN4pNY4zE7+XY=
ZiwlABVFuXUZtOwSftS2rFDQ4c1CISzTgnhFtsBNOR5XFjmPw8LkcFeOncbfQwXFvFCYMeBFDEiokhCgab0qrs7LxkOmkpQ5qk9oxyk3+WI=
5b6UWNOnz3o52jOi6Ud00mC0doAe7cQR7ZgfMbmYkkJ5EE7TyJSUGlFj45wiBskYp5YfSTtMJ5G7+dXdMiXqwp1EWlrMlO9e10RDW7w6kaAWCjgMCxyOTBosNAsm+W0=
wUE8s2RWVLoTd/oJe0idjb2qs8/aSaD507cDAqNCPRVcyrmBtTt3IzCl9fKJwDbNlkSSLBKez7zUsgMoZUxDrcW3mEaQCwwbXKocFIgKFXTJvM097hlqLOS7PinQDXUZ+VA=
B3To6LvrykRrqPtmm2fj6QEowIQiY0vNExywppvcnf4FfVmc5eUhca954GU45udMQC4ORI3qTSz5n+wZg6Ms4mK46YwMuEBkzi80+X8=
P1RyhWXYgeIiEvGuEZHI5L/EvAXtiTk/442jC3MKXdj+53I8LVMv1GbGDVDrZqMxn6yDCSdpWVW2pW5KEdTGwmj0S6ZrNI+T9XhVb1o6xDRvPGpUBjw4AyL5aQ==
vjT/GB84fQrFU1sYMfK3SFYy561KV6UD16jc3PP42E18BCy16bGsYywkVxCuUzYmNsq69GNSZMC33t02/1MF9dyAWEFA1Yz4SMJQUEmuL56pGwYzBgIUiUofKDcJJ/lS
qf3lLNUt1Rcvt46kQcKDVU2/MTCwnbgTJCOupa1fGAe5xRHoqoZBqF82d5njDB9hk5nNzTol4tKFpHIq9FS3Dj/kO+syvhlXrmqQ3FNcdnxyDCwbLvll
YwlnPZYIfBkgQ6C3GrlcsrbcbQH2+3pV1zG+QqqXXlDgRABUS8m0kvd8XVkQQd2m2RT+idYAWvhCymdYdNarvPXYyylFMxDSAJ+kf/xOtEDY3t0wivgE6b5NQsjE3xY9wBl9HflU
BGaZtZvb6829zSd9yCK/7Qm2iFZhDtezsDUVQskQFr2WtLJ80i6vLFQio9glHKOdxYd4FtD7rIvcOnykSFo1gsnM7O2uqYq8ZCueWRDdFSn5YA==
Mp+DlVJucDihW9Pw8ZSlWtfK3LfLcnzm5ucSuWHorYHQSyBRjk0YGEI4zNuQ2ZOvJnsHPa+UFGb/1GHOSeXd/KEdLWFzsYTl3K67XExWyqQJcoEchZcGWScqkJKuoO2syADM9BJnEPlb
KVfVfAJXRJRLuKdlQnQmqQi2iFZhDtezsDUVQskQFr2WtLJ80i6vLFQio9glHKOdxYd4FtD7rIvcOnykSFo1gsjM7O2uqYq8ZCueWRDdFSn5YA==
S6ozZJdwoQa0u84ihn5Ag7bcbQH2+3pV1zG+QqqXXlDgRABUS8m0kvd8XVkQQd2m2RT+idYAWvhCymdYdNarvPXYyylFMxDSAJ+kf/xOtEDY3t01iPgE6b5NQsjE3xY9wBl9HflU
P7RcCiIET/OUKtP/81waiHayhwWW56YcfH1aNJdKEQsOesOrp790aH4rr90X5Jzmd2QZbqE1hbyZ7QUBa6GM5dS+o7xkJvJk0SLpvH0nj9+v2ijyBnA17LAwJNQKdxj5Uw==
ate3ODBCpyqJvBftQ5Pn/5i0LBs/mJv7awcAyOqzIy2rjEgmI0zlXq0tkdytFUlRtwn4ZSAW/2yoXsaExTrljAEPUJ77MpSCiuihTESIaATWHyz5Zw==
a2HADjTKaohHHydBXAMa4Ji/NxY6gouzLlEfz+qzIy2rjEgmI0zlXq0tkdytFUlRtwn4ZSAW/2yoXsaExTrljAEPVZ77MpSCiuihTESIaATWHyz5Zw==
V0RKjitXi48sPJQKGhjRRgEowIQiY0vNExywppvcnf4FfVmc5eUhca954GU45udMQC4ORI3qTSz5n+Meg6Is4mK46YwMuEBkzi80+X8=
NI1MRzcwvi+qXc1bqDP+jxoEfcU+7CmW4egEGIfTLWJHz4VRC+xIdRgpLHygjmBEMXTu+iO3VscePvTN4pNY4zE7+XY=
crUxyatde7aOD/ZkxjxV5VDQ4c1CISzTgnhFtsBNOR5XFjmP2cTkbE+PncbfQwXFo1CYMeBFDEiokhCgabgursvLxkOmkpQ5qk9oxyk3+WI=
8mjsFZciQu78Qm9nkr5Ur2G0doAe7cQR7ZgfMbmYkkJ5EE7TyJSUGlFj45wiBskYp5YfUz1MO4m6+dXdMiXq3Z1EWlrMlO9e10RDW7k+kaUWCjgMCxyOTBosNAsm+W0=
D1f+dyqBx1f9kNEyrIqo7wEowIQiY0vNExywppvcnf4FZ1+c+f0gca954GU4+edMQC4ORI3qTSz5n+oeg6Es4mK46YwMuEBkzi80+X8=
piZxIFGVaorvbkPzooWJx2K0doAe7cQR7ZgfMbmYkkJ5EE7TyJSUGlFj45wiBskYp5YfUz1MO4m6+dXdMiXq3Z1EWlrMlO9e10RDW7g+kaUWCjgMCxyOTBosNAsm+W0=
6sSEUngGEImb4RKH15L2iQEowIQiY0vNExywppvcnf4FZ1+c+f0gca954GU4+edMQC4ORI3qTSz5n+keg6Es4mK46YwMuEBkzi80+X8=
Nmvj5jUh6cw2BWManUQkKGO0doAe7cQR7ZgfMbmYkkJ5EE7TyJSUGlFj45wiBskYp5YfUz1MO4m6+dXdMiXq3Z1EWlrMlO9e10RDW7s+kaUWCjgMCxyOTBosNAsm+W0=
ArE6tvvCpZdZIjiQbTeURxbTBFFwrvxuMovu2cXvD9vWjYbzCCAyOv/3ovOPO+YI7Vqc/DyfXKyNpwFpIlakZc6llnpp9C7yIDSD9gOUFwNs+83zwtpsZCf8oiQu3ABzGvlR
AvfbkpZVdKpx63UVdKp4SL4yaYRYSZnWzyrRj73UwrgtokCyk9PCIvQjQrbuFPOlOGEJWV0fODIQ1vnHxL/J4xCEezrKMMqHWqDrl8eFhM7SyRhlQFYf7Age5oTleoUM4c8xn9v/NAIqKEFMJMiIhHZfDPlH
keana34Xa7QrqXtF8r8RuG913c8/i0siUz9sZxm2ib1eTxwY39fBhDfnBuJK8dbfuzX6Wn9EK/mK9TsRRQvg+mC3dKe8FmSoeLZtzw+AuQEeJRIQBIdGFSAxDSX5bA==
QEoDPF4z1p2fSiau4LXLOty/JVl935iycBYZx6T/aWOwxFs6KnCqB7pgy5fnRSROsgn4ZSAW/2yoXsaExTrljAEPVJ/7P5SCiuihTESIaATWHyz5Zw==
zMaO5C+SIajsNC+zqio7DufE6uD55pktSSrG6rlkJAOTy7jCY9W7nOktgzv+QG9t19viK+9bBc2zqLgZEB1MgPgq8MjZKKgmX7Rm69ZKVHF6dwgvGS/5ag==
+9eTRKTygAN5jxlphemxz4K3QgpCo2KtRotZIL2FPsOQ1JkMMQ42pvGwxJ8LTyiuyyF74NHJszf2VE8xDx+yhwfvhXFLDMjV2EksnOAu4CTxXOja59DWZ17e9K0iM9gDcRv5Vg==
fEXnxF7MoaiKxFIccly2NORbnJYmTW1T/iBsf3sLeJYIbhCz92kYTWZPFxpOYyXSs+e3zI7hbETzBd6rubNyJ7JwI9eQ9azuyjkAZVg5B8wg7i5ErSrtrFlfwxhjZUtigviJjOz44ORubxT5Xw==
XQoHd3DsHXd2+B2OrmLKggwH2kklLcRGS+SZfSXWER06fWGxQBpUMHYtsjY/2OnJgHKGF3LlvxlCBdzrhZrcx5+a6ZO13KzVtqwJgUwL6/cIT6hEAQdSATZmcJ1SJQodPcQ6GuyUD553xCMbmz5xYbGKWEwrHG6MuqxUSwb5TQ==
HAJPippUp7QFdxEkNsMBY6+M4UOpkDckvJyDSnUAUsustHAiLVMv1GbGDVDrZqMxn6yDCSdpWVW2pW5KEdTGwmj0S6ZrNI+T+n5VaV06xDRvPGpUBjw4AyL5aQ==
Ef83jzVaTrPsYCBynk+j50pkJXqbwH6ZnVKJ9N5L+0LbFWz954y3jY2KhfikRwItPjhUz53VFfB2xh0w26YTUS8sE2l3qYl1xqWeakGUFiL4dPtG23S/c+x7RUiterSUn7z69Nb8aGMS+Vk=
9QWOYboLR2qqBA8oxvEfDgEowIQiY0vNExywppvcnf4FfVmc5eUhca954GU45udMQC4ORI3qTSz5n+8Yg6Ir4mK46YwMuEBkzi80+X8=
DRfPB4s9reMUySqFuIQa3mqSl6UPHMChmgY/Wy3AjOZnhCkucZX1PAmNtcE7gXzlpJ5z/NTGYuQhgrl8TUeV37/637JWkIVsIJBUFNoXKPlj
/20eE+iGS2BQ2UCmSiRXX3N0dnNd+dHjeHNr1pfRfXYZZN551nB6CAKax8j0RktstegrGUUD8OJAT0TvfN4UEJgu/UWOCCSefp3iWERPdm0AKR0t+WQ=
qNtfaqRSwfTNjgT4fDf3anN0dnNd+dHjZ3Nr1pfRfXYZZN551nB6CAKax8j0RktstegrGUUD8OJAT0TvfN4UEJgu/UGLCCeefp3iWERPdm0AKR0t+WQ=
G60BRAC6b4o+26nZo97/qbbcbQH2+3hV1zG+QqqXXlDgRABUS8m0kvd8XVkQQd2m2RT+idYAWvhCymdYdNarvPXYyylFMxDSAJ+kf/xOtEDY3t02ifgH7r5NQsjE3xY9wBl9HflU
Pye9NXxrHFaCExhkGtrc/nD+KpYa7dNU4II1J/zZpAtuUxnDypjAVxElqZgiBskYp5YfSTtMJ5G7+dXdMiXqwp1EWlrMlO9e10RDW7g/kaURCjgMCxyOTBosNAsm+W0=
a1+IJcJ3NUmMjToMYkKwVK+DswnrnXZ87p+gGX9DBduuuCRvbRVl0GbGDVDrZqMxn6yDCSdpWVW2pW5KEdTGwmj0S6ZrNI+T+X5VbV06xDRvPGpUBjw4AyL5aQ==
bO2+AcIlWcYDGo3e5hn9A7yqsJSPS7P1yaYVVrVACUBW2viLojBtOC2l9fKJwDbNlkSSLBKez7zUsgMoZUxDrcW3mEaQCwwbXKocFIgKFX7LvM467hlqLOS7PinQDXUZ+VA=
cLkOIjokegXHH2f8CD9/S+/K5BrplXYoqpa9SnwGXcOrpSRvbRVl0GbGDVDrZqMxn6yDCSdpWVW2pW5KEdTGwmj0S6ZrNI+T+XlVbF06xDRvPGpUBjw4AyL5aQ==
ebwdUesFXAxB3nPXkBY/3QEowIQiY0vNExywppvcnf4FfVmc5eUhca954GU45udMQC4ORI3qTSz5n+oYg6Ar4mK46YwMuEBkzi80+X8=
4jzM210QM70liGs2n0G7GgFh3o9tI0KICFSjupLg0qcSMAPXr7VMbqp54GU45udMQC4ORI3qTSz5n+sbg68r4mK46YwMuEBkzi80+X8=
rSOEo96+1920h0k8C9L1a0t3czBefl8tTf/B7wRfNPz/s+lQZ7POJgo1Hovr4VI+36CDbRphs5XFj2hu8CPcQxxyzHwo4qUJS0RxUk7xOnQkY24BMCUFIflo
NUXJ4qwRVJ0dzJ/qOB1uF0dupOhMVq8QkrDBuejlmQh1Byb56KqveS0uX0HiQCovCoXj4y4IL4rns8Iz/1MF9dyAWEFA1Yz4SMJQUEmrKp6lHAYzBgIUiUofKDcJJ/lS
/2hHwkTpX6RVizw4EzMUwEo9MBLkkMbKzdxDXlqMyLuAKGXxuWdCtdWa/NWT2cerqlpyckMXPnsLq0LwIRrQxNiPWKSRh/2hZiYA/UIlGuLNBOq6XBSf/geEczuuOIGLYUro7LucHuzq7GRrFvld
fPLfS+RFeVe6ms7tIDYVBXbNhi7H/AmPkusYh7jqe1CQOH7Hh9qZAGUfBhHY0u+x/XY/6RL4qqeaHUOLnvDvwrdrIhuPawX9zJh4qXCtzDCYmjD4uRCuFjWEplu2+tTBGsfIH3kf+Vo=
8i/3Ca62dyrjREFjLmPONt72TQZdsCfoRohbJrXMbtuP3pkMfQs27fC2j50FQm+12jxq68LJszf2VE8uDx+yhwfvhXFUDMjV2EksnOAu4CTxUOva7NDWZ17e9K0iM9gDcRv5Vg==
/E6BHYNVlAuulDCEqec/fk8kL1S7xIeVnepCEBjdvqnFOGThpHAGuJDC5NCO2cerqlpyckMXPnsLq0LwIRrQxNiPWKSRh/2hZiYA/UIlGuLNBOq6XBSf/geEczusOIGKYUro7LucHuzq7GRrFvld
PbfN0MyHRfS70PAe2gS5JWXA6Krk7ctzYdTOPsx8QmqGRARZTT/I8qC2iUdUXxmjQORLOjoQmscKAHsXdyX0juIpCGVQNi8s+L5WBHXaVcwx70ae6x7jwnpI0czUKDjEBn8c+Vc=
h2pdY8171HpRBMdukHkXc3Rua2QZvpmlfjcs0J+fMTxXf5ZqynlGR1uNipK/DBsBqu0rGUUD8OJAT0TvfN4UEJgu/UCLCCGffp3iWERPdm0AKR0t+WQ=
14MqXNlo3Svj/0PjjOsLPOdjfXMx3xjZk9DC2KA3W0q5oNGlSsJAzAtdnpShfW0UF4nJt+L6lpKr1QZiD7pS3ZZUchxSzm9MVAJjeKW8Y73Fp7i2UFtsq9xavETIOvVjzqyrCy7JylxkC975kH1VCflA
Mw0ic9t2NTlshdvxTkAqXK+M4UOpkDckvJyDSnUAUsustHAiLVMv1GbGDVDrZqMxn6yDCSdpWVW2pW5KEdTGwmj0S6ZrNI+T+3lVaFw6xDRvPGpUBjw4AyL5aQ==
QFtJvl3ZLrRwj9QvaTV8x0pkJXqbwH6ZnVKJ9N5L+ELbFWz954y3jY2KhfikRwItPjhUz53VFfB2xh0w26YTUS8sE2l3qYl1xqWeakGUFiL4dPtG23S/c+14RUiserSUn7z69Nb8aGMS+Vk=
y8kvfkCjcpuVFUW+97PUIgEowIQiY0vNExywppvcnf4FfVmc5eUhca954GU45udMQC4ORI3qTSz5n+MYg6Qq4mK46YwMuEBkzi80+X8=
5+YlK3jGWcn/X/qVwVCB4OdjfXMx3xjZk9DC2KA3W0q5oNGlSsJAzAtdnpShfW0UF4nJt+L6lpKr1QZiD7pS3ZZUchxSzm9MVAJjeKW8Y73Fp7i2UFtsq9xavETIOvVvyKyqCy7JylxkC975kH1VCflA
lB+V7nZieT3yGbtZ14F1K11ItEZ4FAju2GPiiH5p7+EgkXAC4Vfc/tp+UwkLhaX/gv2pwQ9fPj5/5moBVojKQCKS15C0ntvk1SDbIUU7ACogx9Q3PIYEGLhmTbMPcJVXXpXygIQX5uXgYW0V+Vw=
DyypzVgbl4OnCHklNlfwb20EnqYvsmIlFixCFHKG/9QUGnOwxTSThcWfSD4wk3yznMIsDOgyxRxOVJ0DDgFaxKQTzrFw9SUx+Xg=
giz+b/6jy7wLCzjzyUBZzEdNrdnUdBbxvUaVm7L15yq45LTdy4Auua1cfA8IHbQ9UZPDDFwIw+Kc2YDD0MC6ipe3iuOH295YldokLMS/VLzl56mZqvb8FdaljoqxVKaCiPRr5gu0b1PbeTUs/LpkdA88SpSmvFhDAvlJ
Bwf1644+uFqcleCUl8q2W6AQjmslzmpnLBoXwCRKCXaCxFXF6QRCXTLKftSxY4tweCPQtdSPjNvE8I6ii1d2C1ML6mDZmmhUsO8AFFlHNXFeBmiNWiUCEiUk0uoUVNdO32SbqxC6+RvI6jAcc1xWvJKMTFsO+UU=
K8DpY6Vl1HlxMB9RM0YLnbKQoB9YYMKaj3cyk9/71mj9WozczN8MDB0nsYmSFnRFvqVmWjk0npKQtBNW01RnI3b63RP0mryEt3xShF4c0BMq+WE=
C9FT+XuaNyWWQ4sPMMV5W04GKNuYjL7AZvoCZV+Zt04rRpgtKjryrVXkIspk1Aduz6QLC0G+KXtYKiB8I9zm3KJM/Ds++XU=
Xt/vlO5VLD3lY03/WZo22Fpx8sJ7UPy+VMxyeDIqdo0DOQvmvzZstaa6fjUhFLZi2HTbBjv037MPfmWDDPoUVP+8GrS2fMgjMvl5
f7wwwJ/WMnJWs+KkW18vvazi7dLLUr3ulrc1F7NKFUAZn66Xrn4gZD7ssLWAyjPPnEuaJR6b07DBikxAeklDrdq3h0aQCwwbXKocFIgKFXfLvMA77hlqLOS7PinQDXUZ+VA=
VBwx3AY8g2a1yEVHgV2r5dJ8DC4dljqIaWNhRrfrZyCI6hCulVgKW0vEvJGOhhAsfiRADeBSo0ccwwq9/iOj+AFCfDhaUVOl2r+XXrBzPNOc4mysaJKF/0o0UKOOoZrkpPMO0fAVZRH5WA==
xKUltzWOQfy/LX/fZAH2t3D+KpYa7dNUs5oqLOra/QR1EVrGl5aJElYso50gDMYQrpoaVTdZH97T5tDdMjrq3Z1EWlrMlO9e10RDW786kaoQCjgMCxyOTBosNAsm+W0=
HJ1eFW4PenfzIE77eo3v/bsazciF16Yj3GM1ODB0iQwvuYJxJ/hHzsMHa9zXKu70xtrR3LGhPk4rdlVaMjynZQxMqqgqCr4da3nj1veWlAXeuoaFWbR+UrC0M5Zz1MfjUfi90hQa3MRXfDLE/pxwUwr5QQ==
sXiWzVXcYYAAH1CPWEbfBeb1vc/EzqvCTm7orZ/K1FTEwg98KjIOtYafmg4ibB1dNLrO0tyniMwHpfxlZudGzXdKURTA8pLvF+eaeVtk6D0IAWzUMMZATGHeblJ8uXaPjpa05fLb+GthE/le
iybJ06f+4Gg1pJ464jF31FoteC7HgSjD2wnd4Z8Yrx6LRyPs/8r2xN7ayeypQRZ+YzYditrcH/V0zBI40qoWTSM5KyYftox1xrqedUGUFiL4dPtG23S/c+R+RUKserSUn7z69Nb8aGMS+Vk=
AEMF0LITq/RdfBa6o1N4cRmlOjDi2vUUbTGy9u9WUUL+zBvtqIxOoFY6coXvGScu+4bIzTo64s2FpHIq9FS3Dj/kO+swuxlTrWqR3FNcdnxyDCwbLvll
boFufNPYf1hvBhfubhUgHS8RrjSXWR5LXVPKAUewH8L96RHUlIuJ5lp6V0Zb1sGirozLDbiMXoAGeqIlf5nXjovGOO1KOhLt9WSCioTUJ65vJOvLILgJMf2qQbzD3MYcwswcex75VQ==
ojgmGfk/0GhKSa6KmQAmld8TjGFAhG5EoKhoFjjGtdLDSAUGG4a8hMk5wqyktEQycIHlCU0KGa6aGfB6KBnXDJCOnsQ9ir1sqX/SGHOFfyLTGBkMnFgQJD4PJPlv
MgojZeuw03uccWmW+KaLct8TjGFAhG5EoKhoFjjGtdLDSAUGG4a8hMk5wqyktEQycIHlCU0KGa6aGfB6KBnXDJCOnsQ9ir1sqX/TG3OEfyLTGBkMnFgQJD4PJPlv
4wPUd9Lu7qlvSst7d5aZJtfK3LfLcn/m7pUSxXCr7taCXDdV3B8KCQsumYKfkNGmbz5ANKWRFmzw3GjCTPnR6ZlSRX52sYT63LG7XExWyqQJcoEchZcKXycsk5KvoO2syADM9BJnEPlb
etEaEL62piaptXegtftpUevuwXoUnrb2XgIO6qyfaPR3HXzdFt+m9QdykaywSnJXZ9+aQSvcCIV4uazsQP6gdBFg6eoAhJa2/q50XYJjGNMRK/lm
bp8E7zX5iHw1hN/8NF/SUqzi7dLLUr3ulrc1F7NKFUAZn66Xrn4gZD7ssLWAyjPPnEuaJR6b07DBikxAeklDrdq3h0aQCwwbXKocFIgKFXXIvMw+7hhqLOS7PinQDXUZ+VA=
kh32m+pRUpviRSJVDtmP5C8RrjSXWR5LXVPKAUewH8L96RHUlIuJ5lp6V0Zb1sGirozLDbiMXoAGeqIlf5nXjovGOO1KOhLt9WSCioTUJ65vJOvLIL8JNv2qQbzD3MYcwswcex75VQ==
EaL8qcKbod29e/5aLO4WaN8TjGFAhG5EoKhoFjjGtdLDSAUGG4a8hMk5wqyktEQycIHlCU0KGa6aGfB6KBnXDJCOnsQ9ir1sqX/fH3OCfyLTGBkMnFgQJD4PJPlv
/l58NyWAWPHn2BoBncUhI9fK3LfLcn/m7pUSxXCr7taCXDdV3B8KCQsumYKfkNGmbz5ANKWRFmzw3GjCTPnR6ZlSRX52sYT63LG7XExWyqQJcoEchZcPWCcpk5KvoO2syADM9BJnEPlb
DA32ijTu9fGEn62lYnstrXYgeUKjMmTg9z5dlj8zBdWcYNjhgLWM2Agi0PCJwCm+6viGksZiFKkK/6iXyUf5cg==
g+oEB+8K2Rtsv/xG8GhySAtIeco/6imL++4EBJ/SLWJHz4VRFOxIdRgpLHygjmBEMXfo+iK0VsYePvTN4pNY4zE7+XY=
XuuCKGPdXLJjH+Z6ZDCVlFcy561KV6UD16jc3PP42E18BCy16bGsYywkVxCuUzYmNsq69GNSZMC33t02/1MF9dyAWEFA1Yz4SMJQUEmoL56qGAYyBgIUiUofKDcJJ/lS
sMxqzzcKhqsWQVM43+DQy02/MTCwnbgTJCOupa1fGAe5xRHoqoZBqF82d5njDB9hk5nNzTol4tKFpHIq9FS3Dj/kO+s3vxlUrWqR3FNcdnxyDCwbLvll
PkWsJeNy+ZVN9e2srhF8/LizrIqFHeCmi/MCMPBQCFBLzbyG52h1PTCl9fKJwDbNlkSSLBKez7zUsgMoZUxDrcW3mEaQCwwbXKocFIgKFXfKvME+7hhqLOS7PinQDXUZ+VA=
JbmIe7m1pI0QPvKSzPlkH5i0LBs/mJv7awcAyOqzIy2rjEgmI0zlXq0tkdytFUlRtwn4ZSAW/2yoXsaExTrljAEPVJr7P5eCi+ihTESIaATWHyz5Zw==
cifr4Jvv228zpzBpu569Vh9Bu65XaS2eucwu4VboCqCi8hdwtL4bRFWAGwFFG8CKoGcUFzxmxHg4ho3TCpDZMt50suCEN6ZFYMEtNfl8
7ggEV97knMVxbs67WkSvGQEowIQiY0vNExywppvcnf4FfVmc5eUhca954GU45udMQC4ORI3qTSz5n+kZg68v4mO46YwMuEBkzi80+X8=
rcmYlpIrniCrgpKUHVA7sOvuwXoUnrb2XgIO6qyfaPR3HXzdFt+m9QdykaywSnJXZ9+aQSvcCIV4uazsQP6gdBFj6OoNhJa2/q50XYJjGNMRK/lm
EUlqgZclT1/6nuwZHH1pxy8RrjSXWR5LXVPKAUewH8L96RHUlIuJ5lp6V0Zb1sGirozLDbiMXoAGeqIlf5nXjovGOO1KOhLt9WSCioTUJ65vJOvLJb8JO/2qQbzD3MYcwswcex75VQ==
geV4Qe6PjfWWD5n9vFFogBUEv+8aUqaorc+Sonia2v6zjNl9wKJTgOjqF4oRZbSWYid8weWMiEcJR10Jd19MO0EkEetoo+DnyFIG2z5gb1IIPjkR5CFWt6jXbKiGTkygOMpwqJkHrgYV0OYKFmpUUbqXiE9ZD/lK
c6+O3cJeYDsjPPmRtcu08RUEv+8aUqeorc+Sonia2v6zjNl9wKJTgOjqF4oRZbSWfXcojqODiRxcXUoCbU5hO3cxJKoRvODn11IZ2z5gb1IIPjkR5CVfoK/XbKiGTkygOMpwqJkEqwYU0OYKFmpUUbqXiE9ZD/lK
grbGGsU6VEmdwXtWfgc5XuvuwXoUnrb2XgIO6qyfaPR3HXzdFt+m9QdykaywSnJXZ9+aQSvcCIV4uazsQP6gdBFl6uoMhJa2/q50XYJjGNMRK/lm
37BMXhMA3L36AXdVEa8gj7LFckSprzkKhwe/DOjGKEKlVBJXS8iknb5qCAAeCJjh0B77i9wPUvFOz3tUYe7k1OrdyylaMw/SAJ+kf/xOtEDY3t0zivgI6r5MQsjE3xY9wBl9HflU
WuzmQsENiHIHE9PSyzZ3s+vuwXoUnrb2XgIO6qyfaPR3HXzdFt+m9QdykaywSnJXZ9+aQSvcCIV4uazsQP6gdBFm6uoMhJa2/q50XYJjGNMRK/lm
X4h+CpfG8t/aGqADZvEThbPFckSprzkKhwe/DOjGKEKlVBJXS8iknb5qCAAeCJjh0B77i9wPUvFOz3tUYe7k1OrdyylaMw/SAJ+kf/xOtEDY3t0wivgI6r5MQsjE3xY9wBl9HflU
DFEzVwAlmtzuFMTkT0of8GC0doAe7cQR7ZgfMbmYkkJ5EE7TyJSUGlFj45wiBskYp5YfSTtMJ5G7+dXdMiXqwp1EWlrMlO9e10RDW7A6kaoVCjkMCxyOTBosNAsm+W0=
uwZwuytFVuREq+sdKvs0rm9o2cUpm1orAG9qKVb7gPgeBBJc3tDIiXD2S/Nc9+KZ7ierDCE2NPyK9TsRWgv/+mC3dKe8FmSoeLZtwg+AuAIeJBIQBIdGFSAxDSX5bA==
P088kpwENzrjMYVFt9CGNtfK3LfLcn/m7pUSxXCr7taCXDdV3B8KCQsumYKfkNGmbz5ANKWRFmzw3GjCTPnR6ZlSRX52sYT63LG7XExWyqQJcoEchZcJWycvkpKvoO2syADM9BJnEPlb
Z2OUq5LAQ+w9sxtMb15w5TYzhw/Lut21ufnJfgR2lp6Oyk4ifPfIHOeV/FWGNwad17rRZGAiUr9315pJOzQo7ahx7CSQlgCcge5qYpVtNt4uZjSVUgs4OwEj+W4=
Cd0LJIszf21xxY/01R07ZjY4nALOoM39/K/WeQR2lp6Oyk4ifPfIHOeV/FWGNwad17rRZGAiUr9315pJOzQo7ahx7CSQlgCcgehqYpVtNt4uZjSVUgs4OwEj+W4=
b/+Qfqkxa7GYeb3Ru6zFwuvuwXoUnrb2XgIO6qyfaPR3HXzdFt+m9QdykaywSnJXZ9+aQSvcCIV4uazsQP6gdBFi6uoFhZa2/q50XYJjGNMRK/lm
ytRl4+37u3bqZXiIw/9u1LPFckSprzkKhwe/DOjGKEKlVBJXS8iknb5qCAAeCJjh0B77i9wPUvFOz3tUYe7k1OrdyylaMw/SAJ+kf/xOtEDY3t0wjvgB675MQsjE3xY9wBl9HflU
/X0QQpnLgWzO2AV3yROF4M15DS5Gw3SOaWVnZqvsQxLb7hXvlkkOSVfI6NzOwFoofiRADeBSo0ccwwq9/iOj+AFCfDhaUVOl2r+XXrBzPNOc4mysaJKF+U40WaeOoJrkpPMO0fAVZRH5WA==
M/FhUYtC9w+GYDJowii3Y9LTw/KUJj+5ttET9yO525OVWzJSjkwIFwsumYKfkNGmbz5ANKWRFmzw3GjCTPnR6ZlSRX52sYT63LG7XExWyqQJcoEchZcPWycukpKvoO2syADM9BJnEPlb
RCNJdwmHARJc6sVDgszyXqKPLlKtry5Pih2VGq2HHguyF0VHScTw0P4sQgQeCJjh0B77i9wPUvFOz3tUYe7k1OrdyylaMw/SAJ+kf/xOtEDY3t0xivgA675MQsjE3xY9wBl9HflU
t2koaTwQJ0MBe7CEJPkLq7yl4t7NRvKtm6U2Bb8DTUNJwPjE7jhqYD7ssLWAyjPPnEuaJR6b07DBikxAeklDrdq3h0aQCwwbXKocFIgKFXXJvMg/7hhqLOS7PinQDXUZ+VA=
f9FSCSCFqD+qlzN6watLiOvuwXoUnrb2XgIO6qyfaPR3HXzdFt+m9QdykaywSnJXZ9+aQSvcCIV4uazsQP6gdBFi6eoEhZa2/q50XYJjGNMRK/lm
dxi47ufgbOFD9SL98iLW+NJ8DC4dljqIaWNhRrfrZyCI6hCulVgKW0vEvJGOhhAsfiRADeBSo0ccwwq9/iOj+AFCfDhaUVOl2r+XXrBzPNOc4mysaJKF90g0WKeOoJrkpPMO0fAVZRH5WA==
uRkmRp2NsDUeO2x9KrQH0cOZn+SQJij8u8s54Wb47dqCGGVCjEBcWkto08mMitGmbz5ANKWRFmzw3GjCTPnR6ZlSRX52sYT63LG7XExWyqQJcoEchZcOWyctkpKvoO2syADM9BJnEPlb
2J7wPNwddccA5lJ6lBj4HXWQ4Png/IJiJNbRIIMwEXKYWFBaR3DH+fiizUZTVhTkUalaLDwk3JIYUS1JBTrxjuIpCHpQKS8s+L5WBHXaVcwx70Oa6xXmwntI0czUKDjEBn8c+Vc=
DunGBCcjEKwn+V4LtW1WiBmlOjDi2vUUbTGy9u9WUUL+zBvtqIxOoFY6coXvGScu+4bIzTo64s2FpHIq9FS3Dj/kO+s1uhlRrGqR3FNcdnxyDCwbLvll
SFxscuuxNOSf4pLHOqmLpAEowIQiY0vNExywppvcnf4FfVmc5eUhca954GU45udMQC4ORI3qTSz5n+4fg6Uu4mO46YwMuEBkzi80+X8=
v8j+TWqWx5kRphFqIG6Wc12gJzusjIhSYTCm47BUTEr5g1vsqoZBqF82d5njDB9hk5nNzTol4tKFpHIq9FS3Dj/kO+szvhlRrGqR3FNcdnxyDCwbLvll
LIaS7oYFwF8AflJ4oIaFanD+KpYa7dNU4II1J/zZpAtuUxnDypjAVxElqZgiBskYp5YfSTtMJ5G7+dXdMiXqwp1EWlrMlO9e10RDW7s7kaAUCjkMCxyOTBosNAsm+W0=
3G69NOPV8KySv8EVJMh5iK+DswnrnXZ87p+gGX9DBduuuCRvbRVl0GbGDVDrZqMxn6yDCSdpWVW2pW5KEdTGwmj0S6ZrNI+T/3pVaFg6xTRvPGpUBjw4AyL5aQ==
sdx7p/5m+tcPAlkrXHDG/wEowIQiY0vNExywppvcnf4FfVmc5eUhca954GU45udMQC4ORI3qTSz5n+8ag6Qu4mO46YwMuEBkzi80+X8=
iOzZh9Ll0ggTpZ3zGb+mHiwTrzvTSBVXSl7WMHa3DcWbrBfSnJieslFwFgMA1NyqqcOLDLqGUYgPdqc5c4zvwePZPe1KJRLy9WSCioTUJ65vJOvLKbkJMPyqQbzD3MYcwswcex75VQ==
C2fkvMdWcQwtrZHRMseUvmXV7f7z88dzYd7OMdowV22aEUYPHn+OuKS0h09bQlftW6xYJjMs1Z4dTSFcPXWZkecpCGVQNi8s+L5WBHXaVcwx70Cf6xTmwntI0czUKDjEBn8c+Vc=
45a69nMWco7BF7S03e9dj2b1jwaK6eVCKG5LZ4sZQg8ad4KouKxjbz96q90X5Jzmd2QZbqE1hbyZ7QUBa6GM5dS+o7xkJvJk0SLpvH0nht6v3CryB3A17LAwJNQKdxj5Uw==
D2S9elP4dmtGgxGWkRnXobKQoB9YYMKYgX89jpG1zSDuRoXgg4YbQUds+9n/CXFFvqVmWjk0npKQtBNW01RnI3H+3Rjwmr2Et3xShF4c0BMq+WE=
6oAtJ6ESdA33in1edPjeBkh9ruXUHOd61iiOF75o57cLDeD+1vFk5bxuG9zslqqk6TLhnCXXLVpHa3ISD2DNrOjArHTyJzD5ew==
ZNXQp4fXhquvkEZbaO7ezwFh3o9tI0KICFSjupLg0qcSMAPXr7VMbqp54GU45udMQC4ORI3qTSz5n+wag6Mu4mO46YwMuEBkzi80+X8=
upKRmjvh+MGn8M3EJxpMtFdxsuNQR59R16PJ//XuzUU1QWz96KqveS0uX0HiQCovCoXj4y4IL4rns8Iz/1MF9dyAWEFA1Yz4SMJQUEmsKZ6pGQYyBgIUiUofKDcJJ/lS
nHrZhBfK3wyf5ssuMS+2VHbNhi7H/AmPkusYh7jqe1CQOH7Hh9qZAGUfBhHY0u+x/XY/6RL4qqeaHUOLnvDvwrdrIhuPawX9zJh4qXCtzDCYmjD4uRWoFjmBplq2+tTBGsfIH3kf+Vo=
CaEe7OOqd3NtMnX2jhMdgd72TQZdsCfoRohbJrXMbtuP3pkMfQs27fC2j50FQm+12jxq68LJszf2VE8uDx+yhwfvhXFUDMjV2EksnOAu4CTxUu/a4dXWZl7e9K0iM9gDcRv5Vg==
/Ab1j6Jui4I8eTXTPz6U63Rua2QZvpmlfjcs0J+fMTxXf5ZqynlGR1uNipK/DBsBqu0rGUUD8OJAT0TvfN4UEJgu/UuPCCWbfpziWERPdm0AKR0t+WQ=
NOEyA8+yV+KFG+83q5ieC9PTw6aFLSOuu80ixiSr/NXQXTBVmlsZDQxnmojQnpWnaDdNc7TcB3r26C6XXqiHt+tNQH52sYTl3K67XExWyqQJcoEchZcJWycqkpKvoO2syADM9BJnEPlb
jZEmRyxFwG1H4RF2A/A93nbNhi7H/AmPkusYh7jqe1CQOH7Hh9qZAGUfBhHY0u+x/XY/6RL4qqeaHUOLnvDvwrdrIhuPawX9zJh4qXCtzDCYmjD4uReqFjiBplq2+tTBGsfIH3kf+Vo=
G0N90bg8i04cj3puCW4rQt72TQZdsCfoRohbJrXMbtuP3pkMfQs27fC2j50FQm+12jxq68LJszf2VE8uDx+yhwfvhXFUDMjV2EksnOAu4CTxU+na4NXWZl7e9K0iM9gDcRv5Vg==
zbpreTMkTif2Ktqz3RnSY9y/JVl935iycBYZx6T/aWOwxFs6KnCqB7pgy5fnRSROsgn4ZSAW/2yoXsaExTrljAEPUpj7MpaCi+ihTESIaATWHyz5Zw==
P8yF0ONCMHKjNrgo2eyumUxGJ5Zhpz+Zp7tBUcbnYzEI0IQtZPNNeWRGLHygjmBEMXTo+iK1VsYePvTN4pNY4zE7+XY=
7s8y4WFYwSLuuqGIULwgkjJ6jpJhq6CdoK08LG57aWc021EPv7rZ0Nh3/4Y0MKC76AQyRG2SgMzjkfi8vf76kZbFQNHMBDG0tD3PzqDpATJ8VPRpDjx3U5ZmWmN8/lSwGI69Iono6Dj+PCJ4RC+2jYBJXQ35RA==
6RtFZcQEieMyrzSGHfQnENG70I+EsA6KxURPr7Y22NeMyQs5SvgaglyK3HQIqlWXydwAnG74Kgzk2/6JUO01Oflw
fL4XITeYrAsWjCyZqeAA+DJ6jpJhq6CdoK08LG57aWc021EPv7rZ0Nh3/4Y0MKC76AQyRG2SgMzjkfi8vf76kZbFQNHMBDG0tD3PzqDpATJ8VPRpDjx3U5ZmWmN8/lSwGI69Jono6Dj+PCJ4RC+2jYBJXQ35RA==
208kh/pWfFzmW+usEy6LAdG70I+EsA6KxURPr7Y22NeMyQs5SvgaglyK3HQIqlWTydwAnG74Kgzk2/6JUO01Oflw
diWQa1HbFr6XphwY4ypjEtwQhTciQTjkAUIZ/O2HtdjfNrkyN1DlbEBQNJS610j5Aw==
jX6lXuwnVcq2cXDYPeuMLDT2+FW7pmre2fVRTaACL1wk9Ctmy7Qv0x94daI7uqX0TzyKFOa8mMNC+Qk=
iRyumGJv36t5Euficv+944YgOMJxdxrhIlhu8h+NTGC4inBoGUKoRpQS5kqWqlSROteIj9lP+Qo=
7HEtk9WAXIcpj7yr24da7e3Gqw31jDM+uon+BXMQWs7wtWUvJQdpky/bDlCkP+wtk6yVAxsnDAn68zVKXpu4hRL0S6ZrNI+T/nhVYls6xTRvPGpUBjw4AyL5aQ==
NCgou+etm05FdxuKzebu0si/MAxwmZ2oNBJexavzaz+nzwE7IEyqB+Ixndy7H3Uf4lW0M3sWsCPWGbyExTrljAEPUJj7PpWCi+ihTESIaATWHyz5Zw==
