+K2lsjbGZkejrbLIKwScaHLt00Ti+WJLfNiqnyd8KDTi695p8zoCfd26qohaVElYhL3sclDta739xwDRYr1WJJnSUdzVtxZYN0tBUvzDfSx4YHw0JwQg+Ws=
VBiegpSFI3ba5xrmm5/tad/4242Yog+Y1FQMv6lj2N23iAxpRuYQl1yK3HQIqlWTz9wNnG77KQzk2/6JUOg2Oflw
wp3MDQIZ1Ce5eCMwyQDDyMaRZiUxbSY8zS8wRyKDiQW4p19cfEq1BnEKzosVO3a0t8TYWiAybx8DJBoGTr7jWfYwbLvDayzL/NTKwvCqqKRxppo5OirZP3eprAyAniDU0UfuysEmFtU9TnQ9woOYdlIL+UY=
hiAvOGWM7mJRMcgD/0Xh2RFTX7bdgKOGIK9KZleW2gtyENF3cTqp9w21fJ0Y1Aduz6QLC0W+KXdfKiJ/I9zm3KJM+Tg++XU=
9NnYAi/I2tfoejFY/hHrWmIbwLkVREpYvMDwWOABk2W0Il6ZxctEBg2cmgJBnDkDH51stPAmwOyh+G5ysR72bU32tAWyu3jOIjP5fg==
aa9zSgYLhm9drMFpg+kMzikfg7V99BhiED4MWyvL4NAOT3mBjHjJ3trEDWZhzSvPnMIsDOgyxRpOVJ0EDgNZxKQTzrFw8CYx+Xg=
8RTJLgMyIYM/rdJxw8Gck2IUwL0cRkpYvMDwWOABk2W0Il6ZxctEBg2cmgJBnDkDH51stPAmwOyh+G5ysR72bU32tAWyu3jOIjP5fg==
XntgrhPzr/7UX3YkdgeEvSkdibd/8AdiED4MWyvL4NAOT3mBjHjJ3trEDWZhzSvPnMIsDOgyxRpOVJ0EDgNZxKQTzrFw8CYx+Xg=
T2aXQBusDZikKztTlEZqQSgdibd/8AdiED4MWyvL4NAOT3mBjHjJ3trEDWZhzSvPnMIsDOgyxRpOVJ0EDgNZxKQTzrFw8CYx+Xg=
CE5fF/1VFh+C6r513+YjXQ+ewy7QctQXm2e4PG6j4S089FFSWkiV6tFhsyP8LnSgWH4dVo4YRUg+LwEoxP/WnUD8Pj35dA==
WY3v9MlXPlQ2N1mQMNdcCA6ewy7QctQXm2e4PG6j4S089FFSWkiV6tFhsyP8LnSgWH4dVo4YRUg+LwEoxP/WnUD8Pj35dA==
sMABkaGByglYzqKtjoXxujhIluRFFlgw0MDwWOABk2W0Il6ZxctEBg2cmgJBnDkDH51stPAmwOyh+G5ysR72bU32tAWyu3jOIjP5fg==
oL43m4+Ri6yhMZf5gexXMUgNpP4GdjGI4Jo8plD6RO/7vwh0rusRdRzMQVpaQIXS8TlDazxmxHg4ho3eDpDVMN53seCEN6ZFYMQuNfl8
FHJwzH0V5Y29hSaRyapKf1OMwOoqTk/r9zyvalUAK3a4D+I2r9YCO1rwqWd5OqHn9dVUrUAUf75nBJN7zT6hx8fKSq+bnD6sSmzBKDb5fQ==
i9B+91tOlnzqhLawyvfA1D84LD4Zoo/8KCV0hsbOYWBAMsw+0GI0R1vX2MzuE0Fd/KRxQlpYtboREROTfN4UEJgu/UaOCCWYfp/hWERPdm0ALB4t+WQ=
VozgnVbtjnr3F9pkkA0p+lOMwOo1Tk/59zyvalUAK3a4D+I2r9YCO1rwqWd5OqHn9dVUrUAUf75nBJN7zT6hx8fKSq+bnD6sSmzBKDb5fQ==
INOlgIDuwXlQVEzSMdBTWysfg7V99BhiED4MWyvL4NAOT3mBjHjJ3trEDWZhzSvPnMIsDOgyxRpOVJ0EDgNZxKQTzrFw8CYx+Xg=
A+gFCvT9BCBMgCVxGhrpzx4j8dh6Wq7NEcBvPnR/Po4LNmaj5mAl7/26JW95Reg1pHTbBjv037MJfmWPC/oWV/+8GrS2fM0gMvl5
Rm6atsBcpR/Ucm4I9i3Lcg2ewy7QctQXm2e4PG6j4S089FFSWkiV6tFhsyP8LnSgWH4dVo4YRUg+LwEoxP/WnUD8Pj35dA==
blXcgnoxX37qJaRgf9/d/V2pITy0nJhSYD2CpbFCXUj10RGS7YBT5hBvOobnFkprotCBl2E6uZfd9Sx9iFS3Dj/kO+s1vhlXr2qS31NcdnxyDCkYLvll
JNT52YRdTv9CwVkm464X9EdX9a5ROXrFvshQplD6RO/7vwh0rusRdRzMQVpaQIXS8TlDazxmxHg4ho3eDpDVMN53seCEN6ZFYMQuNfl8
LUTgWGhhhlYDNu6zc5UftSgfg7V99BhiED4MWyvL4NAOT3mBjHjJ3trEDWZhzSvPnMIsDOgyxRpOVJ0EDgNZxKQTzrFw8CYx+Xg=
rWDtZ3iRKmMiiZKjRdCHSlqx+kifPJNZyHanPHTwpCs591BZNwyE/dZyuDP8LnSgWH4dVo4YRUg+LwEoxP/WnUD8Pj35dA==
tEl/f/Ccj1nJWt9kpM7h+1qx+kifPJNZyHKlMnTwpCs591BZNwyE/dZyuDP8LnSgWH4dVo4YRUg+LwEoxP/WnUD8Pj35dA==
8oIdU+aK8zM5r0ZDvoj9dJdW/wLJQ/Agt/t9Y47JX////zl11i4dZHk0Y7ZjFLdDgf7tP6NazicH/MLkjlzlMDr5cQ==
i/rBx+jqMSj8flOSHut1604GKNuYjL7AZvoCZV+Zt04rRpgtKjryrVXkIspk1Aduz6QLC0a7KXZfKiJ/I9zm3KJM+Tg++XU=
SwfOs1JGEpHCjKritjEHdCQOrizDEEEZTEnRFBP8QZvis02KzcbM/UAzRxYB1MShsor/Be2KWYkIZfs5d5XJjoudYqYUf1+x6jDT3PfUJ65vJOvLKLsJNv+qQr/D3MYcwswZeB75VQ==
pLyDO1kd0GoAwEybuxEX+u99eH0/wgfJ1oKdprIxVVuzqty0QMhN0xsc0oagIChAVdyK/tCu05i6nABua7kf1LoSbwBUinhbSSAsEOHjKOOf6vupBAo62NxavETIOvVvy6ysDC7LyVxkC975kHhWCflA
jVOsTibDYiXfKy9TcftQtQvdlqF/HgL0uGqwdhAMNjD+Wqo1p9lvfgOm4D0iOvq9rYQK+jwUf75nBJN7zzqhxsfKSq+bnD6sSmzBKDb5fQ==
JdOUOpP6swTrehoNooibWJGnnN2UtRSfxkgBjZY2hteZwR5/QLkkl1yK3HQIqlWfydwMnG77KQzk2/6JUOg2Oflw
o84N1ipSKmgu5ajMCTQBjX4Dj7d6/jliDyMMWHTN5NcGADG1ti6W35nJDmdggRTfnMIsDOgyxR1IVJwEDgNZxKQTzrFw8CYx+Xg=
XnLaVQjUefKaL6mBtNv1LUv99WDQZdQUxGG8O2bsqRkGog5TGUWW69AtjDP8LnSgWH4dVYgYREg+LwEoxP/WnUD8Pj35dA==
G7dn/kDSYD1Zy0//MxeS0l730UNyQdH9qXwWSIYeUryRvb871GW0L0Y44d1WBqbHmdE+T4DpxOfcOnykSFo1g8/M7Oyuq4m8ZCueWRDYFin5YA==
x+JuV/y6BbfuDUYpd1RsHFpx8sJ7UPy+VMxyeDIqdo0DOQvmvzZstaa6fjUhFLZi2HTbBjv037MEeWWDC/oWV/+8GrS2fM0gMvl5
z4xEQGYiIMOTOM4HLRACZqLP5ujj9tZhDDnGrPwibgaUy7jIP9m8kc5r1imvFjEAyN7iK+9bGs2zqLgZEB1MgPgq8MjZJqgmVbJm6dVKVHF6dwgqGi/5ag==
WF3jN4wzCbQvSq19AXrS+PHimSFR3vb2UUBE76ufaP4rEXvQMZnz51Ykz8GvT3JXZ9+FQSvcCIV4uazsQP6gdBFs7+oNhpa1/a50XYJjGNYSK/lm
pxzfOez67rYQahtYVCLJn/aI7u/44JkwSSrG6rlkJAOTy7jCY9W7nOktgzv+QG9t19viK+9bBc2zqLgZEB1MgPgq8MjZIa4mVbJm6dVKVHF6dwgqGi/5ag==
2E2ajtBslBCqQEU73odj3Ym4RRdavnX5FocLdvOLMcuR2NoHMQ42pvGwxJ8LTyiuyyF74NHJszf2VE8xDx+yhwfvhXFLDMjV2EksnOAu4CTxU+7a7dbWZV3e9K0iM9gGchv5Vg==
YN5wF5Ukc1a32LG9PrZSNaLP5ujj9tZhDDnGrPwibgaUy7jIP9m8kc5r1imvFjEAyN7iK+9bGs2zqLgZEB1MgPgq8MjZKa4mVLJm6dVKVHF6dwgqGi/5ag==
G0oRexg8CccxWYSFG4BY9Fjf6oQMei7OxHNYoI9BPBleE3aB387xSBjmgsPfQxrFo1CYMeBFDEiokhCgabkrrs3LxkGlkpQ5qk9owio3+WI=
tPoNW9PiJaa/C3hrZZVmCatZnd+P1fkt2n4cbHIv9Rxyn6U3Ju5W0s5DKdWGNfjziZrQ37uqLVtpPFBdMjytOQBLp49sX6xMPSeOyfKWlAXepYaFWbR+UrC0M5Zz1MfjUvq93hIa3sdXfDLE/px1UAr5QQ==
VWhpLfj3RPFm3MVrcsey9WUL8OghqdzGPaGyB2CU3Rjm/cGdh02+6qrMiNVMysE4FzV+injrjBVB5bz9Ihd7GiI7YWIXb0ssUilIVPd9susVC/a3Vrj/96z9yJ6OYazl9OHDPMTmEmTxYok83edl2Y+aSHKks9XskHBEVK+0+Pmz
HBuQO47+zUoal/gQagCDtiK8lgbYq+wVYSVcfYJXGxpCe8Hi969rLDJp6NQXvZLrdUtWN7Z43/fMvWgebqGM5dSho7xkJvJk0SLpvH0njt6v2ijyBHM17LAwJNQPdBj5Uw==
TMXqliTJfVKEkl79b/maYatZnd+P1fkt2n4cbHIv9Rxyn6U3Ju5W0s5DKdWGNfjziZrQ37uqLVtpPFBdMjytOQBLp49sX6xMPSeOyfKWlAXepYaFWbR+UrC0M5Zz1MfjXP693hIa3sdXfDLE/px1UAr5QQ==
ukvaYHenMXxEYFAyKjzjkGUL9uMiqdzGPaGyB2CU3Rjm/cGdh02+6qrMiNVMysE4FzV+injrjBVB5bz9Ihd7GiI7YWIXb0ssUilIVPd9susVC/a3Vrj/96z9yJ6OYazl9OHDPMTmEmTxYok83edi24+ZSHKks9XskHBEVK+0+Pmz
DkSl7F40fHlm42W47mKmvlpx8sJ7UPy+VMxyeDIqdo0DOQvmvzZstaa6fjUhFLZi2HTbBjv037MMf2WCCvoWV/+8GrS2fM0gMvl5
WAmUDAkE10PzHNYc9IjtC7ovb4dKA96MineX2//UkvV89hfzj5GTfbs5Rbr4FNbkfXwBFwxTLS4dkrnGw7bEpAHJaizMBIzSSPG9ybWagc7SyRh6QEkf7Age5oTleoUM4c87mtv3MwIoK0FMJMiIhHNcDPlH
3dchLwHxrtDV43d8J1ZLSnD30Fv8uykqcprkgmk6ZSb/3pB09XEGbOD8uIIcWUFp6fK1PgaRdPqskUucPPY6JJnSUdzVtxdfN09HUvzDfSx4YHw0JwQg+Ws=
k4Ahy3IgfZs83K/BTQCqtSalnkOW56wHaWROZ5RYFxcPPoGi96ApZjdu6NQd4Z7seGwQYqQpiamhom0ebqGM+tSho7xkJvJk0SLpvH0ngd6v3y/yBHM17LAwJNQPdBj5Uw==
wF7eUtl8Yhwxm7bX73dUlG1f93fDUh9QTFrdLUetG8yp+ROVgomcshc6EQxf1sGirozLDbiMXoAGeqIlf5nXjovGOO1KOhLt9WSCioTUJ65vJOvLI7sJMvmqQr/D3MYcwswZeB75VQ==
5A6xLZWbILwishAFG3dNizY4nALOoM39/K/WeQR2lp6Oyk4ifPfIHOeV/FWGNwad17rRZGAiUr9315pJOzQo7ahx7CSQlgCcgetrYpRoNt0tZjSVUgs4PgIj+W4=
uRigfEefjLIkouD3O0Vtl6KXvVpbao2Uy3Y1mtK8xyXsTIroiooeXUt5w5aXFnRFvrpmRTk0npKQtBNW01RnI3z73Rr1mr6Ht3xShF4c1RAq+WE=
r8gdQV7mKfmu45Ds6Wa8DCK8lgbYq+wVYSVcfYJXGxpCe8Hi969rLDJp6NQXvZLrdUtWN7Z43/fMvWgebqGM5dSho7xkJvJk0SLpvH0nh9iv3i/yBHM17LAwJNQPdBj5Uw==
h1JQ9aAv3tyf5T6+a3ePZ43p+Tut7Ews1YFlYmUHAhvbNXQBM2ozqRNuyZb+5xWkJUPLrkMTUZOhwNofAVZWPkFoBEc7V0j2e7n7eGGR0y/GjI/pv4fS3zf3hWl7VKhNaJHsRNA2gHxBzW5CVIi2fW0GNHWSq7heQgP5Tg==
gS2R2c39uXLBZGOzHYB6D975HBFKgietCIcLdvOLMcuR2NoHMQ42pvGwxJ8LTyiuyyF74NHJszf2VE8xDx+yhwfvhXFLDMjV2EksnOAu4CTxUOra59DWZV3e9K0iM9gGchv5Vg==
qvk67BzE1qGJ7Uo2qfkZcR8C/lUsQyPegz6nyzwouLlqi2kZvQaz3YkpDVZajaXonvS9jhRFLzkwrDcPW4rlD3uFmsr/y4uJyiXbIUU7Hyogx9Q3PIYEGLhmTb4JcJNWXpfxgIQX5uXgZG4V+Vw=
jG/s+Bi1VW5t1tT40pEzcsKbfmglYSg5lnoxTzrCnwi6s01Tf1G3SSVXzawXO3G7scjaFxF+dhYRIEQPa//oXusxe/DxOXOHlsTPoe+v8vcn/4Vha3yIZTjZrAyAniDU0UXoyscgFtU9TnQ9woOYdlIL+UY=
1dT2WSHw4rFjQYRMcAGlWXWJs62y6NY+JJOINYU9QG2OXx8aRnPN8uu3jwxWURTkW/VWKzEDmscKAHsXaCX0juIpCGVQKS8s+L5WBHXaVcwx70Wf6xXjwnhL0czUKDjEA3wc+Vc=
Fvo+bGbqfcbKD+/1E7BEwwNzsq0dG60Yn6fB/+nk2gM5Aiay6azkeyMjGFrzXTskGYXj4y4IL5Xns8Iz/1MF9cOAWEFA1Yz4SMJQUEmpLp6vHAYxBQIUiUofKDIKJ/lS
PnF0t+nXuxp6Odfy+KAcyXpX+XqMX11JTU/MJUewXsO06hzakdSL/F19GRAAkdG0r4CIBriMXoAGeqIlf5nXjovGOO1KOhLt9WSCioTUJ65vJOvLILkJNvmqQr/D3MYcwswZeB75VQ==
h1ctozdd1lJYRInK8jJYXNWTcGVqbGogl28gRzrf2genoEIcbAygB28QxbBIfGGtsMSZHBF+dhYRIEQPa//oXusxe/DxOXOHlsTPoe+v8vcn/4Vha3yIZTjZrAyAniDU0UfoysAgFtU9TnQ9woOYdlIL+UY=
Q6vMjfdHLDMIy1y+jV+yyjJ6jpJiq6CdoK48LG57aWc021EPv7rZ0Nh3/4Y0MKC76AQyRG2SgMzjkfi8vf76kZbFQNHMBDG0tD3PzqDpATJ8VPRpDjx3U5ZmWmN8/lSwGI69Iono6D7+PyF4RC+2jYBMXg35RA==
ZjkdMzPqhZ1JF+nGFEZOKtG70I+EsA6KxURPr7Y22NeMyQs5SvgaglyK3HQIqlWXydwAmm77KQzk2/6JUOg2Oflw
1oYVrUwWVEyVCX8OS+AdctwQhTciQTjkAUIZ/O2HsdnfNr8yNFPlbEBQNJS/1Ej5Aw==
itgnkpZHF9S63RltaYcYnzT2+FW7pmre2fVRTaACL1wk9Ctmy7Qv0xt5daI9uqb3TzyKFOa8ncBC+Qk=
sUVfAPKQWkQm2FlAtzBU8oYgOMJxdxrhIlhu8h+NTGC4inBoGUapRpQU5kmVqlSROteIitpP+Qo=
ay6x40CZQYENn9kOabIEDe3Gqw31jDM+uon+BXMQWs7wtWUvJQdpky/bDlCkP+wtk6yVAxsnDAn68zVKXpu4hRL0S6ZrNI+T+nlVYl06xjdvPGpUBjw9ACL5aQ==
0UpoQfQqLd5qPYD44vvW+8i/MAxwmZ2oNBJexavzaz+nzwE7IEyqB+Ixndy7H3Uf4lW0M3sWsCPWGbyExTrljAEPVJn7PpOCiOuhTESIaATTHCz5Zw==
