tlp0Oe102x6Ckmn8P6m7PHLt00Ti+WJLfNiqnyd8KDTi695p8zoCfd26qohaVElYhL3sclDta739xwDRYr1WJJnSUdzVtx9ZN0dBUvnAfSx4YHw0Iwcg+Ws=
t8RuSPkLJbp9bP5yC3dgbN/4242Yog+Y1FQMv6lj2N23iAxpRuYQl1yK3HQIqlWXyNwBnG7+Kgzk2/6JUOw1Oflw
Qe78lD1aX4L/9mH3q8yqJcaRZiUzbSY8zS0wRyKDiQW4p19cfEq1BnEKzosVO3a0t8TYWiAybx8DJBoGTr7jWfYwbLvDayzL/NTKwvCqqKRxppo5OirZP3eprAyAniDU0Ubvys0mFtA+TnQ9woOYclEL+UY=
Kf1XxW3R23rmzznEZdWD5BFTX7bdgKOGIK9KZleW2gtyENF3cTqp9w21fJ0Y1Aduz6QLC0K/KXtfKid8I9zm3KJM/Ts++XU=
0qWHzEXpqRxH5T1E5BI73mIbwLkVREpYvMDwWOABk2W0Il6ZxctEBg2cmgJBnDkDH51stPAmwOyh/29yvR72aE72tAWyu3jKITP5fg==
D8paq3Ph6gwO3yNqm8v9kikfg7V99BhiED4MWyvL4NAOT3mBjHjJ3trEDWZhzSvPnMIsDOgyxR1PVJEEDgZaxKQTzrFw9CUx+Xg=
x9yGjl+21e6ZxPozAo0yZ2IUwL0cRkpYvMDwWOABk2W0Il6ZxctEBg2cmgJBnDkDH51stPAmwOyh/29yvR72aE72tAWyu3jKITP5fg==
UkFrk8tC2b2zcaGkwlr7XCkdibd/8AdiED4MWyvL4NAOT3mBjHjJ3trEDWZhzSvPnMIsDOgyxR1PVJEEDgZaxKQTzrFw9CUx+Xg=
yFmnCXtIjzaYIaNpXqkvzygdibd/8AdiED4MWyvL4NAOT3mBjHjJ3trEDWZhzSvPnMIsDOgyxR1PVJEEDgZaxKQTzrFw9CUx+Xg=
MNiYcnErsVbbkxzJh5Bufw+ewy7QctQXm2e4PG6j4S089FFSWkiV6tFhsyP8LnSgWH4dUY8YSUg+KgIoxP/WnUD4PT35dA==
YW8//JwW14yaVpzqUK97RQ6ewy7QctQXm2e4PG6j4S089FFSWkiV6tFhsyP8LnSgWH4dUY8YSUg+KgIoxP/WnUD4PT35dA==
qUkWUlQlj3VyomNYxBY+pThIluRFFlgw0MDwWOABk2W0Il6ZxctEBg2cmgJBnDkDH51stPAmwOyh/29yvR72aE72tAWyu3jKITP5fg==
Bn0toqOc6ka0F9lFEzPD2kgNpP4GdjGI4Jo8plD6RO/7vwh0rusRdRzMQVpaQIXS8TlDazxmxHg4ho3ZD5DZMN5ysuCEN6ZFYMAtNfl8
Ql/PgUofh6BqIqds++khoVOMwOoqTk/r9zyvalUAK3a4D+I2r9YCO1rwqWd5OqHn9dVUrUAUf75nBJN7yj+hy8fKT6ybnD6sSmzFKzb5fQ==
5yJRmJ2aw7ewrVD6GMeKBz84LD4Zoo/8KCV0hsbOYWBAMsw+0GI0R1vX2MzuE0Fd/KRxQlpYtboREROTfN4UEJgu/UaPCCmYfpriWERPdm0AKB0t+WQ=
M/KyqTkpWD1NPI9+98ys2FOMwOo1Tk/59zyvalUAK3a4D+I2r9YCO1rwqWd5OqHn9dVUrUAUf75nBJN7zT+hy8fKT6ybnD6sSmzFKzb5fQ==
TtEkeEHnB+oTSLPr/ntGXysfg7V99BhiED4MWyvL4NAOT3mBjHjJ3trEDWZhzSvPnMIsDOgyxRpPVJEEDgZaxKQTzrFw9CUx+Xg=
mRait6v3Sf9p3NkuXVH6MR4j8dh6Wq7NEcBvPnR/Po4LNmaj5mAl7/26JW95Reg1pHTbBjv037MJf2WDC/oTVP+8GrS2fMkjMvl5
qtYOXUVcV2Wx2K11LZSR0w2ewy7QctQXm2e4PG6j4S089FFSWkiV6tFhsyP8LnSgWH4dVo8YSUg+KgIoxP/WnUD4PT35dA==
YK0y7EotLbf4zoVV7EWWOV2pITy0nJhSYD2CpbFCXUj10RGS7YBT5hBvOobnFkprotCBl2E6uZfd9Sx9iFS3Dj/kO+s1vxlbr2qX3FNcdnxyDC0bLvll
Wib6/LkIN1l8uks466z5q0dX9a5ROXrFvshQplD6RO/7vwh0rusRdRzMQVpaQIXS8TlDazxmxHg4ho3eD5DZMN5ysuCEN6ZFYMAtNfl8
Bk0Uvz90rBdrjHdxzrOiTSgfg7V99BhiED4MWyvL4NAOT3mBjHjJ3trEDWZhzSvPnMIsDOgyxRpPVJEEDgZaxKQTzrFw9CUx+Xg=
33szsU7jT3tLUZvPFOuoJCkFhbdm5hhiED4MWyvL4NAOT3mBjHjJ3trEDWZhzSvPnMIsDOgyxRpPVJEEDgZaxKQTzrFw9CUx+Xg=
404wsVtDdvR8VPro8D0Kuisdibd/8AdiED4MWyvL4NAOT3mBjHjJ3trEDWZhzSvPnMIsDOgyxRpPVJEEDgZaxKQTzrFw9CUx+Xg=
kSn+ZkCFcfr+e+nWrBhzpCodibd/8AdiED4MWyvL4NAOT3mBjHjJ3trEDWZhzSvPnMIsDOgyxRpPVJEEDgZaxKQTzrFw9CUx+Xg=
+bVO0yARVjYxzxPYCSKUaSkfg7d6/hliED4MWyvL4NAOT3mBjHjJ3trEDWZhzSvPnMIsDOgyxRpPVJEEDgZaxKQTzrFw9CUx+Xg=
BeOiJ2U89/lV1M9wrVVt6igFhbdm5hhiED4MWyvL4NAOT3mBjHjJ3trEDWZhzSvPnMIsDOgyxRpPVJEEDgZaxKQTzrFw9CUx+Xg=
+8RqOzDibmJPpErqtMG2NCsFhbdm5hhiED4MWyvL4NAOT3mBjHjJ3trEDWZhzSvPnMIsDOgyxRpPVJEEDgZaxKQTzrFw9CUx+Xg=
Td41PRPcBB8G0+k3HZRffgyewy7QctQXm2e4PG6j4S089FFSWkiV6tFhsyP8LnSgWH4dVo8YSUg+KgIoxP/WnUD4PT35dA==
KA4E+TrwAxGRtja6IBR63Quewy7QctQXm2e4PG6j4S089FFSWkiV6tFhsyP8LnSgWH4dVo8YSUg+KgIoxP/WnUD4PT35dA==
/gDglhURH7Y0Wb+xmpEYRigfg7d6/hliED4MWyvL4NAOT3mBjHjJ3trEDWZhzSvPnMIsDOgyxRpPVJEEDgZaxKQTzrFw9CUx+Xg=
ch0ON2rpTsMfNRyyb+m9BVqx+kifPJNZyHanPHTwpCs591BZNwyE/dZyuDP8LnSgWH4dVo8YSUg+KgIoxP/WnUD4PT35dA==
kWaxqc+INTOMzc8D6GmTClqx+kifPJNZyHKlMnTwpCs591BZNwyE/dZyuDP8LnSgWH4dVo8YSUg+KgIoxP/WnUD4PT35dA==
0mj+GMsvalD9FyL1i6k+lJdW/wLJQ/Agt/t9Y47JX////zl11i4dZHk0Y7ZjFLdDgf/tM6NayyQH/MLkjlzhMzr5cQ==
Q7GBpX9qFNQqnIQN6ekgBe99eH0/wgfJ1oKdprIxVVuzqty0QMhN0xsc0oagIChAVdyK/tCu05i6nABua7kf1LoSbwBUinhbSSAsEOHjKOOf6vupBAo62NxavETIOvVny6ygDC7OylxkC975kHxVCflA
7zlHz+vh469CC3ve+k8XTiQOrizDEEEZTEnRFBP8QZvis02KzcbM/UAzRxYB1MShsor/Be2KWYkIZfs5d5XJjoudYqYUf1+x6jDT3PfUJ65vJOvLILsJOv+qR7zD3MYcwswdex75VQ==
pcxuEE2L4Nc1hAAqSgJVZZGnnN2UtRSfxkgBjZY2hteZwR5/QLkkl1yK3HQIqlWXyNwAnG7+Kgzk2/6JUOw1Oflw
+hY6V48zVnfE88iGklN7SEv99WDQZdQUxGG8O2bsqRkGog5TGUWW69AtjDP8LnSgWH4dVogYSEg+KgIoxP/WnUD4PT35dA==
7O+P3BwCvNjKcd+MwPBF/+fN+vW65Nd6QifO/KwrZgvShv7Mftqxl8sl3GeoGTYixbOONOoBWZvq8egLeHFMgPgq8MjZKKsmX7Nm7NZKVHF6dwguGS/5ag==
DVGZr7aVbQG1/fvOSMq+xpGnnN2UuhSbz0oBjZY2hteWwRp2Qrkkl1yK3HQIqlWVy9wNnW7+Kgzk2/6JUOw1Oflw
KCRu3wGVKusDkcm//GEm8eacvQgMboyTj38yncyghHrmR5Cuz4BfWkB345v6emtA5PYwGGlmjPr8tBNW01RnI3373R/ymruEt3xShF4c0RMq+WE=
oEaHn8aT9PJLkozbu1XIWkv99WDQZdQUxG68P2/uqRkGog5TFkWS4tItjDP8LnSgWH4dUIgYRUk+KgIoxP/WnUD4PT35dA==
HeuaaQJVD9FVbYISjc/GckhzIHCJlz/F3RPVs5xL+ljPTSOgv5zjyIyNze2uSg1jLyEHzJeaG7R3wRQ9nKBXSig3Cyty2pNwnPbIKBHGBEqUdPtG23S/c+R+RU+qerOUn7z69Nb8aWMS+Vk=
oZOGT1cmuU8YEurbsY7hu11Lv01iVT7DkD27yjxp6+MvxStcrU/735I7Tl5XzK7lluKowVZHbnR2oioAUYHHByTWzJevhpnhpjreexZtQnpy1bxbPIYEGLhmTb8KcJRRXpLygIQX5uXgYG0V+Vw=
v0LJfsmxepWogukObwnMBXMe0b5aCk5ohobxQ6MJzGywIV/Ujf9+UFKd1g9GlDpPII1stPAmwOyh/2lysB/2aE72tAWyu3jKITP5fg==
7LbVw8SqiGauMUbL9ygAkeacvQgMboyTj38yncyghHrmR5Cuz4BfWkB345v6emtA5PYwGGlmjPr8tBNW01RnI3353R7ymruEt3xShF4c0RMq+WE=
n54S9UX6eSWvezc/CHHfPkhzIHCJlz/F3RPVs5xL+ljPTSOgv5zjyIyNze2uSg1jLyEHzJeaG7R3wRQ9nKBYSiw+CSty2pNwnPnILBjEBEqUdPtG23S/c+V+RU6qerOUn7z69Nb8aWMS+Vk=
MD/cxOua8waAKqYnCRw1G11Lv01iVT7DkD27yjxp6+MvxStcrU/735I7Tl5XzK7lluKowVZHbnR2oioAUYHHByTZzJOmhJnhpjreexltRnNw1bxbPIYEGLhmTboKcJdRXpLygIQX5uXgYG0V+Vw=
FFwQzcWsU7uXUbOuXZLyDko/8Yw3Grv0V8F0fXwgOIoMPinr0lpzsPz5KGx4RKQKtHTbBjv037MOemWNCvoTVP+8GrS2fMkjMvl5
2tDsJ1+SgQNv+Tm/uvBwgMaRZiUwbSY8zS4wRyKDiQW4p19cfEq1BnEKzosVO3a0t8TYWiAybx8DJBoGTr7jWfYwbLvDayzL/NTKwvCqqKRxppo5OirZP3eprAyAniDU0UXqys0nFtA+TnQ9woOYclEL+UY=
uo8KwnJmYKcoYoVoD98rlRFTX7bdgKOGIK9KZleW2gtyENF3cTqp9w21fJ0Y1Aduz6QLC0O6KXteKid8I9zm3KJM/Ts++XU=
PZOSk4YlAK24HNgmjzlsMGIbwLkVREpYvMDwWOABk2W0Il6ZxctEBg2cmgJBnDkDH51stPAmwOyh/mpyvR/2aE72tAWyu3jKITP5fg==
BOH/pDZTJP1GdTYB2HOyOCkfg7V99BhiED4MWyvL4NAOT3mBjHjJ3trEDWZhzSvPnMIsDOgyxRxKVJEFDgZaxKQTzrFw9CUx+Xg=
lcwYPtkQo07wF5uwXRjxtmIUwL0cRkpYvMDwWOABk2W0Il6ZxctEBg2cmgJBnDkDH51stPAmwOyh/mpyvR/2aE72tAWyu3jKITP5fg==
6SzXZjFtxw3brEAROn+q1ikdibd/8AdiED4MWyvL4NAOT3mBjHjJ3trEDWZhzSvPnMIsDOgyxRxKVJEFDgZaxKQTzrFw9CUx+Xg=
oGMZ1Wg+iOeme7ocW2nzzigdibd/8AdiED4MWyvL4NAOT3mBjHjJ3trEDWZhzSvPnMIsDOgyxRxKVJEFDgZaxKQTzrFw9CUx+Xg=
2ZzxZHRWQe9hqe2kAef7vw+ewy7QctQXm2e4PG6j4S089FFSWkiV6tFhsyP8LnSgWH4dUIoYSUk+KgIoxP/WnUD4PT35dA==
OT94jlpBPNOidkAZTOKiXg6ewy7QctQXm2e4PG6j4S089FFSWkiV6tFhsyP8LnSgWH4dUIoYSUk+KgIoxP/WnUD4PT35dA==
x1ktcG/DibaQMFJRcFKiuzhIluRFFlgw0MDwWOABk2W0Il6ZxctEBg2cmgJBnDkDH51stPAmwOyh/mpyvR/2aE72tAWyu3jKITP5fg==
VAeMMBeMrhor8k8yVvf8a0gNpP4GdjGI4Jo8plD6RO/7vwh0rusRdRzMQVpaQIXS8TlDazxmxHg4ho3YCpDZMd5ysuCEN6ZFYMAtNfl8
bAA0hP1Ww+S/4eG18hY0alOMwOoqTk/r9zyvalUAK3a4D+I2r9YCO1rwqWd5OqHn9dVUrUAUf75nBJN7yzqhy8bKT6ybnD6sSmzFKzb5fQ==
UCSVW21zbK7KUSjMsQrJEj84LD4Zoo/8KCV0hsbOYWBAMsw+0GI0R1vX2MzuE0Fd/KRxQlpYtboREROTfN4UEJgu/UCKCCmZfpriWERPdm0AKB0t+WQ=
zsn50scxOchRGL04fT9RaVOMwOo1Tk/59zyvalUAK3a4D+I2r9YCO1rwqWd5OqHn9dVUrUAUf75nBJN7yzqhy8bKT6ybnD6sSmzFKzb5fQ==
KMJmdrryHonlNG4O5dWJeysfg7V99BhiED4MWyvL4NAOT3mBjHjJ3trEDWZhzSvPnMIsDOgyxRxKVJEFDgZaxKQTzrFw9CUx+Xg=
Z2yrTnBdzJocFMz12u6kpR4j8dh6Wq7NEcBvPnR/Po4LNmaj5mAl7/26JW95Reg1pHTbBjv037MPemWDCvoTVP+8GrS2fMkjMvl5
GqkoKXkeZ/PE631EhdvTFw2ewy7QctQXm2e4PG6j4S089FFSWkiV6tFhsyP8LnSgWH4dUIoYSUk+KgIoxP/WnUD4PT35dA==
Hh/UT5Y3LHvgZYYLxWHk1l2pITy0nJhSYD2CpbFCXUj10RGS7YBT5hBvOobnFkprotCBl2E6uZfd9Sx9iFS3Dj/kO+szuhlbrmqX3FNcdnxyDC0bLvll
Q0jMOWd2tJR4iEkvPYhtEEdX9a5ROXrFvshQplD6RO/7vwh0rusRdRzMQVpaQIXS8TlDazxmxHg4ho3YCpDZMd5ysuCEN6ZFYMAtNfl8
iwtNg7PAov+9DG/oQqEhfigfg7V99BhiED4MWyvL4NAOT3mBjHjJ3trEDWZhzSvPnMIsDOgyxRxKVJEFDgZaxKQTzrFw9CUx+Xg=
Q6SGRiTyNDcFSUQ2gXtNuCkFhbdm5hhiED4MWyvL4NAOT3mBjHjJ3trEDWZhzSvPnMIsDOgyxRxKVJEFDgZaxKQTzrFw9CUx+Xg=
0QJU6bMmQFBZZXqYGEutJCsdibd/8AdiED4MWyvL4NAOT3mBjHjJ3trEDWZhzSvPnMIsDOgyxRxKVJEFDgZaxKQTzrFw9CUx+Xg=
Pa7MypQz86woJGcOn/0qBCodibd/8AdiED4MWyvL4NAOT3mBjHjJ3trEDWZhzSvPnMIsDOgyxRxKVJEFDgZaxKQTzrFw9CUx+Xg=
tB60qee2aX4tY9zwtbfcMFqx+kifPJNZyHanPHTwpCs591BZNwyE/dZyuDP8LnSgWH4dUIoYSUk+KgIoxP/WnUD4PT35dA==
sWyz3q3zvEQd7hmldbAZRFqx+kifPJNZyHKlMnTwpCs591BZNwyE/dZyuDP8LnSgWH4dUIoYSUk+KgIoxP/WnUD4PT35dA==
RN9BXIS8tONCHthjVzVxxU87Lhj+hsTfxepiChnZkP3lL2X1jSMX5KL/qsqO2dWt/Ec6e1gUOGAt90P0E0/a+pHXCPaD75G+Y31athh2QKbSULvsLxSf/geEczurOoGLZkrv7LucHuzq7GVrFvld
nEvsFJmFs7D+pRwLHHknp0p6IHCJwniDnwjZr54OohiqVzGtj5y3namqwOW0A1N5Kz8GidzHOalizj1+hbdeVTg9NSYf7dY+nPbELl7AR3SLdPtG23S/c+96RUOqerOUn7z69Nb8aWMS+Vk=
Kgm3r6aJKxfyy7Gs9Mowi+REncJnCCsZnXRscmgIYoc5dArykmBOFFdyWBYSJnSU5fW9j5Dlal/fBcSum9Jide47dZ/j6qm1kHJaNgJiGJhxuF1ErSrtrFlfyRpjb0xihfiJjOz44ORvbxT5Xw==
fh5PEx9GR4h4iIRnDsv+++REncJnCCoZnXRscmgIYoc5dArykmBOFFdyWBYSJnWU5fW9j5Dlal/fBcSum9Jide47dZ/j6qm1kHJaNgJiGJhxuF1ErSrtrFlfyRpjb0xihfiJjOz44ORvbxT5Xw==
RPGzavruF1ODrUIDxRsRMEp6IHCJwnvYyhLOpIQfjxicQgTs+c7j24ycs6qvV0M/YWEAidrBGbVl6g8t1YMbEnoPNSYf7dY+nPbELl7AR3SLdPtG23S/c+96RUOqerOUn7z69Nb8aWMS+Vk=
7fedVenfK9k02HUog6/aNk87Lhj+hsTfxepiChnZkP3lL2X1jSNDt5zK7MrXrreio0d/IwVBJHEG8VX9ISrL5ZnzR6qe75G+Y31athh2QKbSULvsLxSf/geEczurOoGLZkrv7LucHuzq7GVrFvld
0a+IIAHcZVxIlXHK+dNjb+Z9eH0/wgbGkoSXmOBrAhDJ4ZDqOddN0wRMhpmvbGQaBobY+POu1NLpgRNlXfwTzrpGbxJ3xiwZdyQsEOHjKOeW/fypBAo62NxavETIOvVkyqyhDS7OylxkC975kHxVCflA
Odb/J6JMXl9VAUotFtxpouVEncJnCC0ZnXRscmgIYoc5dArykmAaSGlDFxRLURWbuvX40cL0cETKUYjw4s1tIrJwI9eP6qm1kHJaNgJiGJhxuF1ErSrtrFlfyRpjb0xihfiJjOz44ORvbxT5Xw==
rvVKRV8WvPr9JuuXSF0qdUp6IHCJwniDnwjZr54OohiqVzGtj5zjwZebj+ftdDAtISVU3JTHDrJBj0Rhi/oEHHVnWSYf7dY+nPbELl7AR3SLdPtG23S/c+96RUOqerOUn7z69Nb8aWMS+Vk=
69dTF/s+0P7lVzA32u4IN+d9eH0/wgLGkoSXmOBrAhDJ4ZDqOdcXgFIRycu9BAgFVs3Ypqi+l5i3hxNjW9wPyZ50PENZhWlAVyQsEOHjKOeW/fypBAo62NxavETIOvVkyqyhDS7OylxkC975kHxVCflA
Q9VTRzzN9wq2vePjzWPL46tGnZPKl7png348dnMr20hSiLcwEqsdg5hcKsPeY6Gi2cbY1azjekljf05ZNCeBORpOhe58F/YFcH391vfNzk6E9tzeRuAvBMO0M5Zz1MfjV/q90xIa28RXfDLE/pxxUwr5QQ==
OrgpoPlEQuslsrgC3IEI772z5pxai8BtFnQv2kR/hEMCGeQ8mKIugntWDqbK7OobE2UvNBsWJ/WH1cMmk3c+Fljl6WOF9/FpWEZZOdQ5Vr+470zA9hYMaOgykAApmiqOhWtG5OaylBnq7+hmaRf5Qg==
3ySs/p0zbCtoS4bjmc/CW72z5pxai8FtFnQv2kR/hEMCGeQ8mKIugntWDqbK7OobE2UvNBsWJ/WH1cMmk3c+Fljk6WOF9/FpWEZZOdQ5Vr+470zA9hYMaOgykAApmiqOhWtG5OaylBnq7+hmaRf5Qg==
AE1jTpAU1wuwhx6OwPmAT+Lzo8be2K7XTirJhc3cz0Xz0hh8TCQdpobZ30hpUiwIKOOJi86sid1KqOtJdPJIpjkScwnA8sm1XL3WIwB7vGxecmzUMMZATGHealJ9v3aIjpa05fLb+GphE/le
XB/uLsx4RCTr5spVJVYxCuLzo8be2K/XTirJhc3cz0Xz0hh8TCQdpobZ30hpUiwIKOOJi86sid1KqOtJdPJIpjkTcwnA8sm1XL3WIwB7vGxecmzUMMZATGHealJ9v3aIjpa05fLb+GphE/le
1/d4hQS9aHazeU6I6Y7MLOd9eH0/wgDGkoSXmOBrAhDJ4ZDqOdcXj1IVwMm9BAgFVs3Yo6i+l5i3hxNjW9wPyZ50PENZhWlAVyQsEOHjKOeW/fypBAo62NxavETIOvVkyqyhDS7OylxkC975kHxVCflA
jxVuu9RaBB8mFdWQbySWbatGnZPKl7tng348dnMr20hSiLcwEqsdg5hcKsPeY6Gi2cbY1azjekljf05ZNCeBORpOhe59F/YFcH391vfNzk6E9tzeRuAvBMO0M5Zz1MfjV/q90xIa28RXfDLE/pxxUwr5QQ==
n/jLK1I7xbpyhoUeVK8nOqcahWA/2hgMJkdGmWQPbmCSwVDL8wM/JjfEcdu8fNE7MnOdtY2N3ILL4Ij1jlBxFlVwuDqS0Dgmr+oAFFlHNW5bXTLGAHZYVjpwg7xnVNdO32SbqxO6+RvO6jccc1xWvJKMTVsO+UU=
etR2bzDFF5SdqifRRDAhkOB9eH0/wgfGkpyTn+BrOUSzqty0X8hN0wRMmZmvbGQaBobHt+j6w832xFk7Q/gSyJphPENDg2lcTyUsEOHjKOeW/fypBAo62NxavETIOvVkyqyhDS7OylxkC975kHxVCflA
hDK1kl20JypuRyvfIUeMBmUV8+kwq9jcP/viXCDRgUKbu4PS91yv5aTTxJkWlZpjSSoujCzolVwZvL76Nhx8DU8qcWo3KRs+AXcGBKE25LBOdemyVrj/97PizcXUKva2rrrcaJWwYWTxYok83edl2o+XSHKhsNXskHBEVKu3+Pmz
upOHtvRfYqOLINaj17jaEOB9eH0/wgbGk9/CmvNnGAHftdL5GoMHg2lTydKwYXQVVdiR5eLdw8LmykkrEKZEhcANI0wO2SIWH0gsEOHjKOeW/fypBAo62NxavETIOvVkyqyhDS7OylxkC975kHxVCflA
CBs18mEayFehxsVfVcNV7atGnZPKl7s812QrfWk69khknYJxZvlHytUGWdyOKL6vycmM37axLlVyVEhPPRXkclYQ/PFzWr5MPSeR1vfNzk6E9tzeRuAvBMO0M5Zz1MfjV/q90xIa28RXfDLE/pxxUwr5QQ==
jprvgv4Mh4PGHz5yGiZydYLKJzMlI3ckh3UgQybYvxS9p2pTP1OiHWgX2ZUaM2z97IiJSxFzbRUfOywXefDBF6BnIKuPJnaVlsTPvvCqqa1spdY7MGPcNG6qrAyAniDU0Ubqys0nFtA+TnQ9woOYclEL+UY=
9M0Yf9A+mzqIEFVbqvaIj047Lhj+hsWEkPB1AQPIvf3TOlC0+UB29JrYqpHVyZDnokE6fV40JGcJxRCqalCAqceKSqSRh/2+Y31athh2QKbSULvsLxSf/geEczurOoGLZkrv7LucHuzq7GVrFvld
0GrXG5TAWyv3Smm2rz8Del9Cv01iAHrehzyg3SQ9nqN8ygwQ6R/xzpAuLxlW0eC+2KKvhFdbKz8rgDcVXqiEHynZ0Zy3uJSMkX+QexZhRDV0loJEPIYEGLhmTbgKcJlRXpLygIQX5uXgYG0V+Vw=
O+/N0iM76gFCpYHyvkEDzl9Cv01iAHrehzyg3SQ9nqN8ygwQ6B/xzpAuLxlW0eC92KKvhFdbKz8rgDcVXqiEHynZ0Zy3uJSMkX+QexZhRDV0loJEPIYEGLhmTbgKcJlRXpLygIQX5uXgYG0V+Vw=
D/Mi/tA1iLRpSJxM9EuMHb2z5pxai8JtFnQv2kR/hEMCGeQ8mKJ7k3dEHaa1m9ZPXCAgNBsWJ/WH1cMmk3c+Fljk8W+F7ud2WEZZOdQ5Vr+470zA9hYMaOgykAApmiqOhWtG5OaylBnq7+hmaRf5Qg==
Qc9SfjCu10hZtiQHotPz6mCY23SGvl2AxqpHie+jeVyxOHnDksfMTB5ZAEifiqbuvSV7+h7+upvoDQvR1bq/r6hueUHEMVaniIcs+CbezDCYmjD4uRKqFjWDply2+tTBGsfIHnkf+Vo=
PNbMUBxBFdNBfxxKNjZFvtJ4EyYSiijTPHl2Ta36SiC+/wXvthtaVVrVoYi0hlxxOX1SBuFD7koL7xio8EjtoiNffDgBCxj/luXMQeQiaqCc4mysaJKF/Eo0UaWOpprkpPMO0fAUZRH5WA==
/7SMYRa58eF52iog9Ne5XtJ4EyYSiijTPHl2Ta36SiC+/wXvthtZVVrVoYi0hlxxOX1SBuFD7koL7xio8EjtpSNffDgBCxj/luXMQeQiaqCc4mysaJKF/Eo0UaWOpprkpPMO0fAUZRH5WA==
SWLHm1aEQlqDr4euaqd5rb2z5pxai8JtFnQv2kR/hEMCGeQ8mKJ6k3dEHaa1m9ZPXCAgNBsWJ/WH1cMmk3c+Fljn8W+F7ud2WEZZOdQ5Vr+470zA9hYMaOgykAApmiqOhWtG5OaylBnq7+hmaRf5Qg==
xVeHwJwYYVdL6sqF/QaycpdW/wLJQ/Agt/t9Y47JX////zl11i4dZHk0Y7ZjFLdDh/rtM6JayyQH/MLkjlzhMzr5cQ==
UY/CgW8/h6zpUwuzaqs9uiQOrizDEEEZTEnRFBP8QZvis02KzcbM/UAzRxYB1MShsor/Be2KWYkIZfs5d5XJjoudYqYUf1+x6jDT3PfUJ65vJOvLKbkJO/6qR7zD3MYcwswdex75VQ==
UF2uKi0Ctb8saKzaqelKX+99eH0/wgfJ1oKdprIxVVuzqty0QMhN0xsc0oagIChAVdyK/tCu05i6nABua7kf1LoSbwBUinhbSSAsEOHjKOOf6vupBAo62NxavETIOvVuyayhDS7OylxkC975kHxVCflA
eiGbZUEidAWr0FAdhcdTH5GnnN2UtRSfxkgBjZY2hteZwR5/QLkkl1yK3HQIqlWTy9wLmm7+Kgzk2/6JUOw1Oflw
A8NkY1EO8IzwPbPTSjq9N0v99WDQZdQUxGG8O2bsqRkGog5TGUWW69AtjDP8LnSgWH4dVYsYQ04+KgIoxP/WnUD4PT35dA==
wSBx6nmIcoNyAPzF2I51iUhzIHCJlz/F3RPVs5xL+ljPTSOgv5zjyIyNze2uSg1jLyEHzJeaG7R3wRQ9nKBYSiw+CSty2pNwnPnILBjEBEqUdPtG23S/c+15RUmterOUn7z69Nb8aWMS+Vk=
BGbVdOpvaTU1rMNAM6d+lF1Lv01iVT7DkD27yjxp6+MvxStcrU/735I7Tl5XzK7lluKowVZHbnR2oioAUYHHByTZzJOmhJnhpjreexltRnNw1bxbPIYEGLhmTbsIcJNWXpLygIQX5uXgYG0V+Vw=
e/C/WsguxUfLwuYXN3ot711Lv01iVT7DkD27yjxp6+QvxStcrU/735I7Tl5XzK7lluKowVZHbnR2oioAUYHHByTZzJOmhJnhpjreexltRnNw1bxbPIYEGLhmTbMIcJNWXpLygIQX5uXgYG0V+Vw=
y8bZyTHjr6kf8ZeqdpVm1UhzIHCJlz/F3RPVs5xL+l/PTSOgv5zjyIyNze2uSg1jLyEHzJeaG7R3wRQ9nKBYSiw+CSty2pNwnPnILBjEBEqUdPtG23S/c+l/RUmterOUn7z69Nb8aWMS+Vk=
bhLfG2Tvko81OwM0z2ID511Lv01iVT7DkD27yjxp6+QvxStcrU/735I7Tl5XzK7lluKowVZHbnR2oioAUYHHByTZzJOmhJnhpjreexltRnNw1bxbPIYEGLhmTbwOcJNWXpLygIQX5uXgYG0V+Vw=
u6QTxk2DjpPMCHcTQMrmaEo/8Yw3Grv0V8F0fXwgOIoMPinr0lpzsPz5KGx4RKQKtHTbBjv037MIe2WIDfoTVP+8GrS2fMkjMvl5
BdWjVmKP+A2rk85MPVCwBVSmdOxHYiD2pCFDyIaNc+C7Nl930i6+ZLHiSTydZ6bfzxuPcuEwFezQ8IRU6zc4+XM=
SvPiSaKkH1KZryq7H40qgRkg1ohvMgffWlSluprblPNCbBzL+OkHOOIV/2A3rrsHFmZiRI3qTSz5n+ofg6Mr4mW46YwMuEBkzy80+X8=
Q7WfXyaw3fXHwcXxrye73id52xnPusrw5/v8Y1c0+diChEgtaPzTEabQvBWHOA/e1rCYQSNsBPcbyIBGbGhju+Ad7CSQlgCcge9vYpFoNtguZjSVUgs4OgEj+W4=
34H1xcmUwdVD6MWRZte1kW0EnqYvsmIkFmdLEnfA4tJIB3+WjHn/msCQAGJ7xTTfnMIsDOgyxRZPVJ0CDgZaxKQTzrFw9CUx+Xg=
LJNPtdSQx8H/Zq5HGo8yEyV52xnPusrw5/v8Y1c0+diChEgtaPzTEabQvBWHOA/e1rCYQSNsBPcbyIBGbGhju+Ad7CSQlgCcgeRvYpFoNtguZjSVUgs4OgEj+W4=
29sEubOF/0IhrmVlPEJGrm0EnqYvsmIkFmdLEnfA4tJIB3+WjHn/msCQAGJ7xTTfnMIsDOgyxR5OVJ0CDgZaxKQTzrFw9CUx+Xg=
AVv92Qbj6rqG9RB7d4cogCJ52xnPusrw5/v8Y1c0+diChEgtaPzTEabQvBWHOA/e1rCYQSNsBPcbyIBGbGhju+Ad7CSQlgCcgexuYpFoNtguZjSVUgs4OgEj+W4=
KYncpfUFmkJjcV/RBicR4W0EnqYvsmIkFmdLEnfA4tJIB3+WjHn/msCQAGJ7xTTfnMIsDOgyxR9OVJ0CDgZaxKQTzrFw9CUx+Xg=
QRQ64E4XbsV7qibZZF/P8CN52xnPusrw5/v8Y1c0+diChEgtaPzTEabQvBWHOA/e1rCYQSNsBPcbyIBGbGhju+Ad7CSQlgCcge1uYpFoNtguZjSVUgs4OgEj+W4=
PoHl8Vq9qOHNyLL8l1YHu20EnqYvsmIkFmdLEnfA4tJIB3+WjHn/msCQAGJ7xTTfnMIsDOgyxRpOVJ0CDgZaxKQTzrFw9CUx+Xg=
AuvdjJOFRcqfcFG0oGtBgSJ52xnPusrw5/v8Y1c0+diChEgtaPzTEabQvBWHOA/e1rCYQSNsBPcbyIBGbGhju+Ad7CSQlgCcgehuYpFoNtguZjSVUgs4OgEj+W4=
B+d84bktqUnSBObEvLCQI20EnqYvsmIkFmdLEnfA4tJIB3+WjHn/msCQAGJ7xTTfnMIsDOgyxRhOVJ0CDgZaxKQTzrFw9CUx+Xg=
AdNJwJAI4lSKL1wIWiU+jyN52xnPusrw5/v8Y1c0+diChEgtaPzTEabQvBWHOA/e1rCYQSNsBPcbyIBGbGhju+Ad7CSQlgCcgepuYpFoNtguZjSVUgs4OgEj+W4=
Z/KTO4PT1vtNAkuCxXEUrW0EnqYvsmIkFmdLEnfA4tJIB3+WjHn/msCQAGJ7xTTfnMIsDOgyxRpLVJwCDgZaxKQTzrFw9CUx+Xg=
wMBdDPGFZjR7NL++UCkEDCR52xnPusrw5/v8Y1c0+diChEgtaPzTEabQvBWHOA/e1rCYQSNsBPcbyIBGbGhju+Ad7CSQlgCcgehrYpBoNtguZjSVUgs4OgEj+W4=
dt+OfFrrkpqkZccc4BuXkhlF9KVNPGbE/4Yq4FajA6antAp26KMXYhzNdx5AFIjW6zFcezxmxHg4ho3cC5DUNt5ysuCEN6ZFYMAtNfl8
DXDajtYU36pgkqWzrER5Sm0EnqYvsmIkFmdLEnfA4tJIB3+WjHn/msCQAGJ7xTTfnMIsDOgyxRdLVJwCDgZaxKQTzrFw9CUx+Xg=
FEZddW7KapxiLizPoqD3jyV52xnPusrw5/v8Y1c0+diChEgtaPzTEabQvBWHOA/e1rCYQSNsBPcbyIBGbGhju+Ad7CSQlgCcgeVrYpBoNtguZjSVUgs4OgEj+W4=
bPSz1aphSc+wyCi+2FAcjhlF9KVNPGbE/4Yq4FajA6antAp26KMXYhzNdx5AFIjW6zFcezxmxHg4ho3aCpDUNt5ysuCEN6ZFYMAtNfl8
S5ioMd3Ius+925MPSj6CzzSJna8VHPzyzgc4Wy3AjeYsjS8rN4jzYBSBk4h27WPgq9Yvt4KODuQhgrl8TUeV2r/637JRkIVsIJBUFNsXKPlj
aFiXWh0Xu2Kvb4LWsWXeum0EnqYvsmIkFmdLEnfA4tJIB3+WjHn/msCQAGJ7xTTfnMIsDOgyxRpKVJwCDgZaxKQTzrFw9CUx+Xg=
tUfs8y8xmsnes9MCubTPPCV52xnPusrw5/v8Y1c0+diChEgtaPzTEabQvBWHOA/e1rCYQSNsBPcbyIBGbGhju+Ad7CSQlgCcgehqYpBoNtguZjSVUgs4OgEj+W4=
nJgHbjKwNcVhn3BNwr3tu20EnqYvsmIkFmdLEnfA4tJIB3+WjHn/msCQAGJ7xTTfnMIsDOgyxRtKVJwCDgZaxKQTzrFw9CUx+Xg=
i59RKf1grhZ2gLAQ4fQyqiR52xnPusrw5/v8Y1c0+diChEgtaPzTEabQvBWHOA/e1rCYQSNsBPcbyIBGbGhju+Ad7CSQlgCcgelqYpBoNtguZjSVUgs4OgEj+W4=
ADyh89Wx88euk/vkBJb2XDSJna8VHPzyzgc4Wy3AjeYsjS8rN4jzYBSBk4h27WPgq9Yvt4KODuQhgrl8TUeR2r/637JRkIVsIJBUFNsXKPlj
UzP/pxNs718FFONsk4BaECgFhbdm5hhiED4MWyvL4NAOT3mBjHjJ3trEDWZhzSvPnMIsDOgyxRpOVJgDDgZaxKQTzrFw9CUx+Xg=
uJ3Waz3NJof2ALb8oX/05wiDopQaanuHmHFSp8hJf0FQFm3FxvSwP12/1IqFGBqe+RvGa605DEiokhCgabwurszNxkSmkpQ5qk9oxik3+WI=
KOlcMXMWPyZalmbSochIzCsFhbdm5hhiED4MWyvL4NAOT3mBjHjJ3trEDWZhzSvPnMIsDOgyxRlOVJgDDgZaxKQTzrFw9CUx+Xg=
Nqytn6AeaO+E3cpM/QTuXwiDopQaanuHmHFSp8hJf0JQFm3FxvSwP12/1IqFGBqe+RvGa605DEiokhCgab8urszNxkSmkpQ5qk9oxik3+WI=
htF37LMFaSW3V4kIcvhJsr2z5pxai8NtFnQv2kR/hEMCGeQ8mKJ5iXFEAb60m9ZPXCAgNBsWJ/WH1cMmk3c+Fljk8W+F7ud2WEZZOdQ9X6i/70zA9hYMaOgykAApniuOj21G5OaylBnq7+hmaRf5Qg==
9x5Vg77ZMgF0qISxFCMc172z5pxai8BtFnQv2kR/hEMCGeQ8mKJ5iXFEAb60m9ZPXCMgNBsWJ/WH1cMmk3c+Fljk8W+F7ud2WEZZOdQ9X6i/70zA9hYMaOgykAApmiqOj21G5OaylBnq7+hmaRf5Qg==
uCv+unQZg+PzLT9NMpUbuFSmdOxHYiD2pCFDyIaNc+C6Nl930i6+ZLHiSTydZ6/azx2OcuEwFezQ8IRU6zc4+XM=
sbRqelmCoJfRe409kEmDlRkg1ohvMgffWlSluprblPNCbBzL+OkHOOIV/2A2rrsHFmZiRI3qTSz5n+Mag6Uq4mW46YwMuEBkzy80+X8=
H9nwH+shTJoBTCSUE0kRJSd52xnPusrw5/v8Y1c0+diChEgtaPzTEabQvBWHOA/e1rCYQSNsBPcbyIBHbGhju+Ad7CSQlgCcgeRqYpdpNtguZjSVUgs4OgEj+W4=
N+kcF0nfLr9vh6WF21KuZG0EnqYvsmIkFmdLEnfA4tJIB3+WjHn/msCRAGJ7xTTfnMIsDOgyxR5JVJsDDgZaxKQTzrFw9CUx+Xg=
vSrDTKRBL7jB/Xjmo4dMDyR52xnPusrw5/v8Y1c0+diChEgtaPzTEabQvBWHOA/e1rCYQSNsBPcbyIBHbGhju+Ad7CSQlgCcgexpYpdpNtguZjSVUgs4OgEj+W4=
q0462bNGb75cTusK5sUfo1SmdOxHYiD2pCFDyIaNc+C5Nl930i6+ZLHiSTydZ6HZzx2OcuEwFezQ8IRU6zc4+XM=
IKWc8rZ87bVSueuHMB63IBkg1ohvMgffWlSluprblPNCbBzL+OkHOOIV/2A1rrsHFmZiRI3qTSz5n+0Zg6Uq4mW46YwMuEBkzy80+X8=
Ebc3aixY6Bj2QwktL8sfhSd52xnPusrw5/v8Y1c0+diChEgtaPzTEabQvBWHOA/e1rCYQSNsBPcbyIBEbGhju+Ad7CSQlgCcgeppYpdpNtguZjSVUgs4OgEj+W4=
8CuMXdD2NbZ1fKjd/kJHoG0EnqYvsmIkFmdLEnfA4tJIB3+WjHn/msCSAGJ7xTTfnMIsDOgyxRlJVJsDDgZaxKQTzrFw9CUx+Xg=
YlXZc4p7q0hO6CCJ8jeCsyR52xnPusrw5/v8Y1c0+diChEgtaPzTEabQvBWHOA/e1rCYQSNsBPcbyIBEbGhju+Ad7CSQlgCcgetpYpdpNtguZjSVUgs4OgEj+W4=
9AJdYQu4Yetaa9RjVbHv272z5pxai8BtFnQv2kR/hEMCGeQ8mKJ5iXFEAb60m9ZPXCMgNBsWJ/WH1cMmk3c+Fljk8W+F7ud2WEZZOdQ5Vr+470zA9hYMaOgykAApkSiOj21G5OaylBnq7+hmaRf5Qg==
uDaWnesIPN1rwtYLVwSQi72z5pxai8NtFnQv2kR/hEMCGeQ8mKJ5iXFEAb60m9ZPXCAgNBsWJ/WH1cMmk3c+Fljk8W+F7ud2WEZZOdQ5Vr+470zA9hYMaOgykAApmC+Oj21G5OaylBnq7+hmaRf5Qg==
+4xyVWrmK+ar4miHRWvA2ryz5pxai8NtFnQv2kR/hEMCGeQ8mKJ5iXFEAb60m9ZPXCAgNBsWJ/WH1cMmk3c+Fljk8W+F7ud2WEZZOdQ9X6i/70zA9hYMaOgykAApny+Oj21G5OaylBnq7+hmaRf5Qg==
4N4Pdzxt+RryP3S2Sicbzryz5pxai8BtFnQv2kR/hEMCGeQ8mKJ5iXFEAb60m9ZPXCMgNBsWJ/WH1cMmk3c+Fljk8W+F7ud2WEZZOdQ9X6i/70zA9hYMaOgykAApmy6Oj21G5OaylBnq7+hmaRf5Qg==
1F3AawLqcGhmPjW7IzcFgLyz5pxai8NtFnQv2kR/hEMCGeQ8mKJ5iXFEAb60m9ZPXCAgNBsWJ/WH1cMmk3c+Fljk8W+F7ud2WEZZOdQ5Vr+470zA9hYMaOgykAApnSmOjm1G5OaylBnq7+hmaRf5Qg==
N+7igJbPt2ftfzUu/LoFO7yz5pxai8BtFnQv2kR/hEMCGeQ8mKJ5iXFEAb60m9ZPXCMgNBsWJ/WH1cMmk3c+Fljk8W+F7ud2WEZZOdQ5Vr+470zA9hYMaOgykAApnSmOjm1G5OaylBnq7+hmaRf5Qg==
n7GWesm1r6C22yROTmaFMwOidflAcFPo9idUyIe7N/rvO0ps1jy/ZLHiSTydZ6LZzxyOcuEwFezQ8IRU6zc4+XM=
DrjoEKCV2AP2qmq2Wh1OggCidflAcFPo9idUyIe7N/rvO0ps1jy/ZLHiSTydZ6HZzxyOcuEwFezQ8IRU6zc4+XM=
vOcm3UXT6alqIvGQJ8zdTCoFhbdm5hhiED4MWyvL4NAOT3mBjHjJ3trEDWZhzSvPnMIsDOgyxRxIVJoDDgZaxKQTzrFw9CUx+Xg=
aIMTvRmRMxSMxKM/JnfU2G3NjAUqHpXk6zUMB8odVLff4bRwxW+qGgBtqelsUPnG2tw9XY6h4ffcOnykSFo1hMjM6uuuroq8ZCueWRDcFSn5YA==
NBHtEryL3jKGDbVALbqMYS0Fhbdm5hhiED4MWyvL4NAOT3mBjHjJ3trEDWZhzSvPnMIsDOgyxRpIVJoDDgZaxKQTzrFw9CUx+Xg=
I6l14GVEMLxgsc5qxPQcsW3NjAUqHpXk6zUMB8odVLff5rRwxW+qGgBtqelsUPnG2tw9XY6h4ffcOnykSFo1gsjM6uuuroq8ZCueWRDcFSn5YA==
QUnPhjJo0/E1NH74dC71Zbyz5pxai8NtFnQv2kR/hEMCGeQ8mKJ/iXFEAb60m9ZPXCAgNBsWJ/WH1cMmk3c+Fljm8W+F7ud2WEZZOdQ9X6i/70zA9hYMaOgykAApnS+Ojm1G5OaylBnq7+hmaRf5Qg==
DxSPqX78DXEV4ZGy/3ZyhLyz5pxai8BtFnQv2kR/hEMCGeQ8mKJ/iXFEAb60m9ZPXCMgNBsWJ/WH1cMmk3c+Fljm8W+F7ud2WEZZOdQ9X6i/70zA9hYMaOgykAApmi6Ojm1G5OaylBnq7+hmaRf5Qg==
6yl+Q5gErcVGoZbnzQQQvpPKjFYIifd4MjXPYASO68dmhhLEHUod7Mm//RqTw9qitdh5DLwY8KSfz0T5Dw==
W1mvzBFNWi7aA0Vww1o3kkXqcONGZCDrpCFDyIaNc+C4Nl930i6+ZLHiSTydZ6/azxuOcuEwFezQ8IRU6zc4+XM=
VEL9bMBDaC8MjiX4/kqgplTS+81YAGnI1j0Dq8RQNgdrVSPJ3Mb+JV2/1IqFGBqe+QjJb7c5DEiokhCgaborrsjNxkSmkpQ5qk9oxik3+WI=
bxiNgNtjqwrEmflLiqumIA5C9IIZJnqX7M1g8lb5N+/7vwh0rusRdRzMQVpaQIXS8TlDazxmxHg4ho3dC5DUN95ysuCEN6ZFYMAtNfl8
IooV+IRq/01AN7hO1L0e7ePzo8be2KvXTirJhc3cz0Xz0hh8TCQQppvWznRkagsIdriZz9+nlcpHtNp4c+BvwGBTXxrA8sm1XL3WIwB7vGxecmzUMMZATGHdaFJwuXaIjpa05fLb+GphE/le
pMmbnWrjYVxebh42E+7VjuPzo8be2KjXTirJhc3cz0Xz0hh8TCQQppvWznRkagsIdbiZz9+nlcpHtNp4c+BvwGBTXxrA8sm1XL3WIwB7vGxecmzUMMZATGHdaFJwuXaIjpa05fLb+GphE/le
e14zqrbvK6vU52cbAUbqAXAmLRWmBDCv/Q8U2mVoGo7ZKYiz2tiM2Agi0PCJySi+6P2GlMZiFKkK/6iWyUf5cg==
uj/wRLj+bu5DtzxCSk5tHnja6sZgYbHFXBwhqlqw5ROwhe7qvPYkCPjWregIoPTnnoLScASnBvWgkM1F+Qw=
XkzW/31+wpMR9koSidkp8FkTZ6bdgKOGIK9KZleW2gtyENF3cTqp9w21fJ0Y1Aduz6QLC0e7KXRYKid8I9zm3KJM/Ts++XU=
eEOFqgz1I5yH4/2ioCMi7jjny+cnQUbt+iOqORALMDu4TPc0jZgYO1rwqWd5OqHn5tpQt0AUf75nBJN7zzuhxMDKT6ybnD6sSmzFKzb5fQ==
mkxCiL/8tGPMNLOsT6BWeywFhbdm5hhiED4MWyvL4NAOT3mBjHjJ3trEDWZhzSvPnMIsDOgyxR1JVJ4DDgZaxKQTzrFw9CUx+Xg=
PLC8nZgmGUl8RVGscTwXfG3NjAUqHpXk6zUMB8odVLff57RwxW+qGgBtqelsUPnG2tw9XY6h4ffcOnykSFo1hcnM7uuuroq8ZCueWRDcFSn5YA==
zCUFySOfqOXNNaEnjGML61TS+81YAGnI1j0Cq8RQNgdrVSPJ3Mb+JV2/1IqFGBqe+QjJb7c5DEiokhCgab4prsrNxkSmkpQ5qk9oxik3+WI=
LPJ3gA9j31cDRwYGlZKmuuPzo8be2KvXTirJhc3cz0Xz0hh8TCQBtYD8mUgwJU4Hd+PM1cisj9tqtOxtRqFBg21KRwrA8sm1XLnfNAd7vGxecmzUMMZATGHfaFJyuXaIjpa05fLb+GphE/le
TGPrrHoLg8pfJOvxGRiyf+Pzo8be2KjXTirJhc3cz0Xz0hh8TCQBtYD8mUgwJU0Hd+PM1cisj9tqtOxtRqFBg21KRwrA8sm1XLnfNAd7vGxecmzUMMZATGHUaFJyuXaIjpa05fLb+GphE/le
XRhGRrXG4JDVqsBJF3qtLBeWkDdom5lJ/9uaLKzI41ugPewEUPaAPMEPb4LSyba47kY0tRLruJrBQ/kO
LA9rsajqplLsTyDGhpeNEWxlPxK+NDC28A8JxXdfGtDUPJO3yNmM2Agi0PCJzS++6v2GlMZiFKkK/6iWyUf5cg==
253A2WwwlxyqvLtt1A3WqeacvQgMboyTj38yncyghGLnD8Cni4xVXU17pt7OXSIN0rpjEmV/yNr8tBNW01RnI3z/3Rz0mruEt3xShF4c0RMq+WE=
G+upAH/4rNP4kLHa9XYOSXH4jRWgv2wcN5z+xi53JS/42Y5otjYNL6qzuYRXWUdrjLrsdVDZGPqpxhfXar5WJJnSUdzVtxpbN0dGUvnAfSx4YHw0Iwcg+Ws=
4WoFirv7eXFETJ+jgHkAXo6aXAzNnbgjjQMoyzYMTF8cUozcqALlKEpksTPOVvpUJIMu4bCExUH5CA==
A0/60h91oMzXS0JZp/EyGXWK4+svOPSFXQkwpw2HoF+mmOT7vPYkCPjWre0KoPnnnoLScASnBvWgkM1F+Qw=
bmBpWp5RnRU5kSuRO1jp11zsLDSuj/wXYSGzqKVfUUr+wgi27YBJ5hN8OILgFgVt6dGUhmxtjtKA4j16iFS3Dj/kO+s3uRlbqGqX3FNcdnxyDC0bLvll
+emGWnKiopC6KdD8FfL0kgi51lZrWIO4unRQGcoNVbPf8fV02GCzJkN/pOlxT+vx2oIwSput5OfcOnykSFo1hMnM6e6urYq8ZCueWRDcFSn5YA==
ay7jVwjhE7F0JTBalzI7/Gb73k3IpvBGOigKOtUXRVdbPtH49LtgZT8o9tJe6tLpeCcRZO8pj6vE6jRVOOng+tH2//cybp5k0SLpvH0ng9iv3yvyAnA17LAwJNQLdxj5Uw==
iXFECWSPUS1fTxGZ3uKHmTYb8lsUhbmBpbqQsg+As/UgV+mthyca2MQks5/44cwQWPqwGPk2qDZ9YCY/dtrU4dqnSP45P/l6
yU72IqBbNA0NpVdbZgb6Mg3zoiCOKMUXxmy8LSCg7C0h60NlWhaY7stprDP8LnSgWH4dV48YQUo+KQIoxP/WnUD4PT35dA==
zY9BA4ktaWEQS7m5VBsJMw3zoiCOKMUXxmy8LSCg7C0h60NlWhaY7stprDP8LnSgWH4dWo4YQUo+KQIoxP/WnUD4PT35dA==
+Pr+IwacnWMKLLaSfJNxsGxlPxK+NDC28A8JxXdfGtDUPJO3yNmM2Agi0PCJySq+7/iGl8ZiFKkK/6iWyUf5cg==
WfowhtSDsHGiw/3lEVOS6TZXx7oWX0d7gYm/D+lGwGa3LFORyMtZGR+rmlxMmCMLAI1stPAmwOyh+mpytxz2a072tAWyu3jKITP5fg==
vJEzvqHA6IG/1oEQzj8GfnEexqxhsWhrGSMBHHjI494DR3SBkWfb6dqaAGJ7xTTfnMIsDOgyxRZKVJsGDgVaxKQTzrFw9CUx+Xg=
ZOu6ywOU+t71P3GuH4DUKTYb8lsUhbmBpbqQsg+As/UgV+mthyca2MQks5/44cwQWPqwGPkwqTZ/YCY/dtrU4dqnSP45P/l6
Rif94NWE+BXeg4NjJmFnVShNiKJj52s2ESMMWDjJ5NcOAH/KjW3Y043zSDt23CzPnMIsDOgyxRdIVJsGDgVaxKQTzrFw9CUx+Xg=
Ak8Np+CjVdlLVYvYzs0C9joGtxRZjPzB7rTUswiJvrIrHPWnhB1NsYx9vobg8cwQWPqwGPkyrzZ/YCY/dtrU4dqnSP45P/l6
WY+dxXZbUOYyCWWFQjkmdFuz9i6cL5JejGW8O27s52Y94UBfDX/Qt8ZwtCP8LnSgWH4dVI8YQ0o+KQIoxP/WnUD4PT35dA==
1Gtsg0gYqX7aNb8P/w0mk+Pzo8be2KvXTirJhc3cz0Xz0hh8TCQBtYD8mUgwJU4Hd+PM1cisj9tqtOxtRqFBg21KRwrA8sm1XL3WIwB7vGxecmzUMMZATGHVaFJxvHaLjpa05fLb+GphE/le
/zxVUToCjHiXD6uWLdh9IOPzo8be2KjXTirJhc3cz0Xz0hh8TCQBtYD8mUgwJU0Hd+PM1cisj9tqtOxtRqFBg21KRwrA8sm1XL3WIwB7vGxecmzUMMZATGHVaFJxvHaLjpa05fLb+GphE/le
j+FIJ5tNtjvHVJeHrP8Zznja6sZgYbHFXBwhqlqw5ROwhe7qvPYkCPjWreMIoPXinoHScASnBvWgkM1F+Qw=
4nk8qgjcPOae0gziHym5qXAmLRWmBDCv/Q8U2mVoGo7ZKYiz2tiM2Agi0PCJwSi+6fiGl8ZiFKkK/6iWyUf5cg==
O9dUkwuUw8LO2k5pyPolz1SmdOxHYiD2pCFDyIaNc+C7Nl930i6+ZLHiSTydZ6DezxeJcuIwFezQ8IRU6zc4+XM=
FVOYIk3lkOXq2ZtAVlhsZhkg1ohvMgffWlSluprblPNCbBzL+OkHOOIV/2A3rrsHFmZiRI3qTSz5n+weg68t4ma46YwMuEBkzy80+X8=
b7k+kQb4S2VDFAPLEBMo9SR52xnPusrw5/v8Y1c0+diChEgtaPzTEabQvBWHOA/e1rCYQSNsBPcbyIBGbGhju+Ad7CSQlgCcgetuYp1uNtsuZjSVUgs4OgEj+W4=
JiDK+czGwsvwI4SzoGXYJBlF9KVNPGbE/4Yq4FajA6antAp26KMXYhzNdx5AFIjW6zFcezxmxHg4ho3TDpDZMN5xsuCEN6ZFYMAtNfl8
TEU7cY4ZOptUBf09nzK9ajSJna8VHPzyzgc4Wy3AjeYsjS8rN4jzYBSBk4h27WPgq9Yvt4KODuQhgrl8TUeW27/22bJSkIVsIJBUFNsXKPlj
p4nfsteVx9NqiefbrTI05m0EnqYvsmIkFmdLEnfA4tJIB3+WjHn/msCQAGJ7xTTfnMIsDOgyxRxKVJAEDgVaxKQTzrFw9CUx+Xg=
kWOKNWJdtR/iABkTRbZGLCR52xnPusrw5/v8Y1c0+diChEgtaPzTEabQvBWHOA/e1rCYQSNsBPcbyIBGbGhju+Ad7CSQlgCcge5qYpxuNtsuZjSVUgs4OgEj+W4=
La7DaK7yPmF8fvLImMlMJRlF9KVNPGbE/4Yq4FajA6antAp26KMXYhzNdx5AFIjW6zFcezxmxHg4ho3ZCpDYMN5xsuCEN6ZFYMAtNfl8
efpPhp6wuuPMzNYvWIr+qG0EnqYvsmIkFmdLEnfA4tJIB3+WjHn/msCQAGJ7xTTfnMIsDOgyxRpKVJAEDgVaxKQTzrFw9CUx+Xg=
BboMBtlrW37TmQfeBjSuuiR52xnPusrw5/v8Y1c0+diChEgtaPzTEabQvBWHOA/e1rCYQSNsBPcbyIBGbGhju+Ad7CSQlgCcgehqYpxuNtsuZjSVUgs4OgEj+W4=
8T88Wl+Q5kBl55DfC5GFSm0EnqYvsmIkFmdLEnfA4tJIB3+WjHn/msCQAGJ7xTTfnMIsDOgyxRtKVJAEDgVaxKQTzrFw9CUx+Xg=
LQbcZXJg2pp7VX4Qx310FiV52xnPusrw5/v8Y1c0+diChEgtaPzTEabQvBWHOA/e1rCYQSNsBPcbyIBGbGhju+Ad7CSQlgCcgelqYpxuNtsuZjSVUgs4OgEj+W4=
CF0FEKpuDegy2oo3yU5brRlF9KVNPGbE/4Yq4FajA6antAp26KMXYhzNdx5AFIjW6zFcezxmxHg4ho3cCpDYMN5xsuCEN6ZFYMAtNfl8
nlBm6/qiUuy0IuthSOy6YjSJna8VHPzyzgc4Wy3AjeYsjS8rN4jzYBSBk4h27WPgq9Yvt4KODuQhgrl8TUeX2b/22bJSkIVsIJBUFNsXKPlj
lgfziXH6EHmQpvhF7FsXt20EnqYvsmIkFmdLEnfA4tJIB3+WjHn/msCQAGJ7xTTfnMIsDOgyxR9JVJAEDgVaxKQTzrFw9CUx+Xg=
AWLRgAeL8F6VqEpkr2m16CR52xnPusrw5/v8Y1c0+diChEgtaPzTEabQvBWHOA/e1rCYQSNsBPcbyIBGbGhju+Ad7CSQlgCcge1pYpxuNtsuZjSVUgs4OgEj+W4=
D6BXpvW92SzW1PpOw9MQBTSJna8VHPzyzgc4Wy3AjeYsjS8rN4jzYBSBk4h27WPgq9Yvt4KODuQhgrl8TUeU2b/22bJSkIVsIJBUFNsXKPlj
HFhdAf0fK9ixIOMwelTKhhyf0mhunc0eubjtReSRpgKAPewEUPaAPMEJaILczra77kY0tRLruJrBQ/kO
qO72yulwCUbXt8325QD/Lj4U+RJa3rqcqLiLoQaGtrMnV73nwURtsYx99sbY4cwQWPqwGPk1qDZ0YiY/dtrU4dqnSP45P/l6
XI4ybBh1Tx8zGRDczdHjf17jciGnl64XbCeC8bFQfgT1wBmjv4pTqFl1fMLhEQxgrtrfwzVNjtKAqn1CmFS3Dj/kO+s0uBlar2qU3FNcdnxyDC0bLvll
56PW7kJy8akDLc4UBAyqIeYoJypVIXMbPNIDQc60xFJVZ+cNXPaKoheWWgRVmrVMUS9lmAteRULeCDHM9OiYROc/PPl3
HMhssghxiV6B95e4E5/831njciGnl64XbCeC8bFQfgT1wBmjv4pTqFl1fMLhEQxgrtrfwzVNjtKAqn1CmFS3Dj/kO+s3uBlar2qU3FNcdnxyDC0bLvll
Z6swyPrgSi8n51c7DSLVKUhv4b/SDPt8mVmHS+h6v+FSXLCiwf9rjdBuHtLj/sak6TLhnCXXKFhHZnESCmDNrOjArHTzJzD5ew==
hC104iiQ+M8spPxJdNNJQ2kAxr8OXA98z4/xDOMIz2n0JFnfzsdOWFnI7TUEwWZSII1stPAmwOyh/G9yvB72a072tAWyu3jKITP5fg==
CRm8RDSRr0N/ZV/UCbDPc0hv4b/SDPt8mVmHS+h6v+FSXLCiwf9rjdBuHtLj/sak6TLhnCXXLV9HZnESCmDNrOjArHTzJzD5ew==
Uy7fm4PvDxPEGHuvPG0TR+YoJypVIXMbPNIDQc60xFJVZ+cNXPaKoheWWgRVmrVMUS9nnwteRULeCDHM9OiYROc/PPl3
gy9gQ/TkQmcwJCIcMOD861njciGnl64XbCeC8bFQfgT1wBmjv4pTqFl1fMLhEQxgrtrfwzVNjtKAqn1CmFS3Dj/kO+s1vxlar2qU3FNcdnxyDC0bLvll
Uy7fm4PvDxPEGHuvPG0TR+YoJypVIXMbPNIDQc60xFJVZ+cNXPaKoheWWgRVmrVMUS9nnwteRULeCDHM9OiYROc/PPl3
fbWbwP0vWjTiW8GeOMHkaljjciGnl64XbCeC8bFQfgT1wBmjv4pTqFl1fMLhEQxgrtrfwzVNjtKAqn1CmFS3Dj/kO+s1vxlar2qU3FNcdnxyDC0bLvll
IXNpuXCr2B0Yi7RuauC4wEhv4b/SDPt8mVmHS+h6v+FSXLCiwf9rjdBuHtLj/sak6TLhnCXXKV9HZnESCmDNrOjArHTzJzD5ew==
q+t+V77igYyT/99WNwGIcmkAxr8OXA98z4/xDOMIz2n0JFnfzsdOWFnI7TUEwWZSII1stPAmwOyh9W9yvB72a072tAWyu3jKITP5fg==
bs5SZXTpjMwKwq0BafFTN+YoJypVIXMbPNIDQc60xFJVZ+cNXPaKoheWWgRVmrVMUS9jngteRULeCDHM9OiYROc/PPl3
Lydg/rGMOB6yE6UgVhKwMl7jciGnl64XbCeC8bFQfgT1wBmjv4pTqFl1fMLhEQxgrtrfwzVNjtKAqn1CmFS3Dj/kO+sxvhlar2qU3FNcdnxyDC0bLvll
Xe4W8AJ7heh5K7zpRq3fx+YoJypVIXMbPNIDQc60xFJVZ+cNXPaKoheWWgRVmrVMUS9hngteRULeCDHM9OiYROc/PPl3
itsdCaN7JghjMmthuDVyG1njciGnl64XbCeC8bFQfgT1wBmjv4pTqFl1fMLhEQxgrtrfwzVNjtKAqn1CmFS3Dj/kO+szvhlar2qU3FNcdnxyDC0bLvll
9exn27tqNod2WqqTx2C/o2kAxr8OXA98z4/xDOMIz2n0JFnfzsdOWFnI7TUEwWZSII1stPAmwOyh/25yvB72a072tAWyu3jKITP5fg==
/1VbJzYJpeJwiPgvxFnYQW0EnqYvsmIkFmdLEnfA4tJIB3+WjHn/msCQAGJ7xTTfnMIsDOgyxRZOVJAEDgVaxKQTzrFw9CUx+Xg=
loI0JXpJP7mrXz/YJK3zeiJ52xnPusrw5/v8Y1c0+diChEgtaPzTEabQvBWHOA/e1rCYQSNsBPcbyIBGbGhju+Ad7CSQlgCcgeRuYpxuNtsuZjSVUgs4OgEj+W4=
GaCcLPS1zraS9qdzaa2JHBlF9KVNPGbE/4Yq4FajA6antAp26KMXYhzNdx5AFIjW6zFcezxmxHg4ho3aC5DRMd5xsuCEN6ZFYMAtNfl8
Vmk3fT+6xqtSY5pSR2lajzSJna8VHPzyzgc4Wy3AjeYsjS8rN4jzYBSBk4h27WPgq9Yvt4KODuQhgrl8TUeV27//2LJSkIVsIJBUFNsXKPlj
nPyuaWL/r2bNcGKC903XAcaRZiUzbSY8zS0wRyKDiQW4p19cfEq1BnEKzosVO3a0t8TYWiAybx8DJBoGTr7jWfYwbLvDayzL/NTKwvCqqKRxppo5OirZP3eprAyAniDU0UTqysMgFtM+TnQ9woOYclEL+UY=
jB9eZWVx3hWHjKLJNnxuKxFTX7bdgKOGIK9KZleW2gtyENF3cTqp9w21fJ0Y1Aduz6QLC0C6KXVZKiR8I9zm3KJM/Ts++XU=
4PSBaXIJ1lXhBNfB8H8foGIbwLkVREpYvMDwWOABk2W0Il6ZxctEBg2cmgJBnDkDH51stPAmwOyh/Wpysxj2a072tAWyu3jKITP5fg==
F3odriD5ooIKJMUIJf55zikfg7V99BhiED4MWyvL4NAOT3mBjHjJ3trEDWZhzSvPnMIsDOgyxR9KVJ8CDgVaxKQTzrFw9CUx+Xg=
vNLQgw9YJS11CynNfv6c22IUwL0cRkpYvMDwWOABk2W0Il6ZxctEBg2cmgJBnDkDH51stPAmwOyh/Wpysxj2a072tAWyu3jKITP5fg==
NSFbiePyjQVcAoJvm/iR7ikdibd/8AdiED4MWyvL4NAOT3mBjHjJ3trEDWZhzSvPnMIsDOgyxR9KVJ8CDgVaxKQTzrFw9CUx+Xg=
3kv3CsTFBQOrwYRpCKz8zigdibd/8AdiED4MWyvL4NAOT3mBjHjJ3trEDWZhzSvPnMIsDOgyxR9KVJ8CDgVaxKQTzrFw9CUx+Xg=
pufayRsg42km9mG8U618zA+ewy7QctQXm2e4PG6j4S089FFSWkiV6tFhsyP8LnSgWH4dU4oYR04+KQIoxP/WnUD4PT35dA==
4B6cpWwyQTi7MaXGcbtBFA6ewy7QctQXm2e4PG6j4S089FFSWkiV6tFhsyP8LnSgWH4dU4oYR04+KQIoxP/WnUD4PT35dA==
v+7tTxbsg19nBKVcQglnYzhIluRFFlgw0MDwWOABk2W0Il6ZxctEBg2cmgJBnDkDH51stPAmwOyh/Wpysxj2a072tAWyu3jKITP5fg==
zHWp1vS7VSFBbWYiT407kkgNpP4GdjGI4Jo8plD6RO/7vwh0rusRdRzMQVpaQIXS8TlDazxmxHg4ho3bCpDXNt5xsuCEN6ZFYMAtNfl8
KzthakshO7ll7hMjMQfWAFOMwOoqTk/r9zyvalUAK3a4D+I2r9YCO1rwqWd5OqHn9dVUrUAUf75nBJN7yDqhxcHKTKybnD6sSmzFKzb5fQ==
8+t273kLrgnRret4Dcbrlj84LD4Zoo/8KCV0hsbOYWBAMsw+0GI0R1vX2MzuE0Fd/KRxQlpYtboREROTfN4UEJgu/UOKCCeefpniWERPdm0AKB0t+WQ=
L6iGDrpuYah8EkOpB65JCFOMwOo1Tk/59zyvalUAK3a4D+I2r9YCO1rwqWd5OqHn9dVUrUAUf75nBJN7yDqhxcHKTKybnD6sSmzFKzb5fQ==
uqyDMT0TRc5yWR7eml39yisfg7V99BhiED4MWyvL4NAOT3mBjHjJ3trEDWZhzSvPnMIsDOgyxR9KVJ8CDgVaxKQTzrFw9CUx+Xg=
2AyS6vjEQ88yT5TQBw9heB4j8dh6Wq7NEcBvPnR/Po4LNmaj5mAl7/26JW95Reg1pHTbBjv037MMemWNDfoQVP+8GrS2fMkjMvl5
c0b7C7mCEsGZzWQB4IYj2A2ewy7QctQXm2e4PG6j4S089FFSWkiV6tFhsyP8LnSgWH4dU4oYR04+KQIoxP/WnUD4PT35dA==
TYK2NxUIvgGleb77KQ1COl2pITy0nJhSYD2CpbFCXUj10RGS7YBT5hBvOobnFkprotCBl2E6uZfd9Sx9iFS3Dj/kO+swuhlVqWqU3FNcdnxyDC0bLvll
6cpYQ2/sKmGVmAQ8dX3cP0dX9a5ROXrFvshQplD6RO/7vwh0rusRdRzMQVpaQIXS8TlDazxmxHg4ho3bCpDXNt5xsuCEN6ZFYMAtNfl8
D3CVs7tyZvnEYubzQZneNygfg7V99BhiED4MWyvL4NAOT3mBjHjJ3trEDWZhzSvPnMIsDOgyxR9KVJ8CDgVaxKQTzrFw9CUx+Xg=
xZF/5BKsvibVbJWKh3xfbykFhbdm5hhiED4MWyvL4NAOT3mBjHjJ3trEDWZhzSvPnMIsDOgyxR9KVJ8CDgVaxKQTzrFw9CUx+Xg=
arB/690nM37KtyZiWYgHMisdibd/8AdiED4MWyvL4NAOT3mBjHjJ3trEDWZhzSvPnMIsDOgyxR9KVJ8CDgVaxKQTzrFw9CUx+Xg=
swgsWSK63XPj9nhoyugeAiodibd/8AdiED4MWyvL4NAOT3mBjHjJ3trEDWZhzSvPnMIsDOgyxR9KVJ8CDgVaxKQTzrFw9CUx+Xg=
gt7PP9w0OlLNcAV3JhL10Ckfg7d6/hliED4MWyvL4NAOT3mBjHjJ3trEDWZhzSvPnMIsDOgyxR9KVJ8CDgVaxKQTzrFw9CUx+Xg=
/xoDloLnB7LFi4T6Iz7/NCgFhbdm5hhiED4MWyvL4NAOT3mBjHjJ3trEDWZhzSvPnMIsDOgyxR9KVJ8CDgVaxKQTzrFw9CUx+Xg=
dbSuzomQ/ZB2zsB4TQPScCsFhbdm5hhiED4MWyvL4NAOT3mBjHjJ3trEDWZhzSvPnMIsDOgyxR9KVJ8CDgVaxKQTzrFw9CUx+Xg=
MWcRl6hEI6DYr56QZcj1nAyewy7QctQXm2e4PG6j4S089FFSWkiV6tFhsyP8LnSgWH4dU4oYR04+KQIoxP/WnUD4PT35dA==
vFuQ23qAD+4s6xd96Ta/rQuewy7QctQXm2e4PG6j4S089FFSWkiV6tFhsyP8LnSgWH4dU4oYR04+KQIoxP/WnUD4PT35dA==
UyU3TuRZ3Gz9jlBU7H7U3igfg7d6/hliED4MWyvL4NAOT3mBjHjJ3trEDWZhzSvPnMIsDOgyxR9KVJ8CDgVaxKQTzrFw9CUx+Xg=
V/ikcIRdpcTGZmzSBQHKSlqx+kifPJNZyHanPHTwpCs591BZNwyE/dZyuDP8LnSgWH4dU4oYR04+KQIoxP/WnUD4PT35dA==
zC435WIJrHXbPPRJu1smGFqx+kifPJNZyHKlMnTwpCs591BZNwyE/dZyuDP8LnSgWH4dU4oYR04+KQIoxP/WnUD4PT35dA==
6Eqq3UTUuCrNSnRGnztXtk87Lhj+hsTfxepiChnZkP3lL2X1jSMX5KL/qsqO2dWt/Ec6e1gUOGAt90P0E0/a+pHXCPaD75G+Y31athh2QKbSULvsLxSf/geEczuoOoGFYUrs7LucHuzq7GVrFvld
/SgYnMM3SrrCXie9aUz/fkp6IHCJwniDnwjZr54OohiqVzGtj5y3namqwOW0A1N5Kz8GidzHOalizj1+hbdeVTg9NSYf7dY+nPbELl7AR3SLdPtG23S/c+x6RU2terCUn7z69Nb8aWMS+Vk=
8xQtvdC29suEvLnOMa1FOOREncJnCCsZnXRscmgIYoc5dArykmBOFFdyWBYSJnSU5fW9j5Dlal/fBcSum9Jide47dZ/j6qm1kHJaNgJiGJhxuF1ErSrtrFlfyhpjYUtihviJjOz44ORvbxT5Xw==
2uRqDOC+to9fcozh6QPgWOREncJnCCoZnXRscmgIYoc5dArykmBOFFdyWBYSJnWU5fW9j5Dlal/fBcSum9Jide47dZ/j6qm1kHJaNgJiGJhxuF1ErSrtrFlfyhpjYUtihviJjOz44ORvbxT5Xw==
BNaQrej7tttrD94CmrR4pUp6IHCJwnvYyhLOpIQfjxicQgTs+c7j24ycs6qvV0M/YWEAidrBGbVl6g8t1YMbEnoPNSYf7dY+nPbELl7AR3SLdPtG23S/c+x6RU2terCUn7z69Nb8aWMS+Vk=
spt68EBz8otXVrqRlAKPUU87Lhj+hsTfxepiChnZkP3lL2X1jSNDt5zK7MrXrreio0d/IwVBJHEG8VX9ISrL5ZnzR6qe75G+Y31athh2QKbSULvsLxSf/geEczuoOoGFYUrs7LucHuzq7GVrFvld
UodkWXdZgVPzJKtSQ0w+YeZ9eH0/wgbGkoSXmOBrAhDJ4ZDqOddN0wRMhpmvbGQaBobY+POu1NLpgRNlXfwTzrpGbxJ3xiwZdyQsEOHjKOeW/fypBAo62NxavETIOvVnyqyvCi7NylxkC975kHxVCflA
2e2ZRwfKJtaXjIQt84poW+VEncJnCC0ZnXRscmgIYoc5dArykmAaSGlDFxRLURWbuvX40cL0cETKUYjw4s1tIrJwI9eP6qm1kHJaNgJiGJhxuF1ErSrtrFlfyhpjYUtihviJjOz44ORvbxT5Xw==
1zDQK5OzymGLQk42hD7PKUp6IHCJwniDnwjZr54OohiqVzGtj5zjwZebj+ftdDAtISVU3JTHDrJBj0Rhi/oEHHVnWSYf7dY+nPbELl7AR3SLdPtG23S/c+x6RU2terCUn7z69Nb8aWMS+Vk=
DGLoGdl2gufz2bF4SYRTNed9eH0/wgLGkoSXmOBrAhDJ4ZDqOdcXgFIRycu9BAgFVs3Ypqi+l5i3hxNjW9wPyZ50PENZhWlAVyQsEOHjKOeW/fypBAo62NxavETIOvVnyqyvCi7NylxkC975kHxVCflA
QaP1pEiEQXPVVz6USPreW6tGnZPKl7png348dnMr20hSiLcwEqsdg5hcKsPeY6Gi2cbY1azjekljf05ZNCeBORpOhe58F/YFcH391vfNzk6E9tzeRuAvBMO0M5Zz1MfjVPq93RUa2MRXfDLE/pxxUwr5QQ==
nyAuk4DjHh7EBA+0Zw9Wvr2z5pxai8BtFnQv2kR/hEMCGeQ8mKIugntWDqbK7OobE2UvNBsWJ/WH1cMmk3c+Fljl6WOF9/FpWEZZOdQ5Vr+470zA9hYMaOgykAApmSqOi2xG5+aylBnq7+hmaRf5Qg==
vGHLYbOjIMDse9E5D+8Rob2z5pxai8FtFnQv2kR/hEMCGeQ8mKIugntWDqbK7OobE2UvNBsWJ/WH1cMmk3c+Fljk6WOF9/FpWEZZOdQ5Vr+470zA9hYMaOgykAApmSqOi2xG5+aylBnq7+hmaRf5Qg==
8oLjYcqxvoNn6g6JEIlSj+Lzo8be2K7XTirJhc3cz0Xz0hh8TCQdpobZ30hpUiwIKOOJi86sid1KqOtJdPJIpjkScwnA8sm1XL3WIwB7vGxecmzUMMZATGHdalJzuHaLjpa05fLb+GphE/le
lmPsu/xwHVPdGpJHQY5hkOLzo8be2K/XTirJhc3cz0Xz0hh8TCQdpobZ30hpUiwIKOOJi86sid1KqOtJdPJIpjkTcwnA8sm1XL3WIwB7vGxecmzUMMZATGHdalJzuHaLjpa05fLb+GphE/le
oIpVuIorekcIF5GfBxCpmud9eH0/wgDGkoSXmOBrAhDJ4ZDqOdcXj1IVwMm9BAgFVs3Yo6i+l5i3hxNjW9wPyZ50PENZhWlAVyQsEOHjKOeW/fypBAo62NxavETIOvVnyqyvCi7NylxkC975kHxVCflA
ewynD0yfC6D67x5OeQeIUatGnZPKl7tng348dnMr20hSiLcwEqsdg5hcKsPeY6Gi2cbY1azjekljf05ZNCeBORpOhe59F/YFcH391vfNzk6E9tzeRuAvBMO0M5Zz1MfjVPq93RUa2MRXfDLE/pxxUwr5QQ==
CeuMxnJLn7uSv3PjmBJAF6cahWA/2hgMJkdGmWQPbmCSwVDL8wM/JjfEcdu8fNE7MnOdtY2N3ILL4Ij1jlBxFlVwuDqS0Dgmr+oAFFlHNW5bXTLGAHZYVjpwg7xnVNdO32SbqxC6+RXJ6jQcc1xWvJKMTVsO+UU=
QG8uKSq3apC36X8iksn+GWUV8+kwq9jcP/viXCDRgUKbu4PS91yv5aTTxJkWlZpjSSoujCzolVwZvL76Nhx8DU8qcWo3KRs+AXcGBKE25LBOdemyVrj/97PizcXUKva2rrrcaJWwYWTxYok83edm2o+ZT3KisNXskHBEVKu3+Pmz
xJKxEsM9DZUFYJMEAyR+HKtGnZPKl7s812QrfWk69khknYJxZvlHytUGWdyOKL6vycmM37axLlVyVEhPPRXkclYQ/PFzWr5MPSeR1vfNzk6E9tzeRuAvBMO0M5Zz1MfjVPq93RUa2MRXfDLE/pxxUwr5QQ==
dHNsc5VLU2sqaJE563nmlYLKJzMlI3ckh3UgQybYvxS9p2pTP1OiHWgX2ZUaM2z97IiJSxFzbRUfOywXefDBF6BnIKuPJnaVlsTPvvCqqa1spdY7MGPcNG6qrAyAniDU0UXqysMgFtM+TnQ9woOYclEL+UY=
XnsGXZA5bcwqvLPynrrWUU47Lhj+hsWEkPB1AQPIvf3TOlC0+UB29JrYqpHVyZDnokE6fV40JGcJxRCqalCAqceKSqSRh/2+Y31athh2QKbSULvsLxSf/geEczuoOoGFYUrs7LucHuzq7GVrFvld
T+PAtdo2TsNSlb0XgOspXF9Cv01iAHrehzyg3SQ9nqN8ygwQ6R/xzpAuLxlW0eC+2KKvhFdbKz8rgDcVXqiEHynZ0Zy3uJSMkX+QexZhRDV0loJEPIYEGLhmTbsKcJdWXpHygIQX5uXgYG0V+Vw=
qoR90mst8vLYivEX5DJy/19Cv01iAHrehzyg3SQ9nqN8ygwQ6B/xzpAuLxlW0eC92KKvhFdbKz8rgDcVXqiEHynZ0Zy3uJSMkX+QexZhRDV0loJEPIYEGLhmTbsKcJdWXpHygIQX5uXgYG0V+Vw=
b6c6YxQLhtmynRb2EhvQ/pdW/wLJQ/Agt/t9Y47JX////zl11i4dZHk0Y7ZjFLdDhPrtPaVayCQH/MLkjlzhMzr5cQ==
lAdPddeRQfVvlld6i5A12iQOrizDEEEZTEnRFBP8QZvis02KzcbM/UAzRxYB1MShsor/Be2KWYkIZfs5d5XJjoudYqYUf1+x6jDT3PfUJ65vJOvLJrkJNfmqRLzD3MYcwswdex75VQ==
BiJCJa0JLIcx4FtaknNhY+99eH0/wgfJ1oKdprIxVVuzqty0QMhN0xsc0oagIChAVdyK/tCu05i6nABua7kf1LoSbwBUinhbSSAsEOHjKOOf6vupBAo62NxavETIOvVhyayvCi7NylxkC975kHxVCflA
xY3zbcYx/EwlU7FsSlivglSmdOxHYiD2pCFDyIaNc+C7Nl930i6+ZLHiSTydZ6/fzx2OcuIwFezQ8IRU6zc4+XM=
lvWtFMWn5Q0IggY4yGu21xkg1ohvMgffWlSluprblPNCbBzL+OkHOOIV/2A3rrsHFmZiRI3qTSz5n+Mfg6Uq4ma46YwMuEBkzy80+X8=
D0E9jXXxf6aJDBaeqZmTqSV52xnPusrw5/v8Y1c0+diChEgtaPzTEabQvBWHOA/e1rCYQSNsBPcbyIBGbGhju+Ad7CSQlgCcgeRvYpdpNtsuZjSVUgs4OgEj+W4=
W6JdFIVHVChaQtG26u3d+xlF9KVNPGbE/4Yq4FajA6antAp26KMXYhzNdx5AFIjW6zFcezxmxHg4ho3TD5DTN95xsuCEN6ZFYMAtNfl8
fVSUmcPnHORbS+Z82KSjnG0EnqYvsmIkFmdLEnfA4tJIB3+WjHn/msCQAGJ7xTTfnMIsDOgyxR9OVJsDDgVaxKQTzrFw9CUx+Xg=
L+wGg1bZCBM7pm4JkzrjQSR52xnPusrw5/v8Y1c0+diChEgtaPzTEabQvBWHOA/e1rCYQSNsBPcbyIBGbGhju+Ad7CSQlgCcge1uYpdpNtsuZjSVUgs4OgEj+W4=
rN1VmoNpsL5K17c1njb02xlF9KVNPGbE/4Yq4FajA6antAp26KMXYhzNdx5AFIjW6zFcezxmxHg4ho3bDpDTN95xsuCEN6ZFYMAtNfl8
Hi67eAklH+cLGrB6pvNPtDSJna8VHPzyzgc4Wy3AjeYsjS8rN4jzYBSBk4h27WPgq9Yvt4KODuQhgrl8TUeU3r/93rJSkIVsIJBUFNsXKPlj
KRG5xuhhU8cPAmrpzHaPgW0EnqYvsmIkFmdLEnfA4tJIB3+WjHn/msCQAGJ7xTTfnMIsDOgyxRpOVJsDDgVaxKQTzrFw9CUx+Xg=
XrdRMOSVKsKGbs2+6X7iESR52xnPusrw5/v8Y1c0+diChEgtaPzTEabQvBWHOA/e1rCYQSNsBPcbyIBGbGhju+Ad7CSQlgCcgehuYpdpNtsuZjSVUgs4OgEj+W4=
ryBryV2Qw24tueNqvl1zY20EnqYvsmIkFmdLEnfA4tJIB3+WjHn/msCQAGJ7xTTfnMIsDOgyxRtOVJsDDgVaxKQTzrFw9CUx+Xg=
hQ9J+tosppjJh4x53r/GvSV52xnPusrw5/v8Y1c0+diChEgtaPzTEabQvBWHOA/e1rCYQSNsBPcbyIBGbGhju+Ad7CSQlgCcgeluYpdpNtsuZjSVUgs4OgEj+W4=
wG7F8CHQA53Ntq3vIVyfJzSJna8VHPzyzgc4Wy3AjeYsjS8rN4jzYBSBk4h27WPgq9Yvt4KODuQhgrl8TUeR3r/93rJSkIVsIJBUFNsXKPlj
7soCF2bERc96PztIbpDDEUs99s16VvyjVMxyeDIqdo0DOQvmvzZstaa6fjUhFLZi2HTbBjv037MLf2WCDPoQVP+8GrS2fMkjMvl5
yAjKO8pCYMplIhcspTciUgGtLDyvi7kGJDa18KVYXkr/wFjmqIxOoFY6coXvGScu+4bIzTo64s2FpHIq9FS3Dj/kO+s3vxlaqGqU3FNcdnxyDC0bLvll
84zh0esVXzIDKcpG9SUsDufE6uD55pktSSrG6rlkJAOTy7jCY9W7nOktgzv+QG9t19viK+9bBc2zqLgZEB1MgPgq8MjZJKsmXbBm7tZKVHF6dwguGS/5ag==
jkVLvfYmturh3MPltrmSmoK3QgpCo2KtRotZIL2FPsOQ1JkMMQ42pvGwxJ8LTyiuyyF74NHJszf2VE8xDx+yhwfvhXFLDMjV2EksnOAu4CTxUOva5dTWYl7e9K0iM9gCcRv5Vg==
55zlzD2IcuqW+siwn6o4UR2lMHWwnKgHayHnputWUUL+zBvtqIxOoFY6coXvGScu+4bIzTo64s2FpHIq9FS3Dj/kO+sxuBlRrWqV3FNcdnxyDC0bLvll
ByBzuhcBzZB/vrOUsnyM5AmiJ3Xh0K4XcCao9+9WUUL+zBvtqIxOoFY6coXvGScu+4bIzTo64s2FpHIq9FS3Dj/kO+swuhlXrWqV3FNcdnxyDC0bLvll
Z5lRgPihRu/Exxa2FyfeQ1ztzVh1DtO0+WJZA9xZGL+cu7p13iuzIEEa7LA6GaOd2odnFtD7rIvcOnykSFo1gMrM7e6urIq8ZCueWRDcFSn5YA==
efi+N0YhlGxZsOaZ+tm1MsgOjDMHyWgNtq8nGn6D9ZLDR0dMHoG8hMNlzqupkwJnYtCzVyAVHK6aGfBlKBnXDJCOnsQ9ir1sqX/dGnOBfyLXGBkMnFgQJD8PJPlv
taZj3TxCLQIfuCXzmyAN+jXvM5sJo8YdpZs1LbnZ9wd/GknT1dyMFVYsqcEsC8s36M8IBGEHcsHW5tDdMiXq3Z1EWlrMlO9e10RDW7s5kaUVCj0MCxyOTBosNQsm+W0=
yytL2Ah62TgIKBtCvCh95OfE6uD55pktSSrG6rlkJAOTy7jCY9W7nOktgzv+QG9t19viK+9bBc2zqLgZEB1MgPgq8MjZIaomXbJm7tZKVHF6dwguGS/5ag==
QVXkVj3svQryn9/NokaApYK3QgpCo2KtRotZIL2FPsOQ1JkMMQ42pvGwxJ8LTyiuyyF74NHJszf2VE8xDx+yhwfvhXFLDMjV2EksnOAu4CTxVera5dbWYl7e9K0iM9gCcRv5Vg==
9vHjNBacOel6iw9/yYoTDedbnJYmTW1T/iBsf3sLeJYIbhCz92kYTWZPFxpOYyXSs+e3zI7hbETzBd6rubNyJ7JwI9eQ9azuyjkAZVg5B8wg7i5ErSrtrFlfyhpjZ01ih/iJjOz44ORvbxT5Xw==
MU0Y8CBTyk/ionGmXGzQiivH7vjm6MogJJOINYU9QG2OXx8aRnPN8uu3jwxWURTkW/VWKzEDmscKAHsXaCX0juIpCGVQKS8s+L5WBHXaVcwx70Ga6xflwn9I0czUKDjEB38c+Vc=
/pDTqBb61kbDnAA8neW4riK8lgbYq+wVYSVcfYJXGxpCe8Hi969rLDJp6NQXvZLrdUtWN7Z43/fMvWgebqGM5dSho7xkJvJk0SLpvH0nh9+v3ynyA3A17LAwJNQLdxj5Uw==
FP2AhUCc8IrM74+6zkdje+dbnJYmTW1T/iBsf3sLeJYIbhCz92kYTWZPFxpOYyXSs+e3zI7hbETzBd6rubNyJ7JwI9eQ9azuyjkAZVg5B8wg7i5ErSrtrFlfyx9jZ01ih/iJjOz44ORvbxT5Xw==
M8AwDAiyH2s0bGiMaHrrnTjfhSjS5wTc1+oZxa3jbVDPfyHXmdzaCykaBlrZ1KSz83t48gPlu6yJHUOLnvDv3bdrIhuPawX905h4qXCtzDCYmjD4uRGvFj2Cpl62+tTBGsfIHnkf+Vo=
T8aNMcH4G+4x2yIJYFa0oivH7vjm6MogJJOINYU9QG2OXx8aRnPN8uu3jwxWURTkW/VWKzEDmscKAHsXaCX0juIpCGVQKS8s+L5WBHXaVcwx70ub6xblwn9I0czUKDjEB38c+Vc=
xEXrcz54iG22m6xpKW7mHDjfhSjS5wTc1+oZxa3jbVDPfyHXmdzaCykaBlrZ1KSz83t48gPlu6yJHUOLnvDv3bdrIhuPawX905h4qXCtzDCYmjD4uRSpFjyCpl62+tTBGsfIHnkf+Vo=
sa/YQAOQZ7AijIyxZY0erzJ6jpJgq6CdoKw8LG57aWc021EPv7rZ0Nh3/4Y0MKC76AQyRG2SgMzjkfi8vf76kZbFQNHMBDG0tD3PzqDpATJ8VPRpDjx3U5ZmWmN8/lSwGI69K4ro5Dn+OCJ4RC+2jYBIXQ35RA==
fu9VQBQluhAJsBaXs+kvddG70I+EsA6KxURPr7Y22NeMyQs5SvgaglyK3HQIqlWWydwMnW78Kgzk2/6JUOw1Oflw
Ay89AAiXTU0HOJIyWbvMl9wQhTciQTjkAUIZ/O2HstnfOrgyM1DlbEBQNJS710j5Aw==
fBx5ZHIA2EFjQzih8w1fODT2+FW7pmre2fVRTaACL1wk9Ctmy7Qv0xh5da46uqH0TzyKFOa8mcNC+Qk=
stlp0mV9gstvfMAQd/uERIYgOMJxdxrhIlhu8h+NTGC4inBoGUWpRpgT5k6WqlSROteIjtlP+Qo=
vJEKQzFKql12Z4u08kWo7+3Gqw31jDM+uon+BXMQWs7wtWUvJQdpky/bDlCkP+wtk6yVAxsnDAn68zVKXpu4hRL0S6ZrNI+T+3lVblo6wTRvPGpUBjw5AyL5aQ==
dYINKx4iqNK3w8ZpOm/JMMi/MAxwmZ2oNBJexavzaz+nzwE7IEyqB+Ixndy7H3Uf4lW0M3sWsCPWGbyExTrljAEPVZn7MpSCj+ihTESIaATXHyz5Zw==
