nnJFeOWDV/E4dC5vOFg25nLt00Ti+WJLfNiqnyd8KDTi695p8zoCfd26qohaVElYhL3sclDta739xwDRYr1WJJnSUdzVtxlbN01CUv/AfSx4YHw0JgQg+Ws=
EhezuACbICrv1Ikq1Al1Xd/4242Yog+Y1FQMv6lj2N23iAxpRuYQl1yK3HQIqlWXytwLn274Kgzk2/6JUOk2Oflw
RZqsXpbsCytqxD6j2il+6caRZiUxbSY8zS8wRyKDiQW4p19cfEq1BnEKzosVO3a0t8TYWiAybx8DJBoGTr7jWfYwbLvDayzL/NTKwvCqqKRxppo5OirZP3eprAyAniDU0UDpysclFtY+TnQ9woOYd1IL+UY=
fxLkbDt4aA49vRItT3j7KRFTX7bdgKOGIK9KZleW2gtyENF3cTqp9w21fJ0Y1Aduz6QLC0W5KXFcKiF8I9zm3KJM+Dg++XU=
3wCViV6Ps4FyNogWTuLbcGIbwLkVREpYvMDwWOABk2W0Il6ZxctEBg2cmgJBnDkDH51stPAmwOyh+Wlytx32bk72tAWyu3jPIjP5fg==
yk1JFVfb3Iw3g5aKBiduxCkfg7V99BhiED4MWyvL4NAOT3mBjHjJ3trEDWZhzSvPnMIsDOgyxRtJVJsHDgBaxKQTzrFw8SYx+Xg=
SeFvSnWK78YSz+H6jIFx9GIUwL0cRkpYvMDwWOABk2W0Il6ZxctEBg2cmgJBnDkDH51stPAmwOyh+Wlytx32bk72tAWyu3jPIjP5fg==
rlTFpxPCaHN2fnpDOdm0gCkdibd/8AdiED4MWyvL4NAOT3mBjHjJ3trEDWZhzSvPnMIsDOgyxRtJVJsHDgBaxKQTzrFw8SYx+Xg=
D+uHZIafimkxft2+zY2wJCgdibd/8AdiED4MWyvL4NAOT3mBjHjJ3trEDWZhzSvPnMIsDOgyxRtJVJsHDgBaxKQTzrFw8SYx+Xg=
FPzs6/GSFrzjx9Iwh6LKlQ+ewy7QctQXm2e4PG6j4S089FFSWkiV6tFhsyP8LnSgWH4dV4kYQ0s+LAIoxP/WnUD9Pj35dA==
FDQvtPRhg8LWVjRMjXZ/mQ6ewy7QctQXm2e4PG6j4S089FFSWkiV6tFhsyP8LnSgWH4dV4kYQ0s+LAIoxP/WnUD9Pj35dA==
3aClGkvQdeMkHuw0wZdgmThIluRFFlgw0MDwWOABk2W0Il6ZxctEBg2cmgJBnDkDH51stPAmwOyh+Wlytx32bk72tAWyu3jPIjP5fg==
7AZYhVOBnYWTIH/wzzfXE0gNpP4GdjGI4Jo8plD6RO/7vwh0rusRdRzMQVpaQIXS8TlDazxmxHg4ho3fCZDTM950suCEN6ZFYMUuNfl8
Bd/oSSM9V6vZsgHll8s2UFOMwOoqTk/r9zyvalUAK3a4D+I2r9YCO1rwqWd5OqHn9dVUrUAUf75nBJN7zDmhwcTKSaybnD6sSmzAKDb5fQ==
nhvrad9lHZbLSVqXqXBc8z84LD4Zoo/8KCV0hsbOYWBAMsw+0GI0R1vX2MzuE0Fd/KRxQlpYtboREROTfN4UEJgu/UeJCCObfpziWERPdm0ALR4t+WQ=
jUZNWRzWOilhmSJafWZ2GVOMwOo1Tk/59zyvalUAK3a4D+I2r9YCO1rwqWd5OqHn9dVUrUAUf75nBJN7zDmhwcTKSaybnD6sSmzAKDb5fQ==
yLx4OnX6QUqSTF8ad6ZxFCsfg7V99BhiED4MWyvL4NAOT3mBjHjJ3trEDWZhzSvPnMIsDOgyxRtJVJsHDgBaxKQTzrFw8SYx+Xg=
dO9WFncsh4UdnCQgS8HySh4j8dh6Wq7NEcBvPnR/Po4LNmaj5mAl7/26JW95Reg1pHTbBjv037MIeWWJCPoVVP+8GrS2fMwgMvl5
OZQgeb6BEETqFn2IKRgMDQ2ewy7QctQXm2e4PG6j4S089FFSWkiV6tFhsyP8LnSgWH4dV4kYQ0s+LAIoxP/WnUD9Pj35dA==
4fI3rH3Py0EnCj5IVm09Ll2pITy0nJhSYD2CpbFCXUj10RGS7YBT5hBvOobnFkprotCBl2E6uZfd9Sx9iFS3Dj/kO+s0uRlRrGqR3FNcdnxyDCgYLvll
K2pK+ac/Veg1CKL/0bacMkdX9a5ROXrFvshQplD6RO/7vwh0rusRdRzMQVpaQIXS8TlDazxmxHg4ho3fCZDTM950suCEN6ZFYMUuNfl8
UyLhvPyYvc9yulC8pdALIigfg7V99BhiED4MWyvL4NAOT3mBjHjJ3trEDWZhzSvPnMIsDOgyxRtJVJsHDgBaxKQTzrFw8SYx+Xg=
aDr2jX9Y0ijs7g+Du7eDzlqx+kifPJNZyHanPHTwpCs591BZNwyE/dZyuDP8LnSgWH4dV4kYQ0s+LAIoxP/WnUD9Pj35dA==
2iBKoXvg4CADV/VODEJ8UFqx+kifPJNZyHKlMnTwpCs591BZNwyE/dZyuDP8LnSgWH4dV4kYQ0s+LAIoxP/WnUD9Pj35dA==
srAJz59P97rqURCzBUHPGpdW/wLJQ/Agt/t9Y47JX////zl11i4dZHk0Y7ZjFLdDgPntOaBazSQH/MLkjlzkMDr5cQ==
EJZ2gIcjv7NshotcpDBv6CQOrizDEEEZTEnRFBP8QZvis02KzcbM/UAzRxYB1MShsor/Be2KWYkIZfs5d5XJjoudYqYUf1+x6jDT3PfUJ65vJOvLIL8JMfyqQbzD3MYcwswYeB75VQ==
5lYYxs3oMXwQgfGOEpyX8u99eH0/wgfJ1oKdprIxVVuzqty0QMhN0xsc0oagIChAVdyK/tCu05i6nABua7kf1LoSbwBUinhbSSAsEOHjKOOf6vupBAo62NxavETIOvVnz6yrDy7IylxkC975kHlWCflA
IQyEav+/hx6H8nTLehfVX1qx8W/RY9QJxGG8O2bsqRkGog5TGUWW69AtjDP8LnSgWH4dUokYREs+LAIoxP/WnUD9Pj35dA==
UeO7HnnILCzChGEQh7RYBFX41l5qXMap+XBEHsgQXbSQsfww1GW0L0Y44d1WBqbHmdE+T4DpxOfcOnykSFo1hsnM7O+uqIq8ZCueWRDZFin5YA==
SC5AzzyTkyolefV9X58wA2L63hed5rcWYHx+YJdYMlkPfcPt46xwbzcopZIZoJ3hfmleaOouhq6DrwBycaTWuYL4+ux2Tp5k0SLpvH0nh9mv2iryB3A17LAwJNQOdBj5Uw==
a/64UUN8kkkJl7hc2lOmdBjah7AqUlmyoS73PBMBMDWwUOQyqN5Nc27K/zh4eazk9NQYklAUf75nBJN7yjmhxsTKSaybnD6sSmzAKDb5fQ==
e+Fa9hcRHdqB+uA3EvjWRGf63hed5rcWYHx+YJdYMlkPfcPt46xwbzcopZIZoJ3hfmleaOouhq6DrwBycaTWuYL4+ux2Tp5k0SLpvH0nhNmv2iryB3A17LAwJNQOdBj5Uw==
9wnSkbjf+4nOwBaYQf4c+Bjah7AqUlmyoS73PBMBMDWwUOQyqN5Nc27K/zh4eazk9NQYklAUf75nBJN7yjihxsTKSaybnD6sSmzAKDb5fQ==
oT6NXBZ1GQme8vq4V8u132T63hed5rcWYHx+YJdYMlkPfcPt46xwbzcopZIZoJ3hfmleaOouhq6DrwBycaTWuYL4+ux2Tp5k0SLpvH0nhNiv2iryB3A17LAwJNQOdBj5Uw==
ShorwFx5ehYB40Y2ShvzRhjah7AqUlmyoS73PBMBMDWwUOQyqN5Nc27K/zh4eazk9NQYklAUf75nBJN7zjihxsTKSaybnD6sSmzAKDb5fQ==
x9JqeEd5w8a4jA6oFTeq/GX63hed5rcWYHx+YJdYMlkPfcPt46xwbzcopZIZoJ3hfmleaOouhq6DrwBycaTWuYL4+ux2Tp5k0SLpvH0ngNiv2iryB3A17LAwJNQOdBj5Uw==
d/3doH7SnaujPAEY8WMl3hNc/uEaYGje8sJq4FHhB+ekuQxzpqRZQSaaHlsZTYbT8HV8ezxmxHg4ho3TDpDUM950suCEN6ZFYMUuNfl8
c0vtommhKgwk3zRhDPpAWxzX6s1dMWnJw3FB49BLNwMYVnzP2MH2ahWL7tzaGVmT+gnII4gpDEiokhCgab8rrsvJxkKmkpQ5qk9owyo3+WI=
F7hMETjbPw2l2HzFXOZBCEs99s16VvyjVMxyeDIqdo0DOQvmvzZstaa6fjUhFLZi2HTbBjv037MLemWLC/oVVP+8GrS2fMwgMvl5
JhYlvzZq+2Gq8X+IDAyVDQGtLDyvi7kGJDa18KVYXkr/wFjmqIxOoFY6coXvGScu+4bIzTo64s2FpHIq9FS3Dj/kO+s3uhlTr2qR3FNcdnxyDCgYLvll
eSgLKdfpZiJDk28bR/H4kLyqsJSPS7P1yaYVVrVAGlNLzKyJrn4gZD7ssLWAyjPPnEuaJR6b07DBikxAeklDrdq3h0aQCwwbXKocFIgKFXDKvMk87hhqLOS7PinQCXYZ+VA=
48M+zPjPHkWCb+BBIMGJcOvuwXoUnrb2XgIO6qyfaPR3HXzdFt+m9QdykaywSnJXZ9+aQSvcCIV4uazsQP6gdBFj6uoFhpa2/q50XYJjGNcSK/lm
M1qOi8z6rJeezIv2ok1PRbLFc0SprzkKhwe/DOjGKEKlVBJXS8iknb5qCAAeCJjh0B77i9wPUvFOz3tUYe7k1OrdyylaMw/SAJ+kf/xOtEDY3t01ivgB6L5MQsjE3xY9wB1+HflU
ZF7bLPH11v2aTJAx81biXevuwXoUnrb2XgIO6qyfaPR3HXzdFt+m9QdykaywSnJXZ9+aQSvcCIV4uazsQP6gdBFt6eoFhpa2/q50XYJjGNcSK/lm
UHbyNjhgeMAAsuWqWdUeTbDFc0SprzkKhwe/DOjGKEKlVBJXS8iknb5qCAAeCJjh0B77i9wPUvFOz3tUYe7k1OrdyylaMw/SAJ+kf/xOtEDY3t07ifgB6L5MQsjE3xY9wB1+HflU
N0CfOji4eqc0YPk8TjLl7evuwXoUnrb2XgIO6qyfaPR3HXzdFt+m9QdykaywSnJXZ9+aQSvcCIV4uazsQP6gdBFl6OoFhpa2/q50XYJjGNcSK/lm
xWJ57d90ZF5/unKINh/D7LPFc0SprzkKhwe/DOjGKEKlVBJXS8iknb5qCAAeCJjh0B77i9wPUvFOz3tUYe7k1OrdyylaMw/SAJ+kf/xOtEDY3t0ziPgB6L5MQsjE3xY9wB1+HflU
rRQp68qqIu/YLzLb0D9dXCtD1vU+v31zUXodHH/H/ZFePVm0t0v/msCQGmR53ibfnMIsDOgyxRdLVJoEDgBaxKQTzrFw8SYx+Xg=
kuUuoA0qbfW/QoJc4kl6aqKXvVpbao2Uy3Y1mtK8xyXsTIroiooeXUt5w5aXFnRFvrpmRTk0npKQtBNW01RnI3z73Rzzmr2Et3xShF4c1BAq+WE=
HBEl8wbeGqYyFwYGiQ55Lpi3JRAslN61PB0Ggb3/YjjigkosLETsUqgxncmVWiFOsgn4eiAJ/2yoXsaExTrljAEPVZr7MJWCi+ihTESIaATSHCz5Zw==
PQu80yZ+Kd0MFJE1KJRoVgGtLDyvi7kGJDa18KVYXkr/wFjmqIxOoFY6coXvGScu+4bIzTo64s2FpHIq9FS3Dj/kO+szvhlTrmqR3FNcdnxyDCgYLvll
YeQheDwZw4ihrh1mPe8SUbLFckSprzkKhwe/DOjGKEKlVBJXS8iknb5qCAAeCJjh0B77i9wPUvFOz3tUYe7k1OrdyylaMw/SAJ+kf/xOtEDY3t0wjvgB6b5MQsjE3xY9wB1+HflU
icA4/N7sizyVzgEv7zl3UuvuwXoUnrb2XgIO6qyfaPR3HXzdFt+m9QdykaywSnJXZ9+aQSvcCIV4uazsQP6gdBFi7uoFh5a2/q50XYJjGNcSK/lm
w2RKJXhZEm1IwA4rI7iOu7PFckSprzkKhwe/DOjGKEKlVBJXS8iknb5qCAAeCJjh0B77i9wPUvFOz3tUYe7k1OrdyylaMw/SAJ+kf/xOtEDY3t00jvgB6b5MQsjE3xY9wB1+HflU
UhFpDJ+6EMvIq66jjtSM0Ryf0mhunc0eubjtReSRpgKAPewEUPaAPMENa4LXz7a+7kY0tRLruJ/CQ/kO
fHS3bOZRya5X0pCA6/KY3D4U+RJa3rqcqLiLoQaGtrMnV73nwURtsYx99sbY4cwQWPqwGPkxqzZ/YyY6dtrU4dqnSPs6P/l6
U6QaZ2ZOTrxEcXMH1kbLzFzjciGnl64XbCeC8bFQfgT1wBmjv4pTqFl1fMLhEQxgrtrfwzVNjtKAqn1CmFS3Dj/kO+swuxlRrmqR3FNcdnxyDCgYLvll
FrNVsSFjm+lXZ2cz6e54B+vuwXoUnrb2XgIO6qyfaPR3HXzdFt+m9QdykaywSnJXZ9+aQSvcCIV4uazsQP6gdBFn6OoGh5a2/q50XYJjGNcSK/lm
MYVZIHxjNRBMppbUAPSGobLFc0SprzkKhwe/DOjGKEKlVBJXS8iknb5qCAAeCJjh0B77i9wPUvFOz3tUYe7k1OrdyylaMw/SAJ+kf/xOtEDY3t0xiPgC6b5MQsjE3xY9wB1+HflU
UP6E3nsy0iG/pK/ZM9dfVTJ6jpJiq6CdoK48LG57aWc021EPv7rZ0Nh3/4Y0MKC76AQyRG2SgMzjkfi8vf76kZbFQNHMBDG0tD3PzqDpATJ8VPRpDjx3U5ZmWmN8/lSwGI69K4jo5Dn+PCJ4RC+2jYBNXg35RA==
QaM7wHgUZfFWRFaw6Ij+4tG70I+EsA6KxURPr7Y22NeMyQs5SvgaglyK3HQIqlWWz9wMnW74Kgzk2/6JUOk2Oflw
jp7x5l2BJ64f3wfeQnKM39wQhTciQTjkAUIZ/O2Hsd/fOrgyN1DlbEBQNJS+1Ej5Aw==
KJe6SV2PHYPgb95zrpoNBzT2+FW7pmre2fVRTaACL1wk9Ctmy7Qv0xt/da46uqX0TzyKFOa8nMBC+Qk=
4QagIAuyy5XLgltrSUd5BIYgOMJxdxrhIlhu8h+NTGC4inBoGUavRpgT5kqWqlSROteIi9pP+Qo=
HpnisWAM4XzuD8tuKKGpDO3Gqw31jDM+uon+BXMQWs7wtWUvJQdpky/bDlCkP+wtk6yVAxsnDAn68zVKXpu4hRL0S6ZrNI+T+39Vblo6xTRvPGpUBjw8ACL5aQ==
DElvc/bqRYeDU1R1gLps1si/MAxwmZ2oNBJexavzaz+nzwE7IEyqB+Ixndy7H3Uf4lW0M3sWsCPWGbyExTrljAEPVZ/7MpSCi+ihTESIaATSHCz5Zw==
