noSyYfQXBWN7bNgMFW9ouHLt00Ti+WJLfNiqnyd8KDTi695p8zoCfd26qohaVElYhL3sclDta739xwDRYr1WJJnSUdzVtx9YN0ZGUv7AfSx4YHw0Igcg+Ws=
GbwISM5I1Iw6eH/qwyzOKd/4242Yog+Y1FQMv6lj2N23iAxpRuYQl1yK3HQIqlWSyNwAm275Kgzk2/6JUO01Oflw
ynohHsQ+TE1z0Pn8BQtB9MaRZiU3bSY8vikwRyLwiQW4p18vfEq1BnEKzotmO3a0t8TYWiBBbx8DJBoGTs3jWfYwbMjDayzL/KfKwvCqqKRxppo5OirZP3eprAyAniDU0UDoyswhFtc+TnQ9woOYc1EL+UY=
n5slmcyW6dE4iOkwWOMG6RFTX7bdgKOGIK9KZleW2gtyENF3cTqp9w21fJ0Y1Aduz6QLC0W4KXpYKiB8I9zm3KJM/Ds++XU=
OyHTCwwv2/6RoGt9CmtjEWIbwLkVREpYvMDwWOABk2W0Il6ZxctEBg2cmgJBnDkDH51stPAmwOyh+GhyvBn2b072tAWyu3jLITP5fg==
XqhwqbJLr5LvPucLL2ZNOCkfg7V99BhiED4MWyvL4NAOT3mBjHjJ3trEDWZhzSvPnMIsDOgyxRpIVJADDgFaxKQTzrFw9SUx+Xg=
8y0GLQfwSK3fFXjmXRvYHWIUwL0cRkpYvMDwWOABk2W0Il6ZxctEBg2cmgJBnDkDH51stPAmwOyh+GhyvBn2b072tAWyu3jLITP5fg==
6YD5lzowzt0EB0t1FyycSykdibd/8AdiED4MWyvL4NAOT3mBjHjJ3trEDWZhzSvPnMIsDOgyxRpIVJADDgFaxKQTzrFw9SUx+Xg=
TEYEbhloRplPPF+ufpNYPCgdibd/8AdiED4MWyvL4NAOT3mBjHjJ3trEDWZhzSvPnMIsDOgyxRpIVJADDgFaxKQTzrFw9SUx+Xg=
7wFz+Ulj7C5+Ab0y6sbqjA+ewy7QctQXm2e4PG6j4S089FFSWkiV6tFhsyP8LnSgWH4dVogYSE8+LQIoxP/WnUD5PT35dA==
3qzg6v4rW9eAAOK4N4tvOA6ewy7QctQXm2e4PG6j4S089FFSWkiV6tFhsyP8LnSgWH4dVogYSE8+LQIoxP/WnUD5PT35dA==
KCJZQvcgTHr6gJpLVDgk/DhIluRFFlgw0MDwWOABk2W0Il6ZxctEBg2cmgJBnDkDH51stPAmwOyh+GhyvBn2b072tAWyu3jLITP5fg==
f5KcaNQZ0r8zsHxOhPrcN0gNpP4GdjGI4Jo8plD6RO/7vwh0rusRdRzMQVpaQIXS8TlDazxmxHg4ho3eCJDYN951suCEN6ZFYMEtNfl8
1VW6p2DSIm+Tu+KlSkwRg1OMwOoqTk/r9zyvalUAK3a4D+I2r9YCO1rwqWd5OqHn9dVUrUAUf75nBJN7zTihysDKSKybnD6sSmzEKzb5fQ==
rXJgq/+BIcrd2/DIAhoe8D84LD4Zoo/8KCV0hsbOYWBAMsw+0GI0R1vX2MzuE0Fd/KRxQlpYtboREROTfN4UEJgu/UaICCiffp3iWERPdm0AKR0t+WQ=
rZ37AWuXPFEUQYs3jC1wqFOMwOo1Tk/59zyvalUAK3a4D+I2r9YCO1rwqWd5OqHn9dVUrUAUf75nBJN7zTihysDKSKybnD6sSmzEKzb5fQ==
188BQ1C8UJ7V2ERhCHL57ysfg7V99BhiED4MWyvL4NAOT3mBjHjJ3trEDWZhzSvPnMIsDOgyxRtIVJADDgFaxKQTzrFw9SUx+Xg=
kGfw08xxCJV7nIjEKu85/B4j8dh6Wq7NEcBvPnR/Po4LNmaj5mAl7/26JW95Reg1pHTbBjv037MIeGWCDPoUVP+8GrS2fMgjMvl5
yy0OaQ9SjT90D/NODnDE2A2ewy7QctQXm2e4PG6j4S089FFSWkiV6tFhsyP8LnSgWH4dV4gYSE8+LQIoxP/WnUD5PT35dA==
ZgaEZWrIwABIFtu0h+b+VF2pITy0nJhSYD2CpbFCXUj10RGS7YBT5hBvOobnFkprotCBl2E6uZfd9Sx9iFS3Dj/kO+s0uBlaqGqQ3FNcdnxyDCwbLvll
yYDrW4USQ7ILR1RtESFBiEdX9a5ROXrFvshQplD6RO/7vwh0rusRdRzMQVpaQIXS8TlDazxmxHg4ho3fCJDYN951suCEN6ZFYMEtNfl8
dgjcawVfSd7ZHG/mxXlFVygfg7V99BhiED4MWyvL4NAOT3mBjHjJ3trEDWZhzSvPnMIsDOgyxRtIVJADDgFaxKQTzrFw9SUx+Xg=
lns+CR01OL9NZCxnfrS/Glqx+kifPJNZyHanPHTwpCs591BZNwyE/dZyuDP8LnSgWH4dV4gYSE8+LQIoxP/WnUD5PT35dA==
XNmk/PZfYdwQXRwqv/q1N1qx+kifPJNZyHKlMnTwpCs591BZNwyE/dZyuDP8LnSgWH4dV4gYSE8+LQIoxP/WnUD5PT35dA==
l6vIb1kKkR167khdUDZxA5dW/wLJQ/Agt/t9Y47JX////zl11i4dZHk0Y7ZjFLdDgPjtMqRazCQH/MLkjlzgMzr5cQ==
IuADCPWObgGApRA4l3hXf+99eH0/wgfJ1oKdprIxVVuzqty0QMhN0xsc0oagIChAVdyK/tCu05i6nABua7kf1LoSbwBUinhbSSAsEOHjKOOf6vupBAo62NxavETIOvVmzqygCy7JylxkC975kH1VCflA
lGFy6dohxMszoXXfln8dICQOrizDEEEZTEnRFBP8QZvis02KzcbM/UAzRxYB1MShsor/Be2KWYkIZfs5d5XJjoudYqYUf1+x6jDT3PfUJ65vJOvLIb4JOviqQLzD3MYcwswcex75VQ==
VYfEQ/URVcYwtmwGNG6wYzT2+FW7pmre2fVRTaACL1wk9Ctmy7Qv0xh6das5uqX0TzyKFOa8mMNC+Qk=
Em5xuL/JJ0RzFGWV76ilv4YgOMJxdxrhIlhu8h+NTGC4inBoGUWqRp0Q5kqWqlSROteIj9lP+Qo=
HvNll0SgqDj3AyMFojBT1TT2+FW7pmre2fVRTaACL1wk9Ctmy7Qv0xp+das5uqX0TzyKFOa8mMNC+Qk=
Ks7PNAXXRMf2zm1RGeJAPIYgOMJxdxrhIlhu8h+NTGC4inBoGUeuRp0Q5kqWqlSROteIj9lP+Qo=
r08W2k3oMZI3pptVguWYgjT2+FW7pmre2fVRTaACL1wk9Ctmy7Qv0xl4dao5uqX0TzyKFOa8mMNC+Qk=
g4rb7a3CcH9TblHB3BtCcYYgOMJxdxrhIlhu8h+NTGC4inBoGUSoRpwQ5kqWqlSROteIj9lP+Qo=
ZHqf4q784KZsnwhofEdzWNwQhTciQTjkAUIZ/O2Ht9jfPbsyN1DlbEBQNJS610j5Aw==
ihz+itjpCn7s/j/F9ZyEYjT2+FW7pmre2fVRTaACL1wk9Ctmy7Qv0x14dak5uqX0TzyKFOa8mMNC+Qk=
nRFrgOgPE7GCojfks+sZEYYgOMJxdxrhIlhu8h+NTGC4inBoGUCoRp8Q5kqWqlSROteIj9lP+Qo=
BEZgTtdUhD2o8PNxzuH9qe3Gqw31jDM+uon+BXMQWs7wtWUvJQdpky/bDlCkP+wtk6yVAxsnDAn68zVKXpu4hRL0S6ZrNI+T/XhVaVk6xTRvPGpUBjw4AyL5aQ==
hN5lNWCbwh+V5JB00s+2iMi/MAxwmZ2oNBJexavzaz+nzwE7IEyqB+Ixndy7H3Uf4lW0M3sWsCPWGbyExTrljAEPU5j7NZeCi+ihTESIaATWHyz5Zw==
